[2025-09-24T19:54:59.758+0000] {taskinstance.py:1956} INFO - Dependencies all met for dep_context=non-requeueable deps ti=<TaskInstance: dag_etl_neotass.load manual__2025-09-24T19:54:26.987340+00:00 [queued]>
[2025-09-24T19:54:59.793+0000] {taskinstance.py:1956} INFO - Dependencies all met for dep_context=requeueable deps ti=<TaskInstance: dag_etl_neotass.load manual__2025-09-24T19:54:26.987340+00:00 [queued]>
[2025-09-24T19:54:59.794+0000] {taskinstance.py:2170} INFO - Starting attempt 1 of 2
[2025-09-24T19:54:59.865+0000] {taskinstance.py:2191} INFO - Executing <Task(PythonOperator): load> on 2025-09-24 19:54:26.987340+00:00
[2025-09-24T19:54:59.991+0000] {standard_task_runner.py:60} INFO - Started process 1929 to run task
[2025-09-24T19:55:00.050+0000] {standard_task_runner.py:87} INFO - Running: ['***', 'tasks', 'run', 'dag_etl_neotass', 'load', 'manual__2025-09-24T19:54:26.987340+00:00', '--job-id', '28', '--raw', '--subdir', 'DAGS_FOLDER/dag_etl_neotass.py', '--cfg-path', '/tmp/tmpnv8m2s6c']
[2025-09-24T19:55:00.102+0000] {standard_task_runner.py:88} INFO - Job 28: Subtask load
[2025-09-24T19:55:00.495+0000] {task_command.py:423} INFO - Running <TaskInstance: dag_etl_neotass.load manual__2025-09-24T19:54:26.987340+00:00 [running]> on host c70468130ffd
[2025-09-24T19:55:01.320+0000] {taskinstance.py:2480} INFO - Exporting env vars: AIRFLOW_CTX_DAG_OWNER='***' AIRFLOW_CTX_DAG_ID='dag_etl_neotass' AIRFLOW_CTX_TASK_ID='load' AIRFLOW_CTX_EXECUTION_DATE='2025-09-24T19:54:26.987340+00:00' AIRFLOW_CTX_TRY_NUMBER='1' AIRFLOW_CTX_DAG_RUN_ID='manual__2025-09-24T19:54:26.987340+00:00'
[2025-09-24T19:55:02.556+0000] {logging_mixin.py:188} INFO - Inserted 326 rows into dim_parceiro
[2025-09-24T19:55:02.587+0000] {logging_mixin.py:188} INFO - Inserted 53 rows into dim_produto
[2025-09-24T19:55:03.561+0000] {logging_mixin.py:188} INFO - Erro na inserção: (sqlite3.IntegrityError) UNIQUE constraint failed: fato_registro_oportunidade.id_oportunidade
[SQL: INSERT INTO fato_registro_oportunidade (id_oportunidade, id_parceiro, id_produto, data_registro, quantidade, valor_total, status) VALUES (?, ?, ?, ?, ?, ?, ?)]
[parameters: ((1, 71956320000168, 1, '2023-02-25', 23, 66035.07, 'Fechada'), (2, 52346709000147, 2, '2024-04-10', 28, 79933.56, 'Perdida'), (3, 10789432000187, 3, '2024-02-28', 35, 124281.5, 'Perdida'), (4, 12403859000120, 4, '2023-06-04', 25, 14304.0, 'Aberta'), (5, 15863492000116, 5, '2024-10-26', 90, 421719.3000000001, 'Fechada'), (6, 18296475000132, 6, '2023-11-05', 88, 131347.03999999998, 'Perdida'), (7, 36482157000148, 7, '2023-12-03', 94, 205066.64, 'Perdida'), (8, 10423769000176, 1, '2023-09-13', 68, 195234.12, 'Perdida')  ... displaying 10 of 1000 total bound parameter sets ...  (952, 71248630000128, 24, '2023-04-09', 17, 28246.52, 'Perdida'), (953, 63257190000147, 7, '2024-12-15', 49, 106896.44, 'Perdida'))]
(Background on this error at: https://sqlalche.me/e/14/gkpj)
[2025-09-24T19:55:04.258+0000] {logging_mixin.py:188} INFO - Inserted 1000 rows into fato_sellout
[2025-09-24T19:55:04.401+0000] {logging_mixin.py:188} INFO - Inserted 1000 rows into fato_sellout
[2025-09-24T19:55:04.497+0000] {logging_mixin.py:188} INFO - Inserted 1000 rows into fato_sellout
[2025-09-24T19:55:04.604+0000] {logging_mixin.py:188} INFO - Inserted 1000 rows into fato_sellout
[2025-09-24T19:55:04.727+0000] {logging_mixin.py:188} INFO - Inserted 1000 rows into fato_sellout
[2025-09-24T19:55:04.871+0000] {logging_mixin.py:188} INFO - Inserted 1000 rows into fato_sellout
[2025-09-24T19:55:05.039+0000] {logging_mixin.py:188} INFO - Inserted 1000 rows into fato_sellout
[2025-09-24T19:55:05.228+0000] {logging_mixin.py:188} INFO - Inserted 1000 rows into fato_sellout
[2025-09-24T19:55:05.296+0000] {logging_mixin.py:188} INFO - Inserted 1000 rows into fato_sellout
[2025-09-24T19:55:05.365+0000] {logging_mixin.py:188} INFO - Inserted 1000 rows into fato_sellout
[2025-09-24T19:55:05.454+0000] {logging_mixin.py:188} INFO - Inserted 1000 rows into fato_sellout
[2025-09-24T19:55:05.538+0000] {logging_mixin.py:188} INFO - Inserted 1000 rows into fato_sellout
[2025-09-24T19:55:05.618+0000] {logging_mixin.py:188} INFO - Inserted 1000 rows into fato_sellout
[2025-09-24T19:55:06.086+0000] {logging_mixin.py:188} INFO - Inserted 1000 rows into fato_sellout
[2025-09-24T19:55:06.371+0000] {logging_mixin.py:188} INFO - Inserted 1000 rows into fato_sellout
[2025-09-24T19:55:06.588+0000] {logging_mixin.py:188} INFO - Inserted 1000 rows into fato_sellout
[2025-09-24T19:55:06.664+0000] {logging_mixin.py:188} INFO - Inserted 1000 rows into fato_sellout
[2025-09-24T19:55:06.721+0000] {logging_mixin.py:188} INFO - Inserted 1000 rows into fato_sellout
[2025-09-24T19:55:06.808+0000] {logging_mixin.py:188} INFO - Inserted 1000 rows into fato_sellout
[2025-09-24T19:55:06.944+0000] {logging_mixin.py:188} INFO - Inserted 1000 rows into fato_sellout
[2025-09-24T19:55:07.031+0000] {logging_mixin.py:188} INFO - Inserted 1000 rows into fato_sellout
[2025-09-24T19:55:07.185+0000] {logging_mixin.py:188} INFO - Inserted 1000 rows into fato_sellout
[2025-09-24T19:55:07.337+0000] {logging_mixin.py:188} INFO - Inserted 1000 rows into fato_sellout
[2025-09-24T19:55:07.420+0000] {logging_mixin.py:188} INFO - Inserted 1000 rows into fato_sellout
[2025-09-24T19:55:07.509+0000] {logging_mixin.py:188} INFO - Inserted 1000 rows into fato_sellout
[2025-09-24T19:55:07.604+0000] {logging_mixin.py:188} INFO - Inserted 1000 rows into fato_sellout
[2025-09-24T19:55:07.730+0000] {logging_mixin.py:188} INFO - Inserted 1000 rows into fato_sellout
[2025-09-24T19:55:07.831+0000] {logging_mixin.py:188} INFO - Inserted 1000 rows into fato_sellout
[2025-09-24T19:55:07.884+0000] {logging_mixin.py:188} INFO - Inserted 1000 rows into fato_sellout
[2025-09-24T19:55:07.965+0000] {logging_mixin.py:188} INFO - Inserted 1000 rows into fato_sellout
[2025-09-24T19:55:08.026+0000] {logging_mixin.py:188} INFO - Inserted 1000 rows into fato_sellout
[2025-09-24T19:55:08.083+0000] {logging_mixin.py:188} INFO - Inserted 1000 rows into fato_sellout
[2025-09-24T19:55:08.155+0000] {logging_mixin.py:188} INFO - Inserted 1000 rows into fato_sellout
[2025-09-24T19:55:08.216+0000] {logging_mixin.py:188} INFO - Inserted 1000 rows into fato_sellout
[2025-09-24T19:55:08.270+0000] {logging_mixin.py:188} INFO - Inserted 1000 rows into fato_sellout
[2025-09-24T19:55:08.333+0000] {logging_mixin.py:188} INFO - Inserted 1000 rows into fato_sellout
[2025-09-24T19:55:08.393+0000] {logging_mixin.py:188} INFO - Inserted 1000 rows into fato_sellout
[2025-09-24T19:55:08.458+0000] {logging_mixin.py:188} INFO - Inserted 773 rows into fato_sellout
[2025-09-24T19:55:08.464+0000] {python.py:201} INFO - Done. Returned value was: None
[2025-09-24T19:55:08.481+0000] {taskinstance.py:1138} INFO - Marking task as SUCCESS. dag_id=dag_etl_neotass, task_id=load, execution_date=20250924T195426, start_date=20250924T195459, end_date=20250924T195508
[2025-09-24T19:55:08.529+0000] {local_task_job_runner.py:234} INFO - Task exited with return code 0
[2025-09-24T19:55:08.572+0000] {taskinstance.py:3280} INFO - 0 downstream tasks scheduled from follow-on schedule check
