[2025-09-23T20:00:59.503+0000] {processor.py:161} INFO - Started process (PID=132) to work on /home/airflow/.local/lib/python3.8/site-packages/airflow/example_dags/example_time_delta_sensor_async.py
[2025-09-23T20:00:59.539+0000] {processor.py:830} INFO - Processing file /home/airflow/.local/lib/python3.8/site-packages/airflow/example_dags/example_time_delta_sensor_async.py for tasks to queue
[2025-09-23T20:00:59.634+0000] {logging_mixin.py:188} INFO - [2025-09-23T20:00:59.622+0000] {dagbag.py:538} INFO - Filling up the DagBag from /home/airflow/.local/lib/python3.8/site-packages/airflow/example_dags/example_time_delta_sensor_async.py
[2025-09-23T20:00:59.819+0000] {processor.py:840} INFO - DAG(s) 'example_time_delta_sensor_async' retrieved from /home/airflow/.local/lib/python3.8/site-packages/airflow/example_dags/example_time_delta_sensor_async.py
[2025-09-23T20:01:03.666+0000] {logging_mixin.py:188} INFO - [2025-09-23T20:01:03.664+0000] {dag.py:3036} INFO - Sync 1 DAGs
[2025-09-23T20:01:03.906+0000] {logging_mixin.py:188} INFO - [2025-09-23T20:01:03.904+0000] {dag.py:3823} INFO - Setting next_dagrun for example_time_delta_sensor_async to None, run_after=None
[2025-09-23T20:01:04.166+0000] {processor.py:183} INFO - Processing /home/airflow/.local/lib/python3.8/site-packages/airflow/example_dags/example_time_delta_sensor_async.py took 4.835 seconds
[2025-09-23T20:07:54.794+0000] {processor.py:161} INFO - Started process (PID=345) to work on /home/airflow/.local/lib/python3.8/site-packages/airflow/example_dags/example_time_delta_sensor_async.py
[2025-09-23T20:07:54.807+0000] {processor.py:830} INFO - Processing file /home/airflow/.local/lib/python3.8/site-packages/airflow/example_dags/example_time_delta_sensor_async.py for tasks to queue
[2025-09-23T20:07:54.819+0000] {logging_mixin.py:188} INFO - [2025-09-23T20:07:54.813+0000] {dagbag.py:538} INFO - Filling up the DagBag from /home/airflow/.local/lib/python3.8/site-packages/airflow/example_dags/example_time_delta_sensor_async.py
[2025-09-23T20:07:54.841+0000] {processor.py:840} INFO - DAG(s) 'example_time_delta_sensor_async' retrieved from /home/airflow/.local/lib/python3.8/site-packages/airflow/example_dags/example_time_delta_sensor_async.py
[2025-09-23T20:07:55.511+0000] {logging_mixin.py:188} INFO - [2025-09-23T20:07:55.510+0000] {override.py:1769} INFO - Created Permission View: can delete on DAG:example_time_delta_sensor_async
[2025-09-23T20:07:55.573+0000] {logging_mixin.py:188} INFO - [2025-09-23T20:07:55.569+0000] {override.py:1769} INFO - Created Permission View: can read on DAG:example_time_delta_sensor_async
[2025-09-23T20:07:55.640+0000] {logging_mixin.py:188} INFO - [2025-09-23T20:07:55.639+0000] {override.py:1769} INFO - Created Permission View: can edit on DAG:example_time_delta_sensor_async
[2025-09-23T20:07:55.646+0000] {logging_mixin.py:188} INFO - [2025-09-23T20:07:55.641+0000] {dag.py:3036} INFO - Sync 1 DAGs
[2025-09-23T20:07:55.739+0000] {logging_mixin.py:188} INFO - [2025-09-23T20:07:55.737+0000] {dag.py:3058} INFO - Creating ORM DAG for example_time_delta_sensor_async
[2025-09-23T20:07:55.752+0000] {logging_mixin.py:188} INFO - [2025-09-23T20:07:55.742+0000] {dag.py:3823} INFO - Setting next_dagrun for example_time_delta_sensor_async to None, run_after=None
[2025-09-23T20:07:55.827+0000] {processor.py:183} INFO - Processing /home/airflow/.local/lib/python3.8/site-packages/airflow/example_dags/example_time_delta_sensor_async.py took 1.056 seconds
[2025-09-23T20:08:26.264+0000] {processor.py:161} INFO - Started process (PID=592) to work on /home/airflow/.local/lib/python3.8/site-packages/airflow/example_dags/example_time_delta_sensor_async.py
[2025-09-23T20:08:26.269+0000] {processor.py:830} INFO - Processing file /home/airflow/.local/lib/python3.8/site-packages/airflow/example_dags/example_time_delta_sensor_async.py for tasks to queue
[2025-09-23T20:08:26.275+0000] {logging_mixin.py:188} INFO - [2025-09-23T20:08:26.271+0000] {dagbag.py:538} INFO - Filling up the DagBag from /home/airflow/.local/lib/python3.8/site-packages/airflow/example_dags/example_time_delta_sensor_async.py
[2025-09-23T20:08:26.295+0000] {processor.py:840} INFO - DAG(s) 'example_time_delta_sensor_async' retrieved from /home/airflow/.local/lib/python3.8/site-packages/airflow/example_dags/example_time_delta_sensor_async.py
[2025-09-23T20:08:26.425+0000] {logging_mixin.py:188} INFO - [2025-09-23T20:08:26.424+0000] {dag.py:3036} INFO - Sync 1 DAGs
[2025-09-23T20:08:26.535+0000] {logging_mixin.py:188} INFO - [2025-09-23T20:08:26.534+0000] {dag.py:3823} INFO - Setting next_dagrun for example_time_delta_sensor_async to None, run_after=None
[2025-09-23T20:08:26.676+0000] {processor.py:183} INFO - Processing /home/airflow/.local/lib/python3.8/site-packages/airflow/example_dags/example_time_delta_sensor_async.py took 0.423 seconds
[2025-09-23T20:08:57.175+0000] {processor.py:161} INFO - Started process (PID=843) to work on /home/airflow/.local/lib/python3.8/site-packages/airflow/example_dags/example_time_delta_sensor_async.py
[2025-09-23T20:08:57.177+0000] {processor.py:830} INFO - Processing file /home/airflow/.local/lib/python3.8/site-packages/airflow/example_dags/example_time_delta_sensor_async.py for tasks to queue
[2025-09-23T20:08:57.179+0000] {logging_mixin.py:188} INFO - [2025-09-23T20:08:57.178+0000] {dagbag.py:538} INFO - Filling up the DagBag from /home/airflow/.local/lib/python3.8/site-packages/airflow/example_dags/example_time_delta_sensor_async.py
[2025-09-23T20:08:57.187+0000] {processor.py:840} INFO - DAG(s) 'example_time_delta_sensor_async' retrieved from /home/airflow/.local/lib/python3.8/site-packages/airflow/example_dags/example_time_delta_sensor_async.py
[2025-09-23T20:08:57.224+0000] {logging_mixin.py:188} INFO - [2025-09-23T20:08:57.223+0000] {dag.py:3036} INFO - Sync 1 DAGs
[2025-09-23T20:08:57.245+0000] {logging_mixin.py:188} INFO - [2025-09-23T20:08:57.245+0000] {dag.py:3823} INFO - Setting next_dagrun for example_time_delta_sensor_async to None, run_after=None
[2025-09-23T20:08:57.279+0000] {processor.py:183} INFO - Processing /home/airflow/.local/lib/python3.8/site-packages/airflow/example_dags/example_time_delta_sensor_async.py took 0.114 seconds
[2025-09-23T20:09:30.956+0000] {processor.py:161} INFO - Started process (PID=1088) to work on /home/airflow/.local/lib/python3.8/site-packages/airflow/example_dags/example_time_delta_sensor_async.py
[2025-09-23T20:09:30.961+0000] {processor.py:830} INFO - Processing file /home/airflow/.local/lib/python3.8/site-packages/airflow/example_dags/example_time_delta_sensor_async.py for tasks to queue
[2025-09-23T20:09:30.966+0000] {logging_mixin.py:188} INFO - [2025-09-23T20:09:30.964+0000] {dagbag.py:538} INFO - Filling up the DagBag from /home/airflow/.local/lib/python3.8/site-packages/airflow/example_dags/example_time_delta_sensor_async.py
[2025-09-23T20:09:31.017+0000] {processor.py:840} INFO - DAG(s) 'example_time_delta_sensor_async' retrieved from /home/airflow/.local/lib/python3.8/site-packages/airflow/example_dags/example_time_delta_sensor_async.py
[2025-09-23T20:09:31.108+0000] {logging_mixin.py:188} INFO - [2025-09-23T20:09:31.108+0000] {dag.py:3036} INFO - Sync 1 DAGs
[2025-09-23T20:09:31.179+0000] {logging_mixin.py:188} INFO - [2025-09-23T20:09:31.178+0000] {dag.py:3823} INFO - Setting next_dagrun for example_time_delta_sensor_async to None, run_after=None
[2025-09-23T20:09:31.365+0000] {processor.py:183} INFO - Processing /home/airflow/.local/lib/python3.8/site-packages/airflow/example_dags/example_time_delta_sensor_async.py took 0.422 seconds
[2025-09-23T20:10:09.520+0000] {processor.py:161} INFO - Started process (PID=1340) to work on /home/airflow/.local/lib/python3.8/site-packages/airflow/example_dags/example_time_delta_sensor_async.py
[2025-09-23T20:10:09.524+0000] {processor.py:830} INFO - Processing file /home/airflow/.local/lib/python3.8/site-packages/airflow/example_dags/example_time_delta_sensor_async.py for tasks to queue
[2025-09-23T20:10:09.529+0000] {logging_mixin.py:188} INFO - [2025-09-23T20:10:09.527+0000] {dagbag.py:538} INFO - Filling up the DagBag from /home/airflow/.local/lib/python3.8/site-packages/airflow/example_dags/example_time_delta_sensor_async.py
[2025-09-23T20:10:09.558+0000] {processor.py:840} INFO - DAG(s) 'example_time_delta_sensor_async' retrieved from /home/airflow/.local/lib/python3.8/site-packages/airflow/example_dags/example_time_delta_sensor_async.py
[2025-09-23T20:10:09.711+0000] {logging_mixin.py:188} INFO - [2025-09-23T20:10:09.710+0000] {dag.py:3036} INFO - Sync 1 DAGs
[2025-09-23T20:10:09.762+0000] {logging_mixin.py:188} INFO - [2025-09-23T20:10:09.762+0000] {dag.py:3823} INFO - Setting next_dagrun for example_time_delta_sensor_async to None, run_after=None
[2025-09-23T20:10:09.883+0000] {processor.py:183} INFO - Processing /home/airflow/.local/lib/python3.8/site-packages/airflow/example_dags/example_time_delta_sensor_async.py took 0.418 seconds
[2025-09-23T20:10:40.198+0000] {processor.py:161} INFO - Started process (PID=1584) to work on /home/airflow/.local/lib/python3.8/site-packages/airflow/example_dags/example_time_delta_sensor_async.py
[2025-09-23T20:10:40.201+0000] {processor.py:830} INFO - Processing file /home/airflow/.local/lib/python3.8/site-packages/airflow/example_dags/example_time_delta_sensor_async.py for tasks to queue
[2025-09-23T20:10:40.209+0000] {logging_mixin.py:188} INFO - [2025-09-23T20:10:40.206+0000] {dagbag.py:538} INFO - Filling up the DagBag from /home/airflow/.local/lib/python3.8/site-packages/airflow/example_dags/example_time_delta_sensor_async.py
[2025-09-23T20:10:40.230+0000] {processor.py:840} INFO - DAG(s) 'example_time_delta_sensor_async' retrieved from /home/airflow/.local/lib/python3.8/site-packages/airflow/example_dags/example_time_delta_sensor_async.py
[2025-09-23T20:10:40.328+0000] {logging_mixin.py:188} INFO - [2025-09-23T20:10:40.327+0000] {dag.py:3036} INFO - Sync 1 DAGs
[2025-09-23T20:10:40.384+0000] {logging_mixin.py:188} INFO - [2025-09-23T20:10:40.384+0000] {dag.py:3823} INFO - Setting next_dagrun for example_time_delta_sensor_async to None, run_after=None
[2025-09-23T20:10:40.479+0000] {processor.py:183} INFO - Processing /home/airflow/.local/lib/python3.8/site-packages/airflow/example_dags/example_time_delta_sensor_async.py took 0.303 seconds
[2025-09-23T20:11:10.873+0000] {processor.py:161} INFO - Started process (PID=1831) to work on /home/airflow/.local/lib/python3.8/site-packages/airflow/example_dags/example_time_delta_sensor_async.py
[2025-09-23T20:11:10.883+0000] {processor.py:830} INFO - Processing file /home/airflow/.local/lib/python3.8/site-packages/airflow/example_dags/example_time_delta_sensor_async.py for tasks to queue
[2025-09-23T20:11:10.886+0000] {logging_mixin.py:188} INFO - [2025-09-23T20:11:10.885+0000] {dagbag.py:538} INFO - Filling up the DagBag from /home/airflow/.local/lib/python3.8/site-packages/airflow/example_dags/example_time_delta_sensor_async.py
[2025-09-23T20:11:10.910+0000] {processor.py:840} INFO - DAG(s) 'example_time_delta_sensor_async' retrieved from /home/airflow/.local/lib/python3.8/site-packages/airflow/example_dags/example_time_delta_sensor_async.py
[2025-09-23T20:11:10.998+0000] {logging_mixin.py:188} INFO - [2025-09-23T20:11:10.997+0000] {dag.py:3036} INFO - Sync 1 DAGs
[2025-09-23T20:11:11.060+0000] {logging_mixin.py:188} INFO - [2025-09-23T20:11:11.060+0000] {dag.py:3823} INFO - Setting next_dagrun for example_time_delta_sensor_async to None, run_after=None
[2025-09-23T20:11:11.150+0000] {processor.py:183} INFO - Processing /home/airflow/.local/lib/python3.8/site-packages/airflow/example_dags/example_time_delta_sensor_async.py took 0.291 seconds
[2025-09-23T20:11:41.408+0000] {processor.py:161} INFO - Started process (PID=2077) to work on /home/airflow/.local/lib/python3.8/site-packages/airflow/example_dags/example_time_delta_sensor_async.py
[2025-09-23T20:11:41.410+0000] {processor.py:830} INFO - Processing file /home/airflow/.local/lib/python3.8/site-packages/airflow/example_dags/example_time_delta_sensor_async.py for tasks to queue
[2025-09-23T20:11:41.412+0000] {logging_mixin.py:188} INFO - [2025-09-23T20:11:41.411+0000] {dagbag.py:538} INFO - Filling up the DagBag from /home/airflow/.local/lib/python3.8/site-packages/airflow/example_dags/example_time_delta_sensor_async.py
[2025-09-23T20:11:41.422+0000] {processor.py:840} INFO - DAG(s) 'example_time_delta_sensor_async' retrieved from /home/airflow/.local/lib/python3.8/site-packages/airflow/example_dags/example_time_delta_sensor_async.py
[2025-09-23T20:11:41.469+0000] {logging_mixin.py:188} INFO - [2025-09-23T20:11:41.469+0000] {dag.py:3036} INFO - Sync 1 DAGs
[2025-09-23T20:11:41.504+0000] {logging_mixin.py:188} INFO - [2025-09-23T20:11:41.504+0000] {dag.py:3823} INFO - Setting next_dagrun for example_time_delta_sensor_async to None, run_after=None
[2025-09-23T20:11:41.550+0000] {processor.py:183} INFO - Processing /home/airflow/.local/lib/python3.8/site-packages/airflow/example_dags/example_time_delta_sensor_async.py took 0.149 seconds
[2025-09-23T20:12:12.479+0000] {processor.py:161} INFO - Started process (PID=2324) to work on /home/airflow/.local/lib/python3.8/site-packages/airflow/example_dags/example_time_delta_sensor_async.py
[2025-09-23T20:12:12.482+0000] {processor.py:830} INFO - Processing file /home/airflow/.local/lib/python3.8/site-packages/airflow/example_dags/example_time_delta_sensor_async.py for tasks to queue
[2025-09-23T20:12:12.485+0000] {logging_mixin.py:188} INFO - [2025-09-23T20:12:12.484+0000] {dagbag.py:538} INFO - Filling up the DagBag from /home/airflow/.local/lib/python3.8/site-packages/airflow/example_dags/example_time_delta_sensor_async.py
[2025-09-23T20:12:12.503+0000] {processor.py:840} INFO - DAG(s) 'example_time_delta_sensor_async' retrieved from /home/airflow/.local/lib/python3.8/site-packages/airflow/example_dags/example_time_delta_sensor_async.py
[2025-09-23T20:12:12.597+0000] {logging_mixin.py:188} INFO - [2025-09-23T20:12:12.596+0000] {dag.py:3036} INFO - Sync 1 DAGs
[2025-09-23T20:12:12.654+0000] {logging_mixin.py:188} INFO - [2025-09-23T20:12:12.652+0000] {dag.py:3823} INFO - Setting next_dagrun for example_time_delta_sensor_async to None, run_after=None
[2025-09-23T20:12:12.743+0000] {processor.py:183} INFO - Processing /home/airflow/.local/lib/python3.8/site-packages/airflow/example_dags/example_time_delta_sensor_async.py took 0.275 seconds
[2025-09-23T20:12:57.039+0000] {processor.py:161} INFO - Started process (PID=2567) to work on /home/airflow/.local/lib/python3.8/site-packages/airflow/example_dags/example_time_delta_sensor_async.py
[2025-09-23T20:12:57.054+0000] {processor.py:830} INFO - Processing file /home/airflow/.local/lib/python3.8/site-packages/airflow/example_dags/example_time_delta_sensor_async.py for tasks to queue
[2025-09-23T20:12:57.085+0000] {logging_mixin.py:188} INFO - [2025-09-23T20:12:57.076+0000] {dagbag.py:538} INFO - Filling up the DagBag from /home/airflow/.local/lib/python3.8/site-packages/airflow/example_dags/example_time_delta_sensor_async.py
[2025-09-23T20:12:57.236+0000] {processor.py:840} INFO - DAG(s) 'example_time_delta_sensor_async' retrieved from /home/airflow/.local/lib/python3.8/site-packages/airflow/example_dags/example_time_delta_sensor_async.py
[2025-09-23T20:12:58.199+0000] {logging_mixin.py:188} INFO - [2025-09-23T20:12:58.197+0000] {dag.py:3036} INFO - Sync 1 DAGs
[2025-09-23T20:12:58.980+0000] {logging_mixin.py:188} INFO - [2025-09-23T20:12:58.974+0000] {dag.py:3823} INFO - Setting next_dagrun for example_time_delta_sensor_async to None, run_after=None
[2025-09-23T20:12:59.548+0000] {processor.py:183} INFO - Processing /home/airflow/.local/lib/python3.8/site-packages/airflow/example_dags/example_time_delta_sensor_async.py took 2.638 seconds
