[2025-09-23T20:00:40.844+0000] {processor.py:161} INFO - Started process (PID=122) to work on /home/airflow/.local/lib/python3.8/site-packages/airflow/example_dags/example_nested_branch_dag.py
[2025-09-23T20:00:40.851+0000] {processor.py:830} INFO - Processing file /home/airflow/.local/lib/python3.8/site-packages/airflow/example_dags/example_nested_branch_dag.py for tasks to queue
[2025-09-23T20:00:40.874+0000] {logging_mixin.py:188} INFO - [2025-09-23T20:00:40.870+0000] {dagbag.py:538} INFO - Filling up the DagBag from /home/airflow/.local/lib/python3.8/site-packages/airflow/example_dags/example_nested_branch_dag.py
[2025-09-23T20:00:41.065+0000] {processor.py:840} INFO - DAG(s) 'example_nested_branch_dag' retrieved from /home/airflow/.local/lib/python3.8/site-packages/airflow/example_dags/example_nested_branch_dag.py
[2025-09-23T20:00:46.664+0000] {logging_mixin.py:188} INFO - [2025-09-23T20:00:46.662+0000] {dag.py:3036} INFO - Sync 1 DAGs
[2025-09-23T20:00:47.030+0000] {logging_mixin.py:188} INFO - [2025-09-23T20:00:47.028+0000] {dag.py:3823} INFO - Setting next_dagrun for example_nested_branch_dag to 2025-09-22 00:00:00+00:00, run_after=2025-09-23 00:00:00+00:00
[2025-09-23T20:00:47.837+0000] {processor.py:183} INFO - Processing /home/airflow/.local/lib/python3.8/site-packages/airflow/example_dags/example_nested_branch_dag.py took 7.014 seconds
[2025-09-23T20:02:18.350+0000] {processor.py:161} INFO - Started process (PID=189) to work on /home/airflow/.local/lib/python3.8/site-packages/airflow/example_dags/example_nested_branch_dag.py
[2025-09-23T20:02:18.357+0000] {processor.py:830} INFO - Processing file /home/airflow/.local/lib/python3.8/site-packages/airflow/example_dags/example_nested_branch_dag.py for tasks to queue
[2025-09-23T20:02:18.375+0000] {logging_mixin.py:188} INFO - [2025-09-23T20:02:18.373+0000] {dagbag.py:538} INFO - Filling up the DagBag from /home/airflow/.local/lib/python3.8/site-packages/airflow/example_dags/example_nested_branch_dag.py
[2025-09-23T20:02:18.841+0000] {processor.py:840} INFO - DAG(s) 'example_nested_branch_dag' retrieved from /home/airflow/.local/lib/python3.8/site-packages/airflow/example_dags/example_nested_branch_dag.py
[2025-09-23T20:02:20.005+0000] {logging_mixin.py:188} INFO - [2025-09-23T20:02:20.000+0000] {dag.py:3036} INFO - Sync 1 DAGs
[2025-09-23T20:02:20.483+0000] {logging_mixin.py:188} INFO - [2025-09-23T20:02:20.482+0000] {dag.py:3823} INFO - Setting next_dagrun for example_nested_branch_dag to 2025-09-22 00:00:00+00:00, run_after=2025-09-23 00:00:00+00:00
[2025-09-23T20:02:20.711+0000] {processor.py:183} INFO - Processing /home/airflow/.local/lib/python3.8/site-packages/airflow/example_dags/example_nested_branch_dag.py took 2.395 seconds
[2025-09-23T20:07:52.008+0000] {processor.py:161} INFO - Started process (PID=325) to work on /home/airflow/.local/lib/python3.8/site-packages/airflow/example_dags/example_nested_branch_dag.py
[2025-09-23T20:07:52.016+0000] {processor.py:830} INFO - Processing file /home/airflow/.local/lib/python3.8/site-packages/airflow/example_dags/example_nested_branch_dag.py for tasks to queue
[2025-09-23T20:07:52.020+0000] {logging_mixin.py:188} INFO - [2025-09-23T20:07:52.019+0000] {dagbag.py:538} INFO - Filling up the DagBag from /home/airflow/.local/lib/python3.8/site-packages/airflow/example_dags/example_nested_branch_dag.py
[2025-09-23T20:07:52.119+0000] {processor.py:840} INFO - DAG(s) 'example_nested_branch_dag' retrieved from /home/airflow/.local/lib/python3.8/site-packages/airflow/example_dags/example_nested_branch_dag.py
[2025-09-23T20:07:52.605+0000] {logging_mixin.py:188} INFO - [2025-09-23T20:07:52.604+0000] {override.py:1769} INFO - Created Permission View: can delete on DAG:example_nested_branch_dag
[2025-09-23T20:07:52.639+0000] {logging_mixin.py:188} INFO - [2025-09-23T20:07:52.638+0000] {override.py:1769} INFO - Created Permission View: can read on DAG:example_nested_branch_dag
[2025-09-23T20:07:52.701+0000] {logging_mixin.py:188} INFO - [2025-09-23T20:07:52.700+0000] {override.py:1769} INFO - Created Permission View: can edit on DAG:example_nested_branch_dag
[2025-09-23T20:07:52.702+0000] {logging_mixin.py:188} INFO - [2025-09-23T20:07:52.701+0000] {dag.py:3036} INFO - Sync 1 DAGs
[2025-09-23T20:07:52.805+0000] {logging_mixin.py:188} INFO - [2025-09-23T20:07:52.805+0000] {dag.py:3058} INFO - Creating ORM DAG for example_nested_branch_dag
[2025-09-23T20:07:52.847+0000] {logging_mixin.py:188} INFO - [2025-09-23T20:07:52.846+0000] {dag.py:3823} INFO - Setting next_dagrun for example_nested_branch_dag to 2025-09-22 00:00:00+00:00, run_after=2025-09-23 00:00:00+00:00
[2025-09-23T20:07:52.904+0000] {processor.py:183} INFO - Processing /home/airflow/.local/lib/python3.8/site-packages/airflow/example_dags/example_nested_branch_dag.py took 0.934 seconds
[2025-09-23T20:08:23.256+0000] {processor.py:161} INFO - Started process (PID=572) to work on /home/airflow/.local/lib/python3.8/site-packages/airflow/example_dags/example_nested_branch_dag.py
[2025-09-23T20:08:23.259+0000] {processor.py:830} INFO - Processing file /home/airflow/.local/lib/python3.8/site-packages/airflow/example_dags/example_nested_branch_dag.py for tasks to queue
[2025-09-23T20:08:23.262+0000] {logging_mixin.py:188} INFO - [2025-09-23T20:08:23.260+0000] {dagbag.py:538} INFO - Filling up the DagBag from /home/airflow/.local/lib/python3.8/site-packages/airflow/example_dags/example_nested_branch_dag.py
[2025-09-23T20:08:23.298+0000] {processor.py:840} INFO - DAG(s) 'example_nested_branch_dag' retrieved from /home/airflow/.local/lib/python3.8/site-packages/airflow/example_dags/example_nested_branch_dag.py
[2025-09-23T20:08:23.388+0000] {logging_mixin.py:188} INFO - [2025-09-23T20:08:23.387+0000] {dag.py:3036} INFO - Sync 1 DAGs
[2025-09-23T20:08:23.482+0000] {logging_mixin.py:188} INFO - [2025-09-23T20:08:23.482+0000] {dag.py:3823} INFO - Setting next_dagrun for example_nested_branch_dag to 2025-09-22 00:00:00+00:00, run_after=2025-09-23 00:00:00+00:00
[2025-09-23T20:08:23.567+0000] {processor.py:183} INFO - Processing /home/airflow/.local/lib/python3.8/site-packages/airflow/example_dags/example_nested_branch_dag.py took 0.324 seconds
[2025-09-23T20:08:53.742+0000] {processor.py:161} INFO - Started process (PID=820) to work on /home/airflow/.local/lib/python3.8/site-packages/airflow/example_dags/example_nested_branch_dag.py
[2025-09-23T20:08:53.744+0000] {processor.py:830} INFO - Processing file /home/airflow/.local/lib/python3.8/site-packages/airflow/example_dags/example_nested_branch_dag.py for tasks to queue
[2025-09-23T20:08:53.746+0000] {logging_mixin.py:188} INFO - [2025-09-23T20:08:53.746+0000] {dagbag.py:538} INFO - Filling up the DagBag from /home/airflow/.local/lib/python3.8/site-packages/airflow/example_dags/example_nested_branch_dag.py
[2025-09-23T20:08:53.774+0000] {processor.py:840} INFO - DAG(s) 'example_nested_branch_dag' retrieved from /home/airflow/.local/lib/python3.8/site-packages/airflow/example_dags/example_nested_branch_dag.py
[2025-09-23T20:08:53.831+0000] {logging_mixin.py:188} INFO - [2025-09-23T20:08:53.830+0000] {dag.py:3036} INFO - Sync 1 DAGs
[2025-09-23T20:08:53.890+0000] {logging_mixin.py:188} INFO - [2025-09-23T20:08:53.889+0000] {dag.py:3823} INFO - Setting next_dagrun for example_nested_branch_dag to 2025-09-22 00:00:00+00:00, run_after=2025-09-23 00:00:00+00:00
[2025-09-23T20:08:53.930+0000] {processor.py:183} INFO - Processing /home/airflow/.local/lib/python3.8/site-packages/airflow/example_dags/example_nested_branch_dag.py took 0.195 seconds
[2025-09-23T20:09:29.981+0000] {processor.py:161} INFO - Started process (PID=1073) to work on /home/airflow/.local/lib/python3.8/site-packages/airflow/example_dags/example_nested_branch_dag.py
[2025-09-23T20:09:29.986+0000] {processor.py:830} INFO - Processing file /home/airflow/.local/lib/python3.8/site-packages/airflow/example_dags/example_nested_branch_dag.py for tasks to queue
[2025-09-23T20:09:29.989+0000] {logging_mixin.py:188} INFO - [2025-09-23T20:09:29.988+0000] {dagbag.py:538} INFO - Filling up the DagBag from /home/airflow/.local/lib/python3.8/site-packages/airflow/example_dags/example_nested_branch_dag.py
[2025-09-23T20:09:30.125+0000] {processor.py:840} INFO - DAG(s) 'example_nested_branch_dag' retrieved from /home/airflow/.local/lib/python3.8/site-packages/airflow/example_dags/example_nested_branch_dag.py
[2025-09-23T20:09:30.484+0000] {logging_mixin.py:188} INFO - [2025-09-23T20:09:30.483+0000] {dag.py:3036} INFO - Sync 1 DAGs
[2025-09-23T20:09:30.714+0000] {logging_mixin.py:188} INFO - [2025-09-23T20:09:30.714+0000] {dag.py:3823} INFO - Setting next_dagrun for example_nested_branch_dag to 2025-09-22 00:00:00+00:00, run_after=2025-09-23 00:00:00+00:00
[2025-09-23T20:09:30.818+0000] {processor.py:183} INFO - Processing /home/airflow/.local/lib/python3.8/site-packages/airflow/example_dags/example_nested_branch_dag.py took 0.860 seconds
[2025-09-23T20:10:05.415+0000] {processor.py:161} INFO - Started process (PID=1320) to work on /home/airflow/.local/lib/python3.8/site-packages/airflow/example_dags/example_nested_branch_dag.py
[2025-09-23T20:10:05.424+0000] {processor.py:830} INFO - Processing file /home/airflow/.local/lib/python3.8/site-packages/airflow/example_dags/example_nested_branch_dag.py for tasks to queue
[2025-09-23T20:10:05.449+0000] {logging_mixin.py:188} INFO - [2025-09-23T20:10:05.434+0000] {dagbag.py:538} INFO - Filling up the DagBag from /home/airflow/.local/lib/python3.8/site-packages/airflow/example_dags/example_nested_branch_dag.py
[2025-09-23T20:10:05.648+0000] {processor.py:840} INFO - DAG(s) 'example_nested_branch_dag' retrieved from /home/airflow/.local/lib/python3.8/site-packages/airflow/example_dags/example_nested_branch_dag.py
[2025-09-23T20:10:05.931+0000] {logging_mixin.py:188} INFO - [2025-09-23T20:10:05.930+0000] {dag.py:3036} INFO - Sync 1 DAGs
[2025-09-23T20:10:06.040+0000] {logging_mixin.py:188} INFO - [2025-09-23T20:10:06.039+0000] {dag.py:3823} INFO - Setting next_dagrun for example_nested_branch_dag to 2025-09-22 00:00:00+00:00, run_after=2025-09-23 00:00:00+00:00
[2025-09-23T20:10:06.286+0000] {processor.py:183} INFO - Processing /home/airflow/.local/lib/python3.8/site-packages/airflow/example_dags/example_nested_branch_dag.py took 0.906 seconds
[2025-09-23T20:10:36.617+0000] {processor.py:161} INFO - Started process (PID=1567) to work on /home/airflow/.local/lib/python3.8/site-packages/airflow/example_dags/example_nested_branch_dag.py
[2025-09-23T20:10:36.629+0000] {processor.py:830} INFO - Processing file /home/airflow/.local/lib/python3.8/site-packages/airflow/example_dags/example_nested_branch_dag.py for tasks to queue
[2025-09-23T20:10:36.636+0000] {logging_mixin.py:188} INFO - [2025-09-23T20:10:36.634+0000] {dagbag.py:538} INFO - Filling up the DagBag from /home/airflow/.local/lib/python3.8/site-packages/airflow/example_dags/example_nested_branch_dag.py
[2025-09-23T20:10:36.741+0000] {processor.py:840} INFO - DAG(s) 'example_nested_branch_dag' retrieved from /home/airflow/.local/lib/python3.8/site-packages/airflow/example_dags/example_nested_branch_dag.py
[2025-09-23T20:10:36.829+0000] {logging_mixin.py:188} INFO - [2025-09-23T20:10:36.828+0000] {dag.py:3036} INFO - Sync 1 DAGs
[2025-09-23T20:10:37.025+0000] {logging_mixin.py:188} INFO - [2025-09-23T20:10:37.024+0000] {dag.py:3823} INFO - Setting next_dagrun for example_nested_branch_dag to 2025-09-22 00:00:00+00:00, run_after=2025-09-23 00:00:00+00:00
[2025-09-23T20:10:37.108+0000] {processor.py:183} INFO - Processing /home/airflow/.local/lib/python3.8/site-packages/airflow/example_dags/example_nested_branch_dag.py took 0.520 seconds
[2025-09-23T20:11:08.230+0000] {processor.py:161} INFO - Started process (PID=1814) to work on /home/airflow/.local/lib/python3.8/site-packages/airflow/example_dags/example_nested_branch_dag.py
[2025-09-23T20:11:08.242+0000] {processor.py:830} INFO - Processing file /home/airflow/.local/lib/python3.8/site-packages/airflow/example_dags/example_nested_branch_dag.py for tasks to queue
[2025-09-23T20:11:08.252+0000] {logging_mixin.py:188} INFO - [2025-09-23T20:11:08.248+0000] {dagbag.py:538} INFO - Filling up the DagBag from /home/airflow/.local/lib/python3.8/site-packages/airflow/example_dags/example_nested_branch_dag.py
[2025-09-23T20:11:08.445+0000] {processor.py:840} INFO - DAG(s) 'example_nested_branch_dag' retrieved from /home/airflow/.local/lib/python3.8/site-packages/airflow/example_dags/example_nested_branch_dag.py
[2025-09-23T20:11:08.710+0000] {logging_mixin.py:188} INFO - [2025-09-23T20:11:08.701+0000] {dag.py:3036} INFO - Sync 1 DAGs
[2025-09-23T20:11:09.113+0000] {logging_mixin.py:188} INFO - [2025-09-23T20:11:09.112+0000] {dag.py:3823} INFO - Setting next_dagrun for example_nested_branch_dag to 2025-09-22 00:00:00+00:00, run_after=2025-09-23 00:00:00+00:00
[2025-09-23T20:11:09.203+0000] {processor.py:183} INFO - Processing /home/airflow/.local/lib/python3.8/site-packages/airflow/example_dags/example_nested_branch_dag.py took 1.006 seconds
[2025-09-23T20:11:40.017+0000] {processor.py:161} INFO - Started process (PID=2064) to work on /home/airflow/.local/lib/python3.8/site-packages/airflow/example_dags/example_nested_branch_dag.py
[2025-09-23T20:11:40.025+0000] {processor.py:830} INFO - Processing file /home/airflow/.local/lib/python3.8/site-packages/airflow/example_dags/example_nested_branch_dag.py for tasks to queue
[2025-09-23T20:11:40.028+0000] {logging_mixin.py:188} INFO - [2025-09-23T20:11:40.027+0000] {dagbag.py:538} INFO - Filling up the DagBag from /home/airflow/.local/lib/python3.8/site-packages/airflow/example_dags/example_nested_branch_dag.py
[2025-09-23T20:11:40.061+0000] {processor.py:840} INFO - DAG(s) 'example_nested_branch_dag' retrieved from /home/airflow/.local/lib/python3.8/site-packages/airflow/example_dags/example_nested_branch_dag.py
[2025-09-23T20:11:40.124+0000] {logging_mixin.py:188} INFO - [2025-09-23T20:11:40.123+0000] {dag.py:3036} INFO - Sync 1 DAGs
[2025-09-23T20:11:40.213+0000] {logging_mixin.py:188} INFO - [2025-09-23T20:11:40.213+0000] {dag.py:3823} INFO - Setting next_dagrun for example_nested_branch_dag to 2025-09-22 00:00:00+00:00, run_after=2025-09-23 00:00:00+00:00
[2025-09-23T20:11:40.299+0000] {processor.py:183} INFO - Processing /home/airflow/.local/lib/python3.8/site-packages/airflow/example_dags/example_nested_branch_dag.py took 0.290 seconds
[2025-09-23T20:12:10.920+0000] {processor.py:161} INFO - Started process (PID=2311) to work on /home/airflow/.local/lib/python3.8/site-packages/airflow/example_dags/example_nested_branch_dag.py
[2025-09-23T20:12:10.926+0000] {processor.py:830} INFO - Processing file /home/airflow/.local/lib/python3.8/site-packages/airflow/example_dags/example_nested_branch_dag.py for tasks to queue
[2025-09-23T20:12:10.931+0000] {logging_mixin.py:188} INFO - [2025-09-23T20:12:10.929+0000] {dagbag.py:538} INFO - Filling up the DagBag from /home/airflow/.local/lib/python3.8/site-packages/airflow/example_dags/example_nested_branch_dag.py
[2025-09-23T20:12:10.995+0000] {processor.py:840} INFO - DAG(s) 'example_nested_branch_dag' retrieved from /home/airflow/.local/lib/python3.8/site-packages/airflow/example_dags/example_nested_branch_dag.py
[2025-09-23T20:12:11.101+0000] {logging_mixin.py:188} INFO - [2025-09-23T20:12:11.100+0000] {dag.py:3036} INFO - Sync 1 DAGs
[2025-09-23T20:12:11.208+0000] {logging_mixin.py:188} INFO - [2025-09-23T20:12:11.207+0000] {dag.py:3823} INFO - Setting next_dagrun for example_nested_branch_dag to 2025-09-22 00:00:00+00:00, run_after=2025-09-23 00:00:00+00:00
[2025-09-23T20:12:11.294+0000] {processor.py:183} INFO - Processing /home/airflow/.local/lib/python3.8/site-packages/airflow/example_dags/example_nested_branch_dag.py took 0.398 seconds
[2025-09-23T20:12:52.676+0000] {processor.py:161} INFO - Started process (PID=2550) to work on /home/airflow/.local/lib/python3.8/site-packages/airflow/example_dags/example_nested_branch_dag.py
[2025-09-23T20:12:52.696+0000] {processor.py:830} INFO - Processing file /home/airflow/.local/lib/python3.8/site-packages/airflow/example_dags/example_nested_branch_dag.py for tasks to queue
[2025-09-23T20:12:52.707+0000] {logging_mixin.py:188} INFO - [2025-09-23T20:12:52.705+0000] {dagbag.py:538} INFO - Filling up the DagBag from /home/airflow/.local/lib/python3.8/site-packages/airflow/example_dags/example_nested_branch_dag.py
[2025-09-23T20:12:52.918+0000] {processor.py:840} INFO - DAG(s) 'example_nested_branch_dag' retrieved from /home/airflow/.local/lib/python3.8/site-packages/airflow/example_dags/example_nested_branch_dag.py
[2025-09-23T20:12:53.421+0000] {logging_mixin.py:188} INFO - [2025-09-23T20:12:53.415+0000] {dag.py:3036} INFO - Sync 1 DAGs
[2025-09-23T20:12:53.681+0000] {logging_mixin.py:188} INFO - [2025-09-23T20:12:53.680+0000] {dag.py:3823} INFO - Setting next_dagrun for example_nested_branch_dag to 2025-09-22 00:00:00+00:00, run_after=2025-09-23 00:00:00+00:00
[2025-09-23T20:12:54.033+0000] {processor.py:183} INFO - Processing /home/airflow/.local/lib/python3.8/site-packages/airflow/example_dags/example_nested_branch_dag.py took 1.425 seconds
