[2025-09-23T20:00:17.856+0000] {processor.py:161} INFO - Started process (PID=115) to work on /home/airflow/.local/lib/python3.8/site-packages/airflow/example_dags/example_external_task_marker_dag.py
[2025-09-23T20:00:17.869+0000] {processor.py:830} INFO - Processing file /home/airflow/.local/lib/python3.8/site-packages/airflow/example_dags/example_external_task_marker_dag.py for tasks to queue
[2025-09-23T20:00:17.913+0000] {logging_mixin.py:188} INFO - [2025-09-23T20:00:17.907+0000] {dagbag.py:538} INFO - Filling up the DagBag from /home/airflow/.local/lib/python3.8/site-packages/airflow/example_dags/example_external_task_marker_dag.py
[2025-09-23T20:00:18.181+0000] {processor.py:840} INFO - DAG(s) 'example_external_task_marker_child', 'example_external_task_marker_parent' retrieved from /home/airflow/.local/lib/python3.8/site-packages/airflow/example_dags/example_external_task_marker_dag.py
[2025-09-23T20:00:22.569+0000] {logging_mixin.py:188} INFO - [2025-09-23T20:00:22.553+0000] {dag.py:3036} INFO - Sync 2 DAGs
[2025-09-23T20:00:23.528+0000] {logging_mixin.py:188} INFO - [2025-09-23T20:00:23.527+0000] {dag.py:3823} INFO - Setting next_dagrun for example_external_task_marker_child to None, run_after=None
[2025-09-23T20:00:23.564+0000] {logging_mixin.py:188} INFO - [2025-09-23T20:00:23.563+0000] {dag.py:3823} INFO - Setting next_dagrun for example_external_task_marker_parent to None, run_after=None
[2025-09-23T20:00:23.981+0000] {processor.py:183} INFO - Processing /home/airflow/.local/lib/python3.8/site-packages/airflow/example_dags/example_external_task_marker_dag.py took 6.211 seconds
[2025-09-23T20:02:11.120+0000] {processor.py:161} INFO - Started process (PID=182) to work on /home/airflow/.local/lib/python3.8/site-packages/airflow/example_dags/example_external_task_marker_dag.py
[2025-09-23T20:02:11.128+0000] {processor.py:830} INFO - Processing file /home/airflow/.local/lib/python3.8/site-packages/airflow/example_dags/example_external_task_marker_dag.py for tasks to queue
[2025-09-23T20:02:11.144+0000] {logging_mixin.py:188} INFO - [2025-09-23T20:02:11.142+0000] {dagbag.py:538} INFO - Filling up the DagBag from /home/airflow/.local/lib/python3.8/site-packages/airflow/example_dags/example_external_task_marker_dag.py
[2025-09-23T20:02:11.244+0000] {processor.py:840} INFO - DAG(s) 'example_external_task_marker_parent', 'example_external_task_marker_child' retrieved from /home/airflow/.local/lib/python3.8/site-packages/airflow/example_dags/example_external_task_marker_dag.py
[2025-09-23T20:02:12.337+0000] {logging_mixin.py:188} INFO - [2025-09-23T20:02:12.331+0000] {dag.py:3036} INFO - Sync 2 DAGs
[2025-09-23T20:02:12.447+0000] {logging_mixin.py:188} INFO - [2025-09-23T20:02:12.446+0000] {dag.py:3823} INFO - Setting next_dagrun for example_external_task_marker_child to None, run_after=None
[2025-09-23T20:02:12.469+0000] {logging_mixin.py:188} INFO - [2025-09-23T20:02:12.468+0000] {dag.py:3823} INFO - Setting next_dagrun for example_external_task_marker_parent to None, run_after=None
[2025-09-23T20:02:12.643+0000] {processor.py:183} INFO - Processing /home/airflow/.local/lib/python3.8/site-packages/airflow/example_dags/example_external_task_marker_dag.py took 1.560 seconds
[2025-09-23T20:07:48.940+0000] {processor.py:161} INFO - Started process (PID=290) to work on /home/airflow/.local/lib/python3.8/site-packages/airflow/example_dags/example_external_task_marker_dag.py
[2025-09-23T20:07:48.943+0000] {processor.py:830} INFO - Processing file /home/airflow/.local/lib/python3.8/site-packages/airflow/example_dags/example_external_task_marker_dag.py for tasks to queue
[2025-09-23T20:07:48.948+0000] {logging_mixin.py:188} INFO - [2025-09-23T20:07:48.947+0000] {dagbag.py:538} INFO - Filling up the DagBag from /home/airflow/.local/lib/python3.8/site-packages/airflow/example_dags/example_external_task_marker_dag.py
[2025-09-23T20:07:48.993+0000] {processor.py:840} INFO - DAG(s) 'example_external_task_marker_parent', 'example_external_task_marker_child' retrieved from /home/airflow/.local/lib/python3.8/site-packages/airflow/example_dags/example_external_task_marker_dag.py
[2025-09-23T20:07:49.397+0000] {logging_mixin.py:188} INFO - [2025-09-23T20:07:49.393+0000] {override.py:1769} INFO - Created Permission View: can delete on DAG:example_external_task_marker_parent
[2025-09-23T20:07:49.464+0000] {logging_mixin.py:188} INFO - [2025-09-23T20:07:49.463+0000] {override.py:1769} INFO - Created Permission View: can read on DAG:example_external_task_marker_parent
[2025-09-23T20:07:49.510+0000] {logging_mixin.py:188} INFO - [2025-09-23T20:07:49.506+0000] {override.py:1769} INFO - Created Permission View: can edit on DAG:example_external_task_marker_parent
[2025-09-23T20:07:49.650+0000] {logging_mixin.py:188} INFO - [2025-09-23T20:07:49.647+0000] {override.py:1769} INFO - Created Permission View: can delete on DAG:example_external_task_marker_child
[2025-09-23T20:07:49.692+0000] {logging_mixin.py:188} INFO - [2025-09-23T20:07:49.691+0000] {override.py:1769} INFO - Created Permission View: can read on DAG:example_external_task_marker_child
[2025-09-23T20:07:49.725+0000] {logging_mixin.py:188} INFO - [2025-09-23T20:07:49.724+0000] {override.py:1769} INFO - Created Permission View: can edit on DAG:example_external_task_marker_child
[2025-09-23T20:07:49.728+0000] {logging_mixin.py:188} INFO - [2025-09-23T20:07:49.727+0000] {dag.py:3036} INFO - Sync 2 DAGs
[2025-09-23T20:07:49.801+0000] {logging_mixin.py:188} INFO - [2025-09-23T20:07:49.801+0000] {dag.py:3058} INFO - Creating ORM DAG for example_external_task_marker_parent
[2025-09-23T20:07:49.804+0000] {logging_mixin.py:188} INFO - [2025-09-23T20:07:49.804+0000] {dag.py:3058} INFO - Creating ORM DAG for example_external_task_marker_child
[2025-09-23T20:07:49.806+0000] {logging_mixin.py:188} INFO - [2025-09-23T20:07:49.806+0000] {dag.py:3823} INFO - Setting next_dagrun for example_external_task_marker_child to None, run_after=None
[2025-09-23T20:07:49.812+0000] {logging_mixin.py:188} INFO - [2025-09-23T20:07:49.808+0000] {dag.py:3823} INFO - Setting next_dagrun for example_external_task_marker_parent to None, run_after=None
[2025-09-23T20:07:49.876+0000] {processor.py:183} INFO - Processing /home/airflow/.local/lib/python3.8/site-packages/airflow/example_dags/example_external_task_marker_dag.py took 0.949 seconds
[2025-09-23T20:08:20.095+0000] {processor.py:161} INFO - Started process (PID=539) to work on /home/airflow/.local/lib/python3.8/site-packages/airflow/example_dags/example_external_task_marker_dag.py
[2025-09-23T20:08:20.097+0000] {processor.py:830} INFO - Processing file /home/airflow/.local/lib/python3.8/site-packages/airflow/example_dags/example_external_task_marker_dag.py for tasks to queue
[2025-09-23T20:08:20.101+0000] {logging_mixin.py:188} INFO - [2025-09-23T20:08:20.099+0000] {dagbag.py:538} INFO - Filling up the DagBag from /home/airflow/.local/lib/python3.8/site-packages/airflow/example_dags/example_external_task_marker_dag.py
[2025-09-23T20:08:20.123+0000] {processor.py:840} INFO - DAG(s) 'example_external_task_marker_child', 'example_external_task_marker_parent' retrieved from /home/airflow/.local/lib/python3.8/site-packages/airflow/example_dags/example_external_task_marker_dag.py
[2025-09-23T20:08:20.243+0000] {logging_mixin.py:188} INFO - [2025-09-23T20:08:20.243+0000] {dag.py:3036} INFO - Sync 2 DAGs
[2025-09-23T20:08:20.296+0000] {logging_mixin.py:188} INFO - [2025-09-23T20:08:20.295+0000] {dag.py:3823} INFO - Setting next_dagrun for example_external_task_marker_child to None, run_after=None
[2025-09-23T20:08:20.308+0000] {logging_mixin.py:188} INFO - [2025-09-23T20:08:20.308+0000] {dag.py:3823} INFO - Setting next_dagrun for example_external_task_marker_parent to None, run_after=None
[2025-09-23T20:08:20.362+0000] {processor.py:183} INFO - Processing /home/airflow/.local/lib/python3.8/site-packages/airflow/example_dags/example_external_task_marker_dag.py took 0.281 seconds
[2025-09-23T20:08:50.660+0000] {processor.py:161} INFO - Started process (PID=785) to work on /home/airflow/.local/lib/python3.8/site-packages/airflow/example_dags/example_external_task_marker_dag.py
[2025-09-23T20:08:50.663+0000] {processor.py:830} INFO - Processing file /home/airflow/.local/lib/python3.8/site-packages/airflow/example_dags/example_external_task_marker_dag.py for tasks to queue
[2025-09-23T20:08:50.666+0000] {logging_mixin.py:188} INFO - [2025-09-23T20:08:50.665+0000] {dagbag.py:538} INFO - Filling up the DagBag from /home/airflow/.local/lib/python3.8/site-packages/airflow/example_dags/example_external_task_marker_dag.py
[2025-09-23T20:08:50.687+0000] {processor.py:840} INFO - DAG(s) 'example_external_task_marker_parent', 'example_external_task_marker_child' retrieved from /home/airflow/.local/lib/python3.8/site-packages/airflow/example_dags/example_external_task_marker_dag.py
[2025-09-23T20:08:50.770+0000] {logging_mixin.py:188} INFO - [2025-09-23T20:08:50.770+0000] {dag.py:3036} INFO - Sync 2 DAGs
[2025-09-23T20:08:50.817+0000] {logging_mixin.py:188} INFO - [2025-09-23T20:08:50.816+0000] {dag.py:3823} INFO - Setting next_dagrun for example_external_task_marker_child to None, run_after=None
[2025-09-23T20:08:50.831+0000] {logging_mixin.py:188} INFO - [2025-09-23T20:08:50.830+0000] {dag.py:3823} INFO - Setting next_dagrun for example_external_task_marker_parent to None, run_after=None
[2025-09-23T20:08:50.884+0000] {processor.py:183} INFO - Processing /home/airflow/.local/lib/python3.8/site-packages/airflow/example_dags/example_external_task_marker_dag.py took 0.235 seconds
[2025-09-23T20:09:27.269+0000] {processor.py:161} INFO - Started process (PID=1032) to work on /home/airflow/.local/lib/python3.8/site-packages/airflow/example_dags/example_external_task_marker_dag.py
[2025-09-23T20:09:27.287+0000] {processor.py:830} INFO - Processing file /home/airflow/.local/lib/python3.8/site-packages/airflow/example_dags/example_external_task_marker_dag.py for tasks to queue
[2025-09-23T20:09:27.305+0000] {logging_mixin.py:188} INFO - [2025-09-23T20:09:27.299+0000] {dagbag.py:538} INFO - Filling up the DagBag from /home/airflow/.local/lib/python3.8/site-packages/airflow/example_dags/example_external_task_marker_dag.py
[2025-09-23T20:09:27.445+0000] {processor.py:840} INFO - DAG(s) 'example_external_task_marker_child', 'example_external_task_marker_parent' retrieved from /home/airflow/.local/lib/python3.8/site-packages/airflow/example_dags/example_external_task_marker_dag.py
[2025-09-23T20:09:27.648+0000] {logging_mixin.py:188} INFO - [2025-09-23T20:09:27.647+0000] {dag.py:3036} INFO - Sync 2 DAGs
[2025-09-23T20:09:27.751+0000] {logging_mixin.py:188} INFO - [2025-09-23T20:09:27.750+0000] {dag.py:3823} INFO - Setting next_dagrun for example_external_task_marker_child to None, run_after=None
[2025-09-23T20:09:27.831+0000] {logging_mixin.py:188} INFO - [2025-09-23T20:09:27.830+0000] {dag.py:3823} INFO - Setting next_dagrun for example_external_task_marker_parent to None, run_after=None
[2025-09-23T20:09:27.944+0000] {processor.py:183} INFO - Processing /home/airflow/.local/lib/python3.8/site-packages/airflow/example_dags/example_external_task_marker_dag.py took 0.721 seconds
[2025-09-23T20:10:00.053+0000] {processor.py:161} INFO - Started process (PID=1287) to work on /home/airflow/.local/lib/python3.8/site-packages/airflow/example_dags/example_external_task_marker_dag.py
[2025-09-23T20:10:00.058+0000] {processor.py:830} INFO - Processing file /home/airflow/.local/lib/python3.8/site-packages/airflow/example_dags/example_external_task_marker_dag.py for tasks to queue
[2025-09-23T20:10:00.067+0000] {logging_mixin.py:188} INFO - [2025-09-23T20:10:00.066+0000] {dagbag.py:538} INFO - Filling up the DagBag from /home/airflow/.local/lib/python3.8/site-packages/airflow/example_dags/example_external_task_marker_dag.py
[2025-09-23T20:10:00.112+0000] {processor.py:840} INFO - DAG(s) 'example_external_task_marker_parent', 'example_external_task_marker_child' retrieved from /home/airflow/.local/lib/python3.8/site-packages/airflow/example_dags/example_external_task_marker_dag.py
[2025-09-23T20:10:00.262+0000] {logging_mixin.py:188} INFO - [2025-09-23T20:10:00.261+0000] {dag.py:3036} INFO - Sync 2 DAGs
[2025-09-23T20:10:00.335+0000] {logging_mixin.py:188} INFO - [2025-09-23T20:10:00.334+0000] {dag.py:3823} INFO - Setting next_dagrun for example_external_task_marker_child to None, run_after=None
[2025-09-23T20:10:00.355+0000] {logging_mixin.py:188} INFO - [2025-09-23T20:10:00.354+0000] {dag.py:3823} INFO - Setting next_dagrun for example_external_task_marker_parent to None, run_after=None
[2025-09-23T20:10:00.433+0000] {processor.py:183} INFO - Processing /home/airflow/.local/lib/python3.8/site-packages/airflow/example_dags/example_external_task_marker_dag.py took 0.414 seconds
[2025-09-23T20:10:30.780+0000] {processor.py:161} INFO - Started process (PID=1531) to work on /home/airflow/.local/lib/python3.8/site-packages/airflow/example_dags/example_external_task_marker_dag.py
[2025-09-23T20:10:30.783+0000] {processor.py:830} INFO - Processing file /home/airflow/.local/lib/python3.8/site-packages/airflow/example_dags/example_external_task_marker_dag.py for tasks to queue
[2025-09-23T20:10:30.791+0000] {logging_mixin.py:188} INFO - [2025-09-23T20:10:30.790+0000] {dagbag.py:538} INFO - Filling up the DagBag from /home/airflow/.local/lib/python3.8/site-packages/airflow/example_dags/example_external_task_marker_dag.py
[2025-09-23T20:10:30.826+0000] {processor.py:840} INFO - DAG(s) 'example_external_task_marker_child', 'example_external_task_marker_parent' retrieved from /home/airflow/.local/lib/python3.8/site-packages/airflow/example_dags/example_external_task_marker_dag.py
[2025-09-23T20:10:30.965+0000] {logging_mixin.py:188} INFO - [2025-09-23T20:10:30.964+0000] {dag.py:3036} INFO - Sync 2 DAGs
[2025-09-23T20:10:31.047+0000] {logging_mixin.py:188} INFO - [2025-09-23T20:10:31.046+0000] {dag.py:3823} INFO - Setting next_dagrun for example_external_task_marker_child to None, run_after=None
[2025-09-23T20:10:31.069+0000] {logging_mixin.py:188} INFO - [2025-09-23T20:10:31.068+0000] {dag.py:3823} INFO - Setting next_dagrun for example_external_task_marker_parent to None, run_after=None
[2025-09-23T20:10:31.192+0000] {processor.py:183} INFO - Processing /home/airflow/.local/lib/python3.8/site-packages/airflow/example_dags/example_external_task_marker_dag.py took 0.427 seconds
[2025-09-23T20:11:03.203+0000] {processor.py:161} INFO - Started process (PID=1781) to work on /home/airflow/.local/lib/python3.8/site-packages/airflow/example_dags/example_external_task_marker_dag.py
[2025-09-23T20:11:03.214+0000] {processor.py:830} INFO - Processing file /home/airflow/.local/lib/python3.8/site-packages/airflow/example_dags/example_external_task_marker_dag.py for tasks to queue
[2025-09-23T20:11:03.223+0000] {logging_mixin.py:188} INFO - [2025-09-23T20:11:03.220+0000] {dagbag.py:538} INFO - Filling up the DagBag from /home/airflow/.local/lib/python3.8/site-packages/airflow/example_dags/example_external_task_marker_dag.py
[2025-09-23T20:11:03.279+0000] {processor.py:840} INFO - DAG(s) 'example_external_task_marker_child', 'example_external_task_marker_parent' retrieved from /home/airflow/.local/lib/python3.8/site-packages/airflow/example_dags/example_external_task_marker_dag.py
[2025-09-23T20:11:03.532+0000] {logging_mixin.py:188} INFO - [2025-09-23T20:11:03.531+0000] {dag.py:3036} INFO - Sync 2 DAGs
[2025-09-23T20:11:03.805+0000] {logging_mixin.py:188} INFO - [2025-09-23T20:11:03.804+0000] {dag.py:3823} INFO - Setting next_dagrun for example_external_task_marker_child to None, run_after=None
[2025-09-23T20:11:03.830+0000] {logging_mixin.py:188} INFO - [2025-09-23T20:11:03.829+0000] {dag.py:3823} INFO - Setting next_dagrun for example_external_task_marker_parent to None, run_after=None
[2025-09-23T20:11:03.949+0000] {processor.py:183} INFO - Processing /home/airflow/.local/lib/python3.8/site-packages/airflow/example_dags/example_external_task_marker_dag.py took 0.778 seconds
[2025-09-23T20:11:34.648+0000] {processor.py:161} INFO - Started process (PID=2029) to work on /home/airflow/.local/lib/python3.8/site-packages/airflow/example_dags/example_external_task_marker_dag.py
[2025-09-23T20:11:34.650+0000] {processor.py:830} INFO - Processing file /home/airflow/.local/lib/python3.8/site-packages/airflow/example_dags/example_external_task_marker_dag.py for tasks to queue
[2025-09-23T20:11:34.652+0000] {logging_mixin.py:188} INFO - [2025-09-23T20:11:34.651+0000] {dagbag.py:538} INFO - Filling up the DagBag from /home/airflow/.local/lib/python3.8/site-packages/airflow/example_dags/example_external_task_marker_dag.py
[2025-09-23T20:11:34.667+0000] {processor.py:840} INFO - DAG(s) 'example_external_task_marker_parent', 'example_external_task_marker_child' retrieved from /home/airflow/.local/lib/python3.8/site-packages/airflow/example_dags/example_external_task_marker_dag.py
[2025-09-23T20:11:34.733+0000] {logging_mixin.py:188} INFO - [2025-09-23T20:11:34.732+0000] {dag.py:3036} INFO - Sync 2 DAGs
[2025-09-23T20:11:34.769+0000] {logging_mixin.py:188} INFO - [2025-09-23T20:11:34.768+0000] {dag.py:3823} INFO - Setting next_dagrun for example_external_task_marker_child to None, run_after=None
[2025-09-23T20:11:34.779+0000] {logging_mixin.py:188} INFO - [2025-09-23T20:11:34.778+0000] {dag.py:3823} INFO - Setting next_dagrun for example_external_task_marker_parent to None, run_after=None
[2025-09-23T20:11:34.831+0000] {processor.py:183} INFO - Processing /home/airflow/.local/lib/python3.8/site-packages/airflow/example_dags/example_external_task_marker_dag.py took 0.190 seconds
[2025-09-23T20:12:05.101+0000] {processor.py:161} INFO - Started process (PID=2273) to work on /home/airflow/.local/lib/python3.8/site-packages/airflow/example_dags/example_external_task_marker_dag.py
[2025-09-23T20:12:05.106+0000] {processor.py:830} INFO - Processing file /home/airflow/.local/lib/python3.8/site-packages/airflow/example_dags/example_external_task_marker_dag.py for tasks to queue
[2025-09-23T20:12:05.112+0000] {logging_mixin.py:188} INFO - [2025-09-23T20:12:05.108+0000] {dagbag.py:538} INFO - Filling up the DagBag from /home/airflow/.local/lib/python3.8/site-packages/airflow/example_dags/example_external_task_marker_dag.py
[2025-09-23T20:12:05.162+0000] {processor.py:840} INFO - DAG(s) 'example_external_task_marker_parent', 'example_external_task_marker_child' retrieved from /home/airflow/.local/lib/python3.8/site-packages/airflow/example_dags/example_external_task_marker_dag.py
[2025-09-23T20:12:05.285+0000] {logging_mixin.py:188} INFO - [2025-09-23T20:12:05.284+0000] {dag.py:3036} INFO - Sync 2 DAGs
[2025-09-23T20:12:05.349+0000] {logging_mixin.py:188} INFO - [2025-09-23T20:12:05.349+0000] {dag.py:3823} INFO - Setting next_dagrun for example_external_task_marker_child to None, run_after=None
[2025-09-23T20:12:05.362+0000] {logging_mixin.py:188} INFO - [2025-09-23T20:12:05.361+0000] {dag.py:3823} INFO - Setting next_dagrun for example_external_task_marker_parent to None, run_after=None
[2025-09-23T20:12:05.482+0000] {processor.py:183} INFO - Processing /home/airflow/.local/lib/python3.8/site-packages/airflow/example_dags/example_external_task_marker_dag.py took 0.393 seconds
[2025-09-23T20:12:45.081+0000] {processor.py:161} INFO - Started process (PID=2515) to work on /home/airflow/.local/lib/python3.8/site-packages/airflow/example_dags/example_external_task_marker_dag.py
[2025-09-23T20:12:45.115+0000] {processor.py:830} INFO - Processing file /home/airflow/.local/lib/python3.8/site-packages/airflow/example_dags/example_external_task_marker_dag.py for tasks to queue
[2025-09-23T20:12:45.127+0000] {logging_mixin.py:188} INFO - [2025-09-23T20:12:45.122+0000] {dagbag.py:538} INFO - Filling up the DagBag from /home/airflow/.local/lib/python3.8/site-packages/airflow/example_dags/example_external_task_marker_dag.py
[2025-09-23T20:12:45.187+0000] {processor.py:840} INFO - DAG(s) 'example_external_task_marker_parent', 'example_external_task_marker_child' retrieved from /home/airflow/.local/lib/python3.8/site-packages/airflow/example_dags/example_external_task_marker_dag.py
[2025-09-23T20:12:45.542+0000] {logging_mixin.py:188} INFO - [2025-09-23T20:12:45.540+0000] {dag.py:3036} INFO - Sync 2 DAGs
[2025-09-23T20:12:45.741+0000] {logging_mixin.py:188} INFO - [2025-09-23T20:12:45.739+0000] {dag.py:3823} INFO - Setting next_dagrun for example_external_task_marker_child to None, run_after=None
[2025-09-23T20:12:45.786+0000] {logging_mixin.py:188} INFO - [2025-09-23T20:12:45.784+0000] {dag.py:3823} INFO - Setting next_dagrun for example_external_task_marker_parent to None, run_after=None
[2025-09-23T20:12:46.195+0000] {processor.py:183} INFO - Processing /home/airflow/.local/lib/python3.8/site-packages/airflow/example_dags/example_external_task_marker_dag.py took 1.175 seconds
