[2025-09-23T20:00:39.558+0000] {processor.py:161} INFO - Started process (PID=121) to work on /home/airflow/.local/lib/python3.8/site-packages/airflow/example_dags/example_short_circuit_decorator.py
[2025-09-23T20:00:39.575+0000] {processor.py:830} INFO - Processing file /home/airflow/.local/lib/python3.8/site-packages/airflow/example_dags/example_short_circuit_decorator.py for tasks to queue
[2025-09-23T20:00:39.601+0000] {logging_mixin.py:188} INFO - [2025-09-23T20:00:39.599+0000] {dagbag.py:538} INFO - Filling up the DagBag from /home/airflow/.local/lib/python3.8/site-packages/airflow/example_dags/example_short_circuit_decorator.py
[2025-09-23T20:00:40.160+0000] {processor.py:840} INFO - DAG(s) 'example_short_circuit_decorator' retrieved from /home/airflow/.local/lib/python3.8/site-packages/airflow/example_dags/example_short_circuit_decorator.py
[2025-09-23T20:00:43.476+0000] {logging_mixin.py:188} INFO - [2025-09-23T20:00:43.475+0000] {dag.py:3036} INFO - Sync 1 DAGs
[2025-09-23T20:00:43.633+0000] {logging_mixin.py:188} INFO - [2025-09-23T20:00:43.631+0000] {dag.py:3823} INFO - Setting next_dagrun for example_short_circuit_decorator to 2025-09-22 00:00:00+00:00, run_after=2025-09-23 00:00:00+00:00
[2025-09-23T20:00:43.925+0000] {processor.py:183} INFO - Processing /home/airflow/.local/lib/python3.8/site-packages/airflow/example_dags/example_short_circuit_decorator.py took 4.438 seconds
[2025-09-23T20:02:17.975+0000] {processor.py:161} INFO - Started process (PID=188) to work on /home/airflow/.local/lib/python3.8/site-packages/airflow/example_dags/example_short_circuit_decorator.py
[2025-09-23T20:02:18.001+0000] {processor.py:830} INFO - Processing file /home/airflow/.local/lib/python3.8/site-packages/airflow/example_dags/example_short_circuit_decorator.py for tasks to queue
[2025-09-23T20:02:18.052+0000] {logging_mixin.py:188} INFO - [2025-09-23T20:02:18.050+0000] {dagbag.py:538} INFO - Filling up the DagBag from /home/airflow/.local/lib/python3.8/site-packages/airflow/example_dags/example_short_circuit_decorator.py
[2025-09-23T20:02:18.320+0000] {processor.py:840} INFO - DAG(s) 'example_short_circuit_decorator' retrieved from /home/airflow/.local/lib/python3.8/site-packages/airflow/example_dags/example_short_circuit_decorator.py
[2025-09-23T20:02:18.992+0000] {logging_mixin.py:188} INFO - [2025-09-23T20:02:18.990+0000] {dag.py:3036} INFO - Sync 1 DAGs
[2025-09-23T20:02:19.470+0000] {logging_mixin.py:188} INFO - [2025-09-23T20:02:19.468+0000] {dag.py:3823} INFO - Setting next_dagrun for example_short_circuit_decorator to 2025-09-22 00:00:00+00:00, run_after=2025-09-23 00:00:00+00:00
[2025-09-23T20:02:19.583+0000] {processor.py:183} INFO - Processing /home/airflow/.local/lib/python3.8/site-packages/airflow/example_dags/example_short_circuit_decorator.py took 1.860 seconds
[2025-09-23T20:07:51.908+0000] {processor.py:161} INFO - Started process (PID=320) to work on /home/airflow/.local/lib/python3.8/site-packages/airflow/example_dags/example_short_circuit_decorator.py
[2025-09-23T20:07:51.911+0000] {processor.py:830} INFO - Processing file /home/airflow/.local/lib/python3.8/site-packages/airflow/example_dags/example_short_circuit_decorator.py for tasks to queue
[2025-09-23T20:07:51.914+0000] {logging_mixin.py:188} INFO - [2025-09-23T20:07:51.913+0000] {dagbag.py:538} INFO - Filling up the DagBag from /home/airflow/.local/lib/python3.8/site-packages/airflow/example_dags/example_short_circuit_decorator.py
[2025-09-23T20:07:51.970+0000] {processor.py:840} INFO - DAG(s) 'example_short_circuit_decorator' retrieved from /home/airflow/.local/lib/python3.8/site-packages/airflow/example_dags/example_short_circuit_decorator.py
[2025-09-23T20:07:52.430+0000] {logging_mixin.py:188} INFO - [2025-09-23T20:07:52.428+0000] {override.py:1769} INFO - Created Permission View: can delete on DAG:example_short_circuit_decorator
[2025-09-23T20:07:52.518+0000] {logging_mixin.py:188} INFO - [2025-09-23T20:07:52.517+0000] {override.py:1769} INFO - Created Permission View: can read on DAG:example_short_circuit_decorator
[2025-09-23T20:07:52.563+0000] {logging_mixin.py:188} INFO - [2025-09-23T20:07:52.562+0000] {override.py:1769} INFO - Created Permission View: can edit on DAG:example_short_circuit_decorator
[2025-09-23T20:07:52.564+0000] {logging_mixin.py:188} INFO - [2025-09-23T20:07:52.564+0000] {dag.py:3036} INFO - Sync 1 DAGs
[2025-09-23T20:07:52.620+0000] {logging_mixin.py:188} INFO - [2025-09-23T20:07:52.620+0000] {dag.py:3058} INFO - Creating ORM DAG for example_short_circuit_decorator
[2025-09-23T20:07:52.655+0000] {logging_mixin.py:188} INFO - [2025-09-23T20:07:52.654+0000] {dag.py:3823} INFO - Setting next_dagrun for example_short_circuit_decorator to 2025-09-22 00:00:00+00:00, run_after=2025-09-23 00:00:00+00:00
[2025-09-23T20:07:52.744+0000] {processor.py:183} INFO - Processing /home/airflow/.local/lib/python3.8/site-packages/airflow/example_dags/example_short_circuit_decorator.py took 0.857 seconds
[2025-09-23T20:08:23.212+0000] {processor.py:161} INFO - Started process (PID=569) to work on /home/airflow/.local/lib/python3.8/site-packages/airflow/example_dags/example_short_circuit_decorator.py
[2025-09-23T20:08:23.219+0000] {processor.py:830} INFO - Processing file /home/airflow/.local/lib/python3.8/site-packages/airflow/example_dags/example_short_circuit_decorator.py for tasks to queue
[2025-09-23T20:08:23.227+0000] {logging_mixin.py:188} INFO - [2025-09-23T20:08:23.223+0000] {dagbag.py:538} INFO - Filling up the DagBag from /home/airflow/.local/lib/python3.8/site-packages/airflow/example_dags/example_short_circuit_decorator.py
[2025-09-23T20:08:23.300+0000] {processor.py:840} INFO - DAG(s) 'example_short_circuit_decorator' retrieved from /home/airflow/.local/lib/python3.8/site-packages/airflow/example_dags/example_short_circuit_decorator.py
[2025-09-23T20:08:23.407+0000] {logging_mixin.py:188} INFO - [2025-09-23T20:08:23.406+0000] {dag.py:3036} INFO - Sync 1 DAGs
[2025-09-23T20:08:23.547+0000] {logging_mixin.py:188} INFO - [2025-09-23T20:08:23.546+0000] {dag.py:3823} INFO - Setting next_dagrun for example_short_circuit_decorator to 2025-09-22 00:00:00+00:00, run_after=2025-09-23 00:00:00+00:00
[2025-09-23T20:08:23.623+0000] {processor.py:183} INFO - Processing /home/airflow/.local/lib/python3.8/site-packages/airflow/example_dags/example_short_circuit_decorator.py took 0.422 seconds
[2025-09-23T20:08:53.723+0000] {processor.py:161} INFO - Started process (PID=817) to work on /home/airflow/.local/lib/python3.8/site-packages/airflow/example_dags/example_short_circuit_decorator.py
[2025-09-23T20:08:53.731+0000] {processor.py:830} INFO - Processing file /home/airflow/.local/lib/python3.8/site-packages/airflow/example_dags/example_short_circuit_decorator.py for tasks to queue
[2025-09-23T20:08:53.733+0000] {logging_mixin.py:188} INFO - [2025-09-23T20:08:53.732+0000] {dagbag.py:538} INFO - Filling up the DagBag from /home/airflow/.local/lib/python3.8/site-packages/airflow/example_dags/example_short_circuit_decorator.py
[2025-09-23T20:08:53.757+0000] {processor.py:840} INFO - DAG(s) 'example_short_circuit_decorator' retrieved from /home/airflow/.local/lib/python3.8/site-packages/airflow/example_dags/example_short_circuit_decorator.py
[2025-09-23T20:08:53.809+0000] {logging_mixin.py:188} INFO - [2025-09-23T20:08:53.808+0000] {dag.py:3036} INFO - Sync 1 DAGs
[2025-09-23T20:08:53.850+0000] {logging_mixin.py:188} INFO - [2025-09-23T20:08:53.850+0000] {dag.py:3823} INFO - Setting next_dagrun for example_short_circuit_decorator to 2025-09-22 00:00:00+00:00, run_after=2025-09-23 00:00:00+00:00
[2025-09-23T20:08:53.888+0000] {processor.py:183} INFO - Processing /home/airflow/.local/lib/python3.8/site-packages/airflow/example_dags/example_short_circuit_decorator.py took 0.173 seconds
[2025-09-23T20:09:29.577+0000] {processor.py:161} INFO - Started process (PID=1068) to work on /home/airflow/.local/lib/python3.8/site-packages/airflow/example_dags/example_short_circuit_decorator.py
[2025-09-23T20:09:29.580+0000] {processor.py:830} INFO - Processing file /home/airflow/.local/lib/python3.8/site-packages/airflow/example_dags/example_short_circuit_decorator.py for tasks to queue
[2025-09-23T20:09:29.584+0000] {logging_mixin.py:188} INFO - [2025-09-23T20:09:29.582+0000] {dagbag.py:538} INFO - Filling up the DagBag from /home/airflow/.local/lib/python3.8/site-packages/airflow/example_dags/example_short_circuit_decorator.py
[2025-09-23T20:09:29.625+0000] {processor.py:840} INFO - DAG(s) 'example_short_circuit_decorator' retrieved from /home/airflow/.local/lib/python3.8/site-packages/airflow/example_dags/example_short_circuit_decorator.py
[2025-09-23T20:09:29.718+0000] {logging_mixin.py:188} INFO - [2025-09-23T20:09:29.717+0000] {dag.py:3036} INFO - Sync 1 DAGs
[2025-09-23T20:09:29.810+0000] {logging_mixin.py:188} INFO - [2025-09-23T20:09:29.808+0000] {dag.py:3823} INFO - Setting next_dagrun for example_short_circuit_decorator to 2025-09-22 00:00:00+00:00, run_after=2025-09-23 00:00:00+00:00
[2025-09-23T20:09:29.904+0000] {processor.py:183} INFO - Processing /home/airflow/.local/lib/python3.8/site-packages/airflow/example_dags/example_short_circuit_decorator.py took 0.338 seconds
[2025-09-23T20:10:04.851+0000] {processor.py:161} INFO - Started process (PID=1315) to work on /home/airflow/.local/lib/python3.8/site-packages/airflow/example_dags/example_short_circuit_decorator.py
[2025-09-23T20:10:04.863+0000] {processor.py:830} INFO - Processing file /home/airflow/.local/lib/python3.8/site-packages/airflow/example_dags/example_short_circuit_decorator.py for tasks to queue
[2025-09-23T20:10:04.870+0000] {logging_mixin.py:188} INFO - [2025-09-23T20:10:04.867+0000] {dagbag.py:538} INFO - Filling up the DagBag from /home/airflow/.local/lib/python3.8/site-packages/airflow/example_dags/example_short_circuit_decorator.py
[2025-09-23T20:10:04.981+0000] {processor.py:840} INFO - DAG(s) 'example_short_circuit_decorator' retrieved from /home/airflow/.local/lib/python3.8/site-packages/airflow/example_dags/example_short_circuit_decorator.py
[2025-09-23T20:10:05.131+0000] {logging_mixin.py:188} INFO - [2025-09-23T20:10:05.130+0000] {dag.py:3036} INFO - Sync 1 DAGs
[2025-09-23T20:10:05.423+0000] {logging_mixin.py:188} INFO - [2025-09-23T20:10:05.422+0000] {dag.py:3823} INFO - Setting next_dagrun for example_short_circuit_decorator to 2025-09-22 00:00:00+00:00, run_after=2025-09-23 00:00:00+00:00
[2025-09-23T20:10:05.581+0000] {processor.py:183} INFO - Processing /home/airflow/.local/lib/python3.8/site-packages/airflow/example_dags/example_short_circuit_decorator.py took 0.771 seconds
[2025-09-23T20:10:36.362+0000] {processor.py:161} INFO - Started process (PID=1564) to work on /home/airflow/.local/lib/python3.8/site-packages/airflow/example_dags/example_short_circuit_decorator.py
[2025-09-23T20:10:36.376+0000] {processor.py:830} INFO - Processing file /home/airflow/.local/lib/python3.8/site-packages/airflow/example_dags/example_short_circuit_decorator.py for tasks to queue
[2025-09-23T20:10:36.383+0000] {logging_mixin.py:188} INFO - [2025-09-23T20:10:36.381+0000] {dagbag.py:538} INFO - Filling up the DagBag from /home/airflow/.local/lib/python3.8/site-packages/airflow/example_dags/example_short_circuit_decorator.py
[2025-09-23T20:10:36.492+0000] {processor.py:840} INFO - DAG(s) 'example_short_circuit_decorator' retrieved from /home/airflow/.local/lib/python3.8/site-packages/airflow/example_dags/example_short_circuit_decorator.py
[2025-09-23T20:10:36.625+0000] {logging_mixin.py:188} INFO - [2025-09-23T20:10:36.624+0000] {dag.py:3036} INFO - Sync 1 DAGs
[2025-09-23T20:10:36.740+0000] {logging_mixin.py:188} INFO - [2025-09-23T20:10:36.739+0000] {dag.py:3823} INFO - Setting next_dagrun for example_short_circuit_decorator to 2025-09-22 00:00:00+00:00, run_after=2025-09-23 00:00:00+00:00
[2025-09-23T20:10:36.925+0000] {processor.py:183} INFO - Processing /home/airflow/.local/lib/python3.8/site-packages/airflow/example_dags/example_short_circuit_decorator.py took 0.599 seconds
[2025-09-23T20:11:07.776+0000] {processor.py:161} INFO - Started process (PID=1810) to work on /home/airflow/.local/lib/python3.8/site-packages/airflow/example_dags/example_short_circuit_decorator.py
[2025-09-23T20:11:07.785+0000] {processor.py:830} INFO - Processing file /home/airflow/.local/lib/python3.8/site-packages/airflow/example_dags/example_short_circuit_decorator.py for tasks to queue
[2025-09-23T20:11:07.808+0000] {logging_mixin.py:188} INFO - [2025-09-23T20:11:07.805+0000] {dagbag.py:538} INFO - Filling up the DagBag from /home/airflow/.local/lib/python3.8/site-packages/airflow/example_dags/example_short_circuit_decorator.py
[2025-09-23T20:11:08.092+0000] {processor.py:840} INFO - DAG(s) 'example_short_circuit_decorator' retrieved from /home/airflow/.local/lib/python3.8/site-packages/airflow/example_dags/example_short_circuit_decorator.py
[2025-09-23T20:11:08.360+0000] {logging_mixin.py:188} INFO - [2025-09-23T20:11:08.359+0000] {dag.py:3036} INFO - Sync 1 DAGs
[2025-09-23T20:11:08.538+0000] {logging_mixin.py:188} INFO - [2025-09-23T20:11:08.537+0000] {dag.py:3823} INFO - Setting next_dagrun for example_short_circuit_decorator to 2025-09-22 00:00:00+00:00, run_after=2025-09-23 00:00:00+00:00
[2025-09-23T20:11:08.665+0000] {processor.py:183} INFO - Processing /home/airflow/.local/lib/python3.8/site-packages/airflow/example_dags/example_short_circuit_decorator.py took 0.917 seconds
[2025-09-23T20:11:38.963+0000] {processor.py:161} INFO - Started process (PID=2059) to work on /home/airflow/.local/lib/python3.8/site-packages/airflow/example_dags/example_short_circuit_decorator.py
[2025-09-23T20:11:38.971+0000] {processor.py:830} INFO - Processing file /home/airflow/.local/lib/python3.8/site-packages/airflow/example_dags/example_short_circuit_decorator.py for tasks to queue
[2025-09-23T20:11:38.973+0000] {logging_mixin.py:188} INFO - [2025-09-23T20:11:38.972+0000] {dagbag.py:538} INFO - Filling up the DagBag from /home/airflow/.local/lib/python3.8/site-packages/airflow/example_dags/example_short_circuit_decorator.py
[2025-09-23T20:11:38.990+0000] {processor.py:840} INFO - DAG(s) 'example_short_circuit_decorator' retrieved from /home/airflow/.local/lib/python3.8/site-packages/airflow/example_dags/example_short_circuit_decorator.py
[2025-09-23T20:11:39.037+0000] {logging_mixin.py:188} INFO - [2025-09-23T20:11:39.036+0000] {dag.py:3036} INFO - Sync 1 DAGs
[2025-09-23T20:11:39.087+0000] {logging_mixin.py:188} INFO - [2025-09-23T20:11:39.087+0000] {dag.py:3823} INFO - Setting next_dagrun for example_short_circuit_decorator to 2025-09-22 00:00:00+00:00, run_after=2025-09-23 00:00:00+00:00
[2025-09-23T20:11:39.135+0000] {processor.py:183} INFO - Processing /home/airflow/.local/lib/python3.8/site-packages/airflow/example_dags/example_short_circuit_decorator.py took 0.179 seconds
[2025-09-23T20:12:09.825+0000] {processor.py:161} INFO - Started process (PID=2306) to work on /home/airflow/.local/lib/python3.8/site-packages/airflow/example_dags/example_short_circuit_decorator.py
[2025-09-23T20:12:09.875+0000] {processor.py:830} INFO - Processing file /home/airflow/.local/lib/python3.8/site-packages/airflow/example_dags/example_short_circuit_decorator.py for tasks to queue
[2025-09-23T20:12:09.903+0000] {logging_mixin.py:188} INFO - [2025-09-23T20:12:09.902+0000] {dagbag.py:538} INFO - Filling up the DagBag from /home/airflow/.local/lib/python3.8/site-packages/airflow/example_dags/example_short_circuit_decorator.py
[2025-09-23T20:12:09.940+0000] {processor.py:840} INFO - DAG(s) 'example_short_circuit_decorator' retrieved from /home/airflow/.local/lib/python3.8/site-packages/airflow/example_dags/example_short_circuit_decorator.py
[2025-09-23T20:12:10.053+0000] {logging_mixin.py:188} INFO - [2025-09-23T20:12:10.052+0000] {dag.py:3036} INFO - Sync 1 DAGs
[2025-09-23T20:12:10.161+0000] {logging_mixin.py:188} INFO - [2025-09-23T20:12:10.160+0000] {dag.py:3823} INFO - Setting next_dagrun for example_short_circuit_decorator to 2025-09-22 00:00:00+00:00, run_after=2025-09-23 00:00:00+00:00
[2025-09-23T20:12:10.254+0000] {processor.py:183} INFO - Processing /home/airflow/.local/lib/python3.8/site-packages/airflow/example_dags/example_short_circuit_decorator.py took 0.451 seconds
[2025-09-23T20:12:50.952+0000] {processor.py:161} INFO - Started process (PID=2545) to work on /home/airflow/.local/lib/python3.8/site-packages/airflow/example_dags/example_short_circuit_decorator.py
[2025-09-23T20:12:50.975+0000] {processor.py:830} INFO - Processing file /home/airflow/.local/lib/python3.8/site-packages/airflow/example_dags/example_short_circuit_decorator.py for tasks to queue
[2025-09-23T20:12:51.000+0000] {logging_mixin.py:188} INFO - [2025-09-23T20:12:50.992+0000] {dagbag.py:538} INFO - Filling up the DagBag from /home/airflow/.local/lib/python3.8/site-packages/airflow/example_dags/example_short_circuit_decorator.py
[2025-09-23T20:12:51.321+0000] {processor.py:840} INFO - DAG(s) 'example_short_circuit_decorator' retrieved from /home/airflow/.local/lib/python3.8/site-packages/airflow/example_dags/example_short_circuit_decorator.py
[2025-09-23T20:12:51.949+0000] {logging_mixin.py:188} INFO - [2025-09-23T20:12:51.948+0000] {dag.py:3036} INFO - Sync 1 DAGs
[2025-09-23T20:12:52.540+0000] {logging_mixin.py:188} INFO - [2025-09-23T20:12:52.537+0000] {dag.py:3823} INFO - Setting next_dagrun for example_short_circuit_decorator to 2025-09-22 00:00:00+00:00, run_after=2025-09-23 00:00:00+00:00
[2025-09-23T20:12:53.052+0000] {processor.py:183} INFO - Processing /home/airflow/.local/lib/python3.8/site-packages/airflow/example_dags/example_short_circuit_decorator.py took 2.167 seconds
