[2025-09-23T20:00:25.196+0000] {processor.py:161} INFO - Started process (PID=118) to work on /home/airflow/.local/lib/python3.8/site-packages/airflow/example_dags/example_task_group_decorator.py
[2025-09-23T20:00:25.282+0000] {processor.py:830} INFO - Processing file /home/airflow/.local/lib/python3.8/site-packages/airflow/example_dags/example_task_group_decorator.py for tasks to queue
[2025-09-23T20:00:25.424+0000] {logging_mixin.py:188} INFO - [2025-09-23T20:00:25.406+0000] {dagbag.py:538} INFO - Filling up the DagBag from /home/airflow/.local/lib/python3.8/site-packages/airflow/example_dags/example_task_group_decorator.py
[2025-09-23T20:00:26.449+0000] {processor.py:840} INFO - DAG(s) 'example_task_group_decorator' retrieved from /home/airflow/.local/lib/python3.8/site-packages/airflow/example_dags/example_task_group_decorator.py
[2025-09-23T20:00:30.674+0000] {logging_mixin.py:188} INFO - [2025-09-23T20:00:30.664+0000] {dag.py:3036} INFO - Sync 1 DAGs
[2025-09-23T20:00:31.976+0000] {logging_mixin.py:188} INFO - [2025-09-23T20:00:31.969+0000] {dag.py:3823} INFO - Setting next_dagrun for example_task_group_decorator to 2025-09-22 00:00:00+00:00, run_after=2025-09-23 00:00:00+00:00
[2025-09-23T20:00:32.417+0000] {processor.py:183} INFO - Processing /home/airflow/.local/lib/python3.8/site-packages/airflow/example_dags/example_task_group_decorator.py took 7.455 seconds
[2025-09-23T20:02:13.699+0000] {processor.py:161} INFO - Started process (PID=185) to work on /home/airflow/.local/lib/python3.8/site-packages/airflow/example_dags/example_task_group_decorator.py
[2025-09-23T20:02:13.709+0000] {processor.py:830} INFO - Processing file /home/airflow/.local/lib/python3.8/site-packages/airflow/example_dags/example_task_group_decorator.py for tasks to queue
[2025-09-23T20:02:13.742+0000] {logging_mixin.py:188} INFO - [2025-09-23T20:02:13.734+0000] {dagbag.py:538} INFO - Filling up the DagBag from /home/airflow/.local/lib/python3.8/site-packages/airflow/example_dags/example_task_group_decorator.py
[2025-09-23T20:02:13.953+0000] {processor.py:840} INFO - DAG(s) 'example_task_group_decorator' retrieved from /home/airflow/.local/lib/python3.8/site-packages/airflow/example_dags/example_task_group_decorator.py
[2025-09-23T20:02:14.288+0000] {logging_mixin.py:188} INFO - [2025-09-23T20:02:14.287+0000] {dag.py:3036} INFO - Sync 1 DAGs
[2025-09-23T20:02:14.493+0000] {logging_mixin.py:188} INFO - [2025-09-23T20:02:14.488+0000] {dag.py:3823} INFO - Setting next_dagrun for example_task_group_decorator to 2025-09-22 00:00:00+00:00, run_after=2025-09-23 00:00:00+00:00
[2025-09-23T20:02:14.841+0000] {processor.py:183} INFO - Processing /home/airflow/.local/lib/python3.8/site-packages/airflow/example_dags/example_task_group_decorator.py took 1.171 seconds
[2025-09-23T20:07:50.167+0000] {processor.py:161} INFO - Started process (PID=305) to work on /home/airflow/.local/lib/python3.8/site-packages/airflow/example_dags/example_task_group_decorator.py
[2025-09-23T20:07:50.172+0000] {processor.py:830} INFO - Processing file /home/airflow/.local/lib/python3.8/site-packages/airflow/example_dags/example_task_group_decorator.py for tasks to queue
[2025-09-23T20:07:50.186+0000] {logging_mixin.py:188} INFO - [2025-09-23T20:07:50.185+0000] {dagbag.py:538} INFO - Filling up the DagBag from /home/airflow/.local/lib/python3.8/site-packages/airflow/example_dags/example_task_group_decorator.py
[2025-09-23T20:07:50.344+0000] {processor.py:840} INFO - DAG(s) 'example_task_group_decorator' retrieved from /home/airflow/.local/lib/python3.8/site-packages/airflow/example_dags/example_task_group_decorator.py
[2025-09-23T20:07:50.778+0000] {logging_mixin.py:188} INFO - [2025-09-23T20:07:50.777+0000] {override.py:1769} INFO - Created Permission View: can delete on DAG:example_task_group_decorator
[2025-09-23T20:07:50.829+0000] {logging_mixin.py:188} INFO - [2025-09-23T20:07:50.829+0000] {override.py:1769} INFO - Created Permission View: can read on DAG:example_task_group_decorator
[2025-09-23T20:07:50.851+0000] {logging_mixin.py:188} INFO - [2025-09-23T20:07:50.850+0000] {override.py:1769} INFO - Created Permission View: can edit on DAG:example_task_group_decorator
[2025-09-23T20:07:50.852+0000] {logging_mixin.py:188} INFO - [2025-09-23T20:07:50.852+0000] {dag.py:3036} INFO - Sync 1 DAGs
[2025-09-23T20:07:50.893+0000] {logging_mixin.py:188} INFO - [2025-09-23T20:07:50.892+0000] {dag.py:3058} INFO - Creating ORM DAG for example_task_group_decorator
[2025-09-23T20:07:50.924+0000] {logging_mixin.py:188} INFO - [2025-09-23T20:07:50.924+0000] {dag.py:3823} INFO - Setting next_dagrun for example_task_group_decorator to 2025-09-22 00:00:00+00:00, run_after=2025-09-23 00:00:00+00:00
[2025-09-23T20:07:50.981+0000] {processor.py:183} INFO - Processing /home/airflow/.local/lib/python3.8/site-packages/airflow/example_dags/example_task_group_decorator.py took 0.842 seconds
[2025-09-23T20:08:21.486+0000] {processor.py:161} INFO - Started process (PID=552) to work on /home/airflow/.local/lib/python3.8/site-packages/airflow/example_dags/example_task_group_decorator.py
[2025-09-23T20:08:21.488+0000] {processor.py:830} INFO - Processing file /home/airflow/.local/lib/python3.8/site-packages/airflow/example_dags/example_task_group_decorator.py for tasks to queue
[2025-09-23T20:08:21.491+0000] {logging_mixin.py:188} INFO - [2025-09-23T20:08:21.490+0000] {dagbag.py:538} INFO - Filling up the DagBag from /home/airflow/.local/lib/python3.8/site-packages/airflow/example_dags/example_task_group_decorator.py
[2025-09-23T20:08:21.559+0000] {processor.py:840} INFO - DAG(s) 'example_task_group_decorator' retrieved from /home/airflow/.local/lib/python3.8/site-packages/airflow/example_dags/example_task_group_decorator.py
[2025-09-23T20:08:21.660+0000] {logging_mixin.py:188} INFO - [2025-09-23T20:08:21.659+0000] {dag.py:3036} INFO - Sync 1 DAGs
[2025-09-23T20:08:21.845+0000] {logging_mixin.py:188} INFO - [2025-09-23T20:08:21.836+0000] {dag.py:3823} INFO - Setting next_dagrun for example_task_group_decorator to 2025-09-22 00:00:00+00:00, run_after=2025-09-23 00:00:00+00:00
[2025-09-23T20:08:22.056+0000] {processor.py:183} INFO - Processing /home/airflow/.local/lib/python3.8/site-packages/airflow/example_dags/example_task_group_decorator.py took 0.581 seconds
[2025-09-23T20:08:52.997+0000] {processor.py:161} INFO - Started process (PID=800) to work on /home/airflow/.local/lib/python3.8/site-packages/airflow/example_dags/example_task_group_decorator.py
[2025-09-23T20:08:52.998+0000] {processor.py:830} INFO - Processing file /home/airflow/.local/lib/python3.8/site-packages/airflow/example_dags/example_task_group_decorator.py for tasks to queue
[2025-09-23T20:08:53.000+0000] {logging_mixin.py:188} INFO - [2025-09-23T20:08:52.999+0000] {dagbag.py:538} INFO - Filling up the DagBag from /home/airflow/.local/lib/python3.8/site-packages/airflow/example_dags/example_task_group_decorator.py
[2025-09-23T20:08:53.036+0000] {processor.py:840} INFO - DAG(s) 'example_task_group_decorator' retrieved from /home/airflow/.local/lib/python3.8/site-packages/airflow/example_dags/example_task_group_decorator.py
[2025-09-23T20:08:53.096+0000] {logging_mixin.py:188} INFO - [2025-09-23T20:08:53.095+0000] {dag.py:3036} INFO - Sync 1 DAGs
[2025-09-23T20:08:53.157+0000] {logging_mixin.py:188} INFO - [2025-09-23T20:08:53.156+0000] {dag.py:3823} INFO - Setting next_dagrun for example_task_group_decorator to 2025-09-22 00:00:00+00:00, run_after=2025-09-23 00:00:00+00:00
[2025-09-23T20:08:53.224+0000] {processor.py:183} INFO - Processing /home/airflow/.local/lib/python3.8/site-packages/airflow/example_dags/example_task_group_decorator.py took 0.233 seconds
[2025-09-23T20:09:28.471+0000] {processor.py:161} INFO - Started process (PID=1053) to work on /home/airflow/.local/lib/python3.8/site-packages/airflow/example_dags/example_task_group_decorator.py
[2025-09-23T20:09:28.478+0000] {processor.py:830} INFO - Processing file /home/airflow/.local/lib/python3.8/site-packages/airflow/example_dags/example_task_group_decorator.py for tasks to queue
[2025-09-23T20:09:28.484+0000] {logging_mixin.py:188} INFO - [2025-09-23T20:09:28.483+0000] {dagbag.py:538} INFO - Filling up the DagBag from /home/airflow/.local/lib/python3.8/site-packages/airflow/example_dags/example_task_group_decorator.py
[2025-09-23T20:09:28.756+0000] {processor.py:840} INFO - DAG(s) 'example_task_group_decorator' retrieved from /home/airflow/.local/lib/python3.8/site-packages/airflow/example_dags/example_task_group_decorator.py
[2025-09-23T20:09:29.037+0000] {logging_mixin.py:188} INFO - [2025-09-23T20:09:29.036+0000] {dag.py:3036} INFO - Sync 1 DAGs
[2025-09-23T20:09:29.180+0000] {logging_mixin.py:188} INFO - [2025-09-23T20:09:29.179+0000] {dag.py:3823} INFO - Setting next_dagrun for example_task_group_decorator to 2025-09-22 00:00:00+00:00, run_after=2025-09-23 00:00:00+00:00
[2025-09-23T20:09:29.260+0000] {processor.py:183} INFO - Processing /home/airflow/.local/lib/python3.8/site-packages/airflow/example_dags/example_task_group_decorator.py took 0.824 seconds
[2025-09-23T20:10:01.257+0000] {processor.py:161} INFO - Started process (PID=1300) to work on /home/airflow/.local/lib/python3.8/site-packages/airflow/example_dags/example_task_group_decorator.py
[2025-09-23T20:10:01.264+0000] {processor.py:830} INFO - Processing file /home/airflow/.local/lib/python3.8/site-packages/airflow/example_dags/example_task_group_decorator.py for tasks to queue
[2025-09-23T20:10:01.273+0000] {logging_mixin.py:188} INFO - [2025-09-23T20:10:01.268+0000] {dagbag.py:538} INFO - Filling up the DagBag from /home/airflow/.local/lib/python3.8/site-packages/airflow/example_dags/example_task_group_decorator.py
[2025-09-23T20:10:01.516+0000] {processor.py:840} INFO - DAG(s) 'example_task_group_decorator' retrieved from /home/airflow/.local/lib/python3.8/site-packages/airflow/example_dags/example_task_group_decorator.py
[2025-09-23T20:10:01.907+0000] {logging_mixin.py:188} INFO - [2025-09-23T20:10:01.906+0000] {dag.py:3036} INFO - Sync 1 DAGs
[2025-09-23T20:10:02.346+0000] {logging_mixin.py:188} INFO - [2025-09-23T20:10:02.340+0000] {dag.py:3823} INFO - Setting next_dagrun for example_task_group_decorator to 2025-09-22 00:00:00+00:00, run_after=2025-09-23 00:00:00+00:00
[2025-09-23T20:10:02.597+0000] {processor.py:183} INFO - Processing /home/airflow/.local/lib/python3.8/site-packages/airflow/example_dags/example_task_group_decorator.py took 1.364 seconds
[2025-09-23T20:10:33.349+0000] {processor.py:161} INFO - Started process (PID=1544) to work on /home/airflow/.local/lib/python3.8/site-packages/airflow/example_dags/example_task_group_decorator.py
[2025-09-23T20:10:33.359+0000] {processor.py:830} INFO - Processing file /home/airflow/.local/lib/python3.8/site-packages/airflow/example_dags/example_task_group_decorator.py for tasks to queue
[2025-09-23T20:10:33.362+0000] {logging_mixin.py:188} INFO - [2025-09-23T20:10:33.361+0000] {dagbag.py:538} INFO - Filling up the DagBag from /home/airflow/.local/lib/python3.8/site-packages/airflow/example_dags/example_task_group_decorator.py
[2025-09-23T20:10:33.433+0000] {processor.py:840} INFO - DAG(s) 'example_task_group_decorator' retrieved from /home/airflow/.local/lib/python3.8/site-packages/airflow/example_dags/example_task_group_decorator.py
[2025-09-23T20:10:33.528+0000] {logging_mixin.py:188} INFO - [2025-09-23T20:10:33.528+0000] {dag.py:3036} INFO - Sync 1 DAGs
[2025-09-23T20:10:33.589+0000] {logging_mixin.py:188} INFO - [2025-09-23T20:10:33.589+0000] {dag.py:3823} INFO - Setting next_dagrun for example_task_group_decorator to 2025-09-22 00:00:00+00:00, run_after=2025-09-23 00:00:00+00:00
[2025-09-23T20:10:33.652+0000] {processor.py:183} INFO - Processing /home/airflow/.local/lib/python3.8/site-packages/airflow/example_dags/example_task_group_decorator.py took 0.316 seconds
[2025-09-23T20:11:04.747+0000] {processor.py:161} INFO - Started process (PID=1794) to work on /home/airflow/.local/lib/python3.8/site-packages/airflow/example_dags/example_task_group_decorator.py
[2025-09-23T20:11:04.754+0000] {processor.py:830} INFO - Processing file /home/airflow/.local/lib/python3.8/site-packages/airflow/example_dags/example_task_group_decorator.py for tasks to queue
[2025-09-23T20:11:04.765+0000] {logging_mixin.py:188} INFO - [2025-09-23T20:11:04.760+0000] {dagbag.py:538} INFO - Filling up the DagBag from /home/airflow/.local/lib/python3.8/site-packages/airflow/example_dags/example_task_group_decorator.py
[2025-09-23T20:11:05.030+0000] {processor.py:840} INFO - DAG(s) 'example_task_group_decorator' retrieved from /home/airflow/.local/lib/python3.8/site-packages/airflow/example_dags/example_task_group_decorator.py
[2025-09-23T20:11:05.292+0000] {logging_mixin.py:188} INFO - [2025-09-23T20:11:05.291+0000] {dag.py:3036} INFO - Sync 1 DAGs
[2025-09-23T20:11:05.551+0000] {logging_mixin.py:188} INFO - [2025-09-23T20:11:05.550+0000] {dag.py:3823} INFO - Setting next_dagrun for example_task_group_decorator to 2025-09-22 00:00:00+00:00, run_after=2025-09-23 00:00:00+00:00
[2025-09-23T20:11:05.853+0000] {processor.py:183} INFO - Processing /home/airflow/.local/lib/python3.8/site-packages/airflow/example_dags/example_task_group_decorator.py took 1.135 seconds
[2025-09-23T20:11:36.311+0000] {processor.py:161} INFO - Started process (PID=2044) to work on /home/airflow/.local/lib/python3.8/site-packages/airflow/example_dags/example_task_group_decorator.py
[2025-09-23T20:11:36.313+0000] {processor.py:830} INFO - Processing file /home/airflow/.local/lib/python3.8/site-packages/airflow/example_dags/example_task_group_decorator.py for tasks to queue
[2025-09-23T20:11:36.318+0000] {logging_mixin.py:188} INFO - [2025-09-23T20:11:36.315+0000] {dagbag.py:538} INFO - Filling up the DagBag from /home/airflow/.local/lib/python3.8/site-packages/airflow/example_dags/example_task_group_decorator.py
[2025-09-23T20:11:36.372+0000] {processor.py:840} INFO - DAG(s) 'example_task_group_decorator' retrieved from /home/airflow/.local/lib/python3.8/site-packages/airflow/example_dags/example_task_group_decorator.py
[2025-09-23T20:11:36.453+0000] {logging_mixin.py:188} INFO - [2025-09-23T20:11:36.452+0000] {dag.py:3036} INFO - Sync 1 DAGs
[2025-09-23T20:11:36.635+0000] {logging_mixin.py:188} INFO - [2025-09-23T20:11:36.635+0000] {dag.py:3823} INFO - Setting next_dagrun for example_task_group_decorator to 2025-09-22 00:00:00+00:00, run_after=2025-09-23 00:00:00+00:00
[2025-09-23T20:11:36.694+0000] {processor.py:183} INFO - Processing /home/airflow/.local/lib/python3.8/site-packages/airflow/example_dags/example_task_group_decorator.py took 0.392 seconds
[2025-09-23T20:12:07.135+0000] {processor.py:161} INFO - Started process (PID=2289) to work on /home/airflow/.local/lib/python3.8/site-packages/airflow/example_dags/example_task_group_decorator.py
[2025-09-23T20:12:07.144+0000] {processor.py:830} INFO - Processing file /home/airflow/.local/lib/python3.8/site-packages/airflow/example_dags/example_task_group_decorator.py for tasks to queue
[2025-09-23T20:12:07.147+0000] {logging_mixin.py:188} INFO - [2025-09-23T20:12:07.146+0000] {dagbag.py:538} INFO - Filling up the DagBag from /home/airflow/.local/lib/python3.8/site-packages/airflow/example_dags/example_task_group_decorator.py
[2025-09-23T20:12:07.212+0000] {processor.py:840} INFO - DAG(s) 'example_task_group_decorator' retrieved from /home/airflow/.local/lib/python3.8/site-packages/airflow/example_dags/example_task_group_decorator.py
[2025-09-23T20:12:07.313+0000] {logging_mixin.py:188} INFO - [2025-09-23T20:12:07.312+0000] {dag.py:3036} INFO - Sync 1 DAGs
[2025-09-23T20:12:07.397+0000] {logging_mixin.py:188} INFO - [2025-09-23T20:12:07.396+0000] {dag.py:3823} INFO - Setting next_dagrun for example_task_group_decorator to 2025-09-22 00:00:00+00:00, run_after=2025-09-23 00:00:00+00:00
[2025-09-23T20:12:07.472+0000] {processor.py:183} INFO - Processing /home/airflow/.local/lib/python3.8/site-packages/airflow/example_dags/example_task_group_decorator.py took 0.348 seconds
[2025-09-23T20:12:48.175+0000] {processor.py:161} INFO - Started process (PID=2530) to work on /home/airflow/.local/lib/python3.8/site-packages/airflow/example_dags/example_task_group_decorator.py
[2025-09-23T20:12:48.197+0000] {processor.py:830} INFO - Processing file /home/airflow/.local/lib/python3.8/site-packages/airflow/example_dags/example_task_group_decorator.py for tasks to queue
[2025-09-23T20:12:48.211+0000] {logging_mixin.py:188} INFO - [2025-09-23T20:12:48.209+0000] {dagbag.py:538} INFO - Filling up the DagBag from /home/airflow/.local/lib/python3.8/site-packages/airflow/example_dags/example_task_group_decorator.py
[2025-09-23T20:12:48.550+0000] {processor.py:840} INFO - DAG(s) 'example_task_group_decorator' retrieved from /home/airflow/.local/lib/python3.8/site-packages/airflow/example_dags/example_task_group_decorator.py
[2025-09-23T20:12:49.001+0000] {logging_mixin.py:188} INFO - [2025-09-23T20:12:49.000+0000] {dag.py:3036} INFO - Sync 1 DAGs
[2025-09-23T20:12:49.570+0000] {logging_mixin.py:188} INFO - [2025-09-23T20:12:49.563+0000] {dag.py:3823} INFO - Setting next_dagrun for example_task_group_decorator to 2025-09-22 00:00:00+00:00, run_after=2025-09-23 00:00:00+00:00
[2025-09-23T20:12:49.892+0000] {processor.py:183} INFO - Processing /home/airflow/.local/lib/python3.8/site-packages/airflow/example_dags/example_task_group_decorator.py took 1.775 seconds
