[2025-09-23T20:00:32.680+0000] {processor.py:161} INFO - Started process (PID=119) to work on /home/airflow/.local/lib/python3.8/site-packages/airflow/example_dags/example_sla_dag.py
[2025-09-23T20:00:32.707+0000] {processor.py:830} INFO - Processing file /home/airflow/.local/lib/python3.8/site-packages/airflow/example_dags/example_sla_dag.py for tasks to queue
[2025-09-23T20:00:32.750+0000] {logging_mixin.py:188} INFO - [2025-09-23T20:00:32.745+0000] {dagbag.py:538} INFO - Filling up the DagBag from /home/airflow/.local/lib/python3.8/site-packages/airflow/example_dags/example_sla_dag.py
[2025-09-23T20:00:32.967+0000] {processor.py:840} INFO - DAG(s) 'example_sla_dag' retrieved from /home/airflow/.local/lib/python3.8/site-packages/airflow/example_dags/example_sla_dag.py
[2025-09-23T20:00:37.346+0000] {logging_mixin.py:188} INFO - [2025-09-23T20:00:37.345+0000] {dag.py:3036} INFO - Sync 1 DAGs
[2025-09-23T20:00:38.311+0000] {logging_mixin.py:188} INFO - [2025-09-23T20:00:38.305+0000] {dag.py:3823} INFO - Setting next_dagrun for example_sla_dag to 2025-09-23 19:58:00+00:00, run_after=2025-09-23 20:00:00+00:00
[2025-09-23T20:00:38.884+0000] {processor.py:183} INFO - Processing /home/airflow/.local/lib/python3.8/site-packages/airflow/example_dags/example_sla_dag.py took 6.347 seconds
[2025-09-23T20:02:15.361+0000] {processor.py:161} INFO - Started process (PID=186) to work on /home/airflow/.local/lib/python3.8/site-packages/airflow/example_dags/example_sla_dag.py
[2025-09-23T20:02:15.390+0000] {processor.py:830} INFO - Processing file /home/airflow/.local/lib/python3.8/site-packages/airflow/example_dags/example_sla_dag.py for tasks to queue
[2025-09-23T20:02:15.465+0000] {logging_mixin.py:188} INFO - [2025-09-23T20:02:15.463+0000] {dagbag.py:538} INFO - Filling up the DagBag from /home/airflow/.local/lib/python3.8/site-packages/airflow/example_dags/example_sla_dag.py
[2025-09-23T20:02:15.786+0000] {processor.py:840} INFO - DAG(s) 'example_sla_dag' retrieved from /home/airflow/.local/lib/python3.8/site-packages/airflow/example_dags/example_sla_dag.py
[2025-09-23T20:02:16.314+0000] {logging_mixin.py:188} INFO - [2025-09-23T20:02:16.313+0000] {dag.py:3036} INFO - Sync 1 DAGs
[2025-09-23T20:02:16.672+0000] {logging_mixin.py:188} INFO - [2025-09-23T20:02:16.670+0000] {dag.py:3823} INFO - Setting next_dagrun for example_sla_dag to 2025-09-23 20:00:00+00:00, run_after=2025-09-23 20:02:00+00:00
[2025-09-23T20:02:16.858+0000] {processor.py:183} INFO - Processing /home/airflow/.local/lib/python3.8/site-packages/airflow/example_dags/example_sla_dag.py took 1.612 seconds
[2025-09-23T20:07:51.058+0000] {processor.py:161} INFO - Started process (PID=312) to work on /home/airflow/.local/lib/python3.8/site-packages/airflow/example_dags/example_sla_dag.py
[2025-09-23T20:07:51.060+0000] {processor.py:830} INFO - Processing file /home/airflow/.local/lib/python3.8/site-packages/airflow/example_dags/example_sla_dag.py for tasks to queue
[2025-09-23T20:07:51.066+0000] {logging_mixin.py:188} INFO - [2025-09-23T20:07:51.062+0000] {dagbag.py:538} INFO - Filling up the DagBag from /home/airflow/.local/lib/python3.8/site-packages/airflow/example_dags/example_sla_dag.py
[2025-09-23T20:07:51.100+0000] {processor.py:840} INFO - DAG(s) 'example_sla_dag' retrieved from /home/airflow/.local/lib/python3.8/site-packages/airflow/example_dags/example_sla_dag.py
[2025-09-23T20:07:51.489+0000] {logging_mixin.py:188} INFO - [2025-09-23T20:07:51.487+0000] {override.py:1769} INFO - Created Permission View: can delete on DAG:example_sla_dag
[2025-09-23T20:07:51.546+0000] {logging_mixin.py:188} INFO - [2025-09-23T20:07:51.546+0000] {override.py:1769} INFO - Created Permission View: can read on DAG:example_sla_dag
[2025-09-23T20:07:51.579+0000] {logging_mixin.py:188} INFO - [2025-09-23T20:07:51.577+0000] {override.py:1769} INFO - Created Permission View: can edit on DAG:example_sla_dag
[2025-09-23T20:07:51.588+0000] {logging_mixin.py:188} INFO - [2025-09-23T20:07:51.584+0000] {dag.py:3036} INFO - Sync 1 DAGs
[2025-09-23T20:07:51.637+0000] {logging_mixin.py:188} INFO - [2025-09-23T20:07:51.636+0000] {dag.py:3058} INFO - Creating ORM DAG for example_sla_dag
[2025-09-23T20:07:51.688+0000] {logging_mixin.py:188} INFO - [2025-09-23T20:07:51.687+0000] {dag.py:3823} INFO - Setting next_dagrun for example_sla_dag to 2025-09-23 20:04:00+00:00, run_after=2025-09-23 20:06:00+00:00
[2025-09-23T20:07:51.773+0000] {processor.py:183} INFO - Processing /home/airflow/.local/lib/python3.8/site-packages/airflow/example_dags/example_sla_dag.py took 0.725 seconds
[2025-09-23T20:08:22.129+0000] {processor.py:161} INFO - Started process (PID=559) to work on /home/airflow/.local/lib/python3.8/site-packages/airflow/example_dags/example_sla_dag.py
[2025-09-23T20:08:22.134+0000] {processor.py:830} INFO - Processing file /home/airflow/.local/lib/python3.8/site-packages/airflow/example_dags/example_sla_dag.py for tasks to queue
[2025-09-23T20:08:22.140+0000] {logging_mixin.py:188} INFO - [2025-09-23T20:08:22.136+0000] {dagbag.py:538} INFO - Filling up the DagBag from /home/airflow/.local/lib/python3.8/site-packages/airflow/example_dags/example_sla_dag.py
[2025-09-23T20:08:22.182+0000] {processor.py:840} INFO - DAG(s) 'example_sla_dag' retrieved from /home/airflow/.local/lib/python3.8/site-packages/airflow/example_dags/example_sla_dag.py
[2025-09-23T20:08:22.248+0000] {logging_mixin.py:188} INFO - [2025-09-23T20:08:22.248+0000] {dag.py:3036} INFO - Sync 1 DAGs
[2025-09-23T20:08:22.423+0000] {logging_mixin.py:188} INFO - [2025-09-23T20:08:22.422+0000] {dag.py:3823} INFO - Setting next_dagrun for example_sla_dag to 2025-09-23 20:06:00+00:00, run_after=2025-09-23 20:08:00+00:00
[2025-09-23T20:08:22.517+0000] {processor.py:183} INFO - Processing /home/airflow/.local/lib/python3.8/site-packages/airflow/example_dags/example_sla_dag.py took 0.399 seconds
[2025-09-23T20:08:53.284+0000] {processor.py:161} INFO - Started process (PID=807) to work on /home/airflow/.local/lib/python3.8/site-packages/airflow/example_dags/example_sla_dag.py
[2025-09-23T20:08:53.292+0000] {processor.py:830} INFO - Processing file /home/airflow/.local/lib/python3.8/site-packages/airflow/example_dags/example_sla_dag.py for tasks to queue
[2025-09-23T20:08:53.302+0000] {logging_mixin.py:188} INFO - [2025-09-23T20:08:53.297+0000] {dagbag.py:538} INFO - Filling up the DagBag from /home/airflow/.local/lib/python3.8/site-packages/airflow/example_dags/example_sla_dag.py
[2025-09-23T20:08:53.353+0000] {processor.py:840} INFO - DAG(s) 'example_sla_dag' retrieved from /home/airflow/.local/lib/python3.8/site-packages/airflow/example_dags/example_sla_dag.py
[2025-09-23T20:08:53.398+0000] {logging_mixin.py:188} INFO - [2025-09-23T20:08:53.398+0000] {dag.py:3036} INFO - Sync 1 DAGs
[2025-09-23T20:08:53.442+0000] {logging_mixin.py:188} INFO - [2025-09-23T20:08:53.441+0000] {dag.py:3823} INFO - Setting next_dagrun for example_sla_dag to 2025-09-23 20:06:00+00:00, run_after=2025-09-23 20:08:00+00:00
[2025-09-23T20:08:53.484+0000] {processor.py:183} INFO - Processing /home/airflow/.local/lib/python3.8/site-packages/airflow/example_dags/example_sla_dag.py took 0.215 seconds
[2025-09-23T20:09:28.890+0000] {processor.py:161} INFO - Started process (PID=1058) to work on /home/airflow/.local/lib/python3.8/site-packages/airflow/example_dags/example_sla_dag.py
[2025-09-23T20:09:28.896+0000] {processor.py:830} INFO - Processing file /home/airflow/.local/lib/python3.8/site-packages/airflow/example_dags/example_sla_dag.py for tasks to queue
[2025-09-23T20:09:28.902+0000] {logging_mixin.py:188} INFO - [2025-09-23T20:09:28.901+0000] {dagbag.py:538} INFO - Filling up the DagBag from /home/airflow/.local/lib/python3.8/site-packages/airflow/example_dags/example_sla_dag.py
[2025-09-23T20:09:28.975+0000] {processor.py:840} INFO - DAG(s) 'example_sla_dag' retrieved from /home/airflow/.local/lib/python3.8/site-packages/airflow/example_dags/example_sla_dag.py
[2025-09-23T20:09:29.213+0000] {logging_mixin.py:188} INFO - [2025-09-23T20:09:29.213+0000] {dag.py:3036} INFO - Sync 1 DAGs
[2025-09-23T20:09:29.367+0000] {logging_mixin.py:188} INFO - [2025-09-23T20:09:29.366+0000] {dag.py:3823} INFO - Setting next_dagrun for example_sla_dag to 2025-09-23 20:06:00+00:00, run_after=2025-09-23 20:08:00+00:00
[2025-09-23T20:09:29.464+0000] {processor.py:183} INFO - Processing /home/airflow/.local/lib/python3.8/site-packages/airflow/example_dags/example_sla_dag.py took 0.607 seconds
[2025-09-23T20:10:03.689+0000] {processor.py:161} INFO - Started process (PID=1305) to work on /home/airflow/.local/lib/python3.8/site-packages/airflow/example_dags/example_sla_dag.py
[2025-09-23T20:10:03.699+0000] {processor.py:830} INFO - Processing file /home/airflow/.local/lib/python3.8/site-packages/airflow/example_dags/example_sla_dag.py for tasks to queue
[2025-09-23T20:10:03.712+0000] {logging_mixin.py:188} INFO - [2025-09-23T20:10:03.711+0000] {dagbag.py:538} INFO - Filling up the DagBag from /home/airflow/.local/lib/python3.8/site-packages/airflow/example_dags/example_sla_dag.py
[2025-09-23T20:10:03.847+0000] {processor.py:840} INFO - DAG(s) 'example_sla_dag' retrieved from /home/airflow/.local/lib/python3.8/site-packages/airflow/example_dags/example_sla_dag.py
[2025-09-23T20:10:04.088+0000] {logging_mixin.py:188} INFO - [2025-09-23T20:10:04.087+0000] {dag.py:3036} INFO - Sync 1 DAGs
[2025-09-23T20:10:04.479+0000] {logging_mixin.py:188} INFO - [2025-09-23T20:10:04.478+0000] {dag.py:3823} INFO - Setting next_dagrun for example_sla_dag to 2025-09-23 20:08:00+00:00, run_after=2025-09-23 20:10:00+00:00
[2025-09-23T20:10:04.876+0000] {processor.py:183} INFO - Processing /home/airflow/.local/lib/python3.8/site-packages/airflow/example_dags/example_sla_dag.py took 1.283 seconds
[2025-09-23T20:10:35.100+0000] {processor.py:161} INFO - Started process (PID=1557) to work on /home/airflow/.local/lib/python3.8/site-packages/airflow/example_dags/example_sla_dag.py
[2025-09-23T20:10:35.109+0000] {processor.py:830} INFO - Processing file /home/airflow/.local/lib/python3.8/site-packages/airflow/example_dags/example_sla_dag.py for tasks to queue
[2025-09-23T20:10:35.113+0000] {logging_mixin.py:188} INFO - [2025-09-23T20:10:35.112+0000] {dagbag.py:538} INFO - Filling up the DagBag from /home/airflow/.local/lib/python3.8/site-packages/airflow/example_dags/example_sla_dag.py
[2025-09-23T20:10:35.149+0000] {processor.py:840} INFO - DAG(s) 'example_sla_dag' retrieved from /home/airflow/.local/lib/python3.8/site-packages/airflow/example_dags/example_sla_dag.py
[2025-09-23T20:10:35.234+0000] {logging_mixin.py:188} INFO - [2025-09-23T20:10:35.233+0000] {dag.py:3036} INFO - Sync 1 DAGs
[2025-09-23T20:10:35.345+0000] {logging_mixin.py:188} INFO - [2025-09-23T20:10:35.344+0000] {dag.py:3823} INFO - Setting next_dagrun for example_sla_dag to 2025-09-23 20:08:00+00:00, run_after=2025-09-23 20:10:00+00:00
[2025-09-23T20:10:35.417+0000] {processor.py:183} INFO - Processing /home/airflow/.local/lib/python3.8/site-packages/airflow/example_dags/example_sla_dag.py took 0.330 seconds
[2025-09-23T20:11:05.861+0000] {processor.py:161} INFO - Started process (PID=1799) to work on /home/airflow/.local/lib/python3.8/site-packages/airflow/example_dags/example_sla_dag.py
[2025-09-23T20:11:05.873+0000] {processor.py:830} INFO - Processing file /home/airflow/.local/lib/python3.8/site-packages/airflow/example_dags/example_sla_dag.py for tasks to queue
[2025-09-23T20:11:05.884+0000] {logging_mixin.py:188} INFO - [2025-09-23T20:11:05.883+0000] {dagbag.py:538} INFO - Filling up the DagBag from /home/airflow/.local/lib/python3.8/site-packages/airflow/example_dags/example_sla_dag.py
[2025-09-23T20:11:06.043+0000] {processor.py:840} INFO - DAG(s) 'example_sla_dag' retrieved from /home/airflow/.local/lib/python3.8/site-packages/airflow/example_dags/example_sla_dag.py
[2025-09-23T20:11:06.292+0000] {logging_mixin.py:188} INFO - [2025-09-23T20:11:06.291+0000] {dag.py:3036} INFO - Sync 1 DAGs
[2025-09-23T20:11:06.682+0000] {logging_mixin.py:188} INFO - [2025-09-23T20:11:06.680+0000] {dag.py:3823} INFO - Setting next_dagrun for example_sla_dag to 2025-09-23 20:08:00+00:00, run_after=2025-09-23 20:10:00+00:00
[2025-09-23T20:11:07.037+0000] {processor.py:183} INFO - Processing /home/airflow/.local/lib/python3.8/site-packages/airflow/example_dags/example_sla_dag.py took 1.214 seconds
[2025-09-23T20:11:37.769+0000] {processor.py:161} INFO - Started process (PID=2049) to work on /home/airflow/.local/lib/python3.8/site-packages/airflow/example_dags/example_sla_dag.py
[2025-09-23T20:11:37.771+0000] {processor.py:830} INFO - Processing file /home/airflow/.local/lib/python3.8/site-packages/airflow/example_dags/example_sla_dag.py for tasks to queue
[2025-09-23T20:11:37.773+0000] {logging_mixin.py:188} INFO - [2025-09-23T20:11:37.772+0000] {dagbag.py:538} INFO - Filling up the DagBag from /home/airflow/.local/lib/python3.8/site-packages/airflow/example_dags/example_sla_dag.py
[2025-09-23T20:11:37.787+0000] {processor.py:840} INFO - DAG(s) 'example_sla_dag' retrieved from /home/airflow/.local/lib/python3.8/site-packages/airflow/example_dags/example_sla_dag.py
[2025-09-23T20:11:37.825+0000] {logging_mixin.py:188} INFO - [2025-09-23T20:11:37.824+0000] {dag.py:3036} INFO - Sync 1 DAGs
[2025-09-23T20:11:37.867+0000] {logging_mixin.py:188} INFO - [2025-09-23T20:11:37.867+0000] {dag.py:3823} INFO - Setting next_dagrun for example_sla_dag to 2025-09-23 20:08:00+00:00, run_after=2025-09-23 20:10:00+00:00
[2025-09-23T20:11:37.899+0000] {processor.py:183} INFO - Processing /home/airflow/.local/lib/python3.8/site-packages/airflow/example_dags/example_sla_dag.py took 0.138 seconds
[2025-09-23T20:12:08.331+0000] {processor.py:161} INFO - Started process (PID=2296) to work on /home/airflow/.local/lib/python3.8/site-packages/airflow/example_dags/example_sla_dag.py
[2025-09-23T20:12:08.340+0000] {processor.py:830} INFO - Processing file /home/airflow/.local/lib/python3.8/site-packages/airflow/example_dags/example_sla_dag.py for tasks to queue
[2025-09-23T20:12:08.343+0000] {logging_mixin.py:188} INFO - [2025-09-23T20:12:08.342+0000] {dagbag.py:538} INFO - Filling up the DagBag from /home/airflow/.local/lib/python3.8/site-packages/airflow/example_dags/example_sla_dag.py
[2025-09-23T20:12:08.376+0000] {processor.py:840} INFO - DAG(s) 'example_sla_dag' retrieved from /home/airflow/.local/lib/python3.8/site-packages/airflow/example_dags/example_sla_dag.py
[2025-09-23T20:12:08.448+0000] {logging_mixin.py:188} INFO - [2025-09-23T20:12:08.448+0000] {dag.py:3036} INFO - Sync 1 DAGs
[2025-09-23T20:12:08.573+0000] {logging_mixin.py:188} INFO - [2025-09-23T20:12:08.572+0000] {dag.py:3823} INFO - Setting next_dagrun for example_sla_dag to 2025-09-23 20:10:00+00:00, run_after=2025-09-23 20:12:00+00:00
[2025-09-23T20:12:08.660+0000] {processor.py:183} INFO - Processing /home/airflow/.local/lib/python3.8/site-packages/airflow/example_dags/example_sla_dag.py took 0.341 seconds
[2025-09-23T20:12:49.430+0000] {processor.py:161} INFO - Started process (PID=2535) to work on /home/airflow/.local/lib/python3.8/site-packages/airflow/example_dags/example_sla_dag.py
[2025-09-23T20:12:49.460+0000] {processor.py:830} INFO - Processing file /home/airflow/.local/lib/python3.8/site-packages/airflow/example_dags/example_sla_dag.py for tasks to queue
[2025-09-23T20:12:49.484+0000] {logging_mixin.py:188} INFO - [2025-09-23T20:12:49.475+0000] {dagbag.py:538} INFO - Filling up the DagBag from /home/airflow/.local/lib/python3.8/site-packages/airflow/example_dags/example_sla_dag.py
[2025-09-23T20:12:49.795+0000] {processor.py:840} INFO - DAG(s) 'example_sla_dag' retrieved from /home/airflow/.local/lib/python3.8/site-packages/airflow/example_dags/example_sla_dag.py
[2025-09-23T20:12:50.039+0000] {logging_mixin.py:188} INFO - [2025-09-23T20:12:50.038+0000] {dag.py:3036} INFO - Sync 1 DAGs
[2025-09-23T20:12:50.265+0000] {logging_mixin.py:188} INFO - [2025-09-23T20:12:50.264+0000] {dag.py:3823} INFO - Setting next_dagrun for example_sla_dag to 2025-09-23 20:10:00+00:00, run_after=2025-09-23 20:12:00+00:00
[2025-09-23T20:12:50.413+0000] {processor.py:183} INFO - Processing /home/airflow/.local/lib/python3.8/site-packages/airflow/example_dags/example_sla_dag.py took 1.059 seconds
