[2025-09-23T19:59:55.579+0000] {processor.py:161} INFO - Started process (PID=102) to work on /home/airflow/.local/lib/python3.8/site-packages/airflow/example_dags/example_branch_python_dop_operator_3.py
[2025-09-23T19:59:55.584+0000] {processor.py:830} INFO - Processing file /home/airflow/.local/lib/python3.8/site-packages/airflow/example_dags/example_branch_python_dop_operator_3.py for tasks to queue
[2025-09-23T19:59:55.593+0000] {logging_mixin.py:188} INFO - [2025-09-23T19:59:55.591+0000] {dagbag.py:538} INFO - Filling up the DagBag from /home/airflow/.local/lib/python3.8/site-packages/airflow/example_dags/example_branch_python_dop_operator_3.py
[2025-09-23T19:59:55.655+0000] {processor.py:840} INFO - DAG(s) 'example_branch_dop_operator_v3' retrieved from /home/airflow/.local/lib/python3.8/site-packages/airflow/example_dags/example_branch_python_dop_operator_3.py
[2025-09-23T19:59:58.399+0000] {logging_mixin.py:188} INFO - [2025-09-23T19:59:58.393+0000] {dag.py:3036} INFO - Sync 1 DAGs
[2025-09-23T19:59:59.934+0000] {logging_mixin.py:188} INFO - [2025-09-23T19:59:59.926+0000] {dag.py:3823} INFO - Setting next_dagrun for example_branch_dop_operator_v3 to 2025-09-23 19:58:00+00:00, run_after=2025-09-23 19:59:00+00:00
[2025-09-23T20:00:00.668+0000] {processor.py:183} INFO - Processing /home/airflow/.local/lib/python3.8/site-packages/airflow/example_dags/example_branch_python_dop_operator_3.py took 5.107 seconds
[2025-09-23T20:01:59.633+0000] {processor.py:161} INFO - Started process (PID=175) to work on /home/airflow/.local/lib/python3.8/site-packages/airflow/example_dags/example_branch_python_dop_operator_3.py
[2025-09-23T20:01:59.639+0000] {processor.py:830} INFO - Processing file /home/airflow/.local/lib/python3.8/site-packages/airflow/example_dags/example_branch_python_dop_operator_3.py for tasks to queue
[2025-09-23T20:01:59.661+0000] {logging_mixin.py:188} INFO - [2025-09-23T20:01:59.656+0000] {dagbag.py:538} INFO - Filling up the DagBag from /home/airflow/.local/lib/python3.8/site-packages/airflow/example_dags/example_branch_python_dop_operator_3.py
[2025-09-23T20:01:59.917+0000] {processor.py:840} INFO - DAG(s) 'example_branch_dop_operator_v3' retrieved from /home/airflow/.local/lib/python3.8/site-packages/airflow/example_dags/example_branch_python_dop_operator_3.py
[2025-09-23T20:02:00.501+0000] {logging_mixin.py:188} INFO - [2025-09-23T20:02:00.451+0000] {dag.py:3036} INFO - Sync 1 DAGs
[2025-09-23T20:02:01.682+0000] {logging_mixin.py:188} INFO - [2025-09-23T20:02:01.671+0000] {dag.py:3823} INFO - Setting next_dagrun for example_branch_dop_operator_v3 to 2025-09-23 20:01:00+00:00, run_after=2025-09-23 20:02:00+00:00
[2025-09-23T20:02:02.324+0000] {processor.py:183} INFO - Processing /home/airflow/.local/lib/python3.8/site-packages/airflow/example_dags/example_branch_python_dop_operator_3.py took 2.711 seconds
[2025-09-23T20:07:45.258+0000] {processor.py:161} INFO - Started process (PID=255) to work on /home/airflow/.local/lib/python3.8/site-packages/airflow/example_dags/example_branch_python_dop_operator_3.py
[2025-09-23T20:07:45.266+0000] {processor.py:830} INFO - Processing file /home/airflow/.local/lib/python3.8/site-packages/airflow/example_dags/example_branch_python_dop_operator_3.py for tasks to queue
[2025-09-23T20:07:45.269+0000] {logging_mixin.py:188} INFO - [2025-09-23T20:07:45.268+0000] {dagbag.py:538} INFO - Filling up the DagBag from /home/airflow/.local/lib/python3.8/site-packages/airflow/example_dags/example_branch_python_dop_operator_3.py
[2025-09-23T20:07:45.354+0000] {processor.py:840} INFO - DAG(s) 'example_branch_dop_operator_v3' retrieved from /home/airflow/.local/lib/python3.8/site-packages/airflow/example_dags/example_branch_python_dop_operator_3.py
[2025-09-23T20:07:45.769+0000] {logging_mixin.py:188} INFO - [2025-09-23T20:07:45.768+0000] {override.py:1769} INFO - Created Permission View: can delete on DAG:example_branch_dop_operator_v3
[2025-09-23T20:07:45.801+0000] {logging_mixin.py:188} INFO - [2025-09-23T20:07:45.800+0000] {override.py:1769} INFO - Created Permission View: can read on DAG:example_branch_dop_operator_v3
[2025-09-23T20:07:45.821+0000] {logging_mixin.py:188} INFO - [2025-09-23T20:07:45.820+0000] {override.py:1769} INFO - Created Permission View: can edit on DAG:example_branch_dop_operator_v3
[2025-09-23T20:07:45.822+0000] {logging_mixin.py:188} INFO - [2025-09-23T20:07:45.822+0000] {dag.py:3036} INFO - Sync 1 DAGs
[2025-09-23T20:07:45.858+0000] {logging_mixin.py:188} INFO - [2025-09-23T20:07:45.857+0000] {dag.py:3058} INFO - Creating ORM DAG for example_branch_dop_operator_v3
[2025-09-23T20:07:45.908+0000] {logging_mixin.py:188} INFO - [2025-09-23T20:07:45.907+0000] {dag.py:3823} INFO - Setting next_dagrun for example_branch_dop_operator_v3 to 2025-09-23 20:06:00+00:00, run_after=2025-09-23 20:07:00+00:00
[2025-09-23T20:07:45.957+0000] {processor.py:183} INFO - Processing /home/airflow/.local/lib/python3.8/site-packages/airflow/example_dags/example_branch_python_dop_operator_3.py took 0.711 seconds
[2025-09-23T20:08:16.669+0000] {processor.py:161} INFO - Started process (PID=502) to work on /home/airflow/.local/lib/python3.8/site-packages/airflow/example_dags/example_branch_python_dop_operator_3.py
[2025-09-23T20:08:16.675+0000] {processor.py:830} INFO - Processing file /home/airflow/.local/lib/python3.8/site-packages/airflow/example_dags/example_branch_python_dop_operator_3.py for tasks to queue
[2025-09-23T20:08:16.678+0000] {logging_mixin.py:188} INFO - [2025-09-23T20:08:16.676+0000] {dagbag.py:538} INFO - Filling up the DagBag from /home/airflow/.local/lib/python3.8/site-packages/airflow/example_dags/example_branch_python_dop_operator_3.py
[2025-09-23T20:08:16.723+0000] {processor.py:840} INFO - DAG(s) 'example_branch_dop_operator_v3' retrieved from /home/airflow/.local/lib/python3.8/site-packages/airflow/example_dags/example_branch_python_dop_operator_3.py
[2025-09-23T20:08:16.880+0000] {logging_mixin.py:188} INFO - [2025-09-23T20:08:16.879+0000] {dag.py:3036} INFO - Sync 1 DAGs
[2025-09-23T20:08:17.098+0000] {logging_mixin.py:188} INFO - [2025-09-23T20:08:17.097+0000] {dag.py:3823} INFO - Setting next_dagrun for example_branch_dop_operator_v3 to 2025-09-23 20:07:00+00:00, run_after=2025-09-23 20:08:00+00:00
[2025-09-23T20:08:17.330+0000] {processor.py:183} INFO - Processing /home/airflow/.local/lib/python3.8/site-packages/airflow/example_dags/example_branch_python_dop_operator_3.py took 0.710 seconds
[2025-09-23T20:08:48.437+0000] {processor.py:161} INFO - Started process (PID=750) to work on /home/airflow/.local/lib/python3.8/site-packages/airflow/example_dags/example_branch_python_dop_operator_3.py
[2025-09-23T20:08:48.441+0000] {processor.py:830} INFO - Processing file /home/airflow/.local/lib/python3.8/site-packages/airflow/example_dags/example_branch_python_dop_operator_3.py for tasks to queue
[2025-09-23T20:08:48.447+0000] {logging_mixin.py:188} INFO - [2025-09-23T20:08:48.443+0000] {dagbag.py:538} INFO - Filling up the DagBag from /home/airflow/.local/lib/python3.8/site-packages/airflow/example_dags/example_branch_python_dop_operator_3.py
[2025-09-23T20:08:48.572+0000] {processor.py:840} INFO - DAG(s) 'example_branch_dop_operator_v3' retrieved from /home/airflow/.local/lib/python3.8/site-packages/airflow/example_dags/example_branch_python_dop_operator_3.py
[2025-09-23T20:08:48.651+0000] {logging_mixin.py:188} INFO - [2025-09-23T20:08:48.651+0000] {dag.py:3036} INFO - Sync 1 DAGs
[2025-09-23T20:08:48.803+0000] {logging_mixin.py:188} INFO - [2025-09-23T20:08:48.803+0000] {dag.py:3823} INFO - Setting next_dagrun for example_branch_dop_operator_v3 to 2025-09-23 20:07:00+00:00, run_after=2025-09-23 20:08:00+00:00
[2025-09-23T20:08:48.882+0000] {processor.py:183} INFO - Processing /home/airflow/.local/lib/python3.8/site-packages/airflow/example_dags/example_branch_python_dop_operator_3.py took 0.456 seconds
[2025-09-23T20:09:22.792+0000] {processor.py:161} INFO - Started process (PID=997) to work on /home/airflow/.local/lib/python3.8/site-packages/airflow/example_dags/example_branch_python_dop_operator_3.py
[2025-09-23T20:09:22.797+0000] {processor.py:830} INFO - Processing file /home/airflow/.local/lib/python3.8/site-packages/airflow/example_dags/example_branch_python_dop_operator_3.py for tasks to queue
[2025-09-23T20:09:22.801+0000] {logging_mixin.py:188} INFO - [2025-09-23T20:09:22.799+0000] {dagbag.py:538} INFO - Filling up the DagBag from /home/airflow/.local/lib/python3.8/site-packages/airflow/example_dags/example_branch_python_dop_operator_3.py
[2025-09-23T20:09:22.891+0000] {processor.py:840} INFO - DAG(s) 'example_branch_dop_operator_v3' retrieved from /home/airflow/.local/lib/python3.8/site-packages/airflow/example_dags/example_branch_python_dop_operator_3.py
[2025-09-23T20:09:23.170+0000] {logging_mixin.py:188} INFO - [2025-09-23T20:09:23.169+0000] {dag.py:3036} INFO - Sync 1 DAGs
[2025-09-23T20:09:23.484+0000] {logging_mixin.py:188} INFO - [2025-09-23T20:09:23.483+0000] {dag.py:3823} INFO - Setting next_dagrun for example_branch_dop_operator_v3 to 2025-09-23 20:08:00+00:00, run_after=2025-09-23 20:09:00+00:00
[2025-09-23T20:09:23.594+0000] {processor.py:183} INFO - Processing /home/airflow/.local/lib/python3.8/site-packages/airflow/example_dags/example_branch_python_dop_operator_3.py took 0.832 seconds
[2025-09-23T20:09:54.052+0000] {processor.py:161} INFO - Started process (PID=1240) to work on /home/airflow/.local/lib/python3.8/site-packages/airflow/example_dags/example_branch_python_dop_operator_3.py
[2025-09-23T20:09:54.061+0000] {processor.py:830} INFO - Processing file /home/airflow/.local/lib/python3.8/site-packages/airflow/example_dags/example_branch_python_dop_operator_3.py for tasks to queue
[2025-09-23T20:09:54.069+0000] {logging_mixin.py:188} INFO - [2025-09-23T20:09:54.068+0000] {dagbag.py:538} INFO - Filling up the DagBag from /home/airflow/.local/lib/python3.8/site-packages/airflow/example_dags/example_branch_python_dop_operator_3.py
[2025-09-23T20:09:54.159+0000] {processor.py:840} INFO - DAG(s) 'example_branch_dop_operator_v3' retrieved from /home/airflow/.local/lib/python3.8/site-packages/airflow/example_dags/example_branch_python_dop_operator_3.py
[2025-09-23T20:09:54.240+0000] {logging_mixin.py:188} INFO - [2025-09-23T20:09:54.240+0000] {dag.py:3036} INFO - Sync 1 DAGs
[2025-09-23T20:09:54.645+0000] {logging_mixin.py:188} INFO - [2025-09-23T20:09:54.644+0000] {dag.py:3823} INFO - Setting next_dagrun for example_branch_dop_operator_v3 to 2025-09-23 20:08:00+00:00, run_after=2025-09-23 20:09:00+00:00
[2025-09-23T20:09:54.714+0000] {processor.py:183} INFO - Processing /home/airflow/.local/lib/python3.8/site-packages/airflow/example_dags/example_branch_python_dop_operator_3.py took 0.689 seconds
[2025-09-23T20:10:25.265+0000] {processor.py:161} INFO - Started process (PID=1487) to work on /home/airflow/.local/lib/python3.8/site-packages/airflow/example_dags/example_branch_python_dop_operator_3.py
[2025-09-23T20:10:25.269+0000] {processor.py:830} INFO - Processing file /home/airflow/.local/lib/python3.8/site-packages/airflow/example_dags/example_branch_python_dop_operator_3.py for tasks to queue
[2025-09-23T20:10:25.272+0000] {logging_mixin.py:188} INFO - [2025-09-23T20:10:25.271+0000] {dagbag.py:538} INFO - Filling up the DagBag from /home/airflow/.local/lib/python3.8/site-packages/airflow/example_dags/example_branch_python_dop_operator_3.py
[2025-09-23T20:10:25.326+0000] {processor.py:840} INFO - DAG(s) 'example_branch_dop_operator_v3' retrieved from /home/airflow/.local/lib/python3.8/site-packages/airflow/example_dags/example_branch_python_dop_operator_3.py
[2025-09-23T20:10:25.415+0000] {logging_mixin.py:188} INFO - [2025-09-23T20:10:25.414+0000] {dag.py:3036} INFO - Sync 1 DAGs
[2025-09-23T20:10:25.557+0000] {logging_mixin.py:188} INFO - [2025-09-23T20:10:25.555+0000] {dag.py:3823} INFO - Setting next_dagrun for example_branch_dop_operator_v3 to 2025-09-23 20:09:00+00:00, run_after=2025-09-23 20:10:00+00:00
[2025-09-23T20:10:25.636+0000] {processor.py:183} INFO - Processing /home/airflow/.local/lib/python3.8/site-packages/airflow/example_dags/example_branch_python_dop_operator_3.py took 0.386 seconds
[2025-09-23T20:10:55.896+0000] {processor.py:161} INFO - Started process (PID=1734) to work on /home/airflow/.local/lib/python3.8/site-packages/airflow/example_dags/example_branch_python_dop_operator_3.py
[2025-09-23T20:10:55.909+0000] {processor.py:830} INFO - Processing file /home/airflow/.local/lib/python3.8/site-packages/airflow/example_dags/example_branch_python_dop_operator_3.py for tasks to queue
[2025-09-23T20:10:55.917+0000] {logging_mixin.py:188} INFO - [2025-09-23T20:10:55.914+0000] {dagbag.py:538} INFO - Filling up the DagBag from /home/airflow/.local/lib/python3.8/site-packages/airflow/example_dags/example_branch_python_dop_operator_3.py
[2025-09-23T20:10:55.962+0000] {processor.py:840} INFO - DAG(s) 'example_branch_dop_operator_v3' retrieved from /home/airflow/.local/lib/python3.8/site-packages/airflow/example_dags/example_branch_python_dop_operator_3.py
[2025-09-23T20:10:56.054+0000] {logging_mixin.py:188} INFO - [2025-09-23T20:10:56.054+0000] {dag.py:3036} INFO - Sync 1 DAGs
[2025-09-23T20:10:56.179+0000] {logging_mixin.py:188} INFO - [2025-09-23T20:10:56.178+0000] {dag.py:3823} INFO - Setting next_dagrun for example_branch_dop_operator_v3 to 2025-09-23 20:09:00+00:00, run_after=2025-09-23 20:10:00+00:00
[2025-09-23T20:10:56.275+0000] {processor.py:183} INFO - Processing /home/airflow/.local/lib/python3.8/site-packages/airflow/example_dags/example_branch_python_dop_operator_3.py took 0.406 seconds
[2025-09-23T20:11:26.835+0000] {processor.py:161} INFO - Started process (PID=1981) to work on /home/airflow/.local/lib/python3.8/site-packages/airflow/example_dags/example_branch_python_dop_operator_3.py
[2025-09-23T20:11:26.838+0000] {processor.py:830} INFO - Processing file /home/airflow/.local/lib/python3.8/site-packages/airflow/example_dags/example_branch_python_dop_operator_3.py for tasks to queue
[2025-09-23T20:11:26.841+0000] {logging_mixin.py:188} INFO - [2025-09-23T20:11:26.840+0000] {dagbag.py:538} INFO - Filling up the DagBag from /home/airflow/.local/lib/python3.8/site-packages/airflow/example_dags/example_branch_python_dop_operator_3.py
[2025-09-23T20:11:26.883+0000] {processor.py:840} INFO - DAG(s) 'example_branch_dop_operator_v3' retrieved from /home/airflow/.local/lib/python3.8/site-packages/airflow/example_dags/example_branch_python_dop_operator_3.py
[2025-09-23T20:11:26.975+0000] {logging_mixin.py:188} INFO - [2025-09-23T20:11:26.974+0000] {dag.py:3036} INFO - Sync 1 DAGs
[2025-09-23T20:11:27.125+0000] {logging_mixin.py:188} INFO - [2025-09-23T20:11:27.124+0000] {dag.py:3823} INFO - Setting next_dagrun for example_branch_dop_operator_v3 to 2025-09-23 20:10:00+00:00, run_after=2025-09-23 20:11:00+00:00
[2025-09-23T20:11:27.198+0000] {processor.py:183} INFO - Processing /home/airflow/.local/lib/python3.8/site-packages/airflow/example_dags/example_branch_python_dop_operator_3.py took 0.377 seconds
[2025-09-23T20:11:57.468+0000] {processor.py:161} INFO - Started process (PID=2229) to work on /home/airflow/.local/lib/python3.8/site-packages/airflow/example_dags/example_branch_python_dop_operator_3.py
[2025-09-23T20:11:57.471+0000] {processor.py:830} INFO - Processing file /home/airflow/.local/lib/python3.8/site-packages/airflow/example_dags/example_branch_python_dop_operator_3.py for tasks to queue
[2025-09-23T20:11:57.473+0000] {logging_mixin.py:188} INFO - [2025-09-23T20:11:57.472+0000] {dagbag.py:538} INFO - Filling up the DagBag from /home/airflow/.local/lib/python3.8/site-packages/airflow/example_dags/example_branch_python_dop_operator_3.py
[2025-09-23T20:11:57.498+0000] {processor.py:840} INFO - DAG(s) 'example_branch_dop_operator_v3' retrieved from /home/airflow/.local/lib/python3.8/site-packages/airflow/example_dags/example_branch_python_dop_operator_3.py
[2025-09-23T20:11:57.559+0000] {logging_mixin.py:188} INFO - [2025-09-23T20:11:57.558+0000] {dag.py:3036} INFO - Sync 1 DAGs
[2025-09-23T20:11:57.646+0000] {logging_mixin.py:188} INFO - [2025-09-23T20:11:57.646+0000] {dag.py:3823} INFO - Setting next_dagrun for example_branch_dop_operator_v3 to 2025-09-23 20:10:00+00:00, run_after=2025-09-23 20:11:00+00:00
[2025-09-23T20:11:57.691+0000] {processor.py:183} INFO - Processing /home/airflow/.local/lib/python3.8/site-packages/airflow/example_dags/example_branch_python_dop_operator_3.py took 0.232 seconds
[2025-09-23T20:12:35.802+0000] {processor.py:161} INFO - Started process (PID=2482) to work on /home/airflow/.local/lib/python3.8/site-packages/airflow/example_dags/example_branch_python_dop_operator_3.py
[2025-09-23T20:12:35.824+0000] {processor.py:830} INFO - Processing file /home/airflow/.local/lib/python3.8/site-packages/airflow/example_dags/example_branch_python_dop_operator_3.py for tasks to queue
[2025-09-23T20:12:35.833+0000] {logging_mixin.py:188} INFO - [2025-09-23T20:12:35.831+0000] {dagbag.py:538} INFO - Filling up the DagBag from /home/airflow/.local/lib/python3.8/site-packages/airflow/example_dags/example_branch_python_dop_operator_3.py
[2025-09-23T20:12:35.976+0000] {processor.py:840} INFO - DAG(s) 'example_branch_dop_operator_v3' retrieved from /home/airflow/.local/lib/python3.8/site-packages/airflow/example_dags/example_branch_python_dop_operator_3.py
[2025-09-23T20:12:36.423+0000] {logging_mixin.py:188} INFO - [2025-09-23T20:12:36.417+0000] {dag.py:3036} INFO - Sync 1 DAGs
[2025-09-23T20:12:36.792+0000] {logging_mixin.py:188} INFO - [2025-09-23T20:12:36.791+0000] {dag.py:3823} INFO - Setting next_dagrun for example_branch_dop_operator_v3 to 2025-09-23 20:11:00+00:00, run_after=2025-09-23 20:12:00+00:00
[2025-09-23T20:12:36.969+0000] {processor.py:183} INFO - Processing /home/airflow/.local/lib/python3.8/site-packages/airflow/example_dags/example_branch_python_dop_operator_3.py took 1.200 seconds
