[2025-09-23T20:01:23.132+0000] {processor.py:161} INFO - Started process (PID=151) to work on /home/airflow/.local/lib/python3.8/site-packages/airflow/example_dags/example_trigger_target_dag.py
[2025-09-23T20:01:23.137+0000] {processor.py:830} INFO - Processing file /home/airflow/.local/lib/python3.8/site-packages/airflow/example_dags/example_trigger_target_dag.py for tasks to queue
[2025-09-23T20:01:23.146+0000] {logging_mixin.py:188} INFO - [2025-09-23T20:01:23.145+0000] {dagbag.py:538} INFO - Filling up the DagBag from /home/airflow/.local/lib/python3.8/site-packages/airflow/example_dags/example_trigger_target_dag.py
[2025-09-23T20:01:23.186+0000] {processor.py:840} INFO - DAG(s) 'example_trigger_target_dag' retrieved from /home/airflow/.local/lib/python3.8/site-packages/airflow/example_dags/example_trigger_target_dag.py
[2025-09-23T20:01:24.808+0000] {logging_mixin.py:188} INFO - [2025-09-23T20:01:24.806+0000] {dag.py:3036} INFO - Sync 1 DAGs
[2025-09-23T20:01:24.973+0000] {logging_mixin.py:188} INFO - [2025-09-23T20:01:24.972+0000] {dag.py:3823} INFO - Setting next_dagrun for example_trigger_target_dag to None, run_after=None
[2025-09-23T20:01:25.221+0000] {processor.py:183} INFO - Processing /home/airflow/.local/lib/python3.8/site-packages/airflow/example_dags/example_trigger_target_dag.py took 2.109 seconds
[2025-09-23T20:08:05.083+0000] {processor.py:161} INFO - Started process (PID=416) to work on /home/airflow/.local/lib/python3.8/site-packages/airflow/example_dags/example_trigger_target_dag.py
[2025-09-23T20:08:05.090+0000] {processor.py:830} INFO - Processing file /home/airflow/.local/lib/python3.8/site-packages/airflow/example_dags/example_trigger_target_dag.py for tasks to queue
[2025-09-23T20:08:05.099+0000] {logging_mixin.py:188} INFO - [2025-09-23T20:08:05.095+0000] {dagbag.py:538} INFO - Filling up the DagBag from /home/airflow/.local/lib/python3.8/site-packages/airflow/example_dags/example_trigger_target_dag.py
[2025-09-23T20:08:05.149+0000] {processor.py:840} INFO - DAG(s) 'example_trigger_target_dag' retrieved from /home/airflow/.local/lib/python3.8/site-packages/airflow/example_dags/example_trigger_target_dag.py
[2025-09-23T20:08:05.756+0000] {logging_mixin.py:188} INFO - [2025-09-23T20:08:05.755+0000] {override.py:1769} INFO - Created Permission View: can delete on DAG:example_trigger_target_dag
[2025-09-23T20:08:05.797+0000] {logging_mixin.py:188} INFO - [2025-09-23T20:08:05.796+0000] {override.py:1769} INFO - Created Permission View: can read on DAG:example_trigger_target_dag
[2025-09-23T20:08:05.833+0000] {logging_mixin.py:188} INFO - [2025-09-23T20:08:05.832+0000] {override.py:1769} INFO - Created Permission View: can edit on DAG:example_trigger_target_dag
[2025-09-23T20:08:05.834+0000] {logging_mixin.py:188} INFO - [2025-09-23T20:08:05.834+0000] {dag.py:3036} INFO - Sync 1 DAGs
[2025-09-23T20:08:05.992+0000] {logging_mixin.py:188} INFO - [2025-09-23T20:08:05.991+0000] {dag.py:3058} INFO - Creating ORM DAG for example_trigger_target_dag
[2025-09-23T20:08:05.994+0000] {logging_mixin.py:188} INFO - [2025-09-23T20:08:05.993+0000] {dag.py:3823} INFO - Setting next_dagrun for example_trigger_target_dag to None, run_after=None
[2025-09-23T20:08:06.174+0000] {processor.py:183} INFO - Processing /home/airflow/.local/lib/python3.8/site-packages/airflow/example_dags/example_trigger_target_dag.py took 1.113 seconds
[2025-09-23T20:08:36.791+0000] {processor.py:161} INFO - Started process (PID=666) to work on /home/airflow/.local/lib/python3.8/site-packages/airflow/example_dags/example_trigger_target_dag.py
[2025-09-23T20:08:36.795+0000] {processor.py:830} INFO - Processing file /home/airflow/.local/lib/python3.8/site-packages/airflow/example_dags/example_trigger_target_dag.py for tasks to queue
[2025-09-23T20:08:36.799+0000] {logging_mixin.py:188} INFO - [2025-09-23T20:08:36.797+0000] {dagbag.py:538} INFO - Filling up the DagBag from /home/airflow/.local/lib/python3.8/site-packages/airflow/example_dags/example_trigger_target_dag.py
[2025-09-23T20:08:36.824+0000] {processor.py:840} INFO - DAG(s) 'example_trigger_target_dag' retrieved from /home/airflow/.local/lib/python3.8/site-packages/airflow/example_dags/example_trigger_target_dag.py
[2025-09-23T20:08:36.978+0000] {logging_mixin.py:188} INFO - [2025-09-23T20:08:36.978+0000] {dag.py:3036} INFO - Sync 1 DAGs
[2025-09-23T20:08:37.166+0000] {logging_mixin.py:188} INFO - [2025-09-23T20:08:37.165+0000] {dag.py:3823} INFO - Setting next_dagrun for example_trigger_target_dag to None, run_after=None
[2025-09-23T20:08:37.490+0000] {processor.py:183} INFO - Processing /home/airflow/.local/lib/python3.8/site-packages/airflow/example_dags/example_trigger_target_dag.py took 0.715 seconds
[2025-09-23T20:09:07.693+0000] {processor.py:161} INFO - Started process (PID=913) to work on /home/airflow/.local/lib/python3.8/site-packages/airflow/example_dags/example_trigger_target_dag.py
[2025-09-23T20:09:07.701+0000] {processor.py:830} INFO - Processing file /home/airflow/.local/lib/python3.8/site-packages/airflow/example_dags/example_trigger_target_dag.py for tasks to queue
[2025-09-23T20:09:07.704+0000] {logging_mixin.py:188} INFO - [2025-09-23T20:09:07.703+0000] {dagbag.py:538} INFO - Filling up the DagBag from /home/airflow/.local/lib/python3.8/site-packages/airflow/example_dags/example_trigger_target_dag.py
[2025-09-23T20:09:07.720+0000] {processor.py:840} INFO - DAG(s) 'example_trigger_target_dag' retrieved from /home/airflow/.local/lib/python3.8/site-packages/airflow/example_dags/example_trigger_target_dag.py
[2025-09-23T20:09:07.778+0000] {logging_mixin.py:188} INFO - [2025-09-23T20:09:07.778+0000] {dag.py:3036} INFO - Sync 1 DAGs
[2025-09-23T20:09:07.821+0000] {logging_mixin.py:188} INFO - [2025-09-23T20:09:07.820+0000] {dag.py:3823} INFO - Setting next_dagrun for example_trigger_target_dag to None, run_after=None
[2025-09-23T20:09:07.882+0000] {processor.py:183} INFO - Processing /home/airflow/.local/lib/python3.8/site-packages/airflow/example_dags/example_trigger_target_dag.py took 0.199 seconds
[2025-09-23T20:09:37.991+0000] {processor.py:161} INFO - Started process (PID=1158) to work on /home/airflow/.local/lib/python3.8/site-packages/airflow/example_dags/example_trigger_target_dag.py
[2025-09-23T20:09:37.995+0000] {processor.py:830} INFO - Processing file /home/airflow/.local/lib/python3.8/site-packages/airflow/example_dags/example_trigger_target_dag.py for tasks to queue
[2025-09-23T20:09:37.998+0000] {logging_mixin.py:188} INFO - [2025-09-23T20:09:37.997+0000] {dagbag.py:538} INFO - Filling up the DagBag from /home/airflow/.local/lib/python3.8/site-packages/airflow/example_dags/example_trigger_target_dag.py
[2025-09-23T20:09:38.022+0000] {processor.py:840} INFO - DAG(s) 'example_trigger_target_dag' retrieved from /home/airflow/.local/lib/python3.8/site-packages/airflow/example_dags/example_trigger_target_dag.py
[2025-09-23T20:09:38.102+0000] {logging_mixin.py:188} INFO - [2025-09-23T20:09:38.101+0000] {dag.py:3036} INFO - Sync 1 DAGs
[2025-09-23T20:09:38.156+0000] {logging_mixin.py:188} INFO - [2025-09-23T20:09:38.155+0000] {dag.py:3823} INFO - Setting next_dagrun for example_trigger_target_dag to None, run_after=None
[2025-09-23T20:09:38.233+0000] {processor.py:183} INFO - Processing /home/airflow/.local/lib/python3.8/site-packages/airflow/example_dags/example_trigger_target_dag.py took 0.256 seconds
[2025-09-23T20:10:18.424+0000] {processor.py:161} INFO - Started process (PID=1415) to work on /home/airflow/.local/lib/python3.8/site-packages/airflow/example_dags/example_trigger_target_dag.py
[2025-09-23T20:10:18.454+0000] {processor.py:830} INFO - Processing file /home/airflow/.local/lib/python3.8/site-packages/airflow/example_dags/example_trigger_target_dag.py for tasks to queue
[2025-09-23T20:10:18.461+0000] {logging_mixin.py:188} INFO - [2025-09-23T20:10:18.460+0000] {dagbag.py:538} INFO - Filling up the DagBag from /home/airflow/.local/lib/python3.8/site-packages/airflow/example_dags/example_trigger_target_dag.py
[2025-09-23T20:10:18.517+0000] {processor.py:840} INFO - DAG(s) 'example_trigger_target_dag' retrieved from /home/airflow/.local/lib/python3.8/site-packages/airflow/example_dags/example_trigger_target_dag.py
[2025-09-23T20:10:18.663+0000] {logging_mixin.py:188} INFO - [2025-09-23T20:10:18.662+0000] {dag.py:3036} INFO - Sync 1 DAGs
[2025-09-23T20:10:18.714+0000] {logging_mixin.py:188} INFO - [2025-09-23T20:10:18.713+0000] {dag.py:3823} INFO - Setting next_dagrun for example_trigger_target_dag to None, run_after=None
[2025-09-23T20:10:18.826+0000] {processor.py:183} INFO - Processing /home/airflow/.local/lib/python3.8/site-packages/airflow/example_dags/example_trigger_target_dag.py took 0.455 seconds
[2025-09-23T20:10:49.253+0000] {processor.py:161} INFO - Started process (PID=1662) to work on /home/airflow/.local/lib/python3.8/site-packages/airflow/example_dags/example_trigger_target_dag.py
[2025-09-23T20:10:49.257+0000] {processor.py:830} INFO - Processing file /home/airflow/.local/lib/python3.8/site-packages/airflow/example_dags/example_trigger_target_dag.py for tasks to queue
[2025-09-23T20:10:49.266+0000] {logging_mixin.py:188} INFO - [2025-09-23T20:10:49.264+0000] {dagbag.py:538} INFO - Filling up the DagBag from /home/airflow/.local/lib/python3.8/site-packages/airflow/example_dags/example_trigger_target_dag.py
[2025-09-23T20:10:49.317+0000] {processor.py:840} INFO - DAG(s) 'example_trigger_target_dag' retrieved from /home/airflow/.local/lib/python3.8/site-packages/airflow/example_dags/example_trigger_target_dag.py
[2025-09-23T20:10:49.430+0000] {logging_mixin.py:188} INFO - [2025-09-23T20:10:49.429+0000] {dag.py:3036} INFO - Sync 1 DAGs
[2025-09-23T20:10:49.498+0000] {logging_mixin.py:188} INFO - [2025-09-23T20:10:49.497+0000] {dag.py:3823} INFO - Setting next_dagrun for example_trigger_target_dag to None, run_after=None
[2025-09-23T20:10:49.594+0000] {processor.py:183} INFO - Processing /home/airflow/.local/lib/python3.8/site-packages/airflow/example_dags/example_trigger_target_dag.py took 0.354 seconds
[2025-09-23T20:11:20.913+0000] {processor.py:161} INFO - Started process (PID=1909) to work on /home/airflow/.local/lib/python3.8/site-packages/airflow/example_dags/example_trigger_target_dag.py
[2025-09-23T20:11:20.918+0000] {processor.py:830} INFO - Processing file /home/airflow/.local/lib/python3.8/site-packages/airflow/example_dags/example_trigger_target_dag.py for tasks to queue
[2025-09-23T20:11:20.928+0000] {logging_mixin.py:188} INFO - [2025-09-23T20:11:20.923+0000] {dagbag.py:538} INFO - Filling up the DagBag from /home/airflow/.local/lib/python3.8/site-packages/airflow/example_dags/example_trigger_target_dag.py
[2025-09-23T20:11:20.962+0000] {processor.py:840} INFO - DAG(s) 'example_trigger_target_dag' retrieved from /home/airflow/.local/lib/python3.8/site-packages/airflow/example_dags/example_trigger_target_dag.py
[2025-09-23T20:11:21.134+0000] {logging_mixin.py:188} INFO - [2025-09-23T20:11:21.133+0000] {dag.py:3036} INFO - Sync 1 DAGs
[2025-09-23T20:11:21.187+0000] {logging_mixin.py:188} INFO - [2025-09-23T20:11:21.186+0000] {dag.py:3823} INFO - Setting next_dagrun for example_trigger_target_dag to None, run_after=None
[2025-09-23T20:11:21.271+0000] {processor.py:183} INFO - Processing /home/airflow/.local/lib/python3.8/site-packages/airflow/example_dags/example_trigger_target_dag.py took 0.371 seconds
[2025-09-23T20:11:51.392+0000] {processor.py:161} INFO - Started process (PID=2154) to work on /home/airflow/.local/lib/python3.8/site-packages/airflow/example_dags/example_trigger_target_dag.py
[2025-09-23T20:11:51.397+0000] {processor.py:830} INFO - Processing file /home/airflow/.local/lib/python3.8/site-packages/airflow/example_dags/example_trigger_target_dag.py for tasks to queue
[2025-09-23T20:11:51.399+0000] {logging_mixin.py:188} INFO - [2025-09-23T20:11:51.398+0000] {dagbag.py:538} INFO - Filling up the DagBag from /home/airflow/.local/lib/python3.8/site-packages/airflow/example_dags/example_trigger_target_dag.py
[2025-09-23T20:11:51.418+0000] {processor.py:840} INFO - DAG(s) 'example_trigger_target_dag' retrieved from /home/airflow/.local/lib/python3.8/site-packages/airflow/example_dags/example_trigger_target_dag.py
[2025-09-23T20:11:51.478+0000] {logging_mixin.py:188} INFO - [2025-09-23T20:11:51.477+0000] {dag.py:3036} INFO - Sync 1 DAGs
[2025-09-23T20:11:51.514+0000] {logging_mixin.py:188} INFO - [2025-09-23T20:11:51.514+0000] {dag.py:3823} INFO - Setting next_dagrun for example_trigger_target_dag to None, run_after=None
[2025-09-23T20:11:51.579+0000] {processor.py:183} INFO - Processing /home/airflow/.local/lib/python3.8/site-packages/airflow/example_dags/example_trigger_target_dag.py took 0.196 seconds
[2025-09-23T20:12:25.474+0000] {processor.py:161} INFO - Started process (PID=2404) to work on /home/airflow/.local/lib/python3.8/site-packages/airflow/example_dags/example_trigger_target_dag.py
[2025-09-23T20:12:25.491+0000] {processor.py:830} INFO - Processing file /home/airflow/.local/lib/python3.8/site-packages/airflow/example_dags/example_trigger_target_dag.py for tasks to queue
[2025-09-23T20:12:25.506+0000] {logging_mixin.py:188} INFO - [2025-09-23T20:12:25.501+0000] {dagbag.py:538} INFO - Filling up the DagBag from /home/airflow/.local/lib/python3.8/site-packages/airflow/example_dags/example_trigger_target_dag.py
[2025-09-23T20:12:25.602+0000] {processor.py:840} INFO - DAG(s) 'example_trigger_target_dag' retrieved from /home/airflow/.local/lib/python3.8/site-packages/airflow/example_dags/example_trigger_target_dag.py
[2025-09-23T20:12:25.847+0000] {logging_mixin.py:188} INFO - [2025-09-23T20:12:25.845+0000] {dag.py:3036} INFO - Sync 1 DAGs
[2025-09-23T20:12:25.948+0000] {logging_mixin.py:188} INFO - [2025-09-23T20:12:25.947+0000] {dag.py:3823} INFO - Setting next_dagrun for example_trigger_target_dag to None, run_after=None
[2025-09-23T20:12:26.153+0000] {processor.py:183} INFO - Processing /home/airflow/.local/lib/python3.8/site-packages/airflow/example_dags/example_trigger_target_dag.py took 0.746 seconds
