[2025-09-23T20:01:15.243+0000] {processor.py:161} INFO - Started process (PID=141) to work on /home/airflow/.local/lib/python3.8/site-packages/airflow/example_dags/example_xcomargs.py
[2025-09-23T20:01:15.249+0000] {processor.py:830} INFO - Processing file /home/airflow/.local/lib/python3.8/site-packages/airflow/example_dags/example_xcomargs.py for tasks to queue
[2025-09-23T20:01:15.266+0000] {logging_mixin.py:188} INFO - [2025-09-23T20:01:15.264+0000] {dagbag.py:538} INFO - Filling up the DagBag from /home/airflow/.local/lib/python3.8/site-packages/airflow/example_dags/example_xcomargs.py
[2025-09-23T20:01:15.353+0000] {processor.py:840} INFO - DAG(s) 'example_xcom_args', 'example_xcom_args_with_operators' retrieved from /home/airflow/.local/lib/python3.8/site-packages/airflow/example_dags/example_xcomargs.py
[2025-09-23T20:01:17.919+0000] {logging_mixin.py:188} INFO - [2025-09-23T20:01:17.915+0000] {dag.py:3036} INFO - Sync 2 DAGs
[2025-09-23T20:01:18.219+0000] {logging_mixin.py:188} INFO - [2025-09-23T20:01:18.213+0000] {dag.py:3823} INFO - Setting next_dagrun for example_xcom_args to None, run_after=None
[2025-09-23T20:01:18.271+0000] {logging_mixin.py:188} INFO - [2025-09-23T20:01:18.268+0000] {dag.py:3823} INFO - Setting next_dagrun for example_xcom_args_with_operators to None, run_after=None
[2025-09-23T20:01:18.499+0000] {processor.py:183} INFO - Processing /home/airflow/.local/lib/python3.8/site-packages/airflow/example_dags/example_xcomargs.py took 3.283 seconds
[2025-09-23T20:08:01.573+0000] {processor.py:161} INFO - Started process (PID=396) to work on /home/airflow/.local/lib/python3.8/site-packages/airflow/example_dags/example_xcomargs.py
[2025-09-23T20:08:01.576+0000] {processor.py:830} INFO - Processing file /home/airflow/.local/lib/python3.8/site-packages/airflow/example_dags/example_xcomargs.py for tasks to queue
[2025-09-23T20:08:01.578+0000] {logging_mixin.py:188} INFO - [2025-09-23T20:08:01.578+0000] {dagbag.py:538} INFO - Filling up the DagBag from /home/airflow/.local/lib/python3.8/site-packages/airflow/example_dags/example_xcomargs.py
[2025-09-23T20:08:01.606+0000] {processor.py:840} INFO - DAG(s) 'example_xcom_args_with_operators', 'example_xcom_args' retrieved from /home/airflow/.local/lib/python3.8/site-packages/airflow/example_dags/example_xcomargs.py
[2025-09-23T20:08:02.081+0000] {logging_mixin.py:188} INFO - [2025-09-23T20:08:02.080+0000] {override.py:1769} INFO - Created Permission View: can delete on DAG:example_xcom_args_with_operators
[2025-09-23T20:08:02.170+0000] {logging_mixin.py:188} INFO - [2025-09-23T20:08:02.169+0000] {override.py:1769} INFO - Created Permission View: can read on DAG:example_xcom_args_with_operators
[2025-09-23T20:08:02.207+0000] {logging_mixin.py:188} INFO - [2025-09-23T20:08:02.206+0000] {override.py:1769} INFO - Created Permission View: can edit on DAG:example_xcom_args_with_operators
[2025-09-23T20:08:02.279+0000] {logging_mixin.py:188} INFO - [2025-09-23T20:08:02.278+0000] {override.py:1769} INFO - Created Permission View: can delete on DAG:example_xcom_args
[2025-09-23T20:08:02.346+0000] {logging_mixin.py:188} INFO - [2025-09-23T20:08:02.344+0000] {override.py:1769} INFO - Created Permission View: can read on DAG:example_xcom_args
[2025-09-23T20:08:02.401+0000] {logging_mixin.py:188} INFO - [2025-09-23T20:08:02.400+0000] {override.py:1769} INFO - Created Permission View: can edit on DAG:example_xcom_args
[2025-09-23T20:08:02.409+0000] {logging_mixin.py:188} INFO - [2025-09-23T20:08:02.401+0000] {dag.py:3036} INFO - Sync 2 DAGs
[2025-09-23T20:08:02.488+0000] {logging_mixin.py:188} INFO - [2025-09-23T20:08:02.487+0000] {dag.py:3058} INFO - Creating ORM DAG for example_xcom_args_with_operators
[2025-09-23T20:08:02.490+0000] {logging_mixin.py:188} INFO - [2025-09-23T20:08:02.490+0000] {dag.py:3058} INFO - Creating ORM DAG for example_xcom_args
[2025-09-23T20:08:02.492+0000] {logging_mixin.py:188} INFO - [2025-09-23T20:08:02.492+0000] {dag.py:3823} INFO - Setting next_dagrun for example_xcom_args to None, run_after=None
[2025-09-23T20:08:02.494+0000] {logging_mixin.py:188} INFO - [2025-09-23T20:08:02.494+0000] {dag.py:3823} INFO - Setting next_dagrun for example_xcom_args_with_operators to None, run_after=None
[2025-09-23T20:08:02.573+0000] {processor.py:183} INFO - Processing /home/airflow/.local/lib/python3.8/site-packages/airflow/example_dags/example_xcomargs.py took 1.010 seconds
[2025-09-23T20:08:32.720+0000] {processor.py:161} INFO - Started process (PID=644) to work on /home/airflow/.local/lib/python3.8/site-packages/airflow/example_dags/example_xcomargs.py
[2025-09-23T20:08:32.724+0000] {processor.py:830} INFO - Processing file /home/airflow/.local/lib/python3.8/site-packages/airflow/example_dags/example_xcomargs.py for tasks to queue
[2025-09-23T20:08:32.727+0000] {logging_mixin.py:188} INFO - [2025-09-23T20:08:32.726+0000] {dagbag.py:538} INFO - Filling up the DagBag from /home/airflow/.local/lib/python3.8/site-packages/airflow/example_dags/example_xcomargs.py
[2025-09-23T20:08:32.768+0000] {processor.py:840} INFO - DAG(s) 'example_xcom_args', 'example_xcom_args_with_operators' retrieved from /home/airflow/.local/lib/python3.8/site-packages/airflow/example_dags/example_xcomargs.py
[2025-09-23T20:08:32.962+0000] {logging_mixin.py:188} INFO - [2025-09-23T20:08:32.961+0000] {dag.py:3036} INFO - Sync 2 DAGs
[2025-09-23T20:08:33.076+0000] {logging_mixin.py:188} INFO - [2025-09-23T20:08:33.075+0000] {dag.py:3823} INFO - Setting next_dagrun for example_xcom_args to None, run_after=None
[2025-09-23T20:08:33.100+0000] {logging_mixin.py:188} INFO - [2025-09-23T20:08:33.099+0000] {dag.py:3823} INFO - Setting next_dagrun for example_xcom_args_with_operators to None, run_after=None
[2025-09-23T20:08:33.165+0000] {processor.py:183} INFO - Processing /home/airflow/.local/lib/python3.8/site-packages/airflow/example_dags/example_xcomargs.py took 0.458 seconds
[2025-09-23T20:09:03.892+0000] {processor.py:161} INFO - Started process (PID=891) to work on /home/airflow/.local/lib/python3.8/site-packages/airflow/example_dags/example_xcomargs.py
[2025-09-23T20:09:03.897+0000] {processor.py:830} INFO - Processing file /home/airflow/.local/lib/python3.8/site-packages/airflow/example_dags/example_xcomargs.py for tasks to queue
[2025-09-23T20:09:03.903+0000] {logging_mixin.py:188} INFO - [2025-09-23T20:09:03.899+0000] {dagbag.py:538} INFO - Filling up the DagBag from /home/airflow/.local/lib/python3.8/site-packages/airflow/example_dags/example_xcomargs.py
[2025-09-23T20:09:03.953+0000] {processor.py:840} INFO - DAG(s) 'example_xcom_args', 'example_xcom_args_with_operators' retrieved from /home/airflow/.local/lib/python3.8/site-packages/airflow/example_dags/example_xcomargs.py
[2025-09-23T20:09:04.118+0000] {logging_mixin.py:188} INFO - [2025-09-23T20:09:04.117+0000] {dag.py:3036} INFO - Sync 2 DAGs
[2025-09-23T20:09:04.238+0000] {logging_mixin.py:188} INFO - [2025-09-23T20:09:04.238+0000] {dag.py:3823} INFO - Setting next_dagrun for example_xcom_args to None, run_after=None
[2025-09-23T20:09:04.261+0000] {logging_mixin.py:188} INFO - [2025-09-23T20:09:04.260+0000] {dag.py:3823} INFO - Setting next_dagrun for example_xcom_args_with_operators to None, run_after=None
[2025-09-23T20:09:04.397+0000] {processor.py:183} INFO - Processing /home/airflow/.local/lib/python3.8/site-packages/airflow/example_dags/example_xcomargs.py took 0.527 seconds
[2025-09-23T20:09:34.816+0000] {processor.py:161} INFO - Started process (PID=1138) to work on /home/airflow/.local/lib/python3.8/site-packages/airflow/example_dags/example_xcomargs.py
[2025-09-23T20:09:34.819+0000] {processor.py:830} INFO - Processing file /home/airflow/.local/lib/python3.8/site-packages/airflow/example_dags/example_xcomargs.py for tasks to queue
[2025-09-23T20:09:34.823+0000] {logging_mixin.py:188} INFO - [2025-09-23T20:09:34.821+0000] {dagbag.py:538} INFO - Filling up the DagBag from /home/airflow/.local/lib/python3.8/site-packages/airflow/example_dags/example_xcomargs.py
[2025-09-23T20:09:34.857+0000] {processor.py:840} INFO - DAG(s) 'example_xcom_args', 'example_xcom_args_with_operators' retrieved from /home/airflow/.local/lib/python3.8/site-packages/airflow/example_dags/example_xcomargs.py
[2025-09-23T20:09:34.965+0000] {logging_mixin.py:188} INFO - [2025-09-23T20:09:34.964+0000] {dag.py:3036} INFO - Sync 2 DAGs
[2025-09-23T20:09:35.016+0000] {logging_mixin.py:188} INFO - [2025-09-23T20:09:35.016+0000] {dag.py:3823} INFO - Setting next_dagrun for example_xcom_args to None, run_after=None
[2025-09-23T20:09:35.031+0000] {logging_mixin.py:188} INFO - [2025-09-23T20:09:35.031+0000] {dag.py:3823} INFO - Setting next_dagrun for example_xcom_args_with_operators to None, run_after=None
[2025-09-23T20:09:35.112+0000] {processor.py:183} INFO - Processing /home/airflow/.local/lib/python3.8/site-packages/airflow/example_dags/example_xcomargs.py took 0.311 seconds
[2025-09-23T20:10:14.662+0000] {processor.py:161} INFO - Started process (PID=1387) to work on /home/airflow/.local/lib/python3.8/site-packages/airflow/example_dags/example_xcomargs.py
[2025-09-23T20:10:14.675+0000] {processor.py:830} INFO - Processing file /home/airflow/.local/lib/python3.8/site-packages/airflow/example_dags/example_xcomargs.py for tasks to queue
[2025-09-23T20:10:14.687+0000] {logging_mixin.py:188} INFO - [2025-09-23T20:10:14.677+0000] {dagbag.py:538} INFO - Filling up the DagBag from /home/airflow/.local/lib/python3.8/site-packages/airflow/example_dags/example_xcomargs.py
[2025-09-23T20:10:14.797+0000] {processor.py:840} INFO - DAG(s) 'example_xcom_args', 'example_xcom_args_with_operators' retrieved from /home/airflow/.local/lib/python3.8/site-packages/airflow/example_dags/example_xcomargs.py
[2025-09-23T20:10:15.169+0000] {logging_mixin.py:188} INFO - [2025-09-23T20:10:15.167+0000] {dag.py:3036} INFO - Sync 2 DAGs
[2025-09-23T20:10:15.521+0000] {logging_mixin.py:188} INFO - [2025-09-23T20:10:15.520+0000] {dag.py:3823} INFO - Setting next_dagrun for example_xcom_args to None, run_after=None
[2025-09-23T20:10:15.585+0000] {logging_mixin.py:188} INFO - [2025-09-23T20:10:15.584+0000] {dag.py:3823} INFO - Setting next_dagrun for example_xcom_args_with_operators to None, run_after=None
[2025-09-23T20:10:15.972+0000] {processor.py:183} INFO - Processing /home/airflow/.local/lib/python3.8/site-packages/airflow/example_dags/example_xcomargs.py took 1.373 seconds
[2025-09-23T20:10:46.583+0000] {processor.py:161} INFO - Started process (PID=1639) to work on /home/airflow/.local/lib/python3.8/site-packages/airflow/example_dags/example_xcomargs.py
[2025-09-23T20:10:46.586+0000] {processor.py:830} INFO - Processing file /home/airflow/.local/lib/python3.8/site-packages/airflow/example_dags/example_xcomargs.py for tasks to queue
[2025-09-23T20:10:46.590+0000] {logging_mixin.py:188} INFO - [2025-09-23T20:10:46.589+0000] {dagbag.py:538} INFO - Filling up the DagBag from /home/airflow/.local/lib/python3.8/site-packages/airflow/example_dags/example_xcomargs.py
[2025-09-23T20:10:46.629+0000] {processor.py:840} INFO - DAG(s) 'example_xcom_args_with_operators', 'example_xcom_args' retrieved from /home/airflow/.local/lib/python3.8/site-packages/airflow/example_dags/example_xcomargs.py
[2025-09-23T20:10:46.817+0000] {logging_mixin.py:188} INFO - [2025-09-23T20:10:46.816+0000] {dag.py:3036} INFO - Sync 2 DAGs
[2025-09-23T20:10:46.896+0000] {logging_mixin.py:188} INFO - [2025-09-23T20:10:46.895+0000] {dag.py:3823} INFO - Setting next_dagrun for example_xcom_args to None, run_after=None
[2025-09-23T20:10:46.925+0000] {logging_mixin.py:188} INFO - [2025-09-23T20:10:46.924+0000] {dag.py:3823} INFO - Setting next_dagrun for example_xcom_args_with_operators to None, run_after=None
[2025-09-23T20:10:47.030+0000] {processor.py:183} INFO - Processing /home/airflow/.local/lib/python3.8/site-packages/airflow/example_dags/example_xcomargs.py took 0.462 seconds
[2025-09-23T20:11:19.612+0000] {processor.py:161} INFO - Started process (PID=1894) to work on /home/airflow/.local/lib/python3.8/site-packages/airflow/example_dags/example_xcomargs.py
[2025-09-23T20:11:19.615+0000] {processor.py:830} INFO - Processing file /home/airflow/.local/lib/python3.8/site-packages/airflow/example_dags/example_xcomargs.py for tasks to queue
[2025-09-23T20:11:19.619+0000] {logging_mixin.py:188} INFO - [2025-09-23T20:11:19.618+0000] {dagbag.py:538} INFO - Filling up the DagBag from /home/airflow/.local/lib/python3.8/site-packages/airflow/example_dags/example_xcomargs.py
[2025-09-23T20:11:19.654+0000] {processor.py:840} INFO - DAG(s) 'example_xcom_args', 'example_xcom_args_with_operators' retrieved from /home/airflow/.local/lib/python3.8/site-packages/airflow/example_dags/example_xcomargs.py
[2025-09-23T20:11:19.811+0000] {logging_mixin.py:188} INFO - [2025-09-23T20:11:19.810+0000] {dag.py:3036} INFO - Sync 2 DAGs
[2025-09-23T20:11:19.887+0000] {logging_mixin.py:188} INFO - [2025-09-23T20:11:19.886+0000] {dag.py:3823} INFO - Setting next_dagrun for example_xcom_args to None, run_after=None
[2025-09-23T20:11:19.906+0000] {logging_mixin.py:188} INFO - [2025-09-23T20:11:19.905+0000] {dag.py:3823} INFO - Setting next_dagrun for example_xcom_args_with_operators to None, run_after=None
[2025-09-23T20:11:20.038+0000] {processor.py:183} INFO - Processing /home/airflow/.local/lib/python3.8/site-packages/airflow/example_dags/example_xcomargs.py took 0.453 seconds
[2025-09-23T20:11:50.696+0000] {processor.py:161} INFO - Started process (PID=2144) to work on /home/airflow/.local/lib/python3.8/site-packages/airflow/example_dags/example_xcomargs.py
[2025-09-23T20:11:50.698+0000] {processor.py:830} INFO - Processing file /home/airflow/.local/lib/python3.8/site-packages/airflow/example_dags/example_xcomargs.py for tasks to queue
[2025-09-23T20:11:50.701+0000] {logging_mixin.py:188} INFO - [2025-09-23T20:11:50.700+0000] {dagbag.py:538} INFO - Filling up the DagBag from /home/airflow/.local/lib/python3.8/site-packages/airflow/example_dags/example_xcomargs.py
[2025-09-23T20:11:50.730+0000] {processor.py:840} INFO - DAG(s) 'example_xcom_args_with_operators', 'example_xcom_args' retrieved from /home/airflow/.local/lib/python3.8/site-packages/airflow/example_dags/example_xcomargs.py
[2025-09-23T20:11:50.795+0000] {logging_mixin.py:188} INFO - [2025-09-23T20:11:50.794+0000] {dag.py:3036} INFO - Sync 2 DAGs
[2025-09-23T20:11:50.849+0000] {logging_mixin.py:188} INFO - [2025-09-23T20:11:50.848+0000] {dag.py:3823} INFO - Setting next_dagrun for example_xcom_args to None, run_after=None
[2025-09-23T20:11:50.863+0000] {logging_mixin.py:188} INFO - [2025-09-23T20:11:50.863+0000] {dag.py:3823} INFO - Setting next_dagrun for example_xcom_args_with_operators to None, run_after=None
[2025-09-23T20:11:50.908+0000] {processor.py:183} INFO - Processing /home/airflow/.local/lib/python3.8/site-packages/airflow/example_dags/example_xcomargs.py took 0.223 seconds
[2025-09-23T20:12:21.364+0000] {processor.py:161} INFO - Started process (PID=2386) to work on /home/airflow/.local/lib/python3.8/site-packages/airflow/example_dags/example_xcomargs.py
[2025-09-23T20:12:21.369+0000] {processor.py:830} INFO - Processing file /home/airflow/.local/lib/python3.8/site-packages/airflow/example_dags/example_xcomargs.py for tasks to queue
[2025-09-23T20:12:21.373+0000] {logging_mixin.py:188} INFO - [2025-09-23T20:12:21.371+0000] {dagbag.py:538} INFO - Filling up the DagBag from /home/airflow/.local/lib/python3.8/site-packages/airflow/example_dags/example_xcomargs.py
[2025-09-23T20:12:21.420+0000] {processor.py:840} INFO - DAG(s) 'example_xcom_args_with_operators', 'example_xcom_args' retrieved from /home/airflow/.local/lib/python3.8/site-packages/airflow/example_dags/example_xcomargs.py
[2025-09-23T20:12:21.616+0000] {logging_mixin.py:188} INFO - [2025-09-23T20:12:21.615+0000] {dag.py:3036} INFO - Sync 2 DAGs
[2025-09-23T20:12:21.748+0000] {logging_mixin.py:188} INFO - [2025-09-23T20:12:21.747+0000] {dag.py:3823} INFO - Setting next_dagrun for example_xcom_args to None, run_after=None
[2025-09-23T20:12:21.776+0000] {logging_mixin.py:188} INFO - [2025-09-23T20:12:21.774+0000] {dag.py:3823} INFO - Setting next_dagrun for example_xcom_args_with_operators to None, run_after=None
[2025-09-23T20:12:21.971+0000] {processor.py:183} INFO - Processing /home/airflow/.local/lib/python3.8/site-packages/airflow/example_dags/example_xcomargs.py took 0.612 seconds
