[2025-09-23T19:59:34.865+0000] {processor.py:161} INFO - Started process (PID=88) to work on /home/airflow/.local/lib/python3.8/site-packages/airflow/example_dags/example_branch_labels.py
[2025-09-23T19:59:34.874+0000] {processor.py:830} INFO - Processing file /home/airflow/.local/lib/python3.8/site-packages/airflow/example_dags/example_branch_labels.py for tasks to queue
[2025-09-23T19:59:34.892+0000] {logging_mixin.py:188} INFO - [2025-09-23T19:59:34.887+0000] {dagbag.py:538} INFO - Filling up the DagBag from /home/airflow/.local/lib/python3.8/site-packages/airflow/example_dags/example_branch_labels.py
[2025-09-23T19:59:35.102+0000] {processor.py:840} INFO - DAG(s) 'example_branch_labels' retrieved from /home/airflow/.local/lib/python3.8/site-packages/airflow/example_dags/example_branch_labels.py
[2025-09-23T19:59:36.420+0000] {logging_mixin.py:188} INFO - [2025-09-23T19:59:36.419+0000] {dag.py:3036} INFO - Sync 1 DAGs
[2025-09-23T19:59:36.620+0000] {logging_mixin.py:188} INFO - [2025-09-23T19:59:36.618+0000] {dag.py:3823} INFO - Setting next_dagrun for example_branch_labels to 2025-09-22 00:00:00+00:00, run_after=2025-09-23 00:00:00+00:00
[2025-09-23T19:59:36.745+0000] {processor.py:183} INFO - Processing /home/airflow/.local/lib/python3.8/site-packages/airflow/example_dags/example_branch_labels.py took 1.918 seconds
[2025-09-23T20:01:35.896+0000] {processor.py:161} INFO - Started process (PID=161) to work on /home/airflow/.local/lib/python3.8/site-packages/airflow/example_dags/example_branch_labels.py
[2025-09-23T20:01:35.923+0000] {processor.py:830} INFO - Processing file /home/airflow/.local/lib/python3.8/site-packages/airflow/example_dags/example_branch_labels.py for tasks to queue
[2025-09-23T20:01:35.964+0000] {logging_mixin.py:188} INFO - [2025-09-23T20:01:35.961+0000] {dagbag.py:538} INFO - Filling up the DagBag from /home/airflow/.local/lib/python3.8/site-packages/airflow/example_dags/example_branch_labels.py
[2025-09-23T20:01:36.060+0000] {processor.py:840} INFO - DAG(s) 'example_branch_labels' retrieved from /home/airflow/.local/lib/python3.8/site-packages/airflow/example_dags/example_branch_labels.py
[2025-09-23T20:01:36.551+0000] {logging_mixin.py:188} INFO - [2025-09-23T20:01:36.536+0000] {dag.py:3036} INFO - Sync 1 DAGs
[2025-09-23T20:01:37.123+0000] {logging_mixin.py:188} INFO - [2025-09-23T20:01:37.122+0000] {dag.py:3823} INFO - Setting next_dagrun for example_branch_labels to 2025-09-22 00:00:00+00:00, run_after=2025-09-23 00:00:00+00:00
[2025-09-23T20:01:37.459+0000] {processor.py:183} INFO - Processing /home/airflow/.local/lib/python3.8/site-packages/airflow/example_dags/example_branch_labels.py took 1.583 seconds
[2025-09-23T20:07:41.546+0000] {processor.py:161} INFO - Started process (PID=217) to work on /home/airflow/.local/lib/python3.8/site-packages/airflow/example_dags/example_branch_labels.py
[2025-09-23T20:07:41.549+0000] {processor.py:830} INFO - Processing file /home/airflow/.local/lib/python3.8/site-packages/airflow/example_dags/example_branch_labels.py for tasks to queue
[2025-09-23T20:07:41.552+0000] {logging_mixin.py:188} INFO - [2025-09-23T20:07:41.551+0000] {dagbag.py:538} INFO - Filling up the DagBag from /home/airflow/.local/lib/python3.8/site-packages/airflow/example_dags/example_branch_labels.py
[2025-09-23T20:07:41.624+0000] {processor.py:840} INFO - DAG(s) 'example_branch_labels' retrieved from /home/airflow/.local/lib/python3.8/site-packages/airflow/example_dags/example_branch_labels.py
[2025-09-23T20:07:42.111+0000] {logging_mixin.py:188} INFO - [2025-09-23T20:07:42.110+0000] {override.py:1769} INFO - Created Permission View: can delete on DAG:example_branch_labels
[2025-09-23T20:07:42.170+0000] {logging_mixin.py:188} INFO - [2025-09-23T20:07:42.166+0000] {override.py:1769} INFO - Created Permission View: can read on DAG:example_branch_labels
[2025-09-23T20:07:42.231+0000] {logging_mixin.py:188} INFO - [2025-09-23T20:07:42.230+0000] {override.py:1769} INFO - Created Permission View: can edit on DAG:example_branch_labels
[2025-09-23T20:07:42.232+0000] {logging_mixin.py:188} INFO - [2025-09-23T20:07:42.232+0000] {dag.py:3036} INFO - Sync 1 DAGs
[2025-09-23T20:07:42.331+0000] {logging_mixin.py:188} INFO - [2025-09-23T20:07:42.331+0000] {dag.py:3058} INFO - Creating ORM DAG for example_branch_labels
[2025-09-23T20:07:42.422+0000] {logging_mixin.py:188} INFO - [2025-09-23T20:07:42.421+0000] {dag.py:3823} INFO - Setting next_dagrun for example_branch_labels to 2025-09-22 00:00:00+00:00, run_after=2025-09-23 00:00:00+00:00
[2025-09-23T20:07:42.528+0000] {processor.py:183} INFO - Processing /home/airflow/.local/lib/python3.8/site-packages/airflow/example_dags/example_branch_labels.py took 1.038 seconds
[2025-09-23T20:08:13.186+0000] {processor.py:161} INFO - Started process (PID=462) to work on /home/airflow/.local/lib/python3.8/site-packages/airflow/example_dags/example_branch_labels.py
[2025-09-23T20:08:13.191+0000] {processor.py:830} INFO - Processing file /home/airflow/.local/lib/python3.8/site-packages/airflow/example_dags/example_branch_labels.py for tasks to queue
[2025-09-23T20:08:13.197+0000] {logging_mixin.py:188} INFO - [2025-09-23T20:08:13.193+0000] {dagbag.py:538} INFO - Filling up the DagBag from /home/airflow/.local/lib/python3.8/site-packages/airflow/example_dags/example_branch_labels.py
[2025-09-23T20:08:13.330+0000] {processor.py:840} INFO - DAG(s) 'example_branch_labels' retrieved from /home/airflow/.local/lib/python3.8/site-packages/airflow/example_dags/example_branch_labels.py
[2025-09-23T20:08:13.586+0000] {logging_mixin.py:188} INFO - [2025-09-23T20:08:13.585+0000] {dag.py:3036} INFO - Sync 1 DAGs
[2025-09-23T20:08:13.823+0000] {logging_mixin.py:188} INFO - [2025-09-23T20:08:13.822+0000] {dag.py:3823} INFO - Setting next_dagrun for example_branch_labels to 2025-09-22 00:00:00+00:00, run_after=2025-09-23 00:00:00+00:00
[2025-09-23T20:08:13.920+0000] {processor.py:183} INFO - Processing /home/airflow/.local/lib/python3.8/site-packages/airflow/example_dags/example_branch_labels.py took 0.777 seconds
[2025-09-23T20:08:44.320+0000] {processor.py:161} INFO - Started process (PID=706) to work on /home/airflow/.local/lib/python3.8/site-packages/airflow/example_dags/example_branch_labels.py
[2025-09-23T20:08:44.325+0000] {processor.py:830} INFO - Processing file /home/airflow/.local/lib/python3.8/site-packages/airflow/example_dags/example_branch_labels.py for tasks to queue
[2025-09-23T20:08:44.328+0000] {logging_mixin.py:188} INFO - [2025-09-23T20:08:44.327+0000] {dagbag.py:538} INFO - Filling up the DagBag from /home/airflow/.local/lib/python3.8/site-packages/airflow/example_dags/example_branch_labels.py
[2025-09-23T20:08:44.419+0000] {processor.py:840} INFO - DAG(s) 'example_branch_labels' retrieved from /home/airflow/.local/lib/python3.8/site-packages/airflow/example_dags/example_branch_labels.py
[2025-09-23T20:08:44.497+0000] {logging_mixin.py:188} INFO - [2025-09-23T20:08:44.497+0000] {dag.py:3036} INFO - Sync 1 DAGs
[2025-09-23T20:08:44.582+0000] {logging_mixin.py:188} INFO - [2025-09-23T20:08:44.581+0000] {dag.py:3823} INFO - Setting next_dagrun for example_branch_labels to 2025-09-22 00:00:00+00:00, run_after=2025-09-23 00:00:00+00:00
[2025-09-23T20:08:44.651+0000] {processor.py:183} INFO - Processing /home/airflow/.local/lib/python3.8/site-packages/airflow/example_dags/example_branch_labels.py took 0.342 seconds
[2025-09-23T20:09:15.287+0000] {processor.py:161} INFO - Started process (PID=953) to work on /home/airflow/.local/lib/python3.8/site-packages/airflow/example_dags/example_branch_labels.py
[2025-09-23T20:09:15.291+0000] {processor.py:830} INFO - Processing file /home/airflow/.local/lib/python3.8/site-packages/airflow/example_dags/example_branch_labels.py for tasks to queue
[2025-09-23T20:09:15.293+0000] {logging_mixin.py:188} INFO - [2025-09-23T20:09:15.293+0000] {dagbag.py:538} INFO - Filling up the DagBag from /home/airflow/.local/lib/python3.8/site-packages/airflow/example_dags/example_branch_labels.py
[2025-09-23T20:09:15.377+0000] {processor.py:840} INFO - DAG(s) 'example_branch_labels' retrieved from /home/airflow/.local/lib/python3.8/site-packages/airflow/example_dags/example_branch_labels.py
[2025-09-23T20:09:15.570+0000] {logging_mixin.py:188} INFO - [2025-09-23T20:09:15.569+0000] {dag.py:3036} INFO - Sync 1 DAGs
[2025-09-23T20:09:15.678+0000] {logging_mixin.py:188} INFO - [2025-09-23T20:09:15.678+0000] {dag.py:3823} INFO - Setting next_dagrun for example_branch_labels to 2025-09-22 00:00:00+00:00, run_after=2025-09-23 00:00:00+00:00
[2025-09-23T20:09:15.863+0000] {processor.py:183} INFO - Processing /home/airflow/.local/lib/python3.8/site-packages/airflow/example_dags/example_branch_labels.py took 0.586 seconds
[2025-09-23T20:09:46.300+0000] {processor.py:161} INFO - Started process (PID=1200) to work on /home/airflow/.local/lib/python3.8/site-packages/airflow/example_dags/example_branch_labels.py
[2025-09-23T20:09:46.308+0000] {processor.py:830} INFO - Processing file /home/airflow/.local/lib/python3.8/site-packages/airflow/example_dags/example_branch_labels.py for tasks to queue
[2025-09-23T20:09:46.309+0000] {logging_mixin.py:188} INFO - [2025-09-23T20:09:46.308+0000] {dagbag.py:538} INFO - Filling up the DagBag from /home/airflow/.local/lib/python3.8/site-packages/airflow/example_dags/example_branch_labels.py
[2025-09-23T20:09:46.323+0000] {processor.py:840} INFO - DAG(s) 'example_branch_labels' retrieved from /home/airflow/.local/lib/python3.8/site-packages/airflow/example_dags/example_branch_labels.py
[2025-09-23T20:09:46.365+0000] {logging_mixin.py:188} INFO - [2025-09-23T20:09:46.365+0000] {dag.py:3036} INFO - Sync 1 DAGs
[2025-09-23T20:09:46.407+0000] {logging_mixin.py:188} INFO - [2025-09-23T20:09:46.406+0000] {dag.py:3823} INFO - Setting next_dagrun for example_branch_labels to 2025-09-22 00:00:00+00:00, run_after=2025-09-23 00:00:00+00:00
[2025-09-23T20:09:46.448+0000] {processor.py:183} INFO - Processing /home/airflow/.local/lib/python3.8/site-packages/airflow/example_dags/example_branch_labels.py took 0.155 seconds
[2025-09-23T20:10:19.762+0000] {processor.py:161} INFO - Started process (PID=1445) to work on /home/airflow/.local/lib/python3.8/site-packages/airflow/example_dags/example_branch_labels.py
[2025-09-23T20:10:19.769+0000] {processor.py:830} INFO - Processing file /home/airflow/.local/lib/python3.8/site-packages/airflow/example_dags/example_branch_labels.py for tasks to queue
[2025-09-23T20:10:19.775+0000] {logging_mixin.py:188} INFO - [2025-09-23T20:10:19.774+0000] {dagbag.py:538} INFO - Filling up the DagBag from /home/airflow/.local/lib/python3.8/site-packages/airflow/example_dags/example_branch_labels.py
[2025-09-23T20:10:19.817+0000] {processor.py:840} INFO - DAG(s) 'example_branch_labels' retrieved from /home/airflow/.local/lib/python3.8/site-packages/airflow/example_dags/example_branch_labels.py
[2025-09-23T20:10:20.186+0000] {logging_mixin.py:188} INFO - [2025-09-23T20:10:20.185+0000] {dag.py:3036} INFO - Sync 1 DAGs
[2025-09-23T20:10:20.302+0000] {logging_mixin.py:188} INFO - [2025-09-23T20:10:20.301+0000] {dag.py:3823} INFO - Setting next_dagrun for example_branch_labels to 2025-09-22 00:00:00+00:00, run_after=2025-09-23 00:00:00+00:00
[2025-09-23T20:10:20.386+0000] {processor.py:183} INFO - Processing /home/airflow/.local/lib/python3.8/site-packages/airflow/example_dags/example_branch_labels.py took 0.646 seconds
[2025-09-23T20:10:51.240+0000] {processor.py:161} INFO - Started process (PID=1692) to work on /home/airflow/.local/lib/python3.8/site-packages/airflow/example_dags/example_branch_labels.py
[2025-09-23T20:10:51.243+0000] {processor.py:830} INFO - Processing file /home/airflow/.local/lib/python3.8/site-packages/airflow/example_dags/example_branch_labels.py for tasks to queue
[2025-09-23T20:10:51.247+0000] {logging_mixin.py:188} INFO - [2025-09-23T20:10:51.246+0000] {dagbag.py:538} INFO - Filling up the DagBag from /home/airflow/.local/lib/python3.8/site-packages/airflow/example_dags/example_branch_labels.py
[2025-09-23T20:10:51.332+0000] {processor.py:840} INFO - DAG(s) 'example_branch_labels' retrieved from /home/airflow/.local/lib/python3.8/site-packages/airflow/example_dags/example_branch_labels.py
[2025-09-23T20:10:51.425+0000] {logging_mixin.py:188} INFO - [2025-09-23T20:10:51.424+0000] {dag.py:3036} INFO - Sync 1 DAGs
[2025-09-23T20:10:51.526+0000] {logging_mixin.py:188} INFO - [2025-09-23T20:10:51.525+0000] {dag.py:3823} INFO - Setting next_dagrun for example_branch_labels to 2025-09-22 00:00:00+00:00, run_after=2025-09-23 00:00:00+00:00
[2025-09-23T20:10:51.598+0000] {processor.py:183} INFO - Processing /home/airflow/.local/lib/python3.8/site-packages/airflow/example_dags/example_branch_labels.py took 0.371 seconds
[2025-09-23T20:11:22.310+0000] {processor.py:161} INFO - Started process (PID=1934) to work on /home/airflow/.local/lib/python3.8/site-packages/airflow/example_dags/example_branch_labels.py
[2025-09-23T20:11:22.314+0000] {processor.py:830} INFO - Processing file /home/airflow/.local/lib/python3.8/site-packages/airflow/example_dags/example_branch_labels.py for tasks to queue
[2025-09-23T20:11:22.318+0000] {logging_mixin.py:188} INFO - [2025-09-23T20:11:22.317+0000] {dagbag.py:538} INFO - Filling up the DagBag from /home/airflow/.local/lib/python3.8/site-packages/airflow/example_dags/example_branch_labels.py
[2025-09-23T20:11:22.358+0000] {processor.py:840} INFO - DAG(s) 'example_branch_labels' retrieved from /home/airflow/.local/lib/python3.8/site-packages/airflow/example_dags/example_branch_labels.py
[2025-09-23T20:11:22.448+0000] {logging_mixin.py:188} INFO - [2025-09-23T20:11:22.447+0000] {dag.py:3036} INFO - Sync 1 DAGs
[2025-09-23T20:11:22.598+0000] {logging_mixin.py:188} INFO - [2025-09-23T20:11:22.597+0000] {dag.py:3823} INFO - Setting next_dagrun for example_branch_labels to 2025-09-22 00:00:00+00:00, run_after=2025-09-23 00:00:00+00:00
[2025-09-23T20:11:22.857+0000] {processor.py:183} INFO - Processing /home/airflow/.local/lib/python3.8/site-packages/airflow/example_dags/example_branch_labels.py took 0.561 seconds
[2025-09-23T20:11:53.473+0000] {processor.py:161} INFO - Started process (PID=2182) to work on /home/airflow/.local/lib/python3.8/site-packages/airflow/example_dags/example_branch_labels.py
[2025-09-23T20:11:53.475+0000] {processor.py:830} INFO - Processing file /home/airflow/.local/lib/python3.8/site-packages/airflow/example_dags/example_branch_labels.py for tasks to queue
[2025-09-23T20:11:53.477+0000] {logging_mixin.py:188} INFO - [2025-09-23T20:11:53.476+0000] {dagbag.py:538} INFO - Filling up the DagBag from /home/airflow/.local/lib/python3.8/site-packages/airflow/example_dags/example_branch_labels.py
[2025-09-23T20:11:53.503+0000] {processor.py:840} INFO - DAG(s) 'example_branch_labels' retrieved from /home/airflow/.local/lib/python3.8/site-packages/airflow/example_dags/example_branch_labels.py
[2025-09-23T20:11:53.563+0000] {logging_mixin.py:188} INFO - [2025-09-23T20:11:53.563+0000] {dag.py:3036} INFO - Sync 1 DAGs
[2025-09-23T20:11:53.643+0000] {logging_mixin.py:188} INFO - [2025-09-23T20:11:53.643+0000] {dag.py:3823} INFO - Setting next_dagrun for example_branch_labels to 2025-09-22 00:00:00+00:00, run_after=2025-09-23 00:00:00+00:00
[2025-09-23T20:11:53.717+0000] {processor.py:183} INFO - Processing /home/airflow/.local/lib/python3.8/site-packages/airflow/example_dags/example_branch_labels.py took 0.252 seconds
[2025-09-23T20:12:27.542+0000] {processor.py:161} INFO - Started process (PID=2424) to work on /home/airflow/.local/lib/python3.8/site-packages/airflow/example_dags/example_branch_labels.py
[2025-09-23T20:12:27.553+0000] {processor.py:830} INFO - Processing file /home/airflow/.local/lib/python3.8/site-packages/airflow/example_dags/example_branch_labels.py for tasks to queue
[2025-09-23T20:12:27.568+0000] {logging_mixin.py:188} INFO - [2025-09-23T20:12:27.566+0000] {dagbag.py:538} INFO - Filling up the DagBag from /home/airflow/.local/lib/python3.8/site-packages/airflow/example_dags/example_branch_labels.py
[2025-09-23T20:12:27.702+0000] {processor.py:840} INFO - DAG(s) 'example_branch_labels' retrieved from /home/airflow/.local/lib/python3.8/site-packages/airflow/example_dags/example_branch_labels.py
[2025-09-23T20:12:27.864+0000] {logging_mixin.py:188} INFO - [2025-09-23T20:12:27.862+0000] {dag.py:3036} INFO - Sync 1 DAGs
[2025-09-23T20:12:28.049+0000] {logging_mixin.py:188} INFO - [2025-09-23T20:12:28.047+0000] {dag.py:3823} INFO - Setting next_dagrun for example_branch_labels to 2025-09-22 00:00:00+00:00, run_after=2025-09-23 00:00:00+00:00
[2025-09-23T20:12:28.166+0000] {processor.py:183} INFO - Processing /home/airflow/.local/lib/python3.8/site-packages/airflow/example_dags/example_branch_labels.py took 0.648 seconds
