[2025-09-23T19:59:44.613+0000] {processor.py:161} INFO - Started process (PID=99) to work on /home/airflow/.local/lib/python3.8/site-packages/airflow/example_dags/example_datasets.py
[2025-09-23T19:59:44.627+0000] {processor.py:830} INFO - Processing file /home/airflow/.local/lib/python3.8/site-packages/airflow/example_dags/example_datasets.py for tasks to queue
[2025-09-23T19:59:44.637+0000] {logging_mixin.py:188} INFO - [2025-09-23T19:59:44.635+0000] {dagbag.py:538} INFO - Filling up the DagBag from /home/airflow/.local/lib/python3.8/site-packages/airflow/example_dags/example_datasets.py
[2025-09-23T19:59:44.717+0000] {processor.py:840} INFO - DAG(s) 'dataset_consumes_1_and_2', 'dataset_consumes_unknown_never_scheduled', 'dataset_consumes_1', 'dataset_produces_1', 'dataset_produces_2', 'dataset_consumes_1_never_scheduled' retrieved from /home/airflow/.local/lib/python3.8/site-packages/airflow/example_dags/example_datasets.py
[2025-09-23T19:59:47.384+0000] {logging_mixin.py:188} INFO - [2025-09-23T19:59:47.371+0000] {dag.py:3036} INFO - Sync 6 DAGs
[2025-09-23T19:59:49.179+0000] {logging_mixin.py:188} INFO - [2025-09-23T19:59:49.169+0000] {dag.py:3823} INFO - Setting next_dagrun for dataset_consumes_1 to None, run_after=None
[2025-09-23T19:59:49.310+0000] {logging_mixin.py:188} INFO - [2025-09-23T19:59:49.286+0000] {dag.py:3823} INFO - Setting next_dagrun for dataset_consumes_1_and_2 to None, run_after=None
[2025-09-23T19:59:49.371+0000] {logging_mixin.py:188} INFO - [2025-09-23T19:59:49.370+0000] {dag.py:3823} INFO - Setting next_dagrun for dataset_consumes_1_never_scheduled to None, run_after=None
[2025-09-23T19:59:49.496+0000] {logging_mixin.py:188} INFO - [2025-09-23T19:59:49.467+0000] {dag.py:3823} INFO - Setting next_dagrun for dataset_consumes_unknown_never_scheduled to None, run_after=None
[2025-09-23T19:59:49.745+0000] {logging_mixin.py:188} INFO - [2025-09-23T19:59:49.733+0000] {dag.py:3823} INFO - Setting next_dagrun for dataset_produces_1 to 2025-09-22 00:00:00+00:00, run_after=2025-09-23 00:00:00+00:00
[2025-09-23T19:59:49.819+0000] {logging_mixin.py:188} INFO - [2025-09-23T19:59:49.811+0000] {dag.py:3823} INFO - Setting next_dagrun for dataset_produces_2 to None, run_after=None
[2025-09-23T19:59:52.122+0000] {processor.py:183} INFO - Processing /home/airflow/.local/lib/python3.8/site-packages/airflow/example_dags/example_datasets.py took 7.565 seconds
[2025-09-23T20:01:49.826+0000] {processor.py:161} INFO - Started process (PID=166) to work on /home/airflow/.local/lib/python3.8/site-packages/airflow/example_dags/example_datasets.py
[2025-09-23T20:01:49.926+0000] {processor.py:830} INFO - Processing file /home/airflow/.local/lib/python3.8/site-packages/airflow/example_dags/example_datasets.py for tasks to queue
[2025-09-23T20:01:50.059+0000] {logging_mixin.py:188} INFO - [2025-09-23T20:01:49.981+0000] {dagbag.py:538} INFO - Filling up the DagBag from /home/airflow/.local/lib/python3.8/site-packages/airflow/example_dags/example_datasets.py
[2025-09-23T20:01:51.043+0000] {processor.py:840} INFO - DAG(s) 'dataset_consumes_1_never_scheduled', 'dataset_produces_1', 'dataset_consumes_1', 'dataset_produces_2', 'dataset_consumes_unknown_never_scheduled', 'dataset_consumes_1_and_2' retrieved from /home/airflow/.local/lib/python3.8/site-packages/airflow/example_dags/example_datasets.py
[2025-09-23T20:01:53.334+0000] {logging_mixin.py:188} INFO - [2025-09-23T20:01:53.333+0000] {dag.py:3036} INFO - Sync 6 DAGs
[2025-09-23T20:01:54.448+0000] {logging_mixin.py:188} INFO - [2025-09-23T20:01:54.445+0000] {dag.py:3823} INFO - Setting next_dagrun for dataset_consumes_1 to None, run_after=None
[2025-09-23T20:01:54.531+0000] {logging_mixin.py:188} INFO - [2025-09-23T20:01:54.529+0000] {dag.py:3823} INFO - Setting next_dagrun for dataset_consumes_1_and_2 to None, run_after=None
[2025-09-23T20:01:54.560+0000] {logging_mixin.py:188} INFO - [2025-09-23T20:01:54.555+0000] {dag.py:3823} INFO - Setting next_dagrun for dataset_consumes_1_never_scheduled to None, run_after=None
[2025-09-23T20:01:54.591+0000] {logging_mixin.py:188} INFO - [2025-09-23T20:01:54.580+0000] {dag.py:3823} INFO - Setting next_dagrun for dataset_consumes_unknown_never_scheduled to None, run_after=None
[2025-09-23T20:01:54.973+0000] {logging_mixin.py:188} INFO - [2025-09-23T20:01:54.951+0000] {dag.py:3823} INFO - Setting next_dagrun for dataset_produces_1 to 2025-09-22 00:00:00+00:00, run_after=2025-09-23 00:00:00+00:00
[2025-09-23T20:01:55.032+0000] {logging_mixin.py:188} INFO - [2025-09-23T20:01:55.020+0000] {dag.py:3823} INFO - Setting next_dagrun for dataset_produces_2 to None, run_after=None
[2025-09-23T20:01:56.937+0000] {processor.py:183} INFO - Processing /home/airflow/.local/lib/python3.8/site-packages/airflow/example_dags/example_datasets.py took 7.132 seconds
[2025-09-23T20:07:43.954+0000] {processor.py:161} INFO - Started process (PID=240) to work on /home/airflow/.local/lib/python3.8/site-packages/airflow/example_dags/example_datasets.py
[2025-09-23T20:07:43.962+0000] {processor.py:830} INFO - Processing file /home/airflow/.local/lib/python3.8/site-packages/airflow/example_dags/example_datasets.py for tasks to queue
[2025-09-23T20:07:43.965+0000] {logging_mixin.py:188} INFO - [2025-09-23T20:07:43.964+0000] {dagbag.py:538} INFO - Filling up the DagBag from /home/airflow/.local/lib/python3.8/site-packages/airflow/example_dags/example_datasets.py
[2025-09-23T20:07:43.998+0000] {processor.py:840} INFO - DAG(s) 'dataset_consumes_1_never_scheduled', 'dataset_consumes_unknown_never_scheduled', 'dataset_consumes_1_and_2', 'dataset_consumes_1', 'dataset_produces_1', 'dataset_produces_2' retrieved from /home/airflow/.local/lib/python3.8/site-packages/airflow/example_dags/example_datasets.py
[2025-09-23T20:07:44.426+0000] {logging_mixin.py:188} INFO - [2025-09-23T20:07:44.422+0000] {override.py:1769} INFO - Created Permission View: can delete on DAG:dataset_consumes_1_never_scheduled
[2025-09-23T20:07:44.500+0000] {logging_mixin.py:188} INFO - [2025-09-23T20:07:44.499+0000] {override.py:1769} INFO - Created Permission View: can read on DAG:dataset_consumes_1_never_scheduled
[2025-09-23T20:07:44.525+0000] {logging_mixin.py:188} INFO - [2025-09-23T20:07:44.524+0000] {override.py:1769} INFO - Created Permission View: can edit on DAG:dataset_consumes_1_never_scheduled
[2025-09-23T20:07:44.566+0000] {logging_mixin.py:188} INFO - [2025-09-23T20:07:44.565+0000] {override.py:1769} INFO - Created Permission View: can delete on DAG:dataset_consumes_unknown_never_scheduled
[2025-09-23T20:07:44.590+0000] {logging_mixin.py:188} INFO - [2025-09-23T20:07:44.589+0000] {override.py:1769} INFO - Created Permission View: can read on DAG:dataset_consumes_unknown_never_scheduled
[2025-09-23T20:07:44.611+0000] {logging_mixin.py:188} INFO - [2025-09-23T20:07:44.610+0000] {override.py:1769} INFO - Created Permission View: can edit on DAG:dataset_consumes_unknown_never_scheduled
[2025-09-23T20:07:44.647+0000] {logging_mixin.py:188} INFO - [2025-09-23T20:07:44.646+0000] {override.py:1769} INFO - Created Permission View: can delete on DAG:dataset_consumes_1_and_2
[2025-09-23T20:07:44.666+0000] {logging_mixin.py:188} INFO - [2025-09-23T20:07:44.665+0000] {override.py:1769} INFO - Created Permission View: can read on DAG:dataset_consumes_1_and_2
[2025-09-23T20:07:44.686+0000] {logging_mixin.py:188} INFO - [2025-09-23T20:07:44.686+0000] {override.py:1769} INFO - Created Permission View: can edit on DAG:dataset_consumes_1_and_2
[2025-09-23T20:07:44.729+0000] {logging_mixin.py:188} INFO - [2025-09-23T20:07:44.728+0000] {override.py:1769} INFO - Created Permission View: can delete on DAG:dataset_consumes_1
[2025-09-23T20:07:44.750+0000] {logging_mixin.py:188} INFO - [2025-09-23T20:07:44.749+0000] {override.py:1769} INFO - Created Permission View: can read on DAG:dataset_consumes_1
[2025-09-23T20:07:44.771+0000] {logging_mixin.py:188} INFO - [2025-09-23T20:07:44.770+0000] {override.py:1769} INFO - Created Permission View: can edit on DAG:dataset_consumes_1
[2025-09-23T20:07:44.810+0000] {logging_mixin.py:188} INFO - [2025-09-23T20:07:44.808+0000] {override.py:1769} INFO - Created Permission View: can delete on DAG:dataset_produces_1
[2025-09-23T20:07:44.838+0000] {logging_mixin.py:188} INFO - [2025-09-23T20:07:44.837+0000] {override.py:1769} INFO - Created Permission View: can read on DAG:dataset_produces_1
[2025-09-23T20:07:44.874+0000] {logging_mixin.py:188} INFO - [2025-09-23T20:07:44.873+0000] {override.py:1769} INFO - Created Permission View: can edit on DAG:dataset_produces_1
[2025-09-23T20:07:44.906+0000] {logging_mixin.py:188} INFO - [2025-09-23T20:07:44.905+0000] {override.py:1769} INFO - Created Permission View: can delete on DAG:dataset_produces_2
[2025-09-23T20:07:44.937+0000] {logging_mixin.py:188} INFO - [2025-09-23T20:07:44.934+0000] {override.py:1769} INFO - Created Permission View: can read on DAG:dataset_produces_2
[2025-09-23T20:07:44.963+0000] {logging_mixin.py:188} INFO - [2025-09-23T20:07:44.962+0000] {override.py:1769} INFO - Created Permission View: can edit on DAG:dataset_produces_2
[2025-09-23T20:07:44.964+0000] {logging_mixin.py:188} INFO - [2025-09-23T20:07:44.963+0000] {dag.py:3036} INFO - Sync 6 DAGs
[2025-09-23T20:07:44.997+0000] {logging_mixin.py:188} INFO - [2025-09-23T20:07:44.996+0000] {dag.py:3058} INFO - Creating ORM DAG for dataset_produces_2
[2025-09-23T20:07:44.999+0000] {logging_mixin.py:188} INFO - [2025-09-23T20:07:44.998+0000] {dag.py:3058} INFO - Creating ORM DAG for dataset_consumes_1_never_scheduled
[2025-09-23T20:07:45.000+0000] {logging_mixin.py:188} INFO - [2025-09-23T20:07:45.000+0000] {dag.py:3058} INFO - Creating ORM DAG for dataset_consumes_unknown_never_scheduled
[2025-09-23T20:07:45.002+0000] {logging_mixin.py:188} INFO - [2025-09-23T20:07:45.002+0000] {dag.py:3058} INFO - Creating ORM DAG for dataset_produces_1
[2025-09-23T20:07:45.004+0000] {logging_mixin.py:188} INFO - [2025-09-23T20:07:45.003+0000] {dag.py:3058} INFO - Creating ORM DAG for dataset_consumes_1_and_2
[2025-09-23T20:07:45.006+0000] {logging_mixin.py:188} INFO - [2025-09-23T20:07:45.005+0000] {dag.py:3058} INFO - Creating ORM DAG for dataset_consumes_1
[2025-09-23T20:07:45.036+0000] {logging_mixin.py:188} INFO - [2025-09-23T20:07:45.036+0000] {dag.py:3823} INFO - Setting next_dagrun for dataset_consumes_1 to None, run_after=None
[2025-09-23T20:07:45.038+0000] {logging_mixin.py:188} INFO - [2025-09-23T20:07:45.038+0000] {dag.py:3823} INFO - Setting next_dagrun for dataset_consumes_1_and_2 to None, run_after=None
[2025-09-23T20:07:45.040+0000] {logging_mixin.py:188} INFO - [2025-09-23T20:07:45.040+0000] {dag.py:3823} INFO - Setting next_dagrun for dataset_consumes_1_never_scheduled to None, run_after=None
[2025-09-23T20:07:45.042+0000] {logging_mixin.py:188} INFO - [2025-09-23T20:07:45.042+0000] {dag.py:3823} INFO - Setting next_dagrun for dataset_consumes_unknown_never_scheduled to None, run_after=None
[2025-09-23T20:07:45.050+0000] {logging_mixin.py:188} INFO - [2025-09-23T20:07:45.050+0000] {dag.py:3823} INFO - Setting next_dagrun for dataset_produces_1 to 2025-09-22 00:00:00+00:00, run_after=2025-09-23 00:00:00+00:00
[2025-09-23T20:07:45.052+0000] {logging_mixin.py:188} INFO - [2025-09-23T20:07:45.052+0000] {dag.py:3823} INFO - Setting next_dagrun for dataset_produces_2 to None, run_after=None
[2025-09-23T20:07:45.172+0000] {processor.py:183} INFO - Processing /home/airflow/.local/lib/python3.8/site-packages/airflow/example_dags/example_datasets.py took 1.229 seconds
[2025-09-23T20:08:15.744+0000] {processor.py:161} INFO - Started process (PID=489) to work on /home/airflow/.local/lib/python3.8/site-packages/airflow/example_dags/example_datasets.py
[2025-09-23T20:08:15.752+0000] {processor.py:830} INFO - Processing file /home/airflow/.local/lib/python3.8/site-packages/airflow/example_dags/example_datasets.py for tasks to queue
[2025-09-23T20:08:15.761+0000] {logging_mixin.py:188} INFO - [2025-09-23T20:08:15.758+0000] {dagbag.py:538} INFO - Filling up the DagBag from /home/airflow/.local/lib/python3.8/site-packages/airflow/example_dags/example_datasets.py
[2025-09-23T20:08:15.809+0000] {processor.py:840} INFO - DAG(s) 'dataset_produces_1', 'dataset_produces_2', 'dataset_consumes_1', 'dataset_consumes_1_never_scheduled', 'dataset_consumes_unknown_never_scheduled', 'dataset_consumes_1_and_2' retrieved from /home/airflow/.local/lib/python3.8/site-packages/airflow/example_dags/example_datasets.py
[2025-09-23T20:08:16.039+0000] {logging_mixin.py:188} INFO - [2025-09-23T20:08:16.038+0000] {dag.py:3036} INFO - Sync 6 DAGs
[2025-09-23T20:08:16.131+0000] {logging_mixin.py:188} INFO - [2025-09-23T20:08:16.130+0000] {dag.py:3823} INFO - Setting next_dagrun for dataset_consumes_1 to None, run_after=None
[2025-09-23T20:08:16.144+0000] {logging_mixin.py:188} INFO - [2025-09-23T20:08:16.144+0000] {dag.py:3823} INFO - Setting next_dagrun for dataset_consumes_1_and_2 to None, run_after=None
[2025-09-23T20:08:16.149+0000] {logging_mixin.py:188} INFO - [2025-09-23T20:08:16.148+0000] {dag.py:3823} INFO - Setting next_dagrun for dataset_consumes_1_never_scheduled to None, run_after=None
[2025-09-23T20:08:16.154+0000] {logging_mixin.py:188} INFO - [2025-09-23T20:08:16.153+0000] {dag.py:3823} INFO - Setting next_dagrun for dataset_consumes_unknown_never_scheduled to None, run_after=None
[2025-09-23T20:08:16.166+0000] {logging_mixin.py:188} INFO - [2025-09-23T20:08:16.165+0000] {dag.py:3823} INFO - Setting next_dagrun for dataset_produces_1 to 2025-09-22 00:00:00+00:00, run_after=2025-09-23 00:00:00+00:00
[2025-09-23T20:08:16.172+0000] {logging_mixin.py:188} INFO - [2025-09-23T20:08:16.171+0000] {dag.py:3823} INFO - Setting next_dagrun for dataset_produces_2 to None, run_after=None
[2025-09-23T20:08:16.299+0000] {processor.py:183} INFO - Processing /home/airflow/.local/lib/python3.8/site-packages/airflow/example_dags/example_datasets.py took 0.571 seconds
[2025-09-23T20:08:47.379+0000] {processor.py:161} INFO - Started process (PID=735) to work on /home/airflow/.local/lib/python3.8/site-packages/airflow/example_dags/example_datasets.py
[2025-09-23T20:08:47.385+0000] {processor.py:830} INFO - Processing file /home/airflow/.local/lib/python3.8/site-packages/airflow/example_dags/example_datasets.py for tasks to queue
[2025-09-23T20:08:47.391+0000] {logging_mixin.py:188} INFO - [2025-09-23T20:08:47.389+0000] {dagbag.py:538} INFO - Filling up the DagBag from /home/airflow/.local/lib/python3.8/site-packages/airflow/example_dags/example_datasets.py
[2025-09-23T20:08:47.464+0000] {processor.py:840} INFO - DAG(s) 'dataset_consumes_1', 'dataset_produces_1', 'dataset_produces_2', 'dataset_consumes_unknown_never_scheduled', 'dataset_consumes_1_and_2', 'dataset_consumes_1_never_scheduled' retrieved from /home/airflow/.local/lib/python3.8/site-packages/airflow/example_dags/example_datasets.py
[2025-09-23T20:08:47.835+0000] {logging_mixin.py:188} INFO - [2025-09-23T20:08:47.832+0000] {dag.py:3036} INFO - Sync 6 DAGs
[2025-09-23T20:08:48.009+0000] {logging_mixin.py:188} INFO - [2025-09-23T20:08:48.008+0000] {dag.py:3823} INFO - Setting next_dagrun for dataset_consumes_1 to None, run_after=None
[2025-09-23T20:08:48.049+0000] {logging_mixin.py:188} INFO - [2025-09-23T20:08:48.046+0000] {dag.py:3823} INFO - Setting next_dagrun for dataset_consumes_1_and_2 to None, run_after=None
[2025-09-23T20:08:48.059+0000] {logging_mixin.py:188} INFO - [2025-09-23T20:08:48.058+0000] {dag.py:3823} INFO - Setting next_dagrun for dataset_consumes_1_never_scheduled to None, run_after=None
[2025-09-23T20:08:48.069+0000] {logging_mixin.py:188} INFO - [2025-09-23T20:08:48.066+0000] {dag.py:3823} INFO - Setting next_dagrun for dataset_consumes_unknown_never_scheduled to None, run_after=None
[2025-09-23T20:08:48.099+0000] {logging_mixin.py:188} INFO - [2025-09-23T20:08:48.099+0000] {dag.py:3823} INFO - Setting next_dagrun for dataset_produces_1 to 2025-09-22 00:00:00+00:00, run_after=2025-09-23 00:00:00+00:00
[2025-09-23T20:08:48.110+0000] {logging_mixin.py:188} INFO - [2025-09-23T20:08:48.109+0000] {dag.py:3823} INFO - Setting next_dagrun for dataset_produces_2 to None, run_after=None
[2025-09-23T20:08:48.337+0000] {processor.py:183} INFO - Processing /home/airflow/.local/lib/python3.8/site-packages/airflow/example_dags/example_datasets.py took 0.979 seconds
[2025-09-23T20:09:18.994+0000] {processor.py:161} INFO - Started process (PID=981) to work on /home/airflow/.local/lib/python3.8/site-packages/airflow/example_dags/example_datasets.py
[2025-09-23T20:09:19.006+0000] {processor.py:830} INFO - Processing file /home/airflow/.local/lib/python3.8/site-packages/airflow/example_dags/example_datasets.py for tasks to queue
[2025-09-23T20:09:19.011+0000] {logging_mixin.py:188} INFO - [2025-09-23T20:09:19.010+0000] {dagbag.py:538} INFO - Filling up the DagBag from /home/airflow/.local/lib/python3.8/site-packages/airflow/example_dags/example_datasets.py
[2025-09-23T20:09:19.088+0000] {processor.py:840} INFO - DAG(s) 'dataset_consumes_1_and_2', 'dataset_consumes_1', 'dataset_produces_1', 'dataset_consumes_unknown_never_scheduled', 'dataset_consumes_1_never_scheduled', 'dataset_produces_2' retrieved from /home/airflow/.local/lib/python3.8/site-packages/airflow/example_dags/example_datasets.py
[2025-09-23T20:09:19.459+0000] {logging_mixin.py:188} INFO - [2025-09-23T20:09:19.459+0000] {dag.py:3036} INFO - Sync 6 DAGs
[2025-09-23T20:09:19.979+0000] {logging_mixin.py:188} INFO - [2025-09-23T20:09:19.977+0000] {dag.py:3823} INFO - Setting next_dagrun for dataset_consumes_1 to None, run_after=None
[2025-09-23T20:09:19.993+0000] {logging_mixin.py:188} INFO - [2025-09-23T20:09:19.992+0000] {dag.py:3823} INFO - Setting next_dagrun for dataset_consumes_1_and_2 to None, run_after=None
[2025-09-23T20:09:19.999+0000] {logging_mixin.py:188} INFO - [2025-09-23T20:09:19.998+0000] {dag.py:3823} INFO - Setting next_dagrun for dataset_consumes_1_never_scheduled to None, run_after=None
[2025-09-23T20:09:20.004+0000] {logging_mixin.py:188} INFO - [2025-09-23T20:09:20.003+0000] {dag.py:3823} INFO - Setting next_dagrun for dataset_consumes_unknown_never_scheduled to None, run_after=None
[2025-09-23T20:09:20.019+0000] {logging_mixin.py:188} INFO - [2025-09-23T20:09:20.018+0000] {dag.py:3823} INFO - Setting next_dagrun for dataset_produces_1 to 2025-09-22 00:00:00+00:00, run_after=2025-09-23 00:00:00+00:00
[2025-09-23T20:09:20.024+0000] {logging_mixin.py:188} INFO - [2025-09-23T20:09:20.023+0000] {dag.py:3823} INFO - Setting next_dagrun for dataset_produces_2 to None, run_after=None
[2025-09-23T20:09:20.215+0000] {processor.py:183} INFO - Processing /home/airflow/.local/lib/python3.8/site-packages/airflow/example_dags/example_datasets.py took 1.259 seconds
[2025-09-23T20:09:50.600+0000] {processor.py:161} INFO - Started process (PID=1225) to work on /home/airflow/.local/lib/python3.8/site-packages/airflow/example_dags/example_datasets.py
[2025-09-23T20:09:50.601+0000] {processor.py:830} INFO - Processing file /home/airflow/.local/lib/python3.8/site-packages/airflow/example_dags/example_datasets.py for tasks to queue
[2025-09-23T20:09:50.603+0000] {logging_mixin.py:188} INFO - [2025-09-23T20:09:50.602+0000] {dagbag.py:538} INFO - Filling up the DagBag from /home/airflow/.local/lib/python3.8/site-packages/airflow/example_dags/example_datasets.py
[2025-09-23T20:09:50.618+0000] {processor.py:840} INFO - DAG(s) 'dataset_produces_1', 'dataset_consumes_1', 'dataset_produces_2', 'dataset_consumes_1_and_2', 'dataset_consumes_unknown_never_scheduled', 'dataset_consumes_1_never_scheduled' retrieved from /home/airflow/.local/lib/python3.8/site-packages/airflow/example_dags/example_datasets.py
[2025-09-23T20:09:50.681+0000] {logging_mixin.py:188} INFO - [2025-09-23T20:09:50.681+0000] {dag.py:3036} INFO - Sync 6 DAGs
[2025-09-23T20:09:50.722+0000] {logging_mixin.py:188} INFO - [2025-09-23T20:09:50.721+0000] {dag.py:3823} INFO - Setting next_dagrun for dataset_consumes_1 to None, run_after=None
[2025-09-23T20:09:50.729+0000] {logging_mixin.py:188} INFO - [2025-09-23T20:09:50.728+0000] {dag.py:3823} INFO - Setting next_dagrun for dataset_consumes_1_and_2 to None, run_after=None
[2025-09-23T20:09:50.731+0000] {logging_mixin.py:188} INFO - [2025-09-23T20:09:50.731+0000] {dag.py:3823} INFO - Setting next_dagrun for dataset_consumes_1_never_scheduled to None, run_after=None
[2025-09-23T20:09:50.734+0000] {logging_mixin.py:188} INFO - [2025-09-23T20:09:50.733+0000] {dag.py:3823} INFO - Setting next_dagrun for dataset_consumes_unknown_never_scheduled to None, run_after=None
[2025-09-23T20:09:50.739+0000] {logging_mixin.py:188} INFO - [2025-09-23T20:09:50.739+0000] {dag.py:3823} INFO - Setting next_dagrun for dataset_produces_1 to 2025-09-22 00:00:00+00:00, run_after=2025-09-23 00:00:00+00:00
[2025-09-23T20:09:50.741+0000] {logging_mixin.py:188} INFO - [2025-09-23T20:09:50.741+0000] {dag.py:3823} INFO - Setting next_dagrun for dataset_produces_2 to None, run_after=None
[2025-09-23T20:09:50.805+0000] {processor.py:183} INFO - Processing /home/airflow/.local/lib/python3.8/site-packages/airflow/example_dags/example_datasets.py took 0.213 seconds
[2025-09-23T20:10:21.838+0000] {processor.py:161} INFO - Started process (PID=1470) to work on /home/airflow/.local/lib/python3.8/site-packages/airflow/example_dags/example_datasets.py
[2025-09-23T20:10:21.847+0000] {processor.py:830} INFO - Processing file /home/airflow/.local/lib/python3.8/site-packages/airflow/example_dags/example_datasets.py for tasks to queue
[2025-09-23T20:10:21.850+0000] {logging_mixin.py:188} INFO - [2025-09-23T20:10:21.849+0000] {dagbag.py:538} INFO - Filling up the DagBag from /home/airflow/.local/lib/python3.8/site-packages/airflow/example_dags/example_datasets.py
[2025-09-23T20:10:21.894+0000] {processor.py:840} INFO - DAG(s) 'dataset_produces_2', 'dataset_consumes_1_and_2', 'dataset_consumes_1_never_scheduled', 'dataset_produces_1', 'dataset_consumes_1', 'dataset_consumes_unknown_never_scheduled' retrieved from /home/airflow/.local/lib/python3.8/site-packages/airflow/example_dags/example_datasets.py
[2025-09-23T20:10:22.153+0000] {logging_mixin.py:188} INFO - [2025-09-23T20:10:22.152+0000] {dag.py:3036} INFO - Sync 6 DAGs
[2025-09-23T20:10:22.365+0000] {logging_mixin.py:188} INFO - [2025-09-23T20:10:22.364+0000] {dag.py:3823} INFO - Setting next_dagrun for dataset_consumes_1 to None, run_after=None
[2025-09-23T20:10:22.385+0000] {logging_mixin.py:188} INFO - [2025-09-23T20:10:22.385+0000] {dag.py:3823} INFO - Setting next_dagrun for dataset_consumes_1_and_2 to None, run_after=None
[2025-09-23T20:10:22.404+0000] {logging_mixin.py:188} INFO - [2025-09-23T20:10:22.404+0000] {dag.py:3823} INFO - Setting next_dagrun for dataset_consumes_1_never_scheduled to None, run_after=None
[2025-09-23T20:10:22.430+0000] {logging_mixin.py:188} INFO - [2025-09-23T20:10:22.429+0000] {dag.py:3823} INFO - Setting next_dagrun for dataset_consumes_unknown_never_scheduled to None, run_after=None
[2025-09-23T20:10:22.500+0000] {logging_mixin.py:188} INFO - [2025-09-23T20:10:22.498+0000] {dag.py:3823} INFO - Setting next_dagrun for dataset_produces_1 to 2025-09-22 00:00:00+00:00, run_after=2025-09-23 00:00:00+00:00
[2025-09-23T20:10:22.530+0000] {logging_mixin.py:188} INFO - [2025-09-23T20:10:22.524+0000] {dag.py:3823} INFO - Setting next_dagrun for dataset_produces_2 to None, run_after=None
[2025-09-23T20:10:22.684+0000] {processor.py:183} INFO - Processing /home/airflow/.local/lib/python3.8/site-packages/airflow/example_dags/example_datasets.py took 0.860 seconds
[2025-09-23T20:10:52.977+0000] {processor.py:161} INFO - Started process (PID=1717) to work on /home/airflow/.local/lib/python3.8/site-packages/airflow/example_dags/example_datasets.py
[2025-09-23T20:10:52.986+0000] {processor.py:830} INFO - Processing file /home/airflow/.local/lib/python3.8/site-packages/airflow/example_dags/example_datasets.py for tasks to queue
[2025-09-23T20:10:52.996+0000] {logging_mixin.py:188} INFO - [2025-09-23T20:10:52.993+0000] {dagbag.py:538} INFO - Filling up the DagBag from /home/airflow/.local/lib/python3.8/site-packages/airflow/example_dags/example_datasets.py
[2025-09-23T20:10:53.042+0000] {processor.py:840} INFO - DAG(s) 'dataset_produces_2', 'dataset_produces_1', 'dataset_consumes_1_and_2', 'dataset_consumes_unknown_never_scheduled', 'dataset_consumes_1', 'dataset_consumes_1_never_scheduled' retrieved from /home/airflow/.local/lib/python3.8/site-packages/airflow/example_dags/example_datasets.py
[2025-09-23T20:10:53.248+0000] {logging_mixin.py:188} INFO - [2025-09-23T20:10:53.247+0000] {dag.py:3036} INFO - Sync 6 DAGs
[2025-09-23T20:10:53.439+0000] {logging_mixin.py:188} INFO - [2025-09-23T20:10:53.438+0000] {dag.py:3823} INFO - Setting next_dagrun for dataset_consumes_1 to None, run_after=None
[2025-09-23T20:10:53.456+0000] {logging_mixin.py:188} INFO - [2025-09-23T20:10:53.455+0000] {dag.py:3823} INFO - Setting next_dagrun for dataset_consumes_1_and_2 to None, run_after=None
[2025-09-23T20:10:53.462+0000] {logging_mixin.py:188} INFO - [2025-09-23T20:10:53.461+0000] {dag.py:3823} INFO - Setting next_dagrun for dataset_consumes_1_never_scheduled to None, run_after=None
[2025-09-23T20:10:53.468+0000] {logging_mixin.py:188} INFO - [2025-09-23T20:10:53.467+0000] {dag.py:3823} INFO - Setting next_dagrun for dataset_consumes_unknown_never_scheduled to None, run_after=None
[2025-09-23T20:10:53.485+0000] {logging_mixin.py:188} INFO - [2025-09-23T20:10:53.483+0000] {dag.py:3823} INFO - Setting next_dagrun for dataset_produces_1 to 2025-09-22 00:00:00+00:00, run_after=2025-09-23 00:00:00+00:00
[2025-09-23T20:10:53.492+0000] {logging_mixin.py:188} INFO - [2025-09-23T20:10:53.491+0000] {dag.py:3823} INFO - Setting next_dagrun for dataset_produces_2 to None, run_after=None
[2025-09-23T20:10:53.681+0000] {processor.py:183} INFO - Processing /home/airflow/.local/lib/python3.8/site-packages/airflow/example_dags/example_datasets.py took 0.719 seconds
[2025-09-23T20:11:24.788+0000] {processor.py:161} INFO - Started process (PID=1964) to work on /home/airflow/.local/lib/python3.8/site-packages/airflow/example_dags/example_datasets.py
[2025-09-23T20:11:24.791+0000] {processor.py:830} INFO - Processing file /home/airflow/.local/lib/python3.8/site-packages/airflow/example_dags/example_datasets.py for tasks to queue
[2025-09-23T20:11:24.796+0000] {logging_mixin.py:188} INFO - [2025-09-23T20:11:24.794+0000] {dagbag.py:538} INFO - Filling up the DagBag from /home/airflow/.local/lib/python3.8/site-packages/airflow/example_dags/example_datasets.py
[2025-09-23T20:11:24.844+0000] {processor.py:840} INFO - DAG(s) 'dataset_consumes_1_and_2', 'dataset_consumes_unknown_never_scheduled', 'dataset_consumes_1_never_scheduled', 'dataset_produces_1', 'dataset_consumes_1', 'dataset_produces_2' retrieved from /home/airflow/.local/lib/python3.8/site-packages/airflow/example_dags/example_datasets.py
[2025-09-23T20:11:25.065+0000] {logging_mixin.py:188} INFO - [2025-09-23T20:11:25.064+0000] {dag.py:3036} INFO - Sync 6 DAGs
[2025-09-23T20:11:25.253+0000] {logging_mixin.py:188} INFO - [2025-09-23T20:11:25.252+0000] {dag.py:3823} INFO - Setting next_dagrun for dataset_consumes_1 to None, run_after=None
[2025-09-23T20:11:25.270+0000] {logging_mixin.py:188} INFO - [2025-09-23T20:11:25.269+0000] {dag.py:3823} INFO - Setting next_dagrun for dataset_consumes_1_and_2 to None, run_after=None
[2025-09-23T20:11:25.276+0000] {logging_mixin.py:188} INFO - [2025-09-23T20:11:25.275+0000] {dag.py:3823} INFO - Setting next_dagrun for dataset_consumes_1_never_scheduled to None, run_after=None
[2025-09-23T20:11:25.282+0000] {logging_mixin.py:188} INFO - [2025-09-23T20:11:25.281+0000] {dag.py:3823} INFO - Setting next_dagrun for dataset_consumes_unknown_never_scheduled to None, run_after=None
[2025-09-23T20:11:25.296+0000] {logging_mixin.py:188} INFO - [2025-09-23T20:11:25.295+0000] {dag.py:3823} INFO - Setting next_dagrun for dataset_produces_1 to 2025-09-22 00:00:00+00:00, run_after=2025-09-23 00:00:00+00:00
[2025-09-23T20:11:25.302+0000] {logging_mixin.py:188} INFO - [2025-09-23T20:11:25.301+0000] {dag.py:3823} INFO - Setting next_dagrun for dataset_produces_2 to None, run_after=None
[2025-09-23T20:11:25.455+0000] {processor.py:183} INFO - Processing /home/airflow/.local/lib/python3.8/site-packages/airflow/example_dags/example_datasets.py took 0.681 seconds
[2025-09-23T20:11:55.788+0000] {processor.py:161} INFO - Started process (PID=2214) to work on /home/airflow/.local/lib/python3.8/site-packages/airflow/example_dags/example_datasets.py
[2025-09-23T20:11:55.790+0000] {processor.py:830} INFO - Processing file /home/airflow/.local/lib/python3.8/site-packages/airflow/example_dags/example_datasets.py for tasks to queue
[2025-09-23T20:11:55.793+0000] {logging_mixin.py:188} INFO - [2025-09-23T20:11:55.792+0000] {dagbag.py:538} INFO - Filling up the DagBag from /home/airflow/.local/lib/python3.8/site-packages/airflow/example_dags/example_datasets.py
[2025-09-23T20:11:55.824+0000] {processor.py:840} INFO - DAG(s) 'dataset_produces_1', 'dataset_consumes_unknown_never_scheduled', 'dataset_consumes_1_never_scheduled', 'dataset_consumes_1_and_2', 'dataset_consumes_1', 'dataset_produces_2' retrieved from /home/airflow/.local/lib/python3.8/site-packages/airflow/example_dags/example_datasets.py
[2025-09-23T20:11:55.924+0000] {logging_mixin.py:188} INFO - [2025-09-23T20:11:55.924+0000] {dag.py:3036} INFO - Sync 6 DAGs
[2025-09-23T20:11:56.039+0000] {logging_mixin.py:188} INFO - [2025-09-23T20:11:56.039+0000] {dag.py:3823} INFO - Setting next_dagrun for dataset_consumes_1 to None, run_after=None
[2025-09-23T20:11:56.050+0000] {logging_mixin.py:188} INFO - [2025-09-23T20:11:56.050+0000] {dag.py:3823} INFO - Setting next_dagrun for dataset_consumes_1_and_2 to None, run_after=None
[2025-09-23T20:11:56.055+0000] {logging_mixin.py:188} INFO - [2025-09-23T20:11:56.054+0000] {dag.py:3823} INFO - Setting next_dagrun for dataset_consumes_1_never_scheduled to None, run_after=None
[2025-09-23T20:11:56.059+0000] {logging_mixin.py:188} INFO - [2025-09-23T20:11:56.058+0000] {dag.py:3823} INFO - Setting next_dagrun for dataset_consumes_unknown_never_scheduled to None, run_after=None
[2025-09-23T20:11:56.070+0000] {logging_mixin.py:188} INFO - [2025-09-23T20:11:56.069+0000] {dag.py:3823} INFO - Setting next_dagrun for dataset_produces_1 to 2025-09-22 00:00:00+00:00, run_after=2025-09-23 00:00:00+00:00
[2025-09-23T20:11:56.074+0000] {logging_mixin.py:188} INFO - [2025-09-23T20:11:56.073+0000] {dag.py:3823} INFO - Setting next_dagrun for dataset_produces_2 to None, run_after=None
[2025-09-23T20:11:56.160+0000] {processor.py:183} INFO - Processing /home/airflow/.local/lib/python3.8/site-packages/airflow/example_dags/example_datasets.py took 0.383 seconds
[2025-09-23T20:12:31.715+0000] {processor.py:161} INFO - Started process (PID=2456) to work on /home/airflow/.local/lib/python3.8/site-packages/airflow/example_dags/example_datasets.py
[2025-09-23T20:12:31.727+0000] {processor.py:830} INFO - Processing file /home/airflow/.local/lib/python3.8/site-packages/airflow/example_dags/example_datasets.py for tasks to queue
[2025-09-23T20:12:31.740+0000] {logging_mixin.py:188} INFO - [2025-09-23T20:12:31.734+0000] {dagbag.py:538} INFO - Filling up the DagBag from /home/airflow/.local/lib/python3.8/site-packages/airflow/example_dags/example_datasets.py
[2025-09-23T20:12:32.133+0000] {processor.py:840} INFO - DAG(s) 'dataset_produces_2', 'dataset_consumes_unknown_never_scheduled', 'dataset_consumes_1_and_2', 'dataset_produces_1', 'dataset_consumes_1_never_scheduled', 'dataset_consumes_1' retrieved from /home/airflow/.local/lib/python3.8/site-packages/airflow/example_dags/example_datasets.py
[2025-09-23T20:12:32.766+0000] {logging_mixin.py:188} INFO - [2025-09-23T20:12:32.765+0000] {dag.py:3036} INFO - Sync 6 DAGs
[2025-09-23T20:12:33.075+0000] {logging_mixin.py:188} INFO - [2025-09-23T20:12:33.074+0000] {dag.py:3823} INFO - Setting next_dagrun for dataset_consumes_1 to None, run_after=None
[2025-09-23T20:12:33.108+0000] {logging_mixin.py:188} INFO - [2025-09-23T20:12:33.106+0000] {dag.py:3823} INFO - Setting next_dagrun for dataset_consumes_1_and_2 to None, run_after=None
[2025-09-23T20:12:33.121+0000] {logging_mixin.py:188} INFO - [2025-09-23T20:12:33.119+0000] {dag.py:3823} INFO - Setting next_dagrun for dataset_consumes_1_never_scheduled to None, run_after=None
[2025-09-23T20:12:33.131+0000] {logging_mixin.py:188} INFO - [2025-09-23T20:12:33.129+0000] {dag.py:3823} INFO - Setting next_dagrun for dataset_consumes_unknown_never_scheduled to None, run_after=None
[2025-09-23T20:12:33.155+0000] {logging_mixin.py:188} INFO - [2025-09-23T20:12:33.153+0000] {dag.py:3823} INFO - Setting next_dagrun for dataset_produces_1 to 2025-09-22 00:00:00+00:00, run_after=2025-09-23 00:00:00+00:00
[2025-09-23T20:12:33.166+0000] {logging_mixin.py:188} INFO - [2025-09-23T20:12:33.164+0000] {dag.py:3823} INFO - Setting next_dagrun for dataset_produces_2 to None, run_after=None
[2025-09-23T20:12:33.697+0000] {processor.py:183} INFO - Processing /home/airflow/.local/lib/python3.8/site-packages/airflow/example_dags/example_datasets.py took 2.033 seconds
