[2025-09-23T19:59:56.320+0000] {processor.py:161} INFO - Started process (PID=103) to work on /home/airflow/.local/lib/python3.8/site-packages/airflow/example_dags/example_kubernetes_executor.py
[2025-09-23T19:59:56.331+0000] {processor.py:830} INFO - Processing file /home/airflow/.local/lib/python3.8/site-packages/airflow/example_dags/example_kubernetes_executor.py for tasks to queue
[2025-09-23T19:59:56.353+0000] {logging_mixin.py:188} INFO - [2025-09-23T19:59:56.351+0000] {dagbag.py:538} INFO - Filling up the DagBag from /home/airflow/.local/lib/python3.8/site-packages/airflow/example_dags/example_kubernetes_executor.py
[2025-09-23T19:59:56.513+0000] {processor.py:840} INFO - DAG(s) 'example_kubernetes_executor' retrieved from /home/airflow/.local/lib/python3.8/site-packages/airflow/example_dags/example_kubernetes_executor.py
[2025-09-23T19:59:57.991+0000] {logging_mixin.py:188} INFO - [2025-09-23T19:59:57.989+0000] {dag.py:3036} INFO - Sync 1 DAGs
[2025-09-23T19:59:58.359+0000] {logging_mixin.py:188} INFO - [2025-09-23T19:59:58.358+0000] {dag.py:3823} INFO - Setting next_dagrun for example_kubernetes_executor to None, run_after=None
[2025-09-23T19:59:59.290+0000] {processor.py:183} INFO - Processing /home/airflow/.local/lib/python3.8/site-packages/airflow/example_dags/example_kubernetes_executor.py took 3.005 seconds
[2025-09-23T20:02:01.354+0000] {processor.py:161} INFO - Started process (PID=176) to work on /home/airflow/.local/lib/python3.8/site-packages/airflow/example_dags/example_kubernetes_executor.py
[2025-09-23T20:02:01.365+0000] {processor.py:830} INFO - Processing file /home/airflow/.local/lib/python3.8/site-packages/airflow/example_dags/example_kubernetes_executor.py for tasks to queue
[2025-09-23T20:02:01.414+0000] {logging_mixin.py:188} INFO - [2025-09-23T20:02:01.403+0000] {dagbag.py:538} INFO - Filling up the DagBag from /home/airflow/.local/lib/python3.8/site-packages/airflow/example_dags/example_kubernetes_executor.py
[2025-09-23T20:02:01.931+0000] {processor.py:840} INFO - DAG(s) 'example_kubernetes_executor' retrieved from /home/airflow/.local/lib/python3.8/site-packages/airflow/example_dags/example_kubernetes_executor.py
[2025-09-23T20:02:02.769+0000] {logging_mixin.py:188} INFO - [2025-09-23T20:02:02.762+0000] {dag.py:3036} INFO - Sync 1 DAGs
[2025-09-23T20:02:03.012+0000] {logging_mixin.py:188} INFO - [2025-09-23T20:02:03.011+0000] {dag.py:3823} INFO - Setting next_dagrun for example_kubernetes_executor to None, run_after=None
[2025-09-23T20:02:04.069+0000] {processor.py:183} INFO - Processing /home/airflow/.local/lib/python3.8/site-packages/airflow/example_dags/example_kubernetes_executor.py took 2.847 seconds
[2025-09-23T20:07:45.820+0000] {processor.py:161} INFO - Started process (PID=260) to work on /home/airflow/.local/lib/python3.8/site-packages/airflow/example_dags/example_kubernetes_executor.py
[2025-09-23T20:07:45.823+0000] {processor.py:830} INFO - Processing file /home/airflow/.local/lib/python3.8/site-packages/airflow/example_dags/example_kubernetes_executor.py for tasks to queue
[2025-09-23T20:07:45.825+0000] {logging_mixin.py:188} INFO - [2025-09-23T20:07:45.824+0000] {dagbag.py:538} INFO - Filling up the DagBag from /home/airflow/.local/lib/python3.8/site-packages/airflow/example_dags/example_kubernetes_executor.py
[2025-09-23T20:07:45.876+0000] {processor.py:840} INFO - DAG(s) 'example_kubernetes_executor' retrieved from /home/airflow/.local/lib/python3.8/site-packages/airflow/example_dags/example_kubernetes_executor.py
[2025-09-23T20:07:46.502+0000] {logging_mixin.py:188} INFO - [2025-09-23T20:07:46.501+0000] {override.py:1769} INFO - Created Permission View: can delete on DAG:example_kubernetes_executor
[2025-09-23T20:07:46.533+0000] {logging_mixin.py:188} INFO - [2025-09-23T20:07:46.532+0000] {override.py:1769} INFO - Created Permission View: can read on DAG:example_kubernetes_executor
[2025-09-23T20:07:46.554+0000] {logging_mixin.py:188} INFO - [2025-09-23T20:07:46.553+0000] {override.py:1769} INFO - Created Permission View: can edit on DAG:example_kubernetes_executor
[2025-09-23T20:07:46.556+0000] {logging_mixin.py:188} INFO - [2025-09-23T20:07:46.556+0000] {dag.py:3036} INFO - Sync 1 DAGs
[2025-09-23T20:07:46.608+0000] {logging_mixin.py:188} INFO - [2025-09-23T20:07:46.607+0000] {dag.py:3058} INFO - Creating ORM DAG for example_kubernetes_executor
[2025-09-23T20:07:46.610+0000] {logging_mixin.py:188} INFO - [2025-09-23T20:07:46.609+0000] {dag.py:3823} INFO - Setting next_dagrun for example_kubernetes_executor to None, run_after=None
[2025-09-23T20:07:46.697+0000] {processor.py:183} INFO - Processing /home/airflow/.local/lib/python3.8/site-packages/airflow/example_dags/example_kubernetes_executor.py took 0.887 seconds
[2025-09-23T20:08:17.511+0000] {processor.py:161} INFO - Started process (PID=512) to work on /home/airflow/.local/lib/python3.8/site-packages/airflow/example_dags/example_kubernetes_executor.py
[2025-09-23T20:08:17.520+0000] {processor.py:830} INFO - Processing file /home/airflow/.local/lib/python3.8/site-packages/airflow/example_dags/example_kubernetes_executor.py for tasks to queue
[2025-09-23T20:08:17.523+0000] {logging_mixin.py:188} INFO - [2025-09-23T20:08:17.522+0000] {dagbag.py:538} INFO - Filling up the DagBag from /home/airflow/.local/lib/python3.8/site-packages/airflow/example_dags/example_kubernetes_executor.py
[2025-09-23T20:08:17.587+0000] {processor.py:840} INFO - DAG(s) 'example_kubernetes_executor' retrieved from /home/airflow/.local/lib/python3.8/site-packages/airflow/example_dags/example_kubernetes_executor.py
[2025-09-23T20:08:17.730+0000] {logging_mixin.py:188} INFO - [2025-09-23T20:08:17.729+0000] {dag.py:3036} INFO - Sync 1 DAGs
[2025-09-23T20:08:17.775+0000] {logging_mixin.py:188} INFO - [2025-09-23T20:08:17.774+0000] {dag.py:3823} INFO - Setting next_dagrun for example_kubernetes_executor to None, run_after=None
[2025-09-23T20:08:17.825+0000] {processor.py:183} INFO - Processing /home/airflow/.local/lib/python3.8/site-packages/airflow/example_dags/example_kubernetes_executor.py took 0.326 seconds
[2025-09-23T20:08:49.068+0000] {processor.py:161} INFO - Started process (PID=757) to work on /home/airflow/.local/lib/python3.8/site-packages/airflow/example_dags/example_kubernetes_executor.py
[2025-09-23T20:08:49.073+0000] {processor.py:830} INFO - Processing file /home/airflow/.local/lib/python3.8/site-packages/airflow/example_dags/example_kubernetes_executor.py for tasks to queue
[2025-09-23T20:08:49.078+0000] {logging_mixin.py:188} INFO - [2025-09-23T20:08:49.075+0000] {dagbag.py:538} INFO - Filling up the DagBag from /home/airflow/.local/lib/python3.8/site-packages/airflow/example_dags/example_kubernetes_executor.py
[2025-09-23T20:08:49.182+0000] {processor.py:840} INFO - DAG(s) 'example_kubernetes_executor' retrieved from /home/airflow/.local/lib/python3.8/site-packages/airflow/example_dags/example_kubernetes_executor.py
[2025-09-23T20:08:49.425+0000] {logging_mixin.py:188} INFO - [2025-09-23T20:08:49.424+0000] {dag.py:3036} INFO - Sync 1 DAGs
[2025-09-23T20:08:49.483+0000] {logging_mixin.py:188} INFO - [2025-09-23T20:08:49.482+0000] {dag.py:3823} INFO - Setting next_dagrun for example_kubernetes_executor to None, run_after=None
[2025-09-23T20:08:49.563+0000] {processor.py:183} INFO - Processing /home/airflow/.local/lib/python3.8/site-packages/airflow/example_dags/example_kubernetes_executor.py took 0.514 seconds
[2025-09-23T20:09:23.931+0000] {processor.py:161} INFO - Started process (PID=1002) to work on /home/airflow/.local/lib/python3.8/site-packages/airflow/example_dags/example_kubernetes_executor.py
[2025-09-23T20:09:23.950+0000] {processor.py:830} INFO - Processing file /home/airflow/.local/lib/python3.8/site-packages/airflow/example_dags/example_kubernetes_executor.py for tasks to queue
[2025-09-23T20:09:23.967+0000] {logging_mixin.py:188} INFO - [2025-09-23T20:09:23.962+0000] {dagbag.py:538} INFO - Filling up the DagBag from /home/airflow/.local/lib/python3.8/site-packages/airflow/example_dags/example_kubernetes_executor.py
[2025-09-23T20:09:24.163+0000] {processor.py:840} INFO - DAG(s) 'example_kubernetes_executor' retrieved from /home/airflow/.local/lib/python3.8/site-packages/airflow/example_dags/example_kubernetes_executor.py
[2025-09-23T20:09:24.778+0000] {logging_mixin.py:188} INFO - [2025-09-23T20:09:24.777+0000] {dag.py:3036} INFO - Sync 1 DAGs
[2025-09-23T20:09:25.015+0000] {logging_mixin.py:188} INFO - [2025-09-23T20:09:25.014+0000] {dag.py:3823} INFO - Setting next_dagrun for example_kubernetes_executor to None, run_after=None
[2025-09-23T20:09:25.202+0000] {processor.py:183} INFO - Processing /home/airflow/.local/lib/python3.8/site-packages/airflow/example_dags/example_kubernetes_executor.py took 1.306 seconds
[2025-09-23T20:09:55.730+0000] {processor.py:161} INFO - Started process (PID=1251) to work on /home/airflow/.local/lib/python3.8/site-packages/airflow/example_dags/example_kubernetes_executor.py
[2025-09-23T20:09:55.735+0000] {processor.py:830} INFO - Processing file /home/airflow/.local/lib/python3.8/site-packages/airflow/example_dags/example_kubernetes_executor.py for tasks to queue
[2025-09-23T20:09:55.737+0000] {logging_mixin.py:188} INFO - [2025-09-23T20:09:55.737+0000] {dagbag.py:538} INFO - Filling up the DagBag from /home/airflow/.local/lib/python3.8/site-packages/airflow/example_dags/example_kubernetes_executor.py
[2025-09-23T20:09:55.794+0000] {processor.py:840} INFO - DAG(s) 'example_kubernetes_executor' retrieved from /home/airflow/.local/lib/python3.8/site-packages/airflow/example_dags/example_kubernetes_executor.py
[2025-09-23T20:09:56.274+0000] {logging_mixin.py:188} INFO - [2025-09-23T20:09:56.273+0000] {dag.py:3036} INFO - Sync 1 DAGs
[2025-09-23T20:09:56.379+0000] {logging_mixin.py:188} INFO - [2025-09-23T20:09:56.379+0000] {dag.py:3823} INFO - Setting next_dagrun for example_kubernetes_executor to None, run_after=None
[2025-09-23T20:09:56.438+0000] {processor.py:183} INFO - Processing /home/airflow/.local/lib/python3.8/site-packages/airflow/example_dags/example_kubernetes_executor.py took 0.754 seconds
[2025-09-23T20:10:26.769+0000] {processor.py:161} INFO - Started process (PID=1496) to work on /home/airflow/.local/lib/python3.8/site-packages/airflow/example_dags/example_kubernetes_executor.py
[2025-09-23T20:10:26.772+0000] {processor.py:830} INFO - Processing file /home/airflow/.local/lib/python3.8/site-packages/airflow/example_dags/example_kubernetes_executor.py for tasks to queue
[2025-09-23T20:10:26.775+0000] {logging_mixin.py:188} INFO - [2025-09-23T20:10:26.774+0000] {dagbag.py:538} INFO - Filling up the DagBag from /home/airflow/.local/lib/python3.8/site-packages/airflow/example_dags/example_kubernetes_executor.py
[2025-09-23T20:10:26.843+0000] {processor.py:840} INFO - DAG(s) 'example_kubernetes_executor' retrieved from /home/airflow/.local/lib/python3.8/site-packages/airflow/example_dags/example_kubernetes_executor.py
[2025-09-23T20:10:27.015+0000] {logging_mixin.py:188} INFO - [2025-09-23T20:10:27.014+0000] {dag.py:3036} INFO - Sync 1 DAGs
[2025-09-23T20:10:27.074+0000] {logging_mixin.py:188} INFO - [2025-09-23T20:10:27.074+0000] {dag.py:3823} INFO - Setting next_dagrun for example_kubernetes_executor to None, run_after=None
[2025-09-23T20:10:27.187+0000] {processor.py:183} INFO - Processing /home/airflow/.local/lib/python3.8/site-packages/airflow/example_dags/example_kubernetes_executor.py took 0.432 seconds
[2025-09-23T20:10:57.482+0000] {processor.py:161} INFO - Started process (PID=1739) to work on /home/airflow/.local/lib/python3.8/site-packages/airflow/example_dags/example_kubernetes_executor.py
[2025-09-23T20:10:57.488+0000] {processor.py:830} INFO - Processing file /home/airflow/.local/lib/python3.8/site-packages/airflow/example_dags/example_kubernetes_executor.py for tasks to queue
[2025-09-23T20:10:57.496+0000] {logging_mixin.py:188} INFO - [2025-09-23T20:10:57.495+0000] {dagbag.py:538} INFO - Filling up the DagBag from /home/airflow/.local/lib/python3.8/site-packages/airflow/example_dags/example_kubernetes_executor.py
[2025-09-23T20:10:57.577+0000] {processor.py:840} INFO - DAG(s) 'example_kubernetes_executor' retrieved from /home/airflow/.local/lib/python3.8/site-packages/airflow/example_dags/example_kubernetes_executor.py
[2025-09-23T20:10:57.755+0000] {logging_mixin.py:188} INFO - [2025-09-23T20:10:57.754+0000] {dag.py:3036} INFO - Sync 1 DAGs
[2025-09-23T20:10:57.820+0000] {logging_mixin.py:188} INFO - [2025-09-23T20:10:57.819+0000] {dag.py:3823} INFO - Setting next_dagrun for example_kubernetes_executor to None, run_after=None
[2025-09-23T20:10:57.926+0000] {processor.py:183} INFO - Processing /home/airflow/.local/lib/python3.8/site-packages/airflow/example_dags/example_kubernetes_executor.py took 0.462 seconds
[2025-09-23T20:11:28.204+0000] {processor.py:161} INFO - Started process (PID=1986) to work on /home/airflow/.local/lib/python3.8/site-packages/airflow/example_dags/example_kubernetes_executor.py
[2025-09-23T20:11:28.207+0000] {processor.py:830} INFO - Processing file /home/airflow/.local/lib/python3.8/site-packages/airflow/example_dags/example_kubernetes_executor.py for tasks to queue
[2025-09-23T20:11:28.212+0000] {logging_mixin.py:188} INFO - [2025-09-23T20:11:28.210+0000] {dagbag.py:538} INFO - Filling up the DagBag from /home/airflow/.local/lib/python3.8/site-packages/airflow/example_dags/example_kubernetes_executor.py
[2025-09-23T20:11:28.277+0000] {processor.py:840} INFO - DAG(s) 'example_kubernetes_executor' retrieved from /home/airflow/.local/lib/python3.8/site-packages/airflow/example_dags/example_kubernetes_executor.py
[2025-09-23T20:11:28.513+0000] {logging_mixin.py:188} INFO - [2025-09-23T20:11:28.512+0000] {dag.py:3036} INFO - Sync 1 DAGs
[2025-09-23T20:11:28.586+0000] {logging_mixin.py:188} INFO - [2025-09-23T20:11:28.585+0000] {dag.py:3823} INFO - Setting next_dagrun for example_kubernetes_executor to None, run_after=None
[2025-09-23T20:11:28.728+0000] {processor.py:183} INFO - Processing /home/airflow/.local/lib/python3.8/site-packages/airflow/example_dags/example_kubernetes_executor.py took 0.538 seconds
[2025-09-23T20:11:59.464+0000] {processor.py:161} INFO - Started process (PID=2234) to work on /home/airflow/.local/lib/python3.8/site-packages/airflow/example_dags/example_kubernetes_executor.py
[2025-09-23T20:11:59.466+0000] {processor.py:830} INFO - Processing file /home/airflow/.local/lib/python3.8/site-packages/airflow/example_dags/example_kubernetes_executor.py for tasks to queue
[2025-09-23T20:11:59.468+0000] {logging_mixin.py:188} INFO - [2025-09-23T20:11:59.467+0000] {dagbag.py:538} INFO - Filling up the DagBag from /home/airflow/.local/lib/python3.8/site-packages/airflow/example_dags/example_kubernetes_executor.py
[2025-09-23T20:11:59.503+0000] {processor.py:840} INFO - DAG(s) 'example_kubernetes_executor' retrieved from /home/airflow/.local/lib/python3.8/site-packages/airflow/example_dags/example_kubernetes_executor.py
[2025-09-23T20:11:59.594+0000] {logging_mixin.py:188} INFO - [2025-09-23T20:11:59.593+0000] {dag.py:3036} INFO - Sync 1 DAGs
[2025-09-23T20:11:59.626+0000] {logging_mixin.py:188} INFO - [2025-09-23T20:11:59.625+0000] {dag.py:3823} INFO - Setting next_dagrun for example_kubernetes_executor to None, run_after=None
[2025-09-23T20:11:59.674+0000] {processor.py:183} INFO - Processing /home/airflow/.local/lib/python3.8/site-packages/airflow/example_dags/example_kubernetes_executor.py took 0.218 seconds
[2025-09-23T20:12:36.177+0000] {processor.py:161} INFO - Started process (PID=2485) to work on /home/airflow/.local/lib/python3.8/site-packages/airflow/example_dags/example_kubernetes_executor.py
[2025-09-23T20:12:36.195+0000] {processor.py:830} INFO - Processing file /home/airflow/.local/lib/python3.8/site-packages/airflow/example_dags/example_kubernetes_executor.py for tasks to queue
[2025-09-23T20:12:36.222+0000] {logging_mixin.py:188} INFO - [2025-09-23T20:12:36.212+0000] {dagbag.py:538} INFO - Filling up the DagBag from /home/airflow/.local/lib/python3.8/site-packages/airflow/example_dags/example_kubernetes_executor.py
[2025-09-23T20:12:36.677+0000] {processor.py:840} INFO - DAG(s) 'example_kubernetes_executor' retrieved from /home/airflow/.local/lib/python3.8/site-packages/airflow/example_dags/example_kubernetes_executor.py
[2025-09-23T20:12:37.071+0000] {logging_mixin.py:188} INFO - [2025-09-23T20:12:37.069+0000] {dag.py:3036} INFO - Sync 1 DAGs
[2025-09-23T20:12:37.159+0000] {logging_mixin.py:188} INFO - [2025-09-23T20:12:37.158+0000] {dag.py:3823} INFO - Setting next_dagrun for example_kubernetes_executor to None, run_after=None
[2025-09-23T20:12:37.408+0000] {processor.py:183} INFO - Processing /home/airflow/.local/lib/python3.8/site-packages/airflow/example_dags/example_kubernetes_executor.py took 1.292 seconds
