[2025-09-23T19:59:28.365+0000] {processor.py:161} INFO - Started process (PID=85) to work on /home/airflow/.local/lib/python3.8/site-packages/airflow/example_dags/example_branch_day_of_week_operator.py
[2025-09-23T19:59:28.403+0000] {processor.py:830} INFO - Processing file /home/airflow/.local/lib/python3.8/site-packages/airflow/example_dags/example_branch_day_of_week_operator.py for tasks to queue
[2025-09-23T19:59:28.499+0000] {logging_mixin.py:188} INFO - [2025-09-23T19:59:28.464+0000] {dagbag.py:538} INFO - Filling up the DagBag from /home/airflow/.local/lib/python3.8/site-packages/airflow/example_dags/example_branch_day_of_week_operator.py
[2025-09-23T19:59:28.952+0000] {processor.py:840} INFO - DAG(s) 'example_weekday_branch_operator' retrieved from /home/airflow/.local/lib/python3.8/site-packages/airflow/example_dags/example_branch_day_of_week_operator.py
[2025-09-23T19:59:33.536+0000] {logging_mixin.py:188} INFO - [2025-09-23T19:59:33.524+0000] {dag.py:3036} INFO - Sync 1 DAGs
[2025-09-23T19:59:34.182+0000] {logging_mixin.py:188} INFO - [2025-09-23T19:59:34.181+0000] {dag.py:3823} INFO - Setting next_dagrun for example_weekday_branch_operator to 2025-09-22 00:00:00+00:00, run_after=2025-09-23 00:00:00+00:00
[2025-09-23T19:59:34.465+0000] {processor.py:183} INFO - Processing /home/airflow/.local/lib/python3.8/site-packages/airflow/example_dags/example_branch_day_of_week_operator.py took 6.214 seconds
[2025-09-23T20:01:30.116+0000] {processor.py:161} INFO - Started process (PID=157) to work on /home/airflow/.local/lib/python3.8/site-packages/airflow/example_dags/example_branch_day_of_week_operator.py
[2025-09-23T20:01:30.123+0000] {processor.py:830} INFO - Processing file /home/airflow/.local/lib/python3.8/site-packages/airflow/example_dags/example_branch_day_of_week_operator.py for tasks to queue
[2025-09-23T20:01:30.179+0000] {logging_mixin.py:188} INFO - [2025-09-23T20:01:30.158+0000] {dagbag.py:538} INFO - Filling up the DagBag from /home/airflow/.local/lib/python3.8/site-packages/airflow/example_dags/example_branch_day_of_week_operator.py
[2025-09-23T20:01:30.478+0000] {processor.py:840} INFO - DAG(s) 'example_weekday_branch_operator' retrieved from /home/airflow/.local/lib/python3.8/site-packages/airflow/example_dags/example_branch_day_of_week_operator.py
[2025-09-23T20:01:31.127+0000] {logging_mixin.py:188} INFO - [2025-09-23T20:01:31.126+0000] {dag.py:3036} INFO - Sync 1 DAGs
[2025-09-23T20:01:31.335+0000] {logging_mixin.py:188} INFO - [2025-09-23T20:01:31.328+0000] {dag.py:3823} INFO - Setting next_dagrun for example_weekday_branch_operator to 2025-09-22 00:00:00+00:00, run_after=2025-09-23 00:00:00+00:00
[2025-09-23T20:01:31.811+0000] {processor.py:183} INFO - Processing /home/airflow/.local/lib/python3.8/site-packages/airflow/example_dags/example_branch_day_of_week_operator.py took 1.715 seconds
[2025-09-23T20:07:39.605+0000] {processor.py:161} INFO - Started process (PID=202) to work on /home/airflow/.local/lib/python3.8/site-packages/airflow/example_dags/example_branch_day_of_week_operator.py
[2025-09-23T20:07:39.607+0000] {processor.py:830} INFO - Processing file /home/airflow/.local/lib/python3.8/site-packages/airflow/example_dags/example_branch_day_of_week_operator.py for tasks to queue
[2025-09-23T20:07:39.613+0000] {logging_mixin.py:188} INFO - [2025-09-23T20:07:39.609+0000] {dagbag.py:538} INFO - Filling up the DagBag from /home/airflow/.local/lib/python3.8/site-packages/airflow/example_dags/example_branch_day_of_week_operator.py
[2025-09-23T20:07:39.716+0000] {processor.py:840} INFO - DAG(s) 'example_weekday_branch_operator' retrieved from /home/airflow/.local/lib/python3.8/site-packages/airflow/example_dags/example_branch_day_of_week_operator.py
[2025-09-23T20:07:40.572+0000] {logging_mixin.py:188} INFO - [2025-09-23T20:07:40.571+0000] {override.py:1769} INFO - Created Permission View: can delete on DAG:example_weekday_branch_operator
[2025-09-23T20:07:40.624+0000] {logging_mixin.py:188} INFO - [2025-09-23T20:07:40.623+0000] {override.py:1769} INFO - Created Permission View: can read on DAG:example_weekday_branch_operator
[2025-09-23T20:07:40.647+0000] {logging_mixin.py:188} INFO - [2025-09-23T20:07:40.646+0000] {override.py:1769} INFO - Created Permission View: can edit on DAG:example_weekday_branch_operator
[2025-09-23T20:07:40.650+0000] {logging_mixin.py:188} INFO - [2025-09-23T20:07:40.649+0000] {dag.py:3036} INFO - Sync 1 DAGs
[2025-09-23T20:07:40.682+0000] {logging_mixin.py:188} INFO - [2025-09-23T20:07:40.681+0000] {dag.py:3058} INFO - Creating ORM DAG for example_weekday_branch_operator
[2025-09-23T20:07:40.721+0000] {logging_mixin.py:188} INFO - [2025-09-23T20:07:40.720+0000] {dag.py:3823} INFO - Setting next_dagrun for example_weekday_branch_operator to 2025-09-22 00:00:00+00:00, run_after=2025-09-23 00:00:00+00:00
[2025-09-23T20:07:40.768+0000] {processor.py:183} INFO - Processing /home/airflow/.local/lib/python3.8/site-packages/airflow/example_dags/example_branch_day_of_week_operator.py took 1.183 seconds
[2025-09-23T20:08:11.120+0000] {processor.py:161} INFO - Started process (PID=447) to work on /home/airflow/.local/lib/python3.8/site-packages/airflow/example_dags/example_branch_day_of_week_operator.py
[2025-09-23T20:08:11.124+0000] {processor.py:830} INFO - Processing file /home/airflow/.local/lib/python3.8/site-packages/airflow/example_dags/example_branch_day_of_week_operator.py for tasks to queue
[2025-09-23T20:08:11.126+0000] {logging_mixin.py:188} INFO - [2025-09-23T20:08:11.126+0000] {dagbag.py:538} INFO - Filling up the DagBag from /home/airflow/.local/lib/python3.8/site-packages/airflow/example_dags/example_branch_day_of_week_operator.py
[2025-09-23T20:08:11.155+0000] {processor.py:840} INFO - DAG(s) 'example_weekday_branch_operator' retrieved from /home/airflow/.local/lib/python3.8/site-packages/airflow/example_dags/example_branch_day_of_week_operator.py
[2025-09-23T20:08:11.261+0000] {logging_mixin.py:188} INFO - [2025-09-23T20:08:11.261+0000] {dag.py:3036} INFO - Sync 1 DAGs
[2025-09-23T20:08:11.407+0000] {logging_mixin.py:188} INFO - [2025-09-23T20:08:11.406+0000] {dag.py:3823} INFO - Setting next_dagrun for example_weekday_branch_operator to 2025-09-22 00:00:00+00:00, run_after=2025-09-23 00:00:00+00:00
[2025-09-23T20:08:11.465+0000] {processor.py:183} INFO - Processing /home/airflow/.local/lib/python3.8/site-packages/airflow/example_dags/example_branch_day_of_week_operator.py took 0.406 seconds
[2025-09-23T20:08:41.688+0000] {processor.py:161} INFO - Started process (PID=691) to work on /home/airflow/.local/lib/python3.8/site-packages/airflow/example_dags/example_branch_day_of_week_operator.py
[2025-09-23T20:08:41.694+0000] {processor.py:830} INFO - Processing file /home/airflow/.local/lib/python3.8/site-packages/airflow/example_dags/example_branch_day_of_week_operator.py for tasks to queue
[2025-09-23T20:08:41.700+0000] {logging_mixin.py:188} INFO - [2025-09-23T20:08:41.698+0000] {dagbag.py:538} INFO - Filling up the DagBag from /home/airflow/.local/lib/python3.8/site-packages/airflow/example_dags/example_branch_day_of_week_operator.py
[2025-09-23T20:08:41.738+0000] {processor.py:840} INFO - DAG(s) 'example_weekday_branch_operator' retrieved from /home/airflow/.local/lib/python3.8/site-packages/airflow/example_dags/example_branch_day_of_week_operator.py
[2025-09-23T20:08:41.832+0000] {logging_mixin.py:188} INFO - [2025-09-23T20:08:41.831+0000] {dag.py:3036} INFO - Sync 1 DAGs
[2025-09-23T20:08:41.944+0000] {logging_mixin.py:188} INFO - [2025-09-23T20:08:41.941+0000] {dag.py:3823} INFO - Setting next_dagrun for example_weekday_branch_operator to 2025-09-22 00:00:00+00:00, run_after=2025-09-23 00:00:00+00:00
[2025-09-23T20:08:42.074+0000] {processor.py:183} INFO - Processing /home/airflow/.local/lib/python3.8/site-packages/airflow/example_dags/example_branch_day_of_week_operator.py took 0.403 seconds
[2025-09-23T20:09:12.935+0000] {processor.py:161} INFO - Started process (PID=938) to work on /home/airflow/.local/lib/python3.8/site-packages/airflow/example_dags/example_branch_day_of_week_operator.py
[2025-09-23T20:09:12.943+0000] {processor.py:830} INFO - Processing file /home/airflow/.local/lib/python3.8/site-packages/airflow/example_dags/example_branch_day_of_week_operator.py for tasks to queue
[2025-09-23T20:09:12.946+0000] {logging_mixin.py:188} INFO - [2025-09-23T20:09:12.945+0000] {dagbag.py:538} INFO - Filling up the DagBag from /home/airflow/.local/lib/python3.8/site-packages/airflow/example_dags/example_branch_day_of_week_operator.py
[2025-09-23T20:09:13.001+0000] {processor.py:840} INFO - DAG(s) 'example_weekday_branch_operator' retrieved from /home/airflow/.local/lib/python3.8/site-packages/airflow/example_dags/example_branch_day_of_week_operator.py
[2025-09-23T20:09:13.057+0000] {logging_mixin.py:188} INFO - [2025-09-23T20:09:13.057+0000] {dag.py:3036} INFO - Sync 1 DAGs
[2025-09-23T20:09:13.154+0000] {logging_mixin.py:188} INFO - [2025-09-23T20:09:13.153+0000] {dag.py:3823} INFO - Setting next_dagrun for example_weekday_branch_operator to 2025-09-22 00:00:00+00:00, run_after=2025-09-23 00:00:00+00:00
[2025-09-23T20:09:13.202+0000] {processor.py:183} INFO - Processing /home/airflow/.local/lib/python3.8/site-packages/airflow/example_dags/example_branch_day_of_week_operator.py took 0.276 seconds
[2025-09-23T20:09:44.058+0000] {processor.py:161} INFO - Started process (PID=1185) to work on /home/airflow/.local/lib/python3.8/site-packages/airflow/example_dags/example_branch_day_of_week_operator.py
[2025-09-23T20:09:44.066+0000] {processor.py:830} INFO - Processing file /home/airflow/.local/lib/python3.8/site-packages/airflow/example_dags/example_branch_day_of_week_operator.py for tasks to queue
[2025-09-23T20:09:44.067+0000] {logging_mixin.py:188} INFO - [2025-09-23T20:09:44.066+0000] {dagbag.py:538} INFO - Filling up the DagBag from /home/airflow/.local/lib/python3.8/site-packages/airflow/example_dags/example_branch_day_of_week_operator.py
[2025-09-23T20:09:44.080+0000] {processor.py:840} INFO - DAG(s) 'example_weekday_branch_operator' retrieved from /home/airflow/.local/lib/python3.8/site-packages/airflow/example_dags/example_branch_day_of_week_operator.py
[2025-09-23T20:09:44.128+0000] {logging_mixin.py:188} INFO - [2025-09-23T20:09:44.127+0000] {dag.py:3036} INFO - Sync 1 DAGs
[2025-09-23T20:09:44.186+0000] {logging_mixin.py:188} INFO - [2025-09-23T20:09:44.186+0000] {dag.py:3823} INFO - Setting next_dagrun for example_weekday_branch_operator to 2025-09-22 00:00:00+00:00, run_after=2025-09-23 00:00:00+00:00
[2025-09-23T20:09:44.228+0000] {processor.py:183} INFO - Processing /home/airflow/.local/lib/python3.8/site-packages/airflow/example_dags/example_branch_day_of_week_operator.py took 0.179 seconds
[2025-09-23T20:10:16.188+0000] {processor.py:161} INFO - Started process (PID=1396) to work on /home/airflow/.local/lib/python3.8/site-packages/airflow/example_dags/example_branch_day_of_week_operator.py
[2025-09-23T20:10:16.202+0000] {processor.py:830} INFO - Processing file /home/airflow/.local/lib/python3.8/site-packages/airflow/example_dags/example_branch_day_of_week_operator.py for tasks to queue
[2025-09-23T20:10:16.216+0000] {logging_mixin.py:188} INFO - [2025-09-23T20:10:16.207+0000] {dagbag.py:538} INFO - Filling up the DagBag from /home/airflow/.local/lib/python3.8/site-packages/airflow/example_dags/example_branch_day_of_week_operator.py
[2025-09-23T20:10:16.311+0000] {processor.py:840} INFO - DAG(s) 'example_weekday_branch_operator' retrieved from /home/airflow/.local/lib/python3.8/site-packages/airflow/example_dags/example_branch_day_of_week_operator.py
[2025-09-23T20:10:16.420+0000] {logging_mixin.py:188} INFO - [2025-09-23T20:10:16.419+0000] {dag.py:3036} INFO - Sync 1 DAGs
[2025-09-23T20:10:16.537+0000] {logging_mixin.py:188} INFO - [2025-09-23T20:10:16.536+0000] {dag.py:3823} INFO - Setting next_dagrun for example_weekday_branch_operator to 2025-09-22 00:00:00+00:00, run_after=2025-09-23 00:00:00+00:00
[2025-09-23T20:10:16.784+0000] {processor.py:183} INFO - Processing /home/airflow/.local/lib/python3.8/site-packages/airflow/example_dags/example_branch_day_of_week_operator.py took 0.642 seconds
[2025-09-23T20:10:47.203+0000] {processor.py:161} INFO - Started process (PID=1644) to work on /home/airflow/.local/lib/python3.8/site-packages/airflow/example_dags/example_branch_day_of_week_operator.py
[2025-09-23T20:10:47.206+0000] {processor.py:830} INFO - Processing file /home/airflow/.local/lib/python3.8/site-packages/airflow/example_dags/example_branch_day_of_week_operator.py for tasks to queue
[2025-09-23T20:10:47.209+0000] {logging_mixin.py:188} INFO - [2025-09-23T20:10:47.208+0000] {dagbag.py:538} INFO - Filling up the DagBag from /home/airflow/.local/lib/python3.8/site-packages/airflow/example_dags/example_branch_day_of_week_operator.py
[2025-09-23T20:10:47.242+0000] {processor.py:840} INFO - DAG(s) 'example_weekday_branch_operator' retrieved from /home/airflow/.local/lib/python3.8/site-packages/airflow/example_dags/example_branch_day_of_week_operator.py
[2025-09-23T20:10:47.331+0000] {logging_mixin.py:188} INFO - [2025-09-23T20:10:47.330+0000] {dag.py:3036} INFO - Sync 1 DAGs
[2025-09-23T20:10:47.436+0000] {logging_mixin.py:188} INFO - [2025-09-23T20:10:47.435+0000] {dag.py:3823} INFO - Setting next_dagrun for example_weekday_branch_operator to 2025-09-22 00:00:00+00:00, run_after=2025-09-23 00:00:00+00:00
[2025-09-23T20:10:47.527+0000] {processor.py:183} INFO - Processing /home/airflow/.local/lib/python3.8/site-packages/airflow/example_dags/example_branch_day_of_week_operator.py took 0.337 seconds
[2025-09-23T20:11:19.050+0000] {processor.py:161} INFO - Started process (PID=1884) to work on /home/airflow/.local/lib/python3.8/site-packages/airflow/example_dags/example_branch_day_of_week_operator.py
[2025-09-23T20:11:19.057+0000] {processor.py:830} INFO - Processing file /home/airflow/.local/lib/python3.8/site-packages/airflow/example_dags/example_branch_day_of_week_operator.py for tasks to queue
[2025-09-23T20:11:19.060+0000] {logging_mixin.py:188} INFO - [2025-09-23T20:11:19.059+0000] {dagbag.py:538} INFO - Filling up the DagBag from /home/airflow/.local/lib/python3.8/site-packages/airflow/example_dags/example_branch_day_of_week_operator.py
[2025-09-23T20:11:19.110+0000] {processor.py:840} INFO - DAG(s) 'example_weekday_branch_operator' retrieved from /home/airflow/.local/lib/python3.8/site-packages/airflow/example_dags/example_branch_day_of_week_operator.py
[2025-09-23T20:11:19.227+0000] {logging_mixin.py:188} INFO - [2025-09-23T20:11:19.226+0000] {dag.py:3036} INFO - Sync 1 DAGs
[2025-09-23T20:11:19.350+0000] {logging_mixin.py:188} INFO - [2025-09-23T20:11:19.349+0000] {dag.py:3823} INFO - Setting next_dagrun for example_weekday_branch_operator to 2025-09-22 00:00:00+00:00, run_after=2025-09-23 00:00:00+00:00
[2025-09-23T20:11:19.472+0000] {processor.py:183} INFO - Processing /home/airflow/.local/lib/python3.8/site-packages/airflow/example_dags/example_branch_day_of_week_operator.py took 0.437 seconds
[2025-09-23T20:11:50.286+0000] {processor.py:161} INFO - Started process (PID=2134) to work on /home/airflow/.local/lib/python3.8/site-packages/airflow/example_dags/example_branch_day_of_week_operator.py
[2025-09-23T20:11:50.289+0000] {processor.py:830} INFO - Processing file /home/airflow/.local/lib/python3.8/site-packages/airflow/example_dags/example_branch_day_of_week_operator.py for tasks to queue
[2025-09-23T20:11:50.297+0000] {logging_mixin.py:188} INFO - [2025-09-23T20:11:50.295+0000] {dagbag.py:538} INFO - Filling up the DagBag from /home/airflow/.local/lib/python3.8/site-packages/airflow/example_dags/example_branch_day_of_week_operator.py
[2025-09-23T20:11:50.343+0000] {processor.py:840} INFO - DAG(s) 'example_weekday_branch_operator' retrieved from /home/airflow/.local/lib/python3.8/site-packages/airflow/example_dags/example_branch_day_of_week_operator.py
[2025-09-23T20:11:50.468+0000] {logging_mixin.py:188} INFO - [2025-09-23T20:11:50.467+0000] {dag.py:3036} INFO - Sync 1 DAGs
[2025-09-23T20:11:50.572+0000] {logging_mixin.py:188} INFO - [2025-09-23T20:11:50.571+0000] {dag.py:3823} INFO - Setting next_dagrun for example_weekday_branch_operator to 2025-09-22 00:00:00+00:00, run_after=2025-09-23 00:00:00+00:00
[2025-09-23T20:11:50.634+0000] {processor.py:183} INFO - Processing /home/airflow/.local/lib/python3.8/site-packages/airflow/example_dags/example_branch_day_of_week_operator.py took 0.364 seconds
[2025-09-23T20:12:21.143+0000] {processor.py:161} INFO - Started process (PID=2376) to work on /home/airflow/.local/lib/python3.8/site-packages/airflow/example_dags/example_branch_day_of_week_operator.py
[2025-09-23T20:12:21.151+0000] {processor.py:830} INFO - Processing file /home/airflow/.local/lib/python3.8/site-packages/airflow/example_dags/example_branch_day_of_week_operator.py for tasks to queue
[2025-09-23T20:12:21.153+0000] {logging_mixin.py:188} INFO - [2025-09-23T20:12:21.152+0000] {dagbag.py:538} INFO - Filling up the DagBag from /home/airflow/.local/lib/python3.8/site-packages/airflow/example_dags/example_branch_day_of_week_operator.py
[2025-09-23T20:12:21.171+0000] {processor.py:840} INFO - DAG(s) 'example_weekday_branch_operator' retrieved from /home/airflow/.local/lib/python3.8/site-packages/airflow/example_dags/example_branch_day_of_week_operator.py
[2025-09-23T20:12:21.221+0000] {logging_mixin.py:188} INFO - [2025-09-23T20:12:21.220+0000] {dag.py:3036} INFO - Sync 1 DAGs
[2025-09-23T20:12:21.276+0000] {logging_mixin.py:188} INFO - [2025-09-23T20:12:21.276+0000] {dag.py:3823} INFO - Setting next_dagrun for example_weekday_branch_operator to 2025-09-22 00:00:00+00:00, run_after=2025-09-23 00:00:00+00:00
[2025-09-23T20:12:21.322+0000] {processor.py:183} INFO - Processing /home/airflow/.local/lib/python3.8/site-packages/airflow/example_dags/example_branch_day_of_week_operator.py took 0.188 seconds
[2025-09-23T20:13:00.418+0000] {processor.py:161} INFO - Started process (PID=2576) to work on /home/airflow/.local/lib/python3.8/site-packages/airflow/example_dags/example_branch_day_of_week_operator.py
[2025-09-23T20:13:00.443+0000] {processor.py:830} INFO - Processing file /home/airflow/.local/lib/python3.8/site-packages/airflow/example_dags/example_branch_day_of_week_operator.py for tasks to queue
[2025-09-23T20:13:00.474+0000] {logging_mixin.py:188} INFO - [2025-09-23T20:13:00.464+0000] {dagbag.py:538} INFO - Filling up the DagBag from /home/airflow/.local/lib/python3.8/site-packages/airflow/example_dags/example_branch_day_of_week_operator.py
[2025-09-23T20:13:00.799+0000] {processor.py:840} INFO - DAG(s) 'example_weekday_branch_operator' retrieved from /home/airflow/.local/lib/python3.8/site-packages/airflow/example_dags/example_branch_day_of_week_operator.py
[2025-09-23T20:13:01.133+0000] {logging_mixin.py:188} INFO - [2025-09-23T20:13:01.132+0000] {dag.py:3036} INFO - Sync 1 DAGs
[2025-09-23T20:13:01.637+0000] {logging_mixin.py:188} INFO - [2025-09-23T20:13:01.624+0000] {dag.py:3823} INFO - Setting next_dagrun for example_weekday_branch_operator to 2025-09-22 00:00:00+00:00, run_after=2025-09-23 00:00:00+00:00
[2025-09-23T20:13:02.356+0000] {processor.py:183} INFO - Processing /home/airflow/.local/lib/python3.8/site-packages/airflow/example_dags/example_branch_day_of_week_operator.py took 2.026 seconds
