[2025-09-23T20:01:11.352+0000] {processor.py:161} INFO - Started process (PID=138) to work on /home/airflow/.local/lib/python3.8/site-packages/airflow/example_dags/example_skip_dag.py
[2025-09-23T20:01:11.361+0000] {processor.py:830} INFO - Processing file /home/airflow/.local/lib/python3.8/site-packages/airflow/example_dags/example_skip_dag.py for tasks to queue
[2025-09-23T20:01:11.399+0000] {logging_mixin.py:188} INFO - [2025-09-23T20:01:11.393+0000] {dagbag.py:538} INFO - Filling up the DagBag from /home/airflow/.local/lib/python3.8/site-packages/airflow/example_dags/example_skip_dag.py
[2025-09-23T20:01:11.460+0000] {processor.py:840} INFO - DAG(s) 'example_skip_dag' retrieved from /home/airflow/.local/lib/python3.8/site-packages/airflow/example_dags/example_skip_dag.py
[2025-09-23T20:01:12.929+0000] {logging_mixin.py:188} INFO - [2025-09-23T20:01:12.925+0000] {dag.py:3036} INFO - Sync 1 DAGs
[2025-09-23T20:01:13.435+0000] {logging_mixin.py:188} INFO - [2025-09-23T20:01:13.424+0000] {dag.py:3823} INFO - Setting next_dagrun for example_skip_dag to 2025-09-22 00:00:00+00:00, run_after=2025-09-23 00:00:00+00:00
[2025-09-23T20:01:13.784+0000] {processor.py:183} INFO - Processing /home/airflow/.local/lib/python3.8/site-packages/airflow/example_dags/example_skip_dag.py took 2.480 seconds
[2025-09-23T20:07:59.812+0000] {processor.py:161} INFO - Started process (PID=381) to work on /home/airflow/.local/lib/python3.8/site-packages/airflow/example_dags/example_skip_dag.py
[2025-09-23T20:07:59.824+0000] {processor.py:830} INFO - Processing file /home/airflow/.local/lib/python3.8/site-packages/airflow/example_dags/example_skip_dag.py for tasks to queue
[2025-09-23T20:07:59.828+0000] {logging_mixin.py:188} INFO - [2025-09-23T20:07:59.828+0000] {dagbag.py:538} INFO - Filling up the DagBag from /home/airflow/.local/lib/python3.8/site-packages/airflow/example_dags/example_skip_dag.py
[2025-09-23T20:07:59.878+0000] {processor.py:840} INFO - DAG(s) 'example_skip_dag' retrieved from /home/airflow/.local/lib/python3.8/site-packages/airflow/example_dags/example_skip_dag.py
[2025-09-23T20:08:00.424+0000] {logging_mixin.py:188} INFO - [2025-09-23T20:08:00.423+0000] {override.py:1769} INFO - Created Permission View: can delete on DAG:example_skip_dag
[2025-09-23T20:08:00.469+0000] {logging_mixin.py:188} INFO - [2025-09-23T20:08:00.468+0000] {override.py:1769} INFO - Created Permission View: can read on DAG:example_skip_dag
[2025-09-23T20:08:00.512+0000] {logging_mixin.py:188} INFO - [2025-09-23T20:08:00.511+0000] {override.py:1769} INFO - Created Permission View: can edit on DAG:example_skip_dag
[2025-09-23T20:08:00.513+0000] {logging_mixin.py:188} INFO - [2025-09-23T20:08:00.512+0000] {dag.py:3036} INFO - Sync 1 DAGs
[2025-09-23T20:08:00.607+0000] {logging_mixin.py:188} INFO - [2025-09-23T20:08:00.607+0000] {dag.py:3058} INFO - Creating ORM DAG for example_skip_dag
[2025-09-23T20:08:00.706+0000] {logging_mixin.py:188} INFO - [2025-09-23T20:08:00.706+0000] {dag.py:3823} INFO - Setting next_dagrun for example_skip_dag to 2025-09-22 00:00:00+00:00, run_after=2025-09-23 00:00:00+00:00
[2025-09-23T20:08:00.790+0000] {processor.py:183} INFO - Processing /home/airflow/.local/lib/python3.8/site-packages/airflow/example_dags/example_skip_dag.py took 1.005 seconds
[2025-09-23T20:08:31.254+0000] {processor.py:161} INFO - Started process (PID=629) to work on /home/airflow/.local/lib/python3.8/site-packages/airflow/example_dags/example_skip_dag.py
[2025-09-23T20:08:31.277+0000] {processor.py:830} INFO - Processing file /home/airflow/.local/lib/python3.8/site-packages/airflow/example_dags/example_skip_dag.py for tasks to queue
[2025-09-23T20:08:31.281+0000] {logging_mixin.py:188} INFO - [2025-09-23T20:08:31.280+0000] {dagbag.py:538} INFO - Filling up the DagBag from /home/airflow/.local/lib/python3.8/site-packages/airflow/example_dags/example_skip_dag.py
[2025-09-23T20:08:31.305+0000] {processor.py:840} INFO - DAG(s) 'example_skip_dag' retrieved from /home/airflow/.local/lib/python3.8/site-packages/airflow/example_dags/example_skip_dag.py
[2025-09-23T20:08:31.388+0000] {logging_mixin.py:188} INFO - [2025-09-23T20:08:31.386+0000] {dag.py:3036} INFO - Sync 1 DAGs
[2025-09-23T20:08:31.608+0000] {logging_mixin.py:188} INFO - [2025-09-23T20:08:31.607+0000] {dag.py:3823} INFO - Setting next_dagrun for example_skip_dag to 2025-09-22 00:00:00+00:00, run_after=2025-09-23 00:00:00+00:00
[2025-09-23T20:08:31.845+0000] {processor.py:183} INFO - Processing /home/airflow/.local/lib/python3.8/site-packages/airflow/example_dags/example_skip_dag.py took 0.722 seconds
[2025-09-23T20:09:02.793+0000] {processor.py:161} INFO - Started process (PID=876) to work on /home/airflow/.local/lib/python3.8/site-packages/airflow/example_dags/example_skip_dag.py
[2025-09-23T20:09:02.802+0000] {processor.py:830} INFO - Processing file /home/airflow/.local/lib/python3.8/site-packages/airflow/example_dags/example_skip_dag.py for tasks to queue
[2025-09-23T20:09:02.811+0000] {logging_mixin.py:188} INFO - [2025-09-23T20:09:02.810+0000] {dagbag.py:538} INFO - Filling up the DagBag from /home/airflow/.local/lib/python3.8/site-packages/airflow/example_dags/example_skip_dag.py
[2025-09-23T20:09:02.857+0000] {processor.py:840} INFO - DAG(s) 'example_skip_dag' retrieved from /home/airflow/.local/lib/python3.8/site-packages/airflow/example_dags/example_skip_dag.py
[2025-09-23T20:09:03.020+0000] {logging_mixin.py:188} INFO - [2025-09-23T20:09:03.019+0000] {dag.py:3036} INFO - Sync 1 DAGs
[2025-09-23T20:09:03.097+0000] {logging_mixin.py:188} INFO - [2025-09-23T20:09:03.096+0000] {dag.py:3823} INFO - Setting next_dagrun for example_skip_dag to 2025-09-22 00:00:00+00:00, run_after=2025-09-23 00:00:00+00:00
[2025-09-23T20:09:03.176+0000] {processor.py:183} INFO - Processing /home/airflow/.local/lib/python3.8/site-packages/airflow/example_dags/example_skip_dag.py took 0.407 seconds
[2025-09-23T20:09:34.069+0000] {processor.py:161} INFO - Started process (PID=1123) to work on /home/airflow/.local/lib/python3.8/site-packages/airflow/example_dags/example_skip_dag.py
[2025-09-23T20:09:34.076+0000] {processor.py:830} INFO - Processing file /home/airflow/.local/lib/python3.8/site-packages/airflow/example_dags/example_skip_dag.py for tasks to queue
[2025-09-23T20:09:34.082+0000] {logging_mixin.py:188} INFO - [2025-09-23T20:09:34.078+0000] {dagbag.py:538} INFO - Filling up the DagBag from /home/airflow/.local/lib/python3.8/site-packages/airflow/example_dags/example_skip_dag.py
[2025-09-23T20:09:34.144+0000] {processor.py:840} INFO - DAG(s) 'example_skip_dag' retrieved from /home/airflow/.local/lib/python3.8/site-packages/airflow/example_dags/example_skip_dag.py
[2025-09-23T20:09:34.291+0000] {logging_mixin.py:188} INFO - [2025-09-23T20:09:34.290+0000] {dag.py:3036} INFO - Sync 1 DAGs
[2025-09-23T20:09:34.450+0000] {logging_mixin.py:188} INFO - [2025-09-23T20:09:34.449+0000] {dag.py:3823} INFO - Setting next_dagrun for example_skip_dag to 2025-09-22 00:00:00+00:00, run_after=2025-09-23 00:00:00+00:00
[2025-09-23T20:09:34.550+0000] {processor.py:183} INFO - Processing /home/airflow/.local/lib/python3.8/site-packages/airflow/example_dags/example_skip_dag.py took 0.513 seconds
[2025-09-23T20:10:12.575+0000] {processor.py:161} INFO - Started process (PID=1370) to work on /home/airflow/.local/lib/python3.8/site-packages/airflow/example_dags/example_skip_dag.py
[2025-09-23T20:10:12.588+0000] {processor.py:830} INFO - Processing file /home/airflow/.local/lib/python3.8/site-packages/airflow/example_dags/example_skip_dag.py for tasks to queue
[2025-09-23T20:10:12.594+0000] {logging_mixin.py:188} INFO - [2025-09-23T20:10:12.593+0000] {dagbag.py:538} INFO - Filling up the DagBag from /home/airflow/.local/lib/python3.8/site-packages/airflow/example_dags/example_skip_dag.py
[2025-09-23T20:10:12.671+0000] {processor.py:840} INFO - DAG(s) 'example_skip_dag' retrieved from /home/airflow/.local/lib/python3.8/site-packages/airflow/example_dags/example_skip_dag.py
[2025-09-23T20:10:13.044+0000] {logging_mixin.py:188} INFO - [2025-09-23T20:10:13.039+0000] {dag.py:3036} INFO - Sync 1 DAGs
[2025-09-23T20:10:13.566+0000] {logging_mixin.py:188} INFO - [2025-09-23T20:10:13.565+0000] {dag.py:3823} INFO - Setting next_dagrun for example_skip_dag to 2025-09-22 00:00:00+00:00, run_after=2025-09-23 00:00:00+00:00
[2025-09-23T20:10:13.728+0000] {processor.py:183} INFO - Processing /home/airflow/.local/lib/python3.8/site-packages/airflow/example_dags/example_skip_dag.py took 1.165 seconds
[2025-09-23T20:10:44.255+0000] {processor.py:161} INFO - Started process (PID=1617) to work on /home/airflow/.local/lib/python3.8/site-packages/airflow/example_dags/example_skip_dag.py
[2025-09-23T20:10:44.264+0000] {processor.py:830} INFO - Processing file /home/airflow/.local/lib/python3.8/site-packages/airflow/example_dags/example_skip_dag.py for tasks to queue
[2025-09-23T20:10:44.277+0000] {logging_mixin.py:188} INFO - [2025-09-23T20:10:44.270+0000] {dagbag.py:538} INFO - Filling up the DagBag from /home/airflow/.local/lib/python3.8/site-packages/airflow/example_dags/example_skip_dag.py
[2025-09-23T20:10:44.374+0000] {processor.py:840} INFO - DAG(s) 'example_skip_dag' retrieved from /home/airflow/.local/lib/python3.8/site-packages/airflow/example_dags/example_skip_dag.py
[2025-09-23T20:10:44.653+0000] {logging_mixin.py:188} INFO - [2025-09-23T20:10:44.651+0000] {dag.py:3036} INFO - Sync 1 DAGs
[2025-09-23T20:10:44.824+0000] {logging_mixin.py:188} INFO - [2025-09-23T20:10:44.820+0000] {dag.py:3823} INFO - Setting next_dagrun for example_skip_dag to 2025-09-22 00:00:00+00:00, run_after=2025-09-23 00:00:00+00:00
[2025-09-23T20:10:45.166+0000] {processor.py:183} INFO - Processing /home/airflow/.local/lib/python3.8/site-packages/airflow/example_dags/example_skip_dag.py took 0.931 seconds
[2025-09-23T20:11:16.901+0000] {processor.py:161} INFO - Started process (PID=1864) to work on /home/airflow/.local/lib/python3.8/site-packages/airflow/example_dags/example_skip_dag.py
[2025-09-23T20:11:16.907+0000] {processor.py:830} INFO - Processing file /home/airflow/.local/lib/python3.8/site-packages/airflow/example_dags/example_skip_dag.py for tasks to queue
[2025-09-23T20:11:16.914+0000] {logging_mixin.py:188} INFO - [2025-09-23T20:11:16.913+0000] {dagbag.py:538} INFO - Filling up the DagBag from /home/airflow/.local/lib/python3.8/site-packages/airflow/example_dags/example_skip_dag.py
[2025-09-23T20:11:16.951+0000] {processor.py:840} INFO - DAG(s) 'example_skip_dag' retrieved from /home/airflow/.local/lib/python3.8/site-packages/airflow/example_dags/example_skip_dag.py
[2025-09-23T20:11:17.091+0000] {logging_mixin.py:188} INFO - [2025-09-23T20:11:17.090+0000] {dag.py:3036} INFO - Sync 1 DAGs
[2025-09-23T20:11:17.214+0000] {logging_mixin.py:188} INFO - [2025-09-23T20:11:17.209+0000] {dag.py:3823} INFO - Setting next_dagrun for example_skip_dag to 2025-09-22 00:00:00+00:00, run_after=2025-09-23 00:00:00+00:00
[2025-09-23T20:11:17.557+0000] {processor.py:183} INFO - Processing /home/airflow/.local/lib/python3.8/site-packages/airflow/example_dags/example_skip_dag.py took 0.677 seconds
[2025-09-23T20:11:48.104+0000] {processor.py:161} INFO - Started process (PID=2112) to work on /home/airflow/.local/lib/python3.8/site-packages/airflow/example_dags/example_skip_dag.py
[2025-09-23T20:11:48.108+0000] {processor.py:830} INFO - Processing file /home/airflow/.local/lib/python3.8/site-packages/airflow/example_dags/example_skip_dag.py for tasks to queue
[2025-09-23T20:11:48.110+0000] {logging_mixin.py:188} INFO - [2025-09-23T20:11:48.109+0000] {dagbag.py:538} INFO - Filling up the DagBag from /home/airflow/.local/lib/python3.8/site-packages/airflow/example_dags/example_skip_dag.py
[2025-09-23T20:11:48.132+0000] {processor.py:840} INFO - DAG(s) 'example_skip_dag' retrieved from /home/airflow/.local/lib/python3.8/site-packages/airflow/example_dags/example_skip_dag.py
[2025-09-23T20:11:48.186+0000] {logging_mixin.py:188} INFO - [2025-09-23T20:11:48.185+0000] {dag.py:3036} INFO - Sync 1 DAGs
[2025-09-23T20:11:48.298+0000] {logging_mixin.py:188} INFO - [2025-09-23T20:11:48.297+0000] {dag.py:3823} INFO - Setting next_dagrun for example_skip_dag to 2025-09-22 00:00:00+00:00, run_after=2025-09-23 00:00:00+00:00
[2025-09-23T20:11:48.356+0000] {processor.py:183} INFO - Processing /home/airflow/.local/lib/python3.8/site-packages/airflow/example_dags/example_skip_dag.py took 0.260 seconds
[2025-09-23T20:12:18.762+0000] {processor.py:161} INFO - Started process (PID=2359) to work on /home/airflow/.local/lib/python3.8/site-packages/airflow/example_dags/example_skip_dag.py
[2025-09-23T20:12:18.764+0000] {processor.py:830} INFO - Processing file /home/airflow/.local/lib/python3.8/site-packages/airflow/example_dags/example_skip_dag.py for tasks to queue
[2025-09-23T20:12:18.766+0000] {logging_mixin.py:188} INFO - [2025-09-23T20:12:18.765+0000] {dagbag.py:538} INFO - Filling up the DagBag from /home/airflow/.local/lib/python3.8/site-packages/airflow/example_dags/example_skip_dag.py
[2025-09-23T20:12:18.783+0000] {processor.py:840} INFO - DAG(s) 'example_skip_dag' retrieved from /home/airflow/.local/lib/python3.8/site-packages/airflow/example_dags/example_skip_dag.py
[2025-09-23T20:12:18.833+0000] {logging_mixin.py:188} INFO - [2025-09-23T20:12:18.833+0000] {dag.py:3036} INFO - Sync 1 DAGs
[2025-09-23T20:12:18.892+0000] {logging_mixin.py:188} INFO - [2025-09-23T20:12:18.891+0000] {dag.py:3823} INFO - Setting next_dagrun for example_skip_dag to 2025-09-22 00:00:00+00:00, run_after=2025-09-23 00:00:00+00:00
[2025-09-23T20:12:18.935+0000] {processor.py:183} INFO - Processing /home/airflow/.local/lib/python3.8/site-packages/airflow/example_dags/example_skip_dag.py took 0.180 seconds
[2025-09-23T20:13:09.156+0000] {processor.py:161} INFO - Started process (PID=2624) to work on /home/airflow/.local/lib/python3.8/site-packages/airflow/example_dags/example_skip_dag.py
[2025-09-23T20:13:09.168+0000] {processor.py:830} INFO - Processing file /home/airflow/.local/lib/python3.8/site-packages/airflow/example_dags/example_skip_dag.py for tasks to queue
[2025-09-23T20:13:09.188+0000] {logging_mixin.py:188} INFO - [2025-09-23T20:13:09.184+0000] {dagbag.py:538} INFO - Filling up the DagBag from /home/airflow/.local/lib/python3.8/site-packages/airflow/example_dags/example_skip_dag.py
[2025-09-23T20:13:09.442+0000] {processor.py:840} INFO - DAG(s) 'example_skip_dag' retrieved from /home/airflow/.local/lib/python3.8/site-packages/airflow/example_dags/example_skip_dag.py
