[2025-09-23T20:01:05.290+0000] {processor.py:161} INFO - Started process (PID=135) to work on /home/airflow/.local/lib/python3.8/site-packages/airflow/example_dags/example_dynamic_task_mapping.py
[2025-09-23T20:01:05.302+0000] {processor.py:830} INFO - Processing file /home/airflow/.local/lib/python3.8/site-packages/airflow/example_dags/example_dynamic_task_mapping.py for tasks to queue
[2025-09-23T20:01:05.342+0000] {logging_mixin.py:188} INFO - [2025-09-23T20:01:05.335+0000] {dagbag.py:538} INFO - Filling up the DagBag from /home/airflow/.local/lib/python3.8/site-packages/airflow/example_dags/example_dynamic_task_mapping.py
[2025-09-23T20:01:05.533+0000] {processor.py:840} INFO - DAG(s) 'example_dynamic_task_mapping' retrieved from /home/airflow/.local/lib/python3.8/site-packages/airflow/example_dags/example_dynamic_task_mapping.py
[2025-09-23T20:01:07.308+0000] {logging_mixin.py:188} INFO - [2025-09-23T20:01:07.302+0000] {dag.py:3036} INFO - Sync 1 DAGs
[2025-09-23T20:01:07.914+0000] {logging_mixin.py:188} INFO - [2025-09-23T20:01:07.913+0000] {dag.py:3823} INFO - Setting next_dagrun for example_dynamic_task_mapping to 2022-03-04 00:00:00+00:00, run_after=2022-03-05 00:00:00+00:00
[2025-09-23T20:01:08.154+0000] {processor.py:183} INFO - Processing /home/airflow/.local/lib/python3.8/site-packages/airflow/example_dags/example_dynamic_task_mapping.py took 2.946 seconds
[2025-09-23T20:07:57.860+0000] {processor.py:161} INFO - Started process (PID=366) to work on /home/airflow/.local/lib/python3.8/site-packages/airflow/example_dags/example_dynamic_task_mapping.py
[2025-09-23T20:07:57.874+0000] {processor.py:830} INFO - Processing file /home/airflow/.local/lib/python3.8/site-packages/airflow/example_dags/example_dynamic_task_mapping.py for tasks to queue
[2025-09-23T20:07:57.894+0000] {logging_mixin.py:188} INFO - [2025-09-23T20:07:57.883+0000] {dagbag.py:538} INFO - Filling up the DagBag from /home/airflow/.local/lib/python3.8/site-packages/airflow/example_dags/example_dynamic_task_mapping.py
[2025-09-23T20:07:57.960+0000] {processor.py:840} INFO - DAG(s) 'example_dynamic_task_mapping' retrieved from /home/airflow/.local/lib/python3.8/site-packages/airflow/example_dags/example_dynamic_task_mapping.py
[2025-09-23T20:07:58.489+0000] {logging_mixin.py:188} INFO - [2025-09-23T20:07:58.487+0000] {override.py:1769} INFO - Created Permission View: can delete on DAG:example_dynamic_task_mapping
[2025-09-23T20:07:58.583+0000] {logging_mixin.py:188} INFO - [2025-09-23T20:07:58.582+0000] {override.py:1769} INFO - Created Permission View: can read on DAG:example_dynamic_task_mapping
[2025-09-23T20:07:58.635+0000] {logging_mixin.py:188} INFO - [2025-09-23T20:07:58.634+0000] {override.py:1769} INFO - Created Permission View: can edit on DAG:example_dynamic_task_mapping
[2025-09-23T20:07:58.637+0000] {logging_mixin.py:188} INFO - [2025-09-23T20:07:58.636+0000] {dag.py:3036} INFO - Sync 1 DAGs
[2025-09-23T20:07:58.701+0000] {logging_mixin.py:188} INFO - [2025-09-23T20:07:58.701+0000] {dag.py:3058} INFO - Creating ORM DAG for example_dynamic_task_mapping
[2025-09-23T20:07:58.791+0000] {logging_mixin.py:188} INFO - [2025-09-23T20:07:58.790+0000] {dag.py:3823} INFO - Setting next_dagrun for example_dynamic_task_mapping to 2022-03-04 00:00:00+00:00, run_after=2022-03-05 00:00:00+00:00
[2025-09-23T20:07:59.167+0000] {processor.py:183} INFO - Processing /home/airflow/.local/lib/python3.8/site-packages/airflow/example_dags/example_dynamic_task_mapping.py took 1.337 seconds
[2025-09-23T20:08:29.862+0000] {processor.py:161} INFO - Started process (PID=616) to work on /home/airflow/.local/lib/python3.8/site-packages/airflow/example_dags/example_dynamic_task_mapping.py
[2025-09-23T20:08:29.865+0000] {processor.py:830} INFO - Processing file /home/airflow/.local/lib/python3.8/site-packages/airflow/example_dags/example_dynamic_task_mapping.py for tasks to queue
[2025-09-23T20:08:29.869+0000] {logging_mixin.py:188} INFO - [2025-09-23T20:08:29.868+0000] {dagbag.py:538} INFO - Filling up the DagBag from /home/airflow/.local/lib/python3.8/site-packages/airflow/example_dags/example_dynamic_task_mapping.py
[2025-09-23T20:08:29.896+0000] {processor.py:840} INFO - DAG(s) 'example_dynamic_task_mapping' retrieved from /home/airflow/.local/lib/python3.8/site-packages/airflow/example_dags/example_dynamic_task_mapping.py
[2025-09-23T20:08:30.030+0000] {logging_mixin.py:188} INFO - [2025-09-23T20:08:30.029+0000] {dag.py:3036} INFO - Sync 1 DAGs
[2025-09-23T20:08:30.222+0000] {logging_mixin.py:188} INFO - [2025-09-23T20:08:30.218+0000] {dag.py:3823} INFO - Setting next_dagrun for example_dynamic_task_mapping to 2022-03-04 00:00:00+00:00, run_after=2022-03-05 00:00:00+00:00
[2025-09-23T20:08:30.327+0000] {processor.py:183} INFO - Processing /home/airflow/.local/lib/python3.8/site-packages/airflow/example_dags/example_dynamic_task_mapping.py took 0.478 seconds
[2025-09-23T20:09:01.355+0000] {processor.py:161} INFO - Started process (PID=863) to work on /home/airflow/.local/lib/python3.8/site-packages/airflow/example_dags/example_dynamic_task_mapping.py
[2025-09-23T20:09:01.364+0000] {processor.py:830} INFO - Processing file /home/airflow/.local/lib/python3.8/site-packages/airflow/example_dags/example_dynamic_task_mapping.py for tasks to queue
[2025-09-23T20:09:01.366+0000] {logging_mixin.py:188} INFO - [2025-09-23T20:09:01.365+0000] {dagbag.py:538} INFO - Filling up the DagBag from /home/airflow/.local/lib/python3.8/site-packages/airflow/example_dags/example_dynamic_task_mapping.py
[2025-09-23T20:09:01.387+0000] {processor.py:840} INFO - DAG(s) 'example_dynamic_task_mapping' retrieved from /home/airflow/.local/lib/python3.8/site-packages/airflow/example_dags/example_dynamic_task_mapping.py
[2025-09-23T20:09:01.461+0000] {logging_mixin.py:188} INFO - [2025-09-23T20:09:01.460+0000] {dag.py:3036} INFO - Sync 1 DAGs
[2025-09-23T20:09:01.531+0000] {logging_mixin.py:188} INFO - [2025-09-23T20:09:01.530+0000] {dag.py:3823} INFO - Setting next_dagrun for example_dynamic_task_mapping to 2022-03-04 00:00:00+00:00, run_after=2022-03-05 00:00:00+00:00
[2025-09-23T20:09:01.622+0000] {processor.py:183} INFO - Processing /home/airflow/.local/lib/python3.8/site-packages/airflow/example_dags/example_dynamic_task_mapping.py took 0.278 seconds
[2025-09-23T20:09:33.259+0000] {processor.py:161} INFO - Started process (PID=1108) to work on /home/airflow/.local/lib/python3.8/site-packages/airflow/example_dags/example_dynamic_task_mapping.py
[2025-09-23T20:09:33.263+0000] {processor.py:830} INFO - Processing file /home/airflow/.local/lib/python3.8/site-packages/airflow/example_dags/example_dynamic_task_mapping.py for tasks to queue
[2025-09-23T20:09:33.270+0000] {logging_mixin.py:188} INFO - [2025-09-23T20:09:33.269+0000] {dagbag.py:538} INFO - Filling up the DagBag from /home/airflow/.local/lib/python3.8/site-packages/airflow/example_dags/example_dynamic_task_mapping.py
[2025-09-23T20:09:33.308+0000] {processor.py:840} INFO - DAG(s) 'example_dynamic_task_mapping' retrieved from /home/airflow/.local/lib/python3.8/site-packages/airflow/example_dags/example_dynamic_task_mapping.py
[2025-09-23T20:09:33.475+0000] {logging_mixin.py:188} INFO - [2025-09-23T20:09:33.474+0000] {dag.py:3036} INFO - Sync 1 DAGs
[2025-09-23T20:09:33.572+0000] {logging_mixin.py:188} INFO - [2025-09-23T20:09:33.571+0000] {dag.py:3823} INFO - Setting next_dagrun for example_dynamic_task_mapping to 2022-03-04 00:00:00+00:00, run_after=2022-03-05 00:00:00+00:00
[2025-09-23T20:09:33.706+0000] {processor.py:183} INFO - Processing /home/airflow/.local/lib/python3.8/site-packages/airflow/example_dags/example_dynamic_task_mapping.py took 0.460 seconds
[2025-09-23T20:10:11.523+0000] {processor.py:161} INFO - Started process (PID=1355) to work on /home/airflow/.local/lib/python3.8/site-packages/airflow/example_dags/example_dynamic_task_mapping.py
[2025-09-23T20:10:11.530+0000] {processor.py:830} INFO - Processing file /home/airflow/.local/lib/python3.8/site-packages/airflow/example_dags/example_dynamic_task_mapping.py for tasks to queue
[2025-09-23T20:10:11.546+0000] {logging_mixin.py:188} INFO - [2025-09-23T20:10:11.540+0000] {dagbag.py:538} INFO - Filling up the DagBag from /home/airflow/.local/lib/python3.8/site-packages/airflow/example_dags/example_dynamic_task_mapping.py
[2025-09-23T20:10:11.688+0000] {processor.py:840} INFO - DAG(s) 'example_dynamic_task_mapping' retrieved from /home/airflow/.local/lib/python3.8/site-packages/airflow/example_dags/example_dynamic_task_mapping.py
[2025-09-23T20:10:11.983+0000] {logging_mixin.py:188} INFO - [2025-09-23T20:10:11.982+0000] {dag.py:3036} INFO - Sync 1 DAGs
[2025-09-23T20:10:12.096+0000] {logging_mixin.py:188} INFO - [2025-09-23T20:10:12.095+0000] {dag.py:3823} INFO - Setting next_dagrun for example_dynamic_task_mapping to 2022-03-04 00:00:00+00:00, run_after=2022-03-05 00:00:00+00:00
[2025-09-23T20:10:12.175+0000] {processor.py:183} INFO - Processing /home/airflow/.local/lib/python3.8/site-packages/airflow/example_dags/example_dynamic_task_mapping.py took 0.666 seconds
[2025-09-23T20:10:42.831+0000] {processor.py:161} INFO - Started process (PID=1602) to work on /home/airflow/.local/lib/python3.8/site-packages/airflow/example_dags/example_dynamic_task_mapping.py
[2025-09-23T20:10:42.840+0000] {processor.py:830} INFO - Processing file /home/airflow/.local/lib/python3.8/site-packages/airflow/example_dags/example_dynamic_task_mapping.py for tasks to queue
[2025-09-23T20:10:42.849+0000] {logging_mixin.py:188} INFO - [2025-09-23T20:10:42.845+0000] {dagbag.py:538} INFO - Filling up the DagBag from /home/airflow/.local/lib/python3.8/site-packages/airflow/example_dags/example_dynamic_task_mapping.py
[2025-09-23T20:10:42.908+0000] {processor.py:840} INFO - DAG(s) 'example_dynamic_task_mapping' retrieved from /home/airflow/.local/lib/python3.8/site-packages/airflow/example_dags/example_dynamic_task_mapping.py
[2025-09-23T20:10:43.138+0000] {logging_mixin.py:188} INFO - [2025-09-23T20:10:43.134+0000] {dag.py:3036} INFO - Sync 1 DAGs
[2025-09-23T20:10:43.335+0000] {logging_mixin.py:188} INFO - [2025-09-23T20:10:43.334+0000] {dag.py:3823} INFO - Setting next_dagrun for example_dynamic_task_mapping to 2022-03-04 00:00:00+00:00, run_after=2022-03-05 00:00:00+00:00
[2025-09-23T20:10:43.539+0000] {processor.py:183} INFO - Processing /home/airflow/.local/lib/python3.8/site-packages/airflow/example_dags/example_dynamic_task_mapping.py took 0.734 seconds
[2025-09-23T20:11:15.596+0000] {processor.py:161} INFO - Started process (PID=1849) to work on /home/airflow/.local/lib/python3.8/site-packages/airflow/example_dags/example_dynamic_task_mapping.py
[2025-09-23T20:11:15.599+0000] {processor.py:830} INFO - Processing file /home/airflow/.local/lib/python3.8/site-packages/airflow/example_dags/example_dynamic_task_mapping.py for tasks to queue
[2025-09-23T20:11:15.608+0000] {logging_mixin.py:188} INFO - [2025-09-23T20:11:15.605+0000] {dagbag.py:538} INFO - Filling up the DagBag from /home/airflow/.local/lib/python3.8/site-packages/airflow/example_dags/example_dynamic_task_mapping.py
[2025-09-23T20:11:15.654+0000] {processor.py:840} INFO - DAG(s) 'example_dynamic_task_mapping' retrieved from /home/airflow/.local/lib/python3.8/site-packages/airflow/example_dags/example_dynamic_task_mapping.py
[2025-09-23T20:11:15.750+0000] {logging_mixin.py:188} INFO - [2025-09-23T20:11:15.749+0000] {dag.py:3036} INFO - Sync 1 DAGs
[2025-09-23T20:11:15.868+0000] {logging_mixin.py:188} INFO - [2025-09-23T20:11:15.867+0000] {dag.py:3823} INFO - Setting next_dagrun for example_dynamic_task_mapping to 2022-03-04 00:00:00+00:00, run_after=2022-03-05 00:00:00+00:00
[2025-09-23T20:11:16.039+0000] {processor.py:183} INFO - Processing /home/airflow/.local/lib/python3.8/site-packages/airflow/example_dags/example_dynamic_task_mapping.py took 0.474 seconds
[2025-09-23T20:11:46.806+0000] {processor.py:161} INFO - Started process (PID=2099) to work on /home/airflow/.local/lib/python3.8/site-packages/airflow/example_dags/example_dynamic_task_mapping.py
[2025-09-23T20:11:46.808+0000] {processor.py:830} INFO - Processing file /home/airflow/.local/lib/python3.8/site-packages/airflow/example_dags/example_dynamic_task_mapping.py for tasks to queue
[2025-09-23T20:11:46.811+0000] {logging_mixin.py:188} INFO - [2025-09-23T20:11:46.810+0000] {dagbag.py:538} INFO - Filling up the DagBag from /home/airflow/.local/lib/python3.8/site-packages/airflow/example_dags/example_dynamic_task_mapping.py
[2025-09-23T20:11:46.828+0000] {processor.py:840} INFO - DAG(s) 'example_dynamic_task_mapping' retrieved from /home/airflow/.local/lib/python3.8/site-packages/airflow/example_dags/example_dynamic_task_mapping.py
[2025-09-23T20:11:46.899+0000] {logging_mixin.py:188} INFO - [2025-09-23T20:11:46.898+0000] {dag.py:3036} INFO - Sync 1 DAGs
[2025-09-23T20:11:46.961+0000] {logging_mixin.py:188} INFO - [2025-09-23T20:11:46.961+0000] {dag.py:3823} INFO - Setting next_dagrun for example_dynamic_task_mapping to 2022-03-04 00:00:00+00:00, run_after=2022-03-05 00:00:00+00:00
[2025-09-23T20:11:47.008+0000] {processor.py:183} INFO - Processing /home/airflow/.local/lib/python3.8/site-packages/airflow/example_dags/example_dynamic_task_mapping.py took 0.216 seconds
[2025-09-23T20:12:17.189+0000] {processor.py:161} INFO - Started process (PID=2344) to work on /home/airflow/.local/lib/python3.8/site-packages/airflow/example_dags/example_dynamic_task_mapping.py
[2025-09-23T20:12:17.190+0000] {processor.py:830} INFO - Processing file /home/airflow/.local/lib/python3.8/site-packages/airflow/example_dags/example_dynamic_task_mapping.py for tasks to queue
[2025-09-23T20:12:17.192+0000] {logging_mixin.py:188} INFO - [2025-09-23T20:12:17.191+0000] {dagbag.py:538} INFO - Filling up the DagBag from /home/airflow/.local/lib/python3.8/site-packages/airflow/example_dags/example_dynamic_task_mapping.py
[2025-09-23T20:12:17.213+0000] {processor.py:840} INFO - DAG(s) 'example_dynamic_task_mapping' retrieved from /home/airflow/.local/lib/python3.8/site-packages/airflow/example_dags/example_dynamic_task_mapping.py
[2025-09-23T20:12:17.279+0000] {logging_mixin.py:188} INFO - [2025-09-23T20:12:17.278+0000] {dag.py:3036} INFO - Sync 1 DAGs
[2025-09-23T20:12:17.345+0000] {logging_mixin.py:188} INFO - [2025-09-23T20:12:17.344+0000] {dag.py:3823} INFO - Setting next_dagrun for example_dynamic_task_mapping to 2022-03-04 00:00:00+00:00, run_after=2022-03-05 00:00:00+00:00
[2025-09-23T20:12:17.398+0000] {processor.py:183} INFO - Processing /home/airflow/.local/lib/python3.8/site-packages/airflow/example_dags/example_dynamic_task_mapping.py took 0.216 seconds
[2025-09-23T20:13:06.217+0000] {processor.py:161} INFO - Started process (PID=2607) to work on /home/airflow/.local/lib/python3.8/site-packages/airflow/example_dags/example_dynamic_task_mapping.py
[2025-09-23T20:13:06.234+0000] {processor.py:830} INFO - Processing file /home/airflow/.local/lib/python3.8/site-packages/airflow/example_dags/example_dynamic_task_mapping.py for tasks to queue
[2025-09-23T20:13:06.247+0000] {logging_mixin.py:188} INFO - [2025-09-23T20:13:06.241+0000] {dagbag.py:538} INFO - Filling up the DagBag from /home/airflow/.local/lib/python3.8/site-packages/airflow/example_dags/example_dynamic_task_mapping.py
[2025-09-23T20:13:06.452+0000] {processor.py:840} INFO - DAG(s) 'example_dynamic_task_mapping' retrieved from /home/airflow/.local/lib/python3.8/site-packages/airflow/example_dags/example_dynamic_task_mapping.py
[2025-09-23T20:13:06.819+0000] {logging_mixin.py:188} INFO - [2025-09-23T20:13:06.817+0000] {dag.py:3036} INFO - Sync 1 DAGs
[2025-09-23T20:13:07.010+0000] {logging_mixin.py:188} INFO - [2025-09-23T20:13:07.009+0000] {dag.py:3823} INFO - Setting next_dagrun for example_dynamic_task_mapping to 2022-03-04 00:00:00+00:00, run_after=2022-03-05 00:00:00+00:00
[2025-09-23T20:13:07.212+0000] {processor.py:183} INFO - Processing /home/airflow/.local/lib/python3.8/site-packages/airflow/example_dags/example_dynamic_task_mapping.py took 1.045 seconds
