[2025-09-23T20:01:04.434+0000] {processor.py:161} INFO - Started process (PID=134) to work on /home/airflow/.local/lib/python3.8/site-packages/airflow/example_dags/example_sensor_decorator.py
[2025-09-23T20:01:04.446+0000] {processor.py:830} INFO - Processing file /home/airflow/.local/lib/python3.8/site-packages/airflow/example_dags/example_sensor_decorator.py for tasks to queue
[2025-09-23T20:01:04.469+0000] {logging_mixin.py:188} INFO - [2025-09-23T20:01:04.464+0000] {dagbag.py:538} INFO - Filling up the DagBag from /home/airflow/.local/lib/python3.8/site-packages/airflow/example_dags/example_sensor_decorator.py
[2025-09-23T20:01:04.566+0000] {processor.py:840} INFO - DAG(s) 'example_sensor_decorator' retrieved from /home/airflow/.local/lib/python3.8/site-packages/airflow/example_dags/example_sensor_decorator.py
[2025-09-23T20:01:07.197+0000] {logging_mixin.py:188} INFO - [2025-09-23T20:01:07.195+0000] {dag.py:3036} INFO - Sync 1 DAGs
[2025-09-23T20:01:07.643+0000] {logging_mixin.py:188} INFO - [2025-09-23T20:01:07.634+0000] {dag.py:3823} INFO - Setting next_dagrun for example_sensor_decorator to None, run_after=None
[2025-09-23T20:01:08.182+0000] {processor.py:183} INFO - Processing /home/airflow/.local/lib/python3.8/site-packages/airflow/example_dags/example_sensor_decorator.py took 3.802 seconds
[2025-09-23T20:07:55.980+0000] {processor.py:161} INFO - Started process (PID=355) to work on /home/airflow/.local/lib/python3.8/site-packages/airflow/example_dags/example_sensor_decorator.py
[2025-09-23T20:07:55.986+0000] {processor.py:830} INFO - Processing file /home/airflow/.local/lib/python3.8/site-packages/airflow/example_dags/example_sensor_decorator.py for tasks to queue
[2025-09-23T20:07:55.989+0000] {logging_mixin.py:188} INFO - [2025-09-23T20:07:55.988+0000] {dagbag.py:538} INFO - Filling up the DagBag from /home/airflow/.local/lib/python3.8/site-packages/airflow/example_dags/example_sensor_decorator.py
[2025-09-23T20:07:56.025+0000] {processor.py:840} INFO - DAG(s) 'example_sensor_decorator' retrieved from /home/airflow/.local/lib/python3.8/site-packages/airflow/example_dags/example_sensor_decorator.py
[2025-09-23T20:07:57.228+0000] {logging_mixin.py:188} INFO - [2025-09-23T20:07:57.227+0000] {override.py:1769} INFO - Created Permission View: can delete on DAG:example_sensor_decorator
[2025-09-23T20:07:57.360+0000] {logging_mixin.py:188} INFO - [2025-09-23T20:07:57.359+0000] {override.py:1769} INFO - Created Permission View: can read on DAG:example_sensor_decorator
[2025-09-23T20:07:57.435+0000] {logging_mixin.py:188} INFO - [2025-09-23T20:07:57.431+0000] {override.py:1769} INFO - Created Permission View: can edit on DAG:example_sensor_decorator
[2025-09-23T20:07:57.440+0000] {logging_mixin.py:188} INFO - [2025-09-23T20:07:57.439+0000] {dag.py:3036} INFO - Sync 1 DAGs
[2025-09-23T20:07:57.653+0000] {logging_mixin.py:188} INFO - [2025-09-23T20:07:57.653+0000] {dag.py:3058} INFO - Creating ORM DAG for example_sensor_decorator
[2025-09-23T20:07:57.666+0000] {logging_mixin.py:188} INFO - [2025-09-23T20:07:57.665+0000] {dag.py:3823} INFO - Setting next_dagrun for example_sensor_decorator to None, run_after=None
[2025-09-23T20:07:57.859+0000] {processor.py:183} INFO - Processing /home/airflow/.local/lib/python3.8/site-packages/airflow/example_dags/example_sensor_decorator.py took 1.896 seconds
[2025-09-23T20:08:28.372+0000] {processor.py:161} INFO - Started process (PID=609) to work on /home/airflow/.local/lib/python3.8/site-packages/airflow/example_dags/example_sensor_decorator.py
[2025-09-23T20:08:28.376+0000] {processor.py:830} INFO - Processing file /home/airflow/.local/lib/python3.8/site-packages/airflow/example_dags/example_sensor_decorator.py for tasks to queue
[2025-09-23T20:08:28.384+0000] {logging_mixin.py:188} INFO - [2025-09-23T20:08:28.383+0000] {dagbag.py:538} INFO - Filling up the DagBag from /home/airflow/.local/lib/python3.8/site-packages/airflow/example_dags/example_sensor_decorator.py
[2025-09-23T20:08:28.419+0000] {processor.py:840} INFO - DAG(s) 'example_sensor_decorator' retrieved from /home/airflow/.local/lib/python3.8/site-packages/airflow/example_dags/example_sensor_decorator.py
[2025-09-23T20:08:28.494+0000] {logging_mixin.py:188} INFO - [2025-09-23T20:08:28.493+0000] {dag.py:3036} INFO - Sync 1 DAGs
[2025-09-23T20:08:28.595+0000] {logging_mixin.py:188} INFO - [2025-09-23T20:08:28.594+0000] {dag.py:3823} INFO - Setting next_dagrun for example_sensor_decorator to None, run_after=None
[2025-09-23T20:08:28.747+0000] {processor.py:183} INFO - Processing /home/airflow/.local/lib/python3.8/site-packages/airflow/example_dags/example_sensor_decorator.py took 0.387 seconds
[2025-09-23T20:08:58.976+0000] {processor.py:161} INFO - Started process (PID=856) to work on /home/airflow/.local/lib/python3.8/site-packages/airflow/example_dags/example_sensor_decorator.py
[2025-09-23T20:08:58.979+0000] {processor.py:830} INFO - Processing file /home/airflow/.local/lib/python3.8/site-packages/airflow/example_dags/example_sensor_decorator.py for tasks to queue
[2025-09-23T20:08:58.981+0000] {logging_mixin.py:188} INFO - [2025-09-23T20:08:58.980+0000] {dagbag.py:538} INFO - Filling up the DagBag from /home/airflow/.local/lib/python3.8/site-packages/airflow/example_dags/example_sensor_decorator.py
[2025-09-23T20:08:59.007+0000] {processor.py:840} INFO - DAG(s) 'example_sensor_decorator' retrieved from /home/airflow/.local/lib/python3.8/site-packages/airflow/example_dags/example_sensor_decorator.py
[2025-09-23T20:08:59.065+0000] {logging_mixin.py:188} INFO - [2025-09-23T20:08:59.064+0000] {dag.py:3036} INFO - Sync 1 DAGs
[2025-09-23T20:08:59.105+0000] {logging_mixin.py:188} INFO - [2025-09-23T20:08:59.104+0000] {dag.py:3823} INFO - Setting next_dagrun for example_sensor_decorator to None, run_after=None
[2025-09-23T20:08:59.223+0000] {processor.py:183} INFO - Processing /home/airflow/.local/lib/python3.8/site-packages/airflow/example_dags/example_sensor_decorator.py took 0.256 seconds
[2025-09-23T20:09:32.863+0000] {processor.py:161} INFO - Started process (PID=1103) to work on /home/airflow/.local/lib/python3.8/site-packages/airflow/example_dags/example_sensor_decorator.py
[2025-09-23T20:09:32.866+0000] {processor.py:830} INFO - Processing file /home/airflow/.local/lib/python3.8/site-packages/airflow/example_dags/example_sensor_decorator.py for tasks to queue
[2025-09-23T20:09:32.869+0000] {logging_mixin.py:188} INFO - [2025-09-23T20:09:32.868+0000] {dagbag.py:538} INFO - Filling up the DagBag from /home/airflow/.local/lib/python3.8/site-packages/airflow/example_dags/example_sensor_decorator.py
[2025-09-23T20:09:32.900+0000] {processor.py:840} INFO - DAG(s) 'example_sensor_decorator' retrieved from /home/airflow/.local/lib/python3.8/site-packages/airflow/example_dags/example_sensor_decorator.py
[2025-09-23T20:09:32.983+0000] {logging_mixin.py:188} INFO - [2025-09-23T20:09:32.982+0000] {dag.py:3036} INFO - Sync 1 DAGs
[2025-09-23T20:09:33.039+0000] {logging_mixin.py:188} INFO - [2025-09-23T20:09:33.036+0000] {dag.py:3823} INFO - Setting next_dagrun for example_sensor_decorator to None, run_after=None
[2025-09-23T20:09:33.133+0000] {processor.py:183} INFO - Processing /home/airflow/.local/lib/python3.8/site-packages/airflow/example_dags/example_sensor_decorator.py took 0.283 seconds
[2025-09-23T20:10:11.204+0000] {processor.py:161} INFO - Started process (PID=1352) to work on /home/airflow/.local/lib/python3.8/site-packages/airflow/example_dags/example_sensor_decorator.py
[2025-09-23T20:10:11.223+0000] {processor.py:830} INFO - Processing file /home/airflow/.local/lib/python3.8/site-packages/airflow/example_dags/example_sensor_decorator.py for tasks to queue
[2025-09-23T20:10:11.239+0000] {logging_mixin.py:188} INFO - [2025-09-23T20:10:11.233+0000] {dagbag.py:538} INFO - Filling up the DagBag from /home/airflow/.local/lib/python3.8/site-packages/airflow/example_dags/example_sensor_decorator.py
[2025-09-23T20:10:11.579+0000] {processor.py:840} INFO - DAG(s) 'example_sensor_decorator' retrieved from /home/airflow/.local/lib/python3.8/site-packages/airflow/example_dags/example_sensor_decorator.py
[2025-09-23T20:10:11.690+0000] {logging_mixin.py:188} INFO - [2025-09-23T20:10:11.689+0000] {dag.py:3036} INFO - Sync 1 DAGs
[2025-09-23T20:10:11.839+0000] {logging_mixin.py:188} INFO - [2025-09-23T20:10:11.832+0000] {dag.py:3823} INFO - Setting next_dagrun for example_sensor_decorator to None, run_after=None
[2025-09-23T20:10:12.040+0000] {processor.py:183} INFO - Processing /home/airflow/.local/lib/python3.8/site-packages/airflow/example_dags/example_sensor_decorator.py took 0.875 seconds
[2025-09-23T20:10:42.675+0000] {processor.py:161} INFO - Started process (PID=1597) to work on /home/airflow/.local/lib/python3.8/site-packages/airflow/example_dags/example_sensor_decorator.py
[2025-09-23T20:10:42.680+0000] {processor.py:830} INFO - Processing file /home/airflow/.local/lib/python3.8/site-packages/airflow/example_dags/example_sensor_decorator.py for tasks to queue
[2025-09-23T20:10:42.684+0000] {logging_mixin.py:188} INFO - [2025-09-23T20:10:42.683+0000] {dagbag.py:538} INFO - Filling up the DagBag from /home/airflow/.local/lib/python3.8/site-packages/airflow/example_dags/example_sensor_decorator.py
[2025-09-23T20:10:42.721+0000] {processor.py:840} INFO - DAG(s) 'example_sensor_decorator' retrieved from /home/airflow/.local/lib/python3.8/site-packages/airflow/example_dags/example_sensor_decorator.py
[2025-09-23T20:10:42.810+0000] {logging_mixin.py:188} INFO - [2025-09-23T20:10:42.809+0000] {dag.py:3036} INFO - Sync 1 DAGs
[2025-09-23T20:10:42.865+0000] {logging_mixin.py:188} INFO - [2025-09-23T20:10:42.864+0000] {dag.py:3823} INFO - Setting next_dagrun for example_sensor_decorator to None, run_after=None
[2025-09-23T20:10:42.978+0000] {processor.py:183} INFO - Processing /home/airflow/.local/lib/python3.8/site-packages/airflow/example_dags/example_sensor_decorator.py took 0.335 seconds
[2025-09-23T20:11:14.419+0000] {processor.py:161} INFO - Started process (PID=1844) to work on /home/airflow/.local/lib/python3.8/site-packages/airflow/example_dags/example_sensor_decorator.py
[2025-09-23T20:11:14.425+0000] {processor.py:830} INFO - Processing file /home/airflow/.local/lib/python3.8/site-packages/airflow/example_dags/example_sensor_decorator.py for tasks to queue
[2025-09-23T20:11:14.429+0000] {logging_mixin.py:188} INFO - [2025-09-23T20:11:14.428+0000] {dagbag.py:538} INFO - Filling up the DagBag from /home/airflow/.local/lib/python3.8/site-packages/airflow/example_dags/example_sensor_decorator.py
[2025-09-23T20:11:14.455+0000] {processor.py:840} INFO - DAG(s) 'example_sensor_decorator' retrieved from /home/airflow/.local/lib/python3.8/site-packages/airflow/example_dags/example_sensor_decorator.py
[2025-09-23T20:11:14.716+0000] {logging_mixin.py:188} INFO - [2025-09-23T20:11:14.710+0000] {dag.py:3036} INFO - Sync 1 DAGs
[2025-09-23T20:11:15.107+0000] {logging_mixin.py:188} INFO - [2025-09-23T20:11:15.102+0000] {dag.py:3823} INFO - Setting next_dagrun for example_sensor_decorator to None, run_after=None
[2025-09-23T20:11:15.362+0000] {processor.py:183} INFO - Processing /home/airflow/.local/lib/python3.8/site-packages/airflow/example_dags/example_sensor_decorator.py took 0.964 seconds
[2025-09-23T20:11:45.751+0000] {processor.py:161} INFO - Started process (PID=2089) to work on /home/airflow/.local/lib/python3.8/site-packages/airflow/example_dags/example_sensor_decorator.py
[2025-09-23T20:11:45.759+0000] {processor.py:830} INFO - Processing file /home/airflow/.local/lib/python3.8/site-packages/airflow/example_dags/example_sensor_decorator.py for tasks to queue
[2025-09-23T20:11:45.763+0000] {logging_mixin.py:188} INFO - [2025-09-23T20:11:45.760+0000] {dagbag.py:538} INFO - Filling up the DagBag from /home/airflow/.local/lib/python3.8/site-packages/airflow/example_dags/example_sensor_decorator.py
[2025-09-23T20:11:45.789+0000] {processor.py:840} INFO - DAG(s) 'example_sensor_decorator' retrieved from /home/airflow/.local/lib/python3.8/site-packages/airflow/example_dags/example_sensor_decorator.py
[2025-09-23T20:11:45.860+0000] {logging_mixin.py:188} INFO - [2025-09-23T20:11:45.859+0000] {dag.py:3036} INFO - Sync 1 DAGs
[2025-09-23T20:11:45.955+0000] {logging_mixin.py:188} INFO - [2025-09-23T20:11:45.954+0000] {dag.py:3823} INFO - Setting next_dagrun for example_sensor_decorator to None, run_after=None
[2025-09-23T20:11:46.016+0000] {processor.py:183} INFO - Processing /home/airflow/.local/lib/python3.8/site-packages/airflow/example_dags/example_sensor_decorator.py took 0.277 seconds
[2025-09-23T20:12:16.090+0000] {processor.py:161} INFO - Started process (PID=2336) to work on /home/airflow/.local/lib/python3.8/site-packages/airflow/example_dags/example_sensor_decorator.py
[2025-09-23T20:12:16.097+0000] {processor.py:830} INFO - Processing file /home/airflow/.local/lib/python3.8/site-packages/airflow/example_dags/example_sensor_decorator.py for tasks to queue
[2025-09-23T20:12:16.098+0000] {logging_mixin.py:188} INFO - [2025-09-23T20:12:16.098+0000] {dagbag.py:538} INFO - Filling up the DagBag from /home/airflow/.local/lib/python3.8/site-packages/airflow/example_dags/example_sensor_decorator.py
[2025-09-23T20:12:16.108+0000] {processor.py:840} INFO - DAG(s) 'example_sensor_decorator' retrieved from /home/airflow/.local/lib/python3.8/site-packages/airflow/example_dags/example_sensor_decorator.py
[2025-09-23T20:12:16.147+0000] {logging_mixin.py:188} INFO - [2025-09-23T20:12:16.147+0000] {dag.py:3036} INFO - Sync 1 DAGs
[2025-09-23T20:12:16.167+0000] {logging_mixin.py:188} INFO - [2025-09-23T20:12:16.167+0000] {dag.py:3823} INFO - Setting next_dagrun for example_sensor_decorator to None, run_after=None
[2025-09-23T20:12:16.206+0000] {processor.py:183} INFO - Processing /home/airflow/.local/lib/python3.8/site-packages/airflow/example_dags/example_sensor_decorator.py took 0.121 seconds
[2025-09-23T20:13:05.326+0000] {processor.py:161} INFO - Started process (PID=2602) to work on /home/airflow/.local/lib/python3.8/site-packages/airflow/example_dags/example_sensor_decorator.py
[2025-09-23T20:13:05.340+0000] {processor.py:830} INFO - Processing file /home/airflow/.local/lib/python3.8/site-packages/airflow/example_dags/example_sensor_decorator.py for tasks to queue
[2025-09-23T20:13:05.352+0000] {logging_mixin.py:188} INFO - [2025-09-23T20:13:05.347+0000] {dagbag.py:538} INFO - Filling up the DagBag from /home/airflow/.local/lib/python3.8/site-packages/airflow/example_dags/example_sensor_decorator.py
[2025-09-23T20:13:05.439+0000] {processor.py:840} INFO - DAG(s) 'example_sensor_decorator' retrieved from /home/airflow/.local/lib/python3.8/site-packages/airflow/example_dags/example_sensor_decorator.py
[2025-09-23T20:13:05.620+0000] {logging_mixin.py:188} INFO - [2025-09-23T20:13:05.618+0000] {dag.py:3036} INFO - Sync 1 DAGs
[2025-09-23T20:13:05.760+0000] {logging_mixin.py:188} INFO - [2025-09-23T20:13:05.756+0000] {dag.py:3823} INFO - Setting next_dagrun for example_sensor_decorator to None, run_after=None
[2025-09-23T20:13:05.946+0000] {processor.py:183} INFO - Processing /home/airflow/.local/lib/python3.8/site-packages/airflow/example_dags/example_sensor_decorator.py took 0.684 seconds
