[2025-09-23T20:00:53.511+0000] {processor.py:161} INFO - Started process (PID=131) to work on /home/airflow/.local/lib/python3.8/site-packages/airflow/example_dags/example_xcom.py
[2025-09-23T20:00:53.592+0000] {processor.py:830} INFO - Processing file /home/airflow/.local/lib/python3.8/site-packages/airflow/example_dags/example_xcom.py for tasks to queue
[2025-09-23T20:00:53.659+0000] {logging_mixin.py:188} INFO - [2025-09-23T20:00:53.647+0000] {dagbag.py:538} INFO - Filling up the DagBag from /home/airflow/.local/lib/python3.8/site-packages/airflow/example_dags/example_xcom.py
[2025-09-23T20:00:53.735+0000] {processor.py:840} INFO - DAG(s) 'example_xcom' retrieved from /home/airflow/.local/lib/python3.8/site-packages/airflow/example_dags/example_xcom.py
[2025-09-23T20:00:58.980+0000] {logging_mixin.py:188} INFO - [2025-09-23T20:00:58.912+0000] {dag.py:3036} INFO - Sync 1 DAGs
[2025-09-23T20:00:59.629+0000] {logging_mixin.py:188} INFO - [2025-09-23T20:00:59.625+0000] {dag.py:3823} INFO - Setting next_dagrun for example_xcom to 2021-01-01 00:00:00+00:00, run_after=2021-01-01 00:00:00+00:00
[2025-09-23T20:01:00.091+0000] {processor.py:183} INFO - Processing /home/airflow/.local/lib/python3.8/site-packages/airflow/example_dags/example_xcom.py took 6.664 seconds
[2025-09-23T20:07:53.981+0000] {processor.py:161} INFO - Started process (PID=340) to work on /home/airflow/.local/lib/python3.8/site-packages/airflow/example_dags/example_xcom.py
[2025-09-23T20:07:53.986+0000] {processor.py:830} INFO - Processing file /home/airflow/.local/lib/python3.8/site-packages/airflow/example_dags/example_xcom.py for tasks to queue
[2025-09-23T20:07:53.989+0000] {logging_mixin.py:188} INFO - [2025-09-23T20:07:53.988+0000] {dagbag.py:538} INFO - Filling up the DagBag from /home/airflow/.local/lib/python3.8/site-packages/airflow/example_dags/example_xcom.py
[2025-09-23T20:07:54.017+0000] {processor.py:840} INFO - DAG(s) 'example_xcom' retrieved from /home/airflow/.local/lib/python3.8/site-packages/airflow/example_dags/example_xcom.py
[2025-09-23T20:07:54.420+0000] {logging_mixin.py:188} INFO - [2025-09-23T20:07:54.419+0000] {override.py:1769} INFO - Created Permission View: can delete on DAG:example_xcom
[2025-09-23T20:07:54.472+0000] {logging_mixin.py:188} INFO - [2025-09-23T20:07:54.470+0000] {override.py:1769} INFO - Created Permission View: can read on DAG:example_xcom
[2025-09-23T20:07:54.497+0000] {logging_mixin.py:188} INFO - [2025-09-23T20:07:54.496+0000] {override.py:1769} INFO - Created Permission View: can edit on DAG:example_xcom
[2025-09-23T20:07:54.502+0000] {logging_mixin.py:188} INFO - [2025-09-23T20:07:54.498+0000] {dag.py:3036} INFO - Sync 1 DAGs
[2025-09-23T20:07:54.553+0000] {logging_mixin.py:188} INFO - [2025-09-23T20:07:54.552+0000] {dag.py:3058} INFO - Creating ORM DAG for example_xcom
[2025-09-23T20:07:54.586+0000] {logging_mixin.py:188} INFO - [2025-09-23T20:07:54.585+0000] {dag.py:3823} INFO - Setting next_dagrun for example_xcom to 2021-01-01 00:00:00+00:00, run_after=2021-01-01 00:00:00+00:00
[2025-09-23T20:07:54.636+0000] {processor.py:183} INFO - Processing /home/airflow/.local/lib/python3.8/site-packages/airflow/example_dags/example_xcom.py took 0.669 seconds
[2025-09-23T20:08:24.774+0000] {processor.py:161} INFO - Started process (PID=582) to work on /home/airflow/.local/lib/python3.8/site-packages/airflow/example_dags/example_xcom.py
[2025-09-23T20:08:24.779+0000] {processor.py:830} INFO - Processing file /home/airflow/.local/lib/python3.8/site-packages/airflow/example_dags/example_xcom.py for tasks to queue
[2025-09-23T20:08:24.785+0000] {logging_mixin.py:188} INFO - [2025-09-23T20:08:24.781+0000] {dagbag.py:538} INFO - Filling up the DagBag from /home/airflow/.local/lib/python3.8/site-packages/airflow/example_dags/example_xcom.py
[2025-09-23T20:08:24.812+0000] {processor.py:840} INFO - DAG(s) 'example_xcom' retrieved from /home/airflow/.local/lib/python3.8/site-packages/airflow/example_dags/example_xcom.py
[2025-09-23T20:08:24.888+0000] {logging_mixin.py:188} INFO - [2025-09-23T20:08:24.886+0000] {dag.py:3036} INFO - Sync 1 DAGs
[2025-09-23T20:08:24.992+0000] {logging_mixin.py:188} INFO - [2025-09-23T20:08:24.991+0000] {dag.py:3823} INFO - Setting next_dagrun for example_xcom to 2021-01-01 00:00:00+00:00, run_after=2021-01-01 00:00:00+00:00
[2025-09-23T20:08:25.069+0000] {processor.py:183} INFO - Processing /home/airflow/.local/lib/python3.8/site-packages/airflow/example_dags/example_xcom.py took 0.307 seconds
[2025-09-23T20:08:55.969+0000] {processor.py:161} INFO - Started process (PID=830) to work on /home/airflow/.local/lib/python3.8/site-packages/airflow/example_dags/example_xcom.py
[2025-09-23T20:08:55.971+0000] {processor.py:830} INFO - Processing file /home/airflow/.local/lib/python3.8/site-packages/airflow/example_dags/example_xcom.py for tasks to queue
[2025-09-23T20:08:55.973+0000] {logging_mixin.py:188} INFO - [2025-09-23T20:08:55.972+0000] {dagbag.py:538} INFO - Filling up the DagBag from /home/airflow/.local/lib/python3.8/site-packages/airflow/example_dags/example_xcom.py
[2025-09-23T20:08:55.991+0000] {processor.py:840} INFO - DAG(s) 'example_xcom' retrieved from /home/airflow/.local/lib/python3.8/site-packages/airflow/example_dags/example_xcom.py
[2025-09-23T20:08:56.041+0000] {logging_mixin.py:188} INFO - [2025-09-23T20:08:56.041+0000] {dag.py:3036} INFO - Sync 1 DAGs
[2025-09-23T20:08:56.099+0000] {logging_mixin.py:188} INFO - [2025-09-23T20:08:56.099+0000] {dag.py:3823} INFO - Setting next_dagrun for example_xcom to 2021-01-01 00:00:00+00:00, run_after=2021-01-01 00:00:00+00:00
[2025-09-23T20:08:56.139+0000] {processor.py:183} INFO - Processing /home/airflow/.local/lib/python3.8/site-packages/airflow/example_dags/example_xcom.py took 0.177 seconds
[2025-09-23T20:09:30.868+0000] {processor.py:161} INFO - Started process (PID=1084) to work on /home/airflow/.local/lib/python3.8/site-packages/airflow/example_dags/example_xcom.py
[2025-09-23T20:09:30.872+0000] {processor.py:830} INFO - Processing file /home/airflow/.local/lib/python3.8/site-packages/airflow/example_dags/example_xcom.py for tasks to queue
[2025-09-23T20:09:30.887+0000] {logging_mixin.py:188} INFO - [2025-09-23T20:09:30.877+0000] {dagbag.py:538} INFO - Filling up the DagBag from /home/airflow/.local/lib/python3.8/site-packages/airflow/example_dags/example_xcom.py
[2025-09-23T20:09:30.928+0000] {processor.py:840} INFO - DAG(s) 'example_xcom' retrieved from /home/airflow/.local/lib/python3.8/site-packages/airflow/example_dags/example_xcom.py
[2025-09-23T20:09:31.015+0000] {logging_mixin.py:188} INFO - [2025-09-23T20:09:31.014+0000] {dag.py:3036} INFO - Sync 1 DAGs
[2025-09-23T20:09:31.125+0000] {logging_mixin.py:188} INFO - [2025-09-23T20:09:31.125+0000] {dag.py:3823} INFO - Setting next_dagrun for example_xcom to 2021-01-01 00:00:00+00:00, run_after=2021-01-01 00:00:00+00:00
[2025-09-23T20:09:31.324+0000] {processor.py:183} INFO - Processing /home/airflow/.local/lib/python3.8/site-packages/airflow/example_dags/example_xcom.py took 0.468 seconds
[2025-09-23T20:10:08.051+0000] {processor.py:161} INFO - Started process (PID=1335) to work on /home/airflow/.local/lib/python3.8/site-packages/airflow/example_dags/example_xcom.py
[2025-09-23T20:10:08.063+0000] {processor.py:830} INFO - Processing file /home/airflow/.local/lib/python3.8/site-packages/airflow/example_dags/example_xcom.py for tasks to queue
[2025-09-23T20:10:08.070+0000] {logging_mixin.py:188} INFO - [2025-09-23T20:10:08.069+0000] {dagbag.py:538} INFO - Filling up the DagBag from /home/airflow/.local/lib/python3.8/site-packages/airflow/example_dags/example_xcom.py
[2025-09-23T20:10:08.181+0000] {processor.py:840} INFO - DAG(s) 'example_xcom' retrieved from /home/airflow/.local/lib/python3.8/site-packages/airflow/example_dags/example_xcom.py
[2025-09-23T20:10:08.830+0000] {logging_mixin.py:188} INFO - [2025-09-23T20:10:08.829+0000] {dag.py:3036} INFO - Sync 1 DAGs
[2025-09-23T20:10:08.965+0000] {logging_mixin.py:188} INFO - [2025-09-23T20:10:08.964+0000] {dag.py:3823} INFO - Setting next_dagrun for example_xcom to 2021-01-01 00:00:00+00:00, run_after=2021-01-01 00:00:00+00:00
[2025-09-23T20:10:09.298+0000] {processor.py:183} INFO - Processing /home/airflow/.local/lib/python3.8/site-packages/airflow/example_dags/example_xcom.py took 1.267 seconds
[2025-09-23T20:10:39.647+0000] {processor.py:161} INFO - Started process (PID=1579) to work on /home/airflow/.local/lib/python3.8/site-packages/airflow/example_dags/example_xcom.py
[2025-09-23T20:10:39.656+0000] {processor.py:830} INFO - Processing file /home/airflow/.local/lib/python3.8/site-packages/airflow/example_dags/example_xcom.py for tasks to queue
[2025-09-23T20:10:39.659+0000] {logging_mixin.py:188} INFO - [2025-09-23T20:10:39.658+0000] {dagbag.py:538} INFO - Filling up the DagBag from /home/airflow/.local/lib/python3.8/site-packages/airflow/example_dags/example_xcom.py
[2025-09-23T20:10:39.697+0000] {processor.py:840} INFO - DAG(s) 'example_xcom' retrieved from /home/airflow/.local/lib/python3.8/site-packages/airflow/example_dags/example_xcom.py
[2025-09-23T20:10:39.838+0000] {logging_mixin.py:188} INFO - [2025-09-23T20:10:39.837+0000] {dag.py:3036} INFO - Sync 1 DAGs
[2025-09-23T20:10:39.937+0000] {logging_mixin.py:188} INFO - [2025-09-23T20:10:39.936+0000] {dag.py:3823} INFO - Setting next_dagrun for example_xcom to 2021-01-01 00:00:00+00:00, run_after=2021-01-01 00:00:00+00:00
[2025-09-23T20:10:40.017+0000] {processor.py:183} INFO - Processing /home/airflow/.local/lib/python3.8/site-packages/airflow/example_dags/example_xcom.py took 0.384 seconds
[2025-09-23T20:11:10.446+0000] {processor.py:161} INFO - Started process (PID=1826) to work on /home/airflow/.local/lib/python3.8/site-packages/airflow/example_dags/example_xcom.py
[2025-09-23T20:11:10.455+0000] {processor.py:830} INFO - Processing file /home/airflow/.local/lib/python3.8/site-packages/airflow/example_dags/example_xcom.py for tasks to queue
[2025-09-23T20:11:10.459+0000] {logging_mixin.py:188} INFO - [2025-09-23T20:11:10.458+0000] {dagbag.py:538} INFO - Filling up the DagBag from /home/airflow/.local/lib/python3.8/site-packages/airflow/example_dags/example_xcom.py
[2025-09-23T20:11:10.494+0000] {processor.py:840} INFO - DAG(s) 'example_xcom' retrieved from /home/airflow/.local/lib/python3.8/site-packages/airflow/example_dags/example_xcom.py
[2025-09-23T20:11:10.597+0000] {logging_mixin.py:188} INFO - [2025-09-23T20:11:10.595+0000] {dag.py:3036} INFO - Sync 1 DAGs
[2025-09-23T20:11:10.696+0000] {logging_mixin.py:188} INFO - [2025-09-23T20:11:10.695+0000] {dag.py:3823} INFO - Setting next_dagrun for example_xcom to 2021-01-01 00:00:00+00:00, run_after=2021-01-01 00:00:00+00:00
[2025-09-23T20:11:10.775+0000] {processor.py:183} INFO - Processing /home/airflow/.local/lib/python3.8/site-packages/airflow/example_dags/example_xcom.py took 0.342 seconds
[2025-09-23T20:11:41.395+0000] {processor.py:161} INFO - Started process (PID=2074) to work on /home/airflow/.local/lib/python3.8/site-packages/airflow/example_dags/example_xcom.py
[2025-09-23T20:11:41.403+0000] {processor.py:830} INFO - Processing file /home/airflow/.local/lib/python3.8/site-packages/airflow/example_dags/example_xcom.py for tasks to queue
[2025-09-23T20:11:41.405+0000] {logging_mixin.py:188} INFO - [2025-09-23T20:11:41.405+0000] {dagbag.py:538} INFO - Filling up the DagBag from /home/airflow/.local/lib/python3.8/site-packages/airflow/example_dags/example_xcom.py
[2025-09-23T20:11:41.426+0000] {processor.py:840} INFO - DAG(s) 'example_xcom' retrieved from /home/airflow/.local/lib/python3.8/site-packages/airflow/example_dags/example_xcom.py
[2025-09-23T20:11:41.473+0000] {logging_mixin.py:188} INFO - [2025-09-23T20:11:41.472+0000] {dag.py:3036} INFO - Sync 1 DAGs
[2025-09-23T20:11:41.527+0000] {logging_mixin.py:188} INFO - [2025-09-23T20:11:41.527+0000] {dag.py:3823} INFO - Setting next_dagrun for example_xcom to 2021-01-01 00:00:00+00:00, run_after=2021-01-01 00:00:00+00:00
[2025-09-23T20:11:41.572+0000] {processor.py:183} INFO - Processing /home/airflow/.local/lib/python3.8/site-packages/airflow/example_dags/example_xcom.py took 0.185 seconds
[2025-09-23T20:12:12.461+0000] {processor.py:161} INFO - Started process (PID=2321) to work on /home/airflow/.local/lib/python3.8/site-packages/airflow/example_dags/example_xcom.py
[2025-09-23T20:12:12.473+0000] {processor.py:830} INFO - Processing file /home/airflow/.local/lib/python3.8/site-packages/airflow/example_dags/example_xcom.py for tasks to queue
[2025-09-23T20:12:12.478+0000] {logging_mixin.py:188} INFO - [2025-09-23T20:12:12.476+0000] {dagbag.py:538} INFO - Filling up the DagBag from /home/airflow/.local/lib/python3.8/site-packages/airflow/example_dags/example_xcom.py
[2025-09-23T20:12:12.527+0000] {processor.py:840} INFO - DAG(s) 'example_xcom' retrieved from /home/airflow/.local/lib/python3.8/site-packages/airflow/example_dags/example_xcom.py
[2025-09-23T20:12:12.660+0000] {logging_mixin.py:188} INFO - [2025-09-23T20:12:12.660+0000] {dag.py:3036} INFO - Sync 1 DAGs
[2025-09-23T20:12:12.744+0000] {logging_mixin.py:188} INFO - [2025-09-23T20:12:12.743+0000] {dag.py:3823} INFO - Setting next_dagrun for example_xcom to 2021-01-01 00:00:00+00:00, run_after=2021-01-01 00:00:00+00:00
[2025-09-23T20:12:12.821+0000] {processor.py:183} INFO - Processing /home/airflow/.local/lib/python3.8/site-packages/airflow/example_dags/example_xcom.py took 0.387 seconds
[2025-09-23T20:12:54.929+0000] {processor.py:161} INFO - Started process (PID=2560) to work on /home/airflow/.local/lib/python3.8/site-packages/airflow/example_dags/example_xcom.py
[2025-09-23T20:12:54.963+0000] {processor.py:830} INFO - Processing file /home/airflow/.local/lib/python3.8/site-packages/airflow/example_dags/example_xcom.py for tasks to queue
[2025-09-23T20:12:55.010+0000] {logging_mixin.py:188} INFO - [2025-09-23T20:12:54.998+0000] {dagbag.py:538} INFO - Filling up the DagBag from /home/airflow/.local/lib/python3.8/site-packages/airflow/example_dags/example_xcom.py
[2025-09-23T20:12:55.475+0000] {processor.py:840} INFO - DAG(s) 'example_xcom' retrieved from /home/airflow/.local/lib/python3.8/site-packages/airflow/example_dags/example_xcom.py
[2025-09-23T20:12:55.802+0000] {logging_mixin.py:188} INFO - [2025-09-23T20:12:55.801+0000] {dag.py:3036} INFO - Sync 1 DAGs
[2025-09-23T20:12:55.983+0000] {logging_mixin.py:188} INFO - [2025-09-23T20:12:55.981+0000] {dag.py:3823} INFO - Setting next_dagrun for example_xcom to 2021-01-01 00:00:00+00:00, run_after=2021-01-01 00:00:00+00:00
[2025-09-23T20:12:56.224+0000] {processor.py:183} INFO - Processing /home/airflow/.local/lib/python3.8/site-packages/airflow/example_dags/example_xcom.py took 1.442 seconds
