[2025-09-23T19:59:37.212+0000] {processor.py:161} INFO - Started process (PID=89) to work on /home/airflow/.local/lib/python3.8/site-packages/airflow/example_dags/example_task_group.py
[2025-09-23T19:59:37.228+0000] {processor.py:830} INFO - Processing file /home/airflow/.local/lib/python3.8/site-packages/airflow/example_dags/example_task_group.py for tasks to queue
[2025-09-23T19:59:37.262+0000] {logging_mixin.py:188} INFO - [2025-09-23T19:59:37.257+0000] {dagbag.py:538} INFO - Filling up the DagBag from /home/airflow/.local/lib/python3.8/site-packages/airflow/example_dags/example_task_group.py
[2025-09-23T19:59:37.508+0000] {processor.py:840} INFO - DAG(s) 'example_task_group' retrieved from /home/airflow/.local/lib/python3.8/site-packages/airflow/example_dags/example_task_group.py
[2025-09-23T19:59:39.270+0000] {logging_mixin.py:188} INFO - [2025-09-23T19:59:39.264+0000] {dag.py:3036} INFO - Sync 1 DAGs
[2025-09-23T19:59:40.034+0000] {logging_mixin.py:188} INFO - [2025-09-23T19:59:40.025+0000] {dag.py:3823} INFO - Setting next_dagrun for example_task_group to 2025-09-22 00:00:00+00:00, run_after=2025-09-23 00:00:00+00:00
[2025-09-23T19:59:40.473+0000] {processor.py:183} INFO - Processing /home/airflow/.local/lib/python3.8/site-packages/airflow/example_dags/example_task_group.py took 3.351 seconds
[2025-09-23T20:01:38.243+0000] {processor.py:161} INFO - Started process (PID=162) to work on /home/airflow/.local/lib/python3.8/site-packages/airflow/example_dags/example_task_group.py
[2025-09-23T20:01:38.264+0000] {processor.py:830} INFO - Processing file /home/airflow/.local/lib/python3.8/site-packages/airflow/example_dags/example_task_group.py for tasks to queue
[2025-09-23T20:01:38.350+0000] {logging_mixin.py:188} INFO - [2025-09-23T20:01:38.345+0000] {dagbag.py:538} INFO - Filling up the DagBag from /home/airflow/.local/lib/python3.8/site-packages/airflow/example_dags/example_task_group.py
[2025-09-23T20:01:38.671+0000] {processor.py:840} INFO - DAG(s) 'example_task_group' retrieved from /home/airflow/.local/lib/python3.8/site-packages/airflow/example_dags/example_task_group.py
[2025-09-23T20:01:39.123+0000] {logging_mixin.py:188} INFO - [2025-09-23T20:01:39.120+0000] {dag.py:3036} INFO - Sync 1 DAGs
[2025-09-23T20:01:39.764+0000] {logging_mixin.py:188} INFO - [2025-09-23T20:01:39.756+0000] {dag.py:3823} INFO - Setting next_dagrun for example_task_group to 2025-09-22 00:00:00+00:00, run_after=2025-09-23 00:00:00+00:00
[2025-09-23T20:01:40.170+0000] {processor.py:183} INFO - Processing /home/airflow/.local/lib/python3.8/site-packages/airflow/example_dags/example_task_group.py took 2.020 seconds
[2025-09-23T20:07:41.658+0000] {processor.py:161} INFO - Started process (PID=220) to work on /home/airflow/.local/lib/python3.8/site-packages/airflow/example_dags/example_task_group.py
[2025-09-23T20:07:41.673+0000] {processor.py:830} INFO - Processing file /home/airflow/.local/lib/python3.8/site-packages/airflow/example_dags/example_task_group.py for tasks to queue
[2025-09-23T20:07:41.682+0000] {logging_mixin.py:188} INFO - [2025-09-23T20:07:41.675+0000] {dagbag.py:538} INFO - Filling up the DagBag from /home/airflow/.local/lib/python3.8/site-packages/airflow/example_dags/example_task_group.py
[2025-09-23T20:07:41.750+0000] {processor.py:840} INFO - DAG(s) 'example_task_group' retrieved from /home/airflow/.local/lib/python3.8/site-packages/airflow/example_dags/example_task_group.py
[2025-09-23T20:07:42.420+0000] {logging_mixin.py:188} INFO - [2025-09-23T20:07:42.412+0000] {override.py:1769} INFO - Created Permission View: can delete on DAG:example_task_group
[2025-09-23T20:07:42.510+0000] {logging_mixin.py:188} INFO - [2025-09-23T20:07:42.509+0000] {override.py:1769} INFO - Created Permission View: can read on DAG:example_task_group
[2025-09-23T20:07:42.556+0000] {logging_mixin.py:188} INFO - [2025-09-23T20:07:42.555+0000] {override.py:1769} INFO - Created Permission View: can edit on DAG:example_task_group
[2025-09-23T20:07:42.562+0000] {logging_mixin.py:188} INFO - [2025-09-23T20:07:42.556+0000] {dag.py:3036} INFO - Sync 1 DAGs
[2025-09-23T20:07:42.608+0000] {logging_mixin.py:188} INFO - [2025-09-23T20:07:42.607+0000] {dag.py:3058} INFO - Creating ORM DAG for example_task_group
[2025-09-23T20:07:42.641+0000] {logging_mixin.py:188} INFO - [2025-09-23T20:07:42.640+0000] {dag.py:3823} INFO - Setting next_dagrun for example_task_group to 2025-09-22 00:00:00+00:00, run_after=2025-09-23 00:00:00+00:00
[2025-09-23T20:07:42.688+0000] {processor.py:183} INFO - Processing /home/airflow/.local/lib/python3.8/site-packages/airflow/example_dags/example_task_group.py took 1.067 seconds
[2025-09-23T20:08:13.913+0000] {processor.py:161} INFO - Started process (PID=467) to work on /home/airflow/.local/lib/python3.8/site-packages/airflow/example_dags/example_task_group.py
[2025-09-23T20:08:13.923+0000] {processor.py:830} INFO - Processing file /home/airflow/.local/lib/python3.8/site-packages/airflow/example_dags/example_task_group.py for tasks to queue
[2025-09-23T20:08:13.933+0000] {logging_mixin.py:188} INFO - [2025-09-23T20:08:13.932+0000] {dagbag.py:538} INFO - Filling up the DagBag from /home/airflow/.local/lib/python3.8/site-packages/airflow/example_dags/example_task_group.py
[2025-09-23T20:08:13.980+0000] {processor.py:840} INFO - DAG(s) 'example_task_group' retrieved from /home/airflow/.local/lib/python3.8/site-packages/airflow/example_dags/example_task_group.py
[2025-09-23T20:08:14.060+0000] {logging_mixin.py:188} INFO - [2025-09-23T20:08:14.060+0000] {dag.py:3036} INFO - Sync 1 DAGs
[2025-09-23T20:08:14.182+0000] {logging_mixin.py:188} INFO - [2025-09-23T20:08:14.181+0000] {dag.py:3823} INFO - Setting next_dagrun for example_task_group to 2025-09-22 00:00:00+00:00, run_after=2025-09-23 00:00:00+00:00
[2025-09-23T20:08:14.270+0000] {processor.py:183} INFO - Processing /home/airflow/.local/lib/python3.8/site-packages/airflow/example_dags/example_task_group.py took 0.403 seconds
[2025-09-23T20:08:44.863+0000] {processor.py:161} INFO - Started process (PID=714) to work on /home/airflow/.local/lib/python3.8/site-packages/airflow/example_dags/example_task_group.py
[2025-09-23T20:08:44.868+0000] {processor.py:830} INFO - Processing file /home/airflow/.local/lib/python3.8/site-packages/airflow/example_dags/example_task_group.py for tasks to queue
[2025-09-23T20:08:44.874+0000] {logging_mixin.py:188} INFO - [2025-09-23T20:08:44.870+0000] {dagbag.py:538} INFO - Filling up the DagBag from /home/airflow/.local/lib/python3.8/site-packages/airflow/example_dags/example_task_group.py
[2025-09-23T20:08:44.903+0000] {processor.py:840} INFO - DAG(s) 'example_task_group' retrieved from /home/airflow/.local/lib/python3.8/site-packages/airflow/example_dags/example_task_group.py
[2025-09-23T20:08:44.982+0000] {logging_mixin.py:188} INFO - [2025-09-23T20:08:44.981+0000] {dag.py:3036} INFO - Sync 1 DAGs
[2025-09-23T20:08:45.089+0000] {logging_mixin.py:188} INFO - [2025-09-23T20:08:45.086+0000] {dag.py:3823} INFO - Setting next_dagrun for example_task_group to 2025-09-22 00:00:00+00:00, run_after=2025-09-23 00:00:00+00:00
[2025-09-23T20:08:45.210+0000] {processor.py:183} INFO - Processing /home/airflow/.local/lib/python3.8/site-packages/airflow/example_dags/example_task_group.py took 0.368 seconds
[2025-09-23T20:09:15.362+0000] {processor.py:161} INFO - Started process (PID=956) to work on /home/airflow/.local/lib/python3.8/site-packages/airflow/example_dags/example_task_group.py
[2025-09-23T20:09:15.367+0000] {processor.py:830} INFO - Processing file /home/airflow/.local/lib/python3.8/site-packages/airflow/example_dags/example_task_group.py for tasks to queue
[2025-09-23T20:09:15.372+0000] {logging_mixin.py:188} INFO - [2025-09-23T20:09:15.372+0000] {dagbag.py:538} INFO - Filling up the DagBag from /home/airflow/.local/lib/python3.8/site-packages/airflow/example_dags/example_task_group.py
[2025-09-23T20:09:15.518+0000] {processor.py:840} INFO - DAG(s) 'example_task_group' retrieved from /home/airflow/.local/lib/python3.8/site-packages/airflow/example_dags/example_task_group.py
[2025-09-23T20:09:15.782+0000] {logging_mixin.py:188} INFO - [2025-09-23T20:09:15.782+0000] {dag.py:3036} INFO - Sync 1 DAGs
[2025-09-23T20:09:16.025+0000] {logging_mixin.py:188} INFO - [2025-09-23T20:09:16.025+0000] {dag.py:3823} INFO - Setting next_dagrun for example_task_group to 2025-09-22 00:00:00+00:00, run_after=2025-09-23 00:00:00+00:00
[2025-09-23T20:09:16.107+0000] {processor.py:183} INFO - Processing /home/airflow/.local/lib/python3.8/site-packages/airflow/example_dags/example_task_group.py took 0.764 seconds
[2025-09-23T20:09:46.315+0000] {processor.py:161} INFO - Started process (PID=1203) to work on /home/airflow/.local/lib/python3.8/site-packages/airflow/example_dags/example_task_group.py
[2025-09-23T20:09:46.317+0000] {processor.py:830} INFO - Processing file /home/airflow/.local/lib/python3.8/site-packages/airflow/example_dags/example_task_group.py for tasks to queue
[2025-09-23T20:09:46.319+0000] {logging_mixin.py:188} INFO - [2025-09-23T20:09:46.319+0000] {dagbag.py:538} INFO - Filling up the DagBag from /home/airflow/.local/lib/python3.8/site-packages/airflow/example_dags/example_task_group.py
[2025-09-23T20:09:46.340+0000] {processor.py:840} INFO - DAG(s) 'example_task_group' retrieved from /home/airflow/.local/lib/python3.8/site-packages/airflow/example_dags/example_task_group.py
[2025-09-23T20:09:46.393+0000] {logging_mixin.py:188} INFO - [2025-09-23T20:09:46.393+0000] {dag.py:3036} INFO - Sync 1 DAGs
[2025-09-23T20:09:46.453+0000] {logging_mixin.py:188} INFO - [2025-09-23T20:09:46.453+0000] {dag.py:3823} INFO - Setting next_dagrun for example_task_group to 2025-09-22 00:00:00+00:00, run_after=2025-09-23 00:00:00+00:00
[2025-09-23T20:09:46.492+0000] {processor.py:183} INFO - Processing /home/airflow/.local/lib/python3.8/site-packages/airflow/example_dags/example_task_group.py took 0.185 seconds
[2025-09-23T20:10:20.512+0000] {processor.py:161} INFO - Started process (PID=1450) to work on /home/airflow/.local/lib/python3.8/site-packages/airflow/example_dags/example_task_group.py
[2025-09-23T20:10:20.522+0000] {processor.py:830} INFO - Processing file /home/airflow/.local/lib/python3.8/site-packages/airflow/example_dags/example_task_group.py for tasks to queue
[2025-09-23T20:10:20.525+0000] {logging_mixin.py:188} INFO - [2025-09-23T20:10:20.524+0000] {dagbag.py:538} INFO - Filling up the DagBag from /home/airflow/.local/lib/python3.8/site-packages/airflow/example_dags/example_task_group.py
[2025-09-23T20:10:20.557+0000] {processor.py:840} INFO - DAG(s) 'example_task_group' retrieved from /home/airflow/.local/lib/python3.8/site-packages/airflow/example_dags/example_task_group.py
[2025-09-23T20:10:20.648+0000] {logging_mixin.py:188} INFO - [2025-09-23T20:10:20.647+0000] {dag.py:3036} INFO - Sync 1 DAGs
[2025-09-23T20:10:20.757+0000] {logging_mixin.py:188} INFO - [2025-09-23T20:10:20.756+0000] {dag.py:3823} INFO - Setting next_dagrun for example_task_group to 2025-09-22 00:00:00+00:00, run_after=2025-09-23 00:00:00+00:00
[2025-09-23T20:10:20.896+0000] {processor.py:183} INFO - Processing /home/airflow/.local/lib/python3.8/site-packages/airflow/example_dags/example_task_group.py took 0.401 seconds
[2025-09-23T20:10:51.678+0000] {processor.py:161} INFO - Started process (PID=1699) to work on /home/airflow/.local/lib/python3.8/site-packages/airflow/example_dags/example_task_group.py
[2025-09-23T20:10:51.686+0000] {processor.py:830} INFO - Processing file /home/airflow/.local/lib/python3.8/site-packages/airflow/example_dags/example_task_group.py for tasks to queue
[2025-09-23T20:10:51.691+0000] {logging_mixin.py:188} INFO - [2025-09-23T20:10:51.689+0000] {dagbag.py:538} INFO - Filling up the DagBag from /home/airflow/.local/lib/python3.8/site-packages/airflow/example_dags/example_task_group.py
[2025-09-23T20:10:51.715+0000] {processor.py:840} INFO - DAG(s) 'example_task_group' retrieved from /home/airflow/.local/lib/python3.8/site-packages/airflow/example_dags/example_task_group.py
[2025-09-23T20:10:51.776+0000] {logging_mixin.py:188} INFO - [2025-09-23T20:10:51.775+0000] {dag.py:3036} INFO - Sync 1 DAGs
[2025-09-23T20:10:51.849+0000] {logging_mixin.py:188} INFO - [2025-09-23T20:10:51.848+0000] {dag.py:3823} INFO - Setting next_dagrun for example_task_group to 2025-09-22 00:00:00+00:00, run_after=2025-09-23 00:00:00+00:00
[2025-09-23T20:10:51.955+0000] {processor.py:183} INFO - Processing /home/airflow/.local/lib/python3.8/site-packages/airflow/example_dags/example_task_group.py took 0.290 seconds
[2025-09-23T20:11:23.132+0000] {processor.py:161} INFO - Started process (PID=1941) to work on /home/airflow/.local/lib/python3.8/site-packages/airflow/example_dags/example_task_group.py
[2025-09-23T20:11:23.138+0000] {processor.py:830} INFO - Processing file /home/airflow/.local/lib/python3.8/site-packages/airflow/example_dags/example_task_group.py for tasks to queue
[2025-09-23T20:11:23.146+0000] {logging_mixin.py:188} INFO - [2025-09-23T20:11:23.144+0000] {dagbag.py:538} INFO - Filling up the DagBag from /home/airflow/.local/lib/python3.8/site-packages/airflow/example_dags/example_task_group.py
[2025-09-23T20:11:23.248+0000] {processor.py:840} INFO - DAG(s) 'example_task_group' retrieved from /home/airflow/.local/lib/python3.8/site-packages/airflow/example_dags/example_task_group.py
[2025-09-23T20:11:23.398+0000] {logging_mixin.py:188} INFO - [2025-09-23T20:11:23.397+0000] {dag.py:3036} INFO - Sync 1 DAGs
[2025-09-23T20:11:23.521+0000] {logging_mixin.py:188} INFO - [2025-09-23T20:11:23.520+0000] {dag.py:3823} INFO - Setting next_dagrun for example_task_group to 2025-09-22 00:00:00+00:00, run_after=2025-09-23 00:00:00+00:00
[2025-09-23T20:11:23.609+0000] {processor.py:183} INFO - Processing /home/airflow/.local/lib/python3.8/site-packages/airflow/example_dags/example_task_group.py took 0.509 seconds
[2025-09-23T20:11:53.908+0000] {processor.py:161} INFO - Started process (PID=2194) to work on /home/airflow/.local/lib/python3.8/site-packages/airflow/example_dags/example_task_group.py
[2025-09-23T20:11:53.910+0000] {processor.py:830} INFO - Processing file /home/airflow/.local/lib/python3.8/site-packages/airflow/example_dags/example_task_group.py for tasks to queue
[2025-09-23T20:11:53.913+0000] {logging_mixin.py:188} INFO - [2025-09-23T20:11:53.912+0000] {dagbag.py:538} INFO - Filling up the DagBag from /home/airflow/.local/lib/python3.8/site-packages/airflow/example_dags/example_task_group.py
[2025-09-23T20:11:53.937+0000] {processor.py:840} INFO - DAG(s) 'example_task_group' retrieved from /home/airflow/.local/lib/python3.8/site-packages/airflow/example_dags/example_task_group.py
[2025-09-23T20:11:53.998+0000] {logging_mixin.py:188} INFO - [2025-09-23T20:11:53.998+0000] {dag.py:3036} INFO - Sync 1 DAGs
[2025-09-23T20:11:54.066+0000] {logging_mixin.py:188} INFO - [2025-09-23T20:11:54.065+0000] {dag.py:3823} INFO - Setting next_dagrun for example_task_group to 2025-09-22 00:00:00+00:00, run_after=2025-09-23 00:00:00+00:00
[2025-09-23T20:11:54.121+0000] {processor.py:183} INFO - Processing /home/airflow/.local/lib/python3.8/site-packages/airflow/example_dags/example_task_group.py took 0.222 seconds
[2025-09-23T20:12:28.335+0000] {processor.py:161} INFO - Started process (PID=2431) to work on /home/airflow/.local/lib/python3.8/site-packages/airflow/example_dags/example_task_group.py
[2025-09-23T20:12:28.347+0000] {processor.py:830} INFO - Processing file /home/airflow/.local/lib/python3.8/site-packages/airflow/example_dags/example_task_group.py for tasks to queue
[2025-09-23T20:12:28.353+0000] {logging_mixin.py:188} INFO - [2025-09-23T20:12:28.351+0000] {dagbag.py:538} INFO - Filling up the DagBag from /home/airflow/.local/lib/python3.8/site-packages/airflow/example_dags/example_task_group.py
[2025-09-23T20:12:28.410+0000] {processor.py:840} INFO - DAG(s) 'example_task_group' retrieved from /home/airflow/.local/lib/python3.8/site-packages/airflow/example_dags/example_task_group.py
[2025-09-23T20:12:28.598+0000] {logging_mixin.py:188} INFO - [2025-09-23T20:12:28.597+0000] {dag.py:3036} INFO - Sync 1 DAGs
[2025-09-23T20:12:29.026+0000] {logging_mixin.py:188} INFO - [2025-09-23T20:12:29.024+0000] {dag.py:3823} INFO - Setting next_dagrun for example_task_group to 2025-09-22 00:00:00+00:00, run_after=2025-09-23 00:00:00+00:00
[2025-09-23T20:12:29.213+0000] {processor.py:183} INFO - Processing /home/airflow/.local/lib/python3.8/site-packages/airflow/example_dags/example_task_group.py took 0.902 seconds
