[2025-09-23T20:00:07.810+0000] {processor.py:161} INFO - Started process (PID=106) to work on /home/airflow/.local/lib/python3.8/site-packages/airflow/example_dags/example_branch_datetime_operator.py
[2025-09-23T20:00:07.834+0000] {processor.py:830} INFO - Processing file /home/airflow/.local/lib/python3.8/site-packages/airflow/example_dags/example_branch_datetime_operator.py for tasks to queue
[2025-09-23T20:00:07.892+0000] {logging_mixin.py:188} INFO - [2025-09-23T20:00:07.868+0000] {dagbag.py:538} INFO - Filling up the DagBag from /home/airflow/.local/lib/python3.8/site-packages/airflow/example_dags/example_branch_datetime_operator.py
[2025-09-23T20:00:08.416+0000] {processor.py:840} INFO - DAG(s) 'example_branch_datetime_operator', 'example_branch_datetime_operator_3', 'example_branch_datetime_operator_2' retrieved from /home/airflow/.local/lib/python3.8/site-packages/airflow/example_dags/example_branch_datetime_operator.py
[2025-09-23T20:00:11.403+0000] {logging_mixin.py:188} INFO - [2025-09-23T20:00:11.401+0000] {dag.py:3036} INFO - Sync 3 DAGs
[2025-09-23T20:00:11.692+0000] {logging_mixin.py:188} INFO - [2025-09-23T20:00:11.691+0000] {dag.py:3823} INFO - Setting next_dagrun for example_branch_datetime_operator to 2025-09-22 00:00:00+00:00, run_after=2025-09-23 00:00:00+00:00
[2025-09-23T20:00:11.734+0000] {logging_mixin.py:188} INFO - [2025-09-23T20:00:11.733+0000] {dag.py:3823} INFO - Setting next_dagrun for example_branch_datetime_operator_2 to 2025-09-22 00:00:00+00:00, run_after=2025-09-23 00:00:00+00:00
[2025-09-23T20:00:11.773+0000] {logging_mixin.py:188} INFO - [2025-09-23T20:00:11.771+0000] {dag.py:3823} INFO - Setting next_dagrun for example_branch_datetime_operator_3 to 2025-09-22 00:00:00+00:00, run_after=2025-09-23 00:00:00+00:00
[2025-09-23T20:00:12.299+0000] {processor.py:183} INFO - Processing /home/airflow/.local/lib/python3.8/site-packages/airflow/example_dags/example_branch_datetime_operator.py took 4.580 seconds
[2025-09-23T20:02:04.867+0000] {processor.py:161} INFO - Started process (PID=179) to work on /home/airflow/.local/lib/python3.8/site-packages/airflow/example_dags/example_branch_datetime_operator.py
[2025-09-23T20:02:04.877+0000] {processor.py:830} INFO - Processing file /home/airflow/.local/lib/python3.8/site-packages/airflow/example_dags/example_branch_datetime_operator.py for tasks to queue
[2025-09-23T20:02:04.905+0000] {logging_mixin.py:188} INFO - [2025-09-23T20:02:04.900+0000] {dagbag.py:538} INFO - Filling up the DagBag from /home/airflow/.local/lib/python3.8/site-packages/airflow/example_dags/example_branch_datetime_operator.py
[2025-09-23T20:02:05.292+0000] {processor.py:840} INFO - DAG(s) 'example_branch_datetime_operator_2', 'example_branch_datetime_operator_3', 'example_branch_datetime_operator' retrieved from /home/airflow/.local/lib/python3.8/site-packages/airflow/example_dags/example_branch_datetime_operator.py
[2025-09-23T20:02:06.147+0000] {logging_mixin.py:188} INFO - [2025-09-23T20:02:06.136+0000] {dag.py:3036} INFO - Sync 3 DAGs
[2025-09-23T20:02:07.005+0000] {logging_mixin.py:188} INFO - [2025-09-23T20:02:06.981+0000] {dag.py:3823} INFO - Setting next_dagrun for example_branch_datetime_operator to 2025-09-22 00:00:00+00:00, run_after=2025-09-23 00:00:00+00:00
[2025-09-23T20:02:07.426+0000] {logging_mixin.py:188} INFO - [2025-09-23T20:02:07.417+0000] {dag.py:3823} INFO - Setting next_dagrun for example_branch_datetime_operator_2 to 2025-09-22 00:00:00+00:00, run_after=2025-09-23 00:00:00+00:00
[2025-09-23T20:02:07.587+0000] {logging_mixin.py:188} INFO - [2025-09-23T20:02:07.571+0000] {dag.py:3823} INFO - Setting next_dagrun for example_branch_datetime_operator_3 to 2025-09-22 00:00:00+00:00, run_after=2025-09-23 00:00:00+00:00
[2025-09-23T20:02:07.882+0000] {processor.py:183} INFO - Processing /home/airflow/.local/lib/python3.8/site-packages/airflow/example_dags/example_branch_datetime_operator.py took 3.047 seconds
[2025-09-23T20:07:47.152+0000] {processor.py:161} INFO - Started process (PID=275) to work on /home/airflow/.local/lib/python3.8/site-packages/airflow/example_dags/example_branch_datetime_operator.py
[2025-09-23T20:07:47.154+0000] {processor.py:830} INFO - Processing file /home/airflow/.local/lib/python3.8/site-packages/airflow/example_dags/example_branch_datetime_operator.py for tasks to queue
[2025-09-23T20:07:47.157+0000] {logging_mixin.py:188} INFO - [2025-09-23T20:07:47.156+0000] {dagbag.py:538} INFO - Filling up the DagBag from /home/airflow/.local/lib/python3.8/site-packages/airflow/example_dags/example_branch_datetime_operator.py
[2025-09-23T20:07:47.190+0000] {processor.py:840} INFO - DAG(s) 'example_branch_datetime_operator_3', 'example_branch_datetime_operator_2', 'example_branch_datetime_operator' retrieved from /home/airflow/.local/lib/python3.8/site-packages/airflow/example_dags/example_branch_datetime_operator.py
[2025-09-23T20:07:47.644+0000] {logging_mixin.py:188} INFO - [2025-09-23T20:07:47.643+0000] {override.py:1769} INFO - Created Permission View: can delete on DAG:example_branch_datetime_operator_3
[2025-09-23T20:07:47.703+0000] {logging_mixin.py:188} INFO - [2025-09-23T20:07:47.700+0000] {override.py:1769} INFO - Created Permission View: can read on DAG:example_branch_datetime_operator_3
[2025-09-23T20:07:47.742+0000] {logging_mixin.py:188} INFO - [2025-09-23T20:07:47.741+0000] {override.py:1769} INFO - Created Permission View: can edit on DAG:example_branch_datetime_operator_3
[2025-09-23T20:07:47.832+0000] {logging_mixin.py:188} INFO - [2025-09-23T20:07:47.831+0000] {override.py:1769} INFO - Created Permission View: can delete on DAG:example_branch_datetime_operator_2
[2025-09-23T20:07:47.867+0000] {logging_mixin.py:188} INFO - [2025-09-23T20:07:47.866+0000] {override.py:1769} INFO - Created Permission View: can read on DAG:example_branch_datetime_operator_2
[2025-09-23T20:07:47.886+0000] {logging_mixin.py:188} INFO - [2025-09-23T20:07:47.885+0000] {override.py:1769} INFO - Created Permission View: can edit on DAG:example_branch_datetime_operator_2
[2025-09-23T20:07:47.940+0000] {logging_mixin.py:188} INFO - [2025-09-23T20:07:47.939+0000] {override.py:1769} INFO - Created Permission View: can delete on DAG:example_branch_datetime_operator
[2025-09-23T20:07:47.964+0000] {logging_mixin.py:188} INFO - [2025-09-23T20:07:47.963+0000] {override.py:1769} INFO - Created Permission View: can read on DAG:example_branch_datetime_operator
[2025-09-23T20:07:48.004+0000] {logging_mixin.py:188} INFO - [2025-09-23T20:07:48.003+0000] {override.py:1769} INFO - Created Permission View: can edit on DAG:example_branch_datetime_operator
[2025-09-23T20:07:48.006+0000] {logging_mixin.py:188} INFO - [2025-09-23T20:07:48.004+0000] {dag.py:3036} INFO - Sync 3 DAGs
[2025-09-23T20:07:48.046+0000] {logging_mixin.py:188} INFO - [2025-09-23T20:07:48.045+0000] {dag.py:3058} INFO - Creating ORM DAG for example_branch_datetime_operator_2
[2025-09-23T20:07:48.048+0000] {logging_mixin.py:188} INFO - [2025-09-23T20:07:48.047+0000] {dag.py:3058} INFO - Creating ORM DAG for example_branch_datetime_operator_3
[2025-09-23T20:07:48.050+0000] {logging_mixin.py:188} INFO - [2025-09-23T20:07:48.050+0000] {dag.py:3058} INFO - Creating ORM DAG for example_branch_datetime_operator
[2025-09-23T20:07:48.086+0000] {logging_mixin.py:188} INFO - [2025-09-23T20:07:48.085+0000] {dag.py:3823} INFO - Setting next_dagrun for example_branch_datetime_operator to 2025-09-22 00:00:00+00:00, run_after=2025-09-23 00:00:00+00:00
[2025-09-23T20:07:48.094+0000] {logging_mixin.py:188} INFO - [2025-09-23T20:07:48.093+0000] {dag.py:3823} INFO - Setting next_dagrun for example_branch_datetime_operator_2 to 2025-09-22 00:00:00+00:00, run_after=2025-09-23 00:00:00+00:00
[2025-09-23T20:07:48.101+0000] {logging_mixin.py:188} INFO - [2025-09-23T20:07:48.101+0000] {dag.py:3823} INFO - Setting next_dagrun for example_branch_datetime_operator_3 to 2025-09-22 00:00:00+00:00, run_after=2025-09-23 00:00:00+00:00
[2025-09-23T20:07:48.156+0000] {processor.py:183} INFO - Processing /home/airflow/.local/lib/python3.8/site-packages/airflow/example_dags/example_branch_datetime_operator.py took 1.015 seconds
[2025-09-23T20:08:18.719+0000] {processor.py:161} INFO - Started process (PID=522) to work on /home/airflow/.local/lib/python3.8/site-packages/airflow/example_dags/example_branch_datetime_operator.py
[2025-09-23T20:08:18.722+0000] {processor.py:830} INFO - Processing file /home/airflow/.local/lib/python3.8/site-packages/airflow/example_dags/example_branch_datetime_operator.py for tasks to queue
[2025-09-23T20:08:18.724+0000] {logging_mixin.py:188} INFO - [2025-09-23T20:08:18.723+0000] {dagbag.py:538} INFO - Filling up the DagBag from /home/airflow/.local/lib/python3.8/site-packages/airflow/example_dags/example_branch_datetime_operator.py
[2025-09-23T20:08:18.766+0000] {processor.py:840} INFO - DAG(s) 'example_branch_datetime_operator', 'example_branch_datetime_operator_2', 'example_branch_datetime_operator_3' retrieved from /home/airflow/.local/lib/python3.8/site-packages/airflow/example_dags/example_branch_datetime_operator.py
[2025-09-23T20:08:18.878+0000] {logging_mixin.py:188} INFO - [2025-09-23T20:08:18.877+0000] {dag.py:3036} INFO - Sync 3 DAGs
[2025-09-23T20:08:18.978+0000] {logging_mixin.py:188} INFO - [2025-09-23T20:08:18.977+0000] {dag.py:3823} INFO - Setting next_dagrun for example_branch_datetime_operator to 2025-09-22 00:00:00+00:00, run_after=2025-09-23 00:00:00+00:00
[2025-09-23T20:08:19.018+0000] {logging_mixin.py:188} INFO - [2025-09-23T20:08:19.017+0000] {dag.py:3823} INFO - Setting next_dagrun for example_branch_datetime_operator_2 to 2025-09-22 00:00:00+00:00, run_after=2025-09-23 00:00:00+00:00
[2025-09-23T20:08:19.049+0000] {logging_mixin.py:188} INFO - [2025-09-23T20:08:19.048+0000] {dag.py:3823} INFO - Setting next_dagrun for example_branch_datetime_operator_3 to 2025-09-22 00:00:00+00:00, run_after=2025-09-23 00:00:00+00:00
[2025-09-23T20:08:19.131+0000] {processor.py:183} INFO - Processing /home/airflow/.local/lib/python3.8/site-packages/airflow/example_dags/example_branch_datetime_operator.py took 0.422 seconds
[2025-09-23T20:08:49.744+0000] {processor.py:161} INFO - Started process (PID=770) to work on /home/airflow/.local/lib/python3.8/site-packages/airflow/example_dags/example_branch_datetime_operator.py
[2025-09-23T20:08:49.750+0000] {processor.py:830} INFO - Processing file /home/airflow/.local/lib/python3.8/site-packages/airflow/example_dags/example_branch_datetime_operator.py for tasks to queue
[2025-09-23T20:08:49.755+0000] {logging_mixin.py:188} INFO - [2025-09-23T20:08:49.754+0000] {dagbag.py:538} INFO - Filling up the DagBag from /home/airflow/.local/lib/python3.8/site-packages/airflow/example_dags/example_branch_datetime_operator.py
[2025-09-23T20:08:49.876+0000] {processor.py:840} INFO - DAG(s) 'example_branch_datetime_operator_2', 'example_branch_datetime_operator', 'example_branch_datetime_operator_3' retrieved from /home/airflow/.local/lib/python3.8/site-packages/airflow/example_dags/example_branch_datetime_operator.py
[2025-09-23T20:08:50.066+0000] {logging_mixin.py:188} INFO - [2025-09-23T20:08:50.065+0000] {dag.py:3036} INFO - Sync 3 DAGs
[2025-09-23T20:08:50.191+0000] {logging_mixin.py:188} INFO - [2025-09-23T20:08:50.191+0000] {dag.py:3823} INFO - Setting next_dagrun for example_branch_datetime_operator to 2025-09-22 00:00:00+00:00, run_after=2025-09-23 00:00:00+00:00
[2025-09-23T20:08:50.212+0000] {logging_mixin.py:188} INFO - [2025-09-23T20:08:50.211+0000] {dag.py:3823} INFO - Setting next_dagrun for example_branch_datetime_operator_2 to 2025-09-22 00:00:00+00:00, run_after=2025-09-23 00:00:00+00:00
[2025-09-23T20:08:50.227+0000] {logging_mixin.py:188} INFO - [2025-09-23T20:08:50.226+0000] {dag.py:3823} INFO - Setting next_dagrun for example_branch_datetime_operator_3 to 2025-09-22 00:00:00+00:00, run_after=2025-09-23 00:00:00+00:00
[2025-09-23T20:08:50.339+0000] {processor.py:183} INFO - Processing /home/airflow/.local/lib/python3.8/site-packages/airflow/example_dags/example_branch_datetime_operator.py took 0.628 seconds
[2025-09-23T20:09:26.067+0000] {processor.py:161} INFO - Started process (PID=1019) to work on /home/airflow/.local/lib/python3.8/site-packages/airflow/example_dags/example_branch_datetime_operator.py
[2025-09-23T20:09:26.071+0000] {processor.py:830} INFO - Processing file /home/airflow/.local/lib/python3.8/site-packages/airflow/example_dags/example_branch_datetime_operator.py for tasks to queue
[2025-09-23T20:09:26.076+0000] {logging_mixin.py:188} INFO - [2025-09-23T20:09:26.075+0000] {dagbag.py:538} INFO - Filling up the DagBag from /home/airflow/.local/lib/python3.8/site-packages/airflow/example_dags/example_branch_datetime_operator.py
[2025-09-23T20:09:26.231+0000] {processor.py:840} INFO - DAG(s) 'example_branch_datetime_operator_3', 'example_branch_datetime_operator', 'example_branch_datetime_operator_2' retrieved from /home/airflow/.local/lib/python3.8/site-packages/airflow/example_dags/example_branch_datetime_operator.py
[2025-09-23T20:09:26.459+0000] {logging_mixin.py:188} INFO - [2025-09-23T20:09:26.458+0000] {dag.py:3036} INFO - Sync 3 DAGs
[2025-09-23T20:09:26.760+0000] {logging_mixin.py:188} INFO - [2025-09-23T20:09:26.757+0000] {dag.py:3823} INFO - Setting next_dagrun for example_branch_datetime_operator to 2025-09-22 00:00:00+00:00, run_after=2025-09-23 00:00:00+00:00
[2025-09-23T20:09:26.805+0000] {logging_mixin.py:188} INFO - [2025-09-23T20:09:26.804+0000] {dag.py:3823} INFO - Setting next_dagrun for example_branch_datetime_operator_2 to 2025-09-22 00:00:00+00:00, run_after=2025-09-23 00:00:00+00:00
[2025-09-23T20:09:26.843+0000] {logging_mixin.py:188} INFO - [2025-09-23T20:09:26.840+0000] {dag.py:3823} INFO - Setting next_dagrun for example_branch_datetime_operator_3 to 2025-09-22 00:00:00+00:00, run_after=2025-09-23 00:00:00+00:00
[2025-09-23T20:09:26.947+0000] {processor.py:183} INFO - Processing /home/airflow/.local/lib/python3.8/site-packages/airflow/example_dags/example_branch_datetime_operator.py took 0.895 seconds
[2025-09-23T20:09:57.739+0000] {processor.py:161} INFO - Started process (PID=1266) to work on /home/airflow/.local/lib/python3.8/site-packages/airflow/example_dags/example_branch_datetime_operator.py
[2025-09-23T20:09:57.767+0000] {processor.py:830} INFO - Processing file /home/airflow/.local/lib/python3.8/site-packages/airflow/example_dags/example_branch_datetime_operator.py for tasks to queue
[2025-09-23T20:09:57.772+0000] {logging_mixin.py:188} INFO - [2025-09-23T20:09:57.772+0000] {dagbag.py:538} INFO - Filling up the DagBag from /home/airflow/.local/lib/python3.8/site-packages/airflow/example_dags/example_branch_datetime_operator.py
[2025-09-23T20:09:57.879+0000] {processor.py:840} INFO - DAG(s) 'example_branch_datetime_operator_2', 'example_branch_datetime_operator_3', 'example_branch_datetime_operator' retrieved from /home/airflow/.local/lib/python3.8/site-packages/airflow/example_dags/example_branch_datetime_operator.py
[2025-09-23T20:09:58.192+0000] {logging_mixin.py:188} INFO - [2025-09-23T20:09:58.191+0000] {dag.py:3036} INFO - Sync 3 DAGs
[2025-09-23T20:09:58.299+0000] {logging_mixin.py:188} INFO - [2025-09-23T20:09:58.298+0000] {dag.py:3823} INFO - Setting next_dagrun for example_branch_datetime_operator to 2025-09-22 00:00:00+00:00, run_after=2025-09-23 00:00:00+00:00
[2025-09-23T20:09:58.314+0000] {logging_mixin.py:188} INFO - [2025-09-23T20:09:58.313+0000] {dag.py:3823} INFO - Setting next_dagrun for example_branch_datetime_operator_2 to 2025-09-22 00:00:00+00:00, run_after=2025-09-23 00:00:00+00:00
[2025-09-23T20:09:58.323+0000] {logging_mixin.py:188} INFO - [2025-09-23T20:09:58.322+0000] {dag.py:3823} INFO - Setting next_dagrun for example_branch_datetime_operator_3 to 2025-09-22 00:00:00+00:00, run_after=2025-09-23 00:00:00+00:00
[2025-09-23T20:09:58.389+0000] {processor.py:183} INFO - Processing /home/airflow/.local/lib/python3.8/site-packages/airflow/example_dags/example_branch_datetime_operator.py took 0.701 seconds
[2025-09-23T20:10:28.728+0000] {processor.py:161} INFO - Started process (PID=1519) to work on /home/airflow/.local/lib/python3.8/site-packages/airflow/example_dags/example_branch_datetime_operator.py
[2025-09-23T20:10:28.731+0000] {processor.py:830} INFO - Processing file /home/airflow/.local/lib/python3.8/site-packages/airflow/example_dags/example_branch_datetime_operator.py for tasks to queue
[2025-09-23T20:10:28.735+0000] {logging_mixin.py:188} INFO - [2025-09-23T20:10:28.733+0000] {dagbag.py:538} INFO - Filling up the DagBag from /home/airflow/.local/lib/python3.8/site-packages/airflow/example_dags/example_branch_datetime_operator.py
[2025-09-23T20:10:28.781+0000] {processor.py:840} INFO - DAG(s) 'example_branch_datetime_operator_3', 'example_branch_datetime_operator_2', 'example_branch_datetime_operator' retrieved from /home/airflow/.local/lib/python3.8/site-packages/airflow/example_dags/example_branch_datetime_operator.py
[2025-09-23T20:10:28.885+0000] {logging_mixin.py:188} INFO - [2025-09-23T20:10:28.884+0000] {dag.py:3036} INFO - Sync 3 DAGs
[2025-09-23T20:10:28.975+0000] {logging_mixin.py:188} INFO - [2025-09-23T20:10:28.974+0000] {dag.py:3823} INFO - Setting next_dagrun for example_branch_datetime_operator to 2025-09-22 00:00:00+00:00, run_after=2025-09-23 00:00:00+00:00
[2025-09-23T20:10:28.993+0000] {logging_mixin.py:188} INFO - [2025-09-23T20:10:28.992+0000] {dag.py:3823} INFO - Setting next_dagrun for example_branch_datetime_operator_2 to 2025-09-22 00:00:00+00:00, run_after=2025-09-23 00:00:00+00:00
[2025-09-23T20:10:29.001+0000] {logging_mixin.py:188} INFO - [2025-09-23T20:10:29.001+0000] {dag.py:3823} INFO - Setting next_dagrun for example_branch_datetime_operator_3 to 2025-09-22 00:00:00+00:00, run_after=2025-09-23 00:00:00+00:00
[2025-09-23T20:10:29.058+0000] {processor.py:183} INFO - Processing /home/airflow/.local/lib/python3.8/site-packages/airflow/example_dags/example_branch_datetime_operator.py took 0.344 seconds
[2025-09-23T20:10:59.714+0000] {processor.py:161} INFO - Started process (PID=1764) to work on /home/airflow/.local/lib/python3.8/site-packages/airflow/example_dags/example_branch_datetime_operator.py
[2025-09-23T20:10:59.745+0000] {processor.py:830} INFO - Processing file /home/airflow/.local/lib/python3.8/site-packages/airflow/example_dags/example_branch_datetime_operator.py for tasks to queue
[2025-09-23T20:10:59.749+0000] {logging_mixin.py:188} INFO - [2025-09-23T20:10:59.747+0000] {dagbag.py:538} INFO - Filling up the DagBag from /home/airflow/.local/lib/python3.8/site-packages/airflow/example_dags/example_branch_datetime_operator.py
[2025-09-23T20:10:59.800+0000] {processor.py:840} INFO - DAG(s) 'example_branch_datetime_operator', 'example_branch_datetime_operator_3', 'example_branch_datetime_operator_2' retrieved from /home/airflow/.local/lib/python3.8/site-packages/airflow/example_dags/example_branch_datetime_operator.py
[2025-09-23T20:10:59.951+0000] {logging_mixin.py:188} INFO - [2025-09-23T20:10:59.950+0000] {dag.py:3036} INFO - Sync 3 DAGs
[2025-09-23T20:11:00.261+0000] {logging_mixin.py:188} INFO - [2025-09-23T20:11:00.260+0000] {dag.py:3823} INFO - Setting next_dagrun for example_branch_datetime_operator to 2025-09-22 00:00:00+00:00, run_after=2025-09-23 00:00:00+00:00
[2025-09-23T20:11:00.311+0000] {logging_mixin.py:188} INFO - [2025-09-23T20:11:00.310+0000] {dag.py:3823} INFO - Setting next_dagrun for example_branch_datetime_operator_2 to 2025-09-22 00:00:00+00:00, run_after=2025-09-23 00:00:00+00:00
[2025-09-23T20:11:00.341+0000] {logging_mixin.py:188} INFO - [2025-09-23T20:11:00.338+0000] {dag.py:3823} INFO - Setting next_dagrun for example_branch_datetime_operator_3 to 2025-09-22 00:00:00+00:00, run_after=2025-09-23 00:00:00+00:00
[2025-09-23T20:11:00.469+0000] {processor.py:183} INFO - Processing /home/airflow/.local/lib/python3.8/site-packages/airflow/example_dags/example_branch_datetime_operator.py took 0.805 seconds
[2025-09-23T20:11:31.031+0000] {processor.py:161} INFO - Started process (PID=2008) to work on /home/airflow/.local/lib/python3.8/site-packages/airflow/example_dags/example_branch_datetime_operator.py
[2025-09-23T20:11:31.036+0000] {processor.py:830} INFO - Processing file /home/airflow/.local/lib/python3.8/site-packages/airflow/example_dags/example_branch_datetime_operator.py for tasks to queue
[2025-09-23T20:11:31.043+0000] {logging_mixin.py:188} INFO - [2025-09-23T20:11:31.042+0000] {dagbag.py:538} INFO - Filling up the DagBag from /home/airflow/.local/lib/python3.8/site-packages/airflow/example_dags/example_branch_datetime_operator.py
[2025-09-23T20:11:31.136+0000] {processor.py:840} INFO - DAG(s) 'example_branch_datetime_operator_3', 'example_branch_datetime_operator_2', 'example_branch_datetime_operator' retrieved from /home/airflow/.local/lib/python3.8/site-packages/airflow/example_dags/example_branch_datetime_operator.py
[2025-09-23T20:11:31.539+0000] {logging_mixin.py:188} INFO - [2025-09-23T20:11:31.531+0000] {dag.py:3036} INFO - Sync 3 DAGs
[2025-09-23T20:11:31.671+0000] {logging_mixin.py:188} INFO - [2025-09-23T20:11:31.670+0000] {dag.py:3823} INFO - Setting next_dagrun for example_branch_datetime_operator to 2025-09-22 00:00:00+00:00, run_after=2025-09-23 00:00:00+00:00
[2025-09-23T20:11:31.695+0000] {logging_mixin.py:188} INFO - [2025-09-23T20:11:31.694+0000] {dag.py:3823} INFO - Setting next_dagrun for example_branch_datetime_operator_2 to 2025-09-22 00:00:00+00:00, run_after=2025-09-23 00:00:00+00:00
[2025-09-23T20:11:31.707+0000] {logging_mixin.py:188} INFO - [2025-09-23T20:11:31.707+0000] {dag.py:3823} INFO - Setting next_dagrun for example_branch_datetime_operator_3 to 2025-09-22 00:00:00+00:00, run_after=2025-09-23 00:00:00+00:00
[2025-09-23T20:11:31.779+0000] {processor.py:183} INFO - Processing /home/airflow/.local/lib/python3.8/site-packages/airflow/example_dags/example_branch_datetime_operator.py took 0.810 seconds
[2025-09-23T20:12:02.803+0000] {processor.py:161} INFO - Started process (PID=2255) to work on /home/airflow/.local/lib/python3.8/site-packages/airflow/example_dags/example_branch_datetime_operator.py
[2025-09-23T20:12:02.812+0000] {processor.py:830} INFO - Processing file /home/airflow/.local/lib/python3.8/site-packages/airflow/example_dags/example_branch_datetime_operator.py for tasks to queue
[2025-09-23T20:12:02.815+0000] {logging_mixin.py:188} INFO - [2025-09-23T20:12:02.814+0000] {dagbag.py:538} INFO - Filling up the DagBag from /home/airflow/.local/lib/python3.8/site-packages/airflow/example_dags/example_branch_datetime_operator.py
[2025-09-23T20:12:02.858+0000] {processor.py:840} INFO - DAG(s) 'example_branch_datetime_operator', 'example_branch_datetime_operator_2', 'example_branch_datetime_operator_3' retrieved from /home/airflow/.local/lib/python3.8/site-packages/airflow/example_dags/example_branch_datetime_operator.py
[2025-09-23T20:12:02.964+0000] {logging_mixin.py:188} INFO - [2025-09-23T20:12:02.964+0000] {dag.py:3036} INFO - Sync 3 DAGs
[2025-09-23T20:12:03.061+0000] {logging_mixin.py:188} INFO - [2025-09-23T20:12:03.060+0000] {dag.py:3823} INFO - Setting next_dagrun for example_branch_datetime_operator to 2025-09-22 00:00:00+00:00, run_after=2025-09-23 00:00:00+00:00
[2025-09-23T20:12:03.102+0000] {logging_mixin.py:188} INFO - [2025-09-23T20:12:03.101+0000] {dag.py:3823} INFO - Setting next_dagrun for example_branch_datetime_operator_2 to 2025-09-22 00:00:00+00:00, run_after=2025-09-23 00:00:00+00:00
[2025-09-23T20:12:03.122+0000] {logging_mixin.py:188} INFO - [2025-09-23T20:12:03.121+0000] {dag.py:3823} INFO - Setting next_dagrun for example_branch_datetime_operator_3 to 2025-09-22 00:00:00+00:00, run_after=2025-09-23 00:00:00+00:00
[2025-09-23T20:12:03.218+0000] {processor.py:183} INFO - Processing /home/airflow/.local/lib/python3.8/site-packages/airflow/example_dags/example_branch_datetime_operator.py took 0.437 seconds
[2025-09-23T20:12:41.146+0000] {processor.py:161} INFO - Started process (PID=2502) to work on /home/airflow/.local/lib/python3.8/site-packages/airflow/example_dags/example_branch_datetime_operator.py
[2025-09-23T20:12:41.206+0000] {processor.py:830} INFO - Processing file /home/airflow/.local/lib/python3.8/site-packages/airflow/example_dags/example_branch_datetime_operator.py for tasks to queue
[2025-09-23T20:12:41.222+0000] {logging_mixin.py:188} INFO - [2025-09-23T20:12:41.219+0000] {dagbag.py:538} INFO - Filling up the DagBag from /home/airflow/.local/lib/python3.8/site-packages/airflow/example_dags/example_branch_datetime_operator.py
[2025-09-23T20:12:41.422+0000] {processor.py:840} INFO - DAG(s) 'example_branch_datetime_operator_3', 'example_branch_datetime_operator', 'example_branch_datetime_operator_2' retrieved from /home/airflow/.local/lib/python3.8/site-packages/airflow/example_dags/example_branch_datetime_operator.py
[2025-09-23T20:12:41.791+0000] {logging_mixin.py:188} INFO - [2025-09-23T20:12:41.790+0000] {dag.py:3036} INFO - Sync 3 DAGs
[2025-09-23T20:12:42.164+0000] {logging_mixin.py:188} INFO - [2025-09-23T20:12:42.159+0000] {dag.py:3823} INFO - Setting next_dagrun for example_branch_datetime_operator to 2025-09-22 00:00:00+00:00, run_after=2025-09-23 00:00:00+00:00
[2025-09-23T20:12:42.301+0000] {logging_mixin.py:188} INFO - [2025-09-23T20:12:42.293+0000] {dag.py:3823} INFO - Setting next_dagrun for example_branch_datetime_operator_2 to 2025-09-22 00:00:00+00:00, run_after=2025-09-23 00:00:00+00:00
[2025-09-23T20:12:42.707+0000] {logging_mixin.py:188} INFO - [2025-09-23T20:12:42.685+0000] {dag.py:3823} INFO - Setting next_dagrun for example_branch_datetime_operator_3 to 2025-09-22 00:00:00+00:00, run_after=2025-09-23 00:00:00+00:00
[2025-09-23T20:12:43.375+0000] {processor.py:183} INFO - Processing /home/airflow/.local/lib/python3.8/site-packages/airflow/example_dags/example_branch_datetime_operator.py took 2.307 seconds
