[2025-09-23T19:59:28.609+0000] {processor.py:161} INFO - Started process (PID=86) to work on /home/airflow/.local/lib/python3.8/site-packages/airflow/example_dags/example_latest_only_with_trigger.py
[2025-09-23T19:59:28.628+0000] {processor.py:830} INFO - Processing file /home/airflow/.local/lib/python3.8/site-packages/airflow/example_dags/example_latest_only_with_trigger.py for tasks to queue
[2025-09-23T19:59:28.701+0000] {logging_mixin.py:188} INFO - [2025-09-23T19:59:28.682+0000] {dagbag.py:538} INFO - Filling up the DagBag from /home/airflow/.local/lib/python3.8/site-packages/airflow/example_dags/example_latest_only_with_trigger.py
[2025-09-23T19:59:29.042+0000] {processor.py:840} INFO - DAG(s) 'latest_only_with_trigger' retrieved from /home/airflow/.local/lib/python3.8/site-packages/airflow/example_dags/example_latest_only_with_trigger.py
[2025-09-23T19:59:33.328+0000] {logging_mixin.py:188} INFO - [2025-09-23T19:59:33.319+0000] {dag.py:3036} INFO - Sync 1 DAGs
[2025-09-23T19:59:33.865+0000] {logging_mixin.py:188} INFO - [2025-09-23T19:59:33.845+0000] {dag.py:3823} INFO - Setting next_dagrun for latest_only_with_trigger to 2025-09-23 12:00:00+00:00, run_after=2025-09-23 16:00:00+00:00
[2025-09-23T19:59:34.122+0000] {processor.py:183} INFO - Processing /home/airflow/.local/lib/python3.8/site-packages/airflow/example_dags/example_latest_only_with_trigger.py took 5.591 seconds
[2025-09-23T20:01:32.305+0000] {processor.py:161} INFO - Started process (PID=159) to work on /home/airflow/.local/lib/python3.8/site-packages/airflow/example_dags/example_latest_only_with_trigger.py
[2025-09-23T20:01:32.317+0000] {processor.py:830} INFO - Processing file /home/airflow/.local/lib/python3.8/site-packages/airflow/example_dags/example_latest_only_with_trigger.py for tasks to queue
[2025-09-23T20:01:32.344+0000] {logging_mixin.py:188} INFO - [2025-09-23T20:01:32.338+0000] {dagbag.py:538} INFO - Filling up the DagBag from /home/airflow/.local/lib/python3.8/site-packages/airflow/example_dags/example_latest_only_with_trigger.py
[2025-09-23T20:01:32.391+0000] {processor.py:840} INFO - DAG(s) 'latest_only_with_trigger' retrieved from /home/airflow/.local/lib/python3.8/site-packages/airflow/example_dags/example_latest_only_with_trigger.py
[2025-09-23T20:01:32.520+0000] {logging_mixin.py:188} INFO - [2025-09-23T20:01:32.519+0000] {dag.py:3036} INFO - Sync 1 DAGs
[2025-09-23T20:01:32.683+0000] {logging_mixin.py:188} INFO - [2025-09-23T20:01:32.682+0000] {dag.py:3823} INFO - Setting next_dagrun for latest_only_with_trigger to 2025-09-23 16:00:00+00:00, run_after=2025-09-23 20:00:00+00:00
[2025-09-23T20:01:32.930+0000] {processor.py:183} INFO - Processing /home/airflow/.local/lib/python3.8/site-packages/airflow/example_dags/example_latest_only_with_trigger.py took 0.743 seconds
[2025-09-23T20:07:39.631+0000] {processor.py:161} INFO - Started process (PID=205) to work on /home/airflow/.local/lib/python3.8/site-packages/airflow/example_dags/example_latest_only_with_trigger.py
[2025-09-23T20:07:39.635+0000] {processor.py:830} INFO - Processing file /home/airflow/.local/lib/python3.8/site-packages/airflow/example_dags/example_latest_only_with_trigger.py for tasks to queue
[2025-09-23T20:07:39.641+0000] {logging_mixin.py:188} INFO - [2025-09-23T20:07:39.640+0000] {dagbag.py:538} INFO - Filling up the DagBag from /home/airflow/.local/lib/python3.8/site-packages/airflow/example_dags/example_latest_only_with_trigger.py
[2025-09-23T20:07:39.746+0000] {processor.py:840} INFO - DAG(s) 'latest_only_with_trigger' retrieved from /home/airflow/.local/lib/python3.8/site-packages/airflow/example_dags/example_latest_only_with_trigger.py
[2025-09-23T20:07:40.580+0000] {logging_mixin.py:188} INFO - [2025-09-23T20:07:40.578+0000] {override.py:1769} INFO - Created Permission View: can delete on DAG:latest_only_with_trigger
[2025-09-23T20:07:40.630+0000] {logging_mixin.py:188} INFO - [2025-09-23T20:07:40.630+0000] {override.py:1769} INFO - Created Permission View: can read on DAG:latest_only_with_trigger
[2025-09-23T20:07:40.656+0000] {logging_mixin.py:188} INFO - [2025-09-23T20:07:40.655+0000] {override.py:1769} INFO - Created Permission View: can edit on DAG:latest_only_with_trigger
[2025-09-23T20:07:40.657+0000] {logging_mixin.py:188} INFO - [2025-09-23T20:07:40.656+0000] {dag.py:3036} INFO - Sync 1 DAGs
[2025-09-23T20:07:40.690+0000] {logging_mixin.py:188} INFO - [2025-09-23T20:07:40.690+0000] {dag.py:3058} INFO - Creating ORM DAG for latest_only_with_trigger
[2025-09-23T20:07:40.724+0000] {logging_mixin.py:188} INFO - [2025-09-23T20:07:40.723+0000] {dag.py:3823} INFO - Setting next_dagrun for latest_only_with_trigger to 2025-09-23 16:00:00+00:00, run_after=2025-09-23 20:00:00+00:00
[2025-09-23T20:07:40.770+0000] {processor.py:183} INFO - Processing /home/airflow/.local/lib/python3.8/site-packages/airflow/example_dags/example_latest_only_with_trigger.py took 1.149 seconds
[2025-09-23T20:08:11.607+0000] {processor.py:161} INFO - Started process (PID=452) to work on /home/airflow/.local/lib/python3.8/site-packages/airflow/example_dags/example_latest_only_with_trigger.py
[2025-09-23T20:08:11.611+0000] {processor.py:830} INFO - Processing file /home/airflow/.local/lib/python3.8/site-packages/airflow/example_dags/example_latest_only_with_trigger.py for tasks to queue
[2025-09-23T20:08:11.617+0000] {logging_mixin.py:188} INFO - [2025-09-23T20:08:11.613+0000] {dagbag.py:538} INFO - Filling up the DagBag from /home/airflow/.local/lib/python3.8/site-packages/airflow/example_dags/example_latest_only_with_trigger.py
[2025-09-23T20:08:11.659+0000] {processor.py:840} INFO - DAG(s) 'latest_only_with_trigger' retrieved from /home/airflow/.local/lib/python3.8/site-packages/airflow/example_dags/example_latest_only_with_trigger.py
[2025-09-23T20:08:11.746+0000] {logging_mixin.py:188} INFO - [2025-09-23T20:08:11.745+0000] {dag.py:3036} INFO - Sync 1 DAGs
[2025-09-23T20:08:11.861+0000] {logging_mixin.py:188} INFO - [2025-09-23T20:08:11.861+0000] {dag.py:3823} INFO - Setting next_dagrun for latest_only_with_trigger to 2025-09-23 16:00:00+00:00, run_after=2025-09-23 20:00:00+00:00
[2025-09-23T20:08:11.974+0000] {processor.py:183} INFO - Processing /home/airflow/.local/lib/python3.8/site-packages/airflow/example_dags/example_latest_only_with_trigger.py took 0.378 seconds
[2025-09-23T20:08:42.278+0000] {processor.py:161} INFO - Started process (PID=696) to work on /home/airflow/.local/lib/python3.8/site-packages/airflow/example_dags/example_latest_only_with_trigger.py
[2025-09-23T20:08:42.284+0000] {processor.py:830} INFO - Processing file /home/airflow/.local/lib/python3.8/site-packages/airflow/example_dags/example_latest_only_with_trigger.py for tasks to queue
[2025-09-23T20:08:42.288+0000] {logging_mixin.py:188} INFO - [2025-09-23T20:08:42.287+0000] {dagbag.py:538} INFO - Filling up the DagBag from /home/airflow/.local/lib/python3.8/site-packages/airflow/example_dags/example_latest_only_with_trigger.py
[2025-09-23T20:08:42.324+0000] {processor.py:840} INFO - DAG(s) 'latest_only_with_trigger' retrieved from /home/airflow/.local/lib/python3.8/site-packages/airflow/example_dags/example_latest_only_with_trigger.py
[2025-09-23T20:08:42.434+0000] {logging_mixin.py:188} INFO - [2025-09-23T20:08:42.433+0000] {dag.py:3036} INFO - Sync 1 DAGs
[2025-09-23T20:08:42.575+0000] {logging_mixin.py:188} INFO - [2025-09-23T20:08:42.574+0000] {dag.py:3823} INFO - Setting next_dagrun for latest_only_with_trigger to 2025-09-23 16:00:00+00:00, run_after=2025-09-23 20:00:00+00:00
[2025-09-23T20:08:42.689+0000] {processor.py:183} INFO - Processing /home/airflow/.local/lib/python3.8/site-packages/airflow/example_dags/example_latest_only_with_trigger.py took 0.447 seconds
[2025-09-23T20:09:12.959+0000] {processor.py:161} INFO - Started process (PID=941) to work on /home/airflow/.local/lib/python3.8/site-packages/airflow/example_dags/example_latest_only_with_trigger.py
[2025-09-23T20:09:12.962+0000] {processor.py:830} INFO - Processing file /home/airflow/.local/lib/python3.8/site-packages/airflow/example_dags/example_latest_only_with_trigger.py for tasks to queue
[2025-09-23T20:09:12.964+0000] {logging_mixin.py:188} INFO - [2025-09-23T20:09:12.964+0000] {dagbag.py:538} INFO - Filling up the DagBag from /home/airflow/.local/lib/python3.8/site-packages/airflow/example_dags/example_latest_only_with_trigger.py
[2025-09-23T20:09:12.993+0000] {processor.py:840} INFO - DAG(s) 'latest_only_with_trigger' retrieved from /home/airflow/.local/lib/python3.8/site-packages/airflow/example_dags/example_latest_only_with_trigger.py
[2025-09-23T20:09:13.051+0000] {logging_mixin.py:188} INFO - [2025-09-23T20:09:13.051+0000] {dag.py:3036} INFO - Sync 1 DAGs
[2025-09-23T20:09:13.122+0000] {logging_mixin.py:188} INFO - [2025-09-23T20:09:13.122+0000] {dag.py:3823} INFO - Setting next_dagrun for latest_only_with_trigger to 2025-09-23 16:00:00+00:00, run_after=2025-09-23 20:00:00+00:00
[2025-09-23T20:09:13.175+0000] {processor.py:183} INFO - Processing /home/airflow/.local/lib/python3.8/site-packages/airflow/example_dags/example_latest_only_with_trigger.py took 0.226 seconds
[2025-09-23T20:09:44.073+0000] {processor.py:161} INFO - Started process (PID=1188) to work on /home/airflow/.local/lib/python3.8/site-packages/airflow/example_dags/example_latest_only_with_trigger.py
[2025-09-23T20:09:44.074+0000] {processor.py:830} INFO - Processing file /home/airflow/.local/lib/python3.8/site-packages/airflow/example_dags/example_latest_only_with_trigger.py for tasks to queue
[2025-09-23T20:09:44.076+0000] {logging_mixin.py:188} INFO - [2025-09-23T20:09:44.076+0000] {dagbag.py:538} INFO - Filling up the DagBag from /home/airflow/.local/lib/python3.8/site-packages/airflow/example_dags/example_latest_only_with_trigger.py
[2025-09-23T20:09:44.093+0000] {processor.py:840} INFO - DAG(s) 'latest_only_with_trigger' retrieved from /home/airflow/.local/lib/python3.8/site-packages/airflow/example_dags/example_latest_only_with_trigger.py
[2025-09-23T20:09:44.135+0000] {logging_mixin.py:188} INFO - [2025-09-23T20:09:44.135+0000] {dag.py:3036} INFO - Sync 1 DAGs
[2025-09-23T20:09:44.174+0000] {logging_mixin.py:188} INFO - [2025-09-23T20:09:44.174+0000] {dag.py:3823} INFO - Setting next_dagrun for latest_only_with_trigger to 2025-09-23 16:00:00+00:00, run_after=2025-09-23 20:00:00+00:00
[2025-09-23T20:09:44.206+0000] {processor.py:183} INFO - Processing /home/airflow/.local/lib/python3.8/site-packages/airflow/example_dags/example_latest_only_with_trigger.py took 0.141 seconds
[2025-09-23T20:10:16.396+0000] {processor.py:161} INFO - Started process (PID=1400) to work on /home/airflow/.local/lib/python3.8/site-packages/airflow/example_dags/example_latest_only_with_trigger.py
[2025-09-23T20:10:16.422+0000] {processor.py:830} INFO - Processing file /home/airflow/.local/lib/python3.8/site-packages/airflow/example_dags/example_latest_only_with_trigger.py for tasks to queue
[2025-09-23T20:10:16.455+0000] {logging_mixin.py:188} INFO - [2025-09-23T20:10:16.439+0000] {dagbag.py:538} INFO - Filling up the DagBag from /home/airflow/.local/lib/python3.8/site-packages/airflow/example_dags/example_latest_only_with_trigger.py
[2025-09-23T20:10:16.627+0000] {processor.py:840} INFO - DAG(s) 'latest_only_with_trigger' retrieved from /home/airflow/.local/lib/python3.8/site-packages/airflow/example_dags/example_latest_only_with_trigger.py
[2025-09-23T20:10:16.853+0000] {logging_mixin.py:188} INFO - [2025-09-23T20:10:16.852+0000] {dag.py:3036} INFO - Sync 1 DAGs
[2025-09-23T20:10:17.126+0000] {logging_mixin.py:188} INFO - [2025-09-23T20:10:17.125+0000] {dag.py:3823} INFO - Setting next_dagrun for latest_only_with_trigger to 2025-09-23 16:00:00+00:00, run_after=2025-09-23 20:00:00+00:00
[2025-09-23T20:10:17.345+0000] {processor.py:183} INFO - Processing /home/airflow/.local/lib/python3.8/site-packages/airflow/example_dags/example_latest_only_with_trigger.py took 1.006 seconds
[2025-09-23T20:10:47.632+0000] {processor.py:161} INFO - Started process (PID=1649) to work on /home/airflow/.local/lib/python3.8/site-packages/airflow/example_dags/example_latest_only_with_trigger.py
[2025-09-23T20:10:47.635+0000] {processor.py:830} INFO - Processing file /home/airflow/.local/lib/python3.8/site-packages/airflow/example_dags/example_latest_only_with_trigger.py for tasks to queue
[2025-09-23T20:10:47.639+0000] {logging_mixin.py:188} INFO - [2025-09-23T20:10:47.638+0000] {dagbag.py:538} INFO - Filling up the DagBag from /home/airflow/.local/lib/python3.8/site-packages/airflow/example_dags/example_latest_only_with_trigger.py
[2025-09-23T20:10:47.669+0000] {processor.py:840} INFO - DAG(s) 'latest_only_with_trigger' retrieved from /home/airflow/.local/lib/python3.8/site-packages/airflow/example_dags/example_latest_only_with_trigger.py
[2025-09-23T20:10:47.764+0000] {logging_mixin.py:188} INFO - [2025-09-23T20:10:47.763+0000] {dag.py:3036} INFO - Sync 1 DAGs
[2025-09-23T20:10:47.881+0000] {logging_mixin.py:188} INFO - [2025-09-23T20:10:47.880+0000] {dag.py:3823} INFO - Setting next_dagrun for latest_only_with_trigger to 2025-09-23 16:00:00+00:00, run_after=2025-09-23 20:00:00+00:00
[2025-09-23T20:10:47.969+0000] {processor.py:183} INFO - Processing /home/airflow/.local/lib/python3.8/site-packages/airflow/example_dags/example_latest_only_with_trigger.py took 0.351 seconds
[2025-09-23T20:11:19.506+0000] {processor.py:161} INFO - Started process (PID=1889) to work on /home/airflow/.local/lib/python3.8/site-packages/airflow/example_dags/example_latest_only_with_trigger.py
[2025-09-23T20:11:19.515+0000] {processor.py:830} INFO - Processing file /home/airflow/.local/lib/python3.8/site-packages/airflow/example_dags/example_latest_only_with_trigger.py for tasks to queue
[2025-09-23T20:11:19.526+0000] {logging_mixin.py:188} INFO - [2025-09-23T20:11:19.521+0000] {dagbag.py:538} INFO - Filling up the DagBag from /home/airflow/.local/lib/python3.8/site-packages/airflow/example_dags/example_latest_only_with_trigger.py
[2025-09-23T20:11:19.568+0000] {processor.py:840} INFO - DAG(s) 'latest_only_with_trigger' retrieved from /home/airflow/.local/lib/python3.8/site-packages/airflow/example_dags/example_latest_only_with_trigger.py
[2025-09-23T20:11:19.684+0000] {logging_mixin.py:188} INFO - [2025-09-23T20:11:19.683+0000] {dag.py:3036} INFO - Sync 1 DAGs
[2025-09-23T20:11:19.871+0000] {logging_mixin.py:188} INFO - [2025-09-23T20:11:19.865+0000] {dag.py:3823} INFO - Setting next_dagrun for latest_only_with_trigger to 2025-09-23 16:00:00+00:00, run_after=2025-09-23 20:00:00+00:00
[2025-09-23T20:11:20.043+0000] {processor.py:183} INFO - Processing /home/airflow/.local/lib/python3.8/site-packages/airflow/example_dags/example_latest_only_with_trigger.py took 0.555 seconds
[2025-09-23T20:11:50.330+0000] {processor.py:161} INFO - Started process (PID=2137) to work on /home/airflow/.local/lib/python3.8/site-packages/airflow/example_dags/example_latest_only_with_trigger.py
[2025-09-23T20:11:50.335+0000] {processor.py:830} INFO - Processing file /home/airflow/.local/lib/python3.8/site-packages/airflow/example_dags/example_latest_only_with_trigger.py for tasks to queue
[2025-09-23T20:11:50.340+0000] {logging_mixin.py:188} INFO - [2025-09-23T20:11:50.338+0000] {dagbag.py:538} INFO - Filling up the DagBag from /home/airflow/.local/lib/python3.8/site-packages/airflow/example_dags/example_latest_only_with_trigger.py
[2025-09-23T20:11:50.358+0000] {processor.py:840} INFO - DAG(s) 'latest_only_with_trigger' retrieved from /home/airflow/.local/lib/python3.8/site-packages/airflow/example_dags/example_latest_only_with_trigger.py
[2025-09-23T20:11:50.470+0000] {logging_mixin.py:188} INFO - [2025-09-23T20:11:50.469+0000] {dag.py:3036} INFO - Sync 1 DAGs
[2025-09-23T20:11:50.556+0000] {logging_mixin.py:188} INFO - [2025-09-23T20:11:50.555+0000] {dag.py:3823} INFO - Setting next_dagrun for latest_only_with_trigger to 2025-09-23 16:00:00+00:00, run_after=2025-09-23 20:00:00+00:00
[2025-09-23T20:11:50.616+0000] {processor.py:183} INFO - Processing /home/airflow/.local/lib/python3.8/site-packages/airflow/example_dags/example_latest_only_with_trigger.py took 0.300 seconds
[2025-09-23T20:12:21.156+0000] {processor.py:161} INFO - Started process (PID=2379) to work on /home/airflow/.local/lib/python3.8/site-packages/airflow/example_dags/example_latest_only_with_trigger.py
[2025-09-23T20:12:21.157+0000] {processor.py:830} INFO - Processing file /home/airflow/.local/lib/python3.8/site-packages/airflow/example_dags/example_latest_only_with_trigger.py for tasks to queue
[2025-09-23T20:12:21.159+0000] {logging_mixin.py:188} INFO - [2025-09-23T20:12:21.158+0000] {dagbag.py:538} INFO - Filling up the DagBag from /home/airflow/.local/lib/python3.8/site-packages/airflow/example_dags/example_latest_only_with_trigger.py
[2025-09-23T20:12:21.168+0000] {processor.py:840} INFO - DAG(s) 'latest_only_with_trigger' retrieved from /home/airflow/.local/lib/python3.8/site-packages/airflow/example_dags/example_latest_only_with_trigger.py
[2025-09-23T20:12:21.216+0000] {logging_mixin.py:188} INFO - [2025-09-23T20:12:21.216+0000] {dag.py:3036} INFO - Sync 1 DAGs
[2025-09-23T20:12:21.273+0000] {logging_mixin.py:188} INFO - [2025-09-23T20:12:21.272+0000] {dag.py:3823} INFO - Setting next_dagrun for latest_only_with_trigger to 2025-09-23 16:00:00+00:00, run_after=2025-09-23 20:00:00+00:00
[2025-09-23T20:12:21.314+0000] {processor.py:183} INFO - Processing /home/airflow/.local/lib/python3.8/site-packages/airflow/example_dags/example_latest_only_with_trigger.py took 0.165 seconds
[2025-09-23T20:13:02.797+0000] {processor.py:161} INFO - Started process (PID=2587) to work on /home/airflow/.local/lib/python3.8/site-packages/airflow/example_dags/example_latest_only_with_trigger.py
[2025-09-23T20:13:02.811+0000] {processor.py:830} INFO - Processing file /home/airflow/.local/lib/python3.8/site-packages/airflow/example_dags/example_latest_only_with_trigger.py for tasks to queue
[2025-09-23T20:13:02.826+0000] {logging_mixin.py:188} INFO - [2025-09-23T20:13:02.821+0000] {dagbag.py:538} INFO - Filling up the DagBag from /home/airflow/.local/lib/python3.8/site-packages/airflow/example_dags/example_latest_only_with_trigger.py
[2025-09-23T20:13:02.883+0000] {processor.py:840} INFO - DAG(s) 'latest_only_with_trigger' retrieved from /home/airflow/.local/lib/python3.8/site-packages/airflow/example_dags/example_latest_only_with_trigger.py
[2025-09-23T20:13:03.128+0000] {logging_mixin.py:188} INFO - [2025-09-23T20:13:03.124+0000] {dag.py:3036} INFO - Sync 1 DAGs
[2025-09-23T20:13:03.529+0000] {logging_mixin.py:188} INFO - [2025-09-23T20:13:03.528+0000] {dag.py:3823} INFO - Setting next_dagrun for latest_only_with_trigger to 2025-09-23 16:00:00+00:00, run_after=2025-09-23 20:00:00+00:00
[2025-09-23T20:13:03.829+0000] {processor.py:183} INFO - Processing /home/airflow/.local/lib/python3.8/site-packages/airflow/example_dags/example_latest_only_with_trigger.py took 1.093 seconds
