[2025-09-23T19:59:52.453+0000] {processor.py:161} INFO - Started process (PID=101) to work on /home/airflow/.local/lib/python3.8/site-packages/airflow/example_dags/example_short_circuit_operator.py
[2025-09-23T19:59:52.505+0000] {processor.py:830} INFO - Processing file /home/airflow/.local/lib/python3.8/site-packages/airflow/example_dags/example_short_circuit_operator.py for tasks to queue
[2025-09-23T19:59:52.527+0000] {logging_mixin.py:188} INFO - [2025-09-23T19:59:52.522+0000] {dagbag.py:538} INFO - Filling up the DagBag from /home/airflow/.local/lib/python3.8/site-packages/airflow/example_dags/example_short_circuit_operator.py
[2025-09-23T19:59:52.658+0000] {processor.py:840} INFO - DAG(s) 'example_short_circuit_operator' retrieved from /home/airflow/.local/lib/python3.8/site-packages/airflow/example_dags/example_short_circuit_operator.py
[2025-09-23T19:59:55.320+0000] {logging_mixin.py:188} INFO - [2025-09-23T19:59:55.314+0000] {dag.py:3036} INFO - Sync 1 DAGs
[2025-09-23T19:59:55.885+0000] {logging_mixin.py:188} INFO - [2025-09-23T19:59:55.884+0000] {dag.py:3823} INFO - Setting next_dagrun for example_short_circuit_operator to 2025-09-22 00:00:00+00:00, run_after=2025-09-23 00:00:00+00:00
[2025-09-23T19:59:56.070+0000] {processor.py:183} INFO - Processing /home/airflow/.local/lib/python3.8/site-packages/airflow/example_dags/example_short_circuit_operator.py took 3.663 seconds
[2025-09-23T20:01:58.754+0000] {processor.py:161} INFO - Started process (PID=174) to work on /home/airflow/.local/lib/python3.8/site-packages/airflow/example_dags/example_short_circuit_operator.py
[2025-09-23T20:01:58.771+0000] {processor.py:830} INFO - Processing file /home/airflow/.local/lib/python3.8/site-packages/airflow/example_dags/example_short_circuit_operator.py for tasks to queue
[2025-09-23T20:01:58.804+0000] {logging_mixin.py:188} INFO - [2025-09-23T20:01:58.797+0000] {dagbag.py:538} INFO - Filling up the DagBag from /home/airflow/.local/lib/python3.8/site-packages/airflow/example_dags/example_short_circuit_operator.py
[2025-09-23T20:01:58.948+0000] {processor.py:840} INFO - DAG(s) 'example_short_circuit_operator' retrieved from /home/airflow/.local/lib/python3.8/site-packages/airflow/example_dags/example_short_circuit_operator.py
[2025-09-23T20:01:59.453+0000] {logging_mixin.py:188} INFO - [2025-09-23T20:01:59.449+0000] {dag.py:3036} INFO - Sync 1 DAGs
[2025-09-23T20:01:59.899+0000] {logging_mixin.py:188} INFO - [2025-09-23T20:01:59.893+0000] {dag.py:3823} INFO - Setting next_dagrun for example_short_circuit_operator to 2025-09-22 00:00:00+00:00, run_after=2025-09-23 00:00:00+00:00
[2025-09-23T20:02:00.267+0000] {processor.py:183} INFO - Processing /home/airflow/.local/lib/python3.8/site-packages/airflow/example_dags/example_short_circuit_operator.py took 1.627 seconds
[2025-09-23T20:07:45.027+0000] {processor.py:161} INFO - Started process (PID=250) to work on /home/airflow/.local/lib/python3.8/site-packages/airflow/example_dags/example_short_circuit_operator.py
[2025-09-23T20:07:45.035+0000] {processor.py:830} INFO - Processing file /home/airflow/.local/lib/python3.8/site-packages/airflow/example_dags/example_short_circuit_operator.py for tasks to queue
[2025-09-23T20:07:45.037+0000] {logging_mixin.py:188} INFO - [2025-09-23T20:07:45.037+0000] {dagbag.py:538} INFO - Filling up the DagBag from /home/airflow/.local/lib/python3.8/site-packages/airflow/example_dags/example_short_circuit_operator.py
[2025-09-23T20:07:45.065+0000] {processor.py:840} INFO - DAG(s) 'example_short_circuit_operator' retrieved from /home/airflow/.local/lib/python3.8/site-packages/airflow/example_dags/example_short_circuit_operator.py
[2025-09-23T20:07:45.506+0000] {logging_mixin.py:188} INFO - [2025-09-23T20:07:45.505+0000] {override.py:1769} INFO - Created Permission View: can delete on DAG:example_short_circuit_operator
[2025-09-23T20:07:45.536+0000] {logging_mixin.py:188} INFO - [2025-09-23T20:07:45.535+0000] {override.py:1769} INFO - Created Permission View: can read on DAG:example_short_circuit_operator
[2025-09-23T20:07:45.568+0000] {logging_mixin.py:188} INFO - [2025-09-23T20:07:45.567+0000] {override.py:1769} INFO - Created Permission View: can edit on DAG:example_short_circuit_operator
[2025-09-23T20:07:45.572+0000] {logging_mixin.py:188} INFO - [2025-09-23T20:07:45.569+0000] {dag.py:3036} INFO - Sync 1 DAGs
[2025-09-23T20:07:45.618+0000] {logging_mixin.py:188} INFO - [2025-09-23T20:07:45.617+0000] {dag.py:3058} INFO - Creating ORM DAG for example_short_circuit_operator
[2025-09-23T20:07:45.658+0000] {logging_mixin.py:188} INFO - [2025-09-23T20:07:45.657+0000] {dag.py:3823} INFO - Setting next_dagrun for example_short_circuit_operator to 2025-09-22 00:00:00+00:00, run_after=2025-09-23 00:00:00+00:00
[2025-09-23T20:07:45.723+0000] {processor.py:183} INFO - Processing /home/airflow/.local/lib/python3.8/site-packages/airflow/example_dags/example_short_circuit_operator.py took 0.705 seconds
[2025-09-23T20:08:16.282+0000] {processor.py:161} INFO - Started process (PID=497) to work on /home/airflow/.local/lib/python3.8/site-packages/airflow/example_dags/example_short_circuit_operator.py
[2025-09-23T20:08:16.286+0000] {processor.py:830} INFO - Processing file /home/airflow/.local/lib/python3.8/site-packages/airflow/example_dags/example_short_circuit_operator.py for tasks to queue
[2025-09-23T20:08:16.289+0000] {logging_mixin.py:188} INFO - [2025-09-23T20:08:16.288+0000] {dagbag.py:538} INFO - Filling up the DagBag from /home/airflow/.local/lib/python3.8/site-packages/airflow/example_dags/example_short_circuit_operator.py
[2025-09-23T20:08:16.328+0000] {processor.py:840} INFO - DAG(s) 'example_short_circuit_operator' retrieved from /home/airflow/.local/lib/python3.8/site-packages/airflow/example_dags/example_short_circuit_operator.py
[2025-09-23T20:08:16.447+0000] {logging_mixin.py:188} INFO - [2025-09-23T20:08:16.445+0000] {dag.py:3036} INFO - Sync 1 DAGs
[2025-09-23T20:08:16.559+0000] {logging_mixin.py:188} INFO - [2025-09-23T20:08:16.556+0000] {dag.py:3823} INFO - Setting next_dagrun for example_short_circuit_operator to 2025-09-22 00:00:00+00:00, run_after=2025-09-23 00:00:00+00:00
[2025-09-23T20:08:16.678+0000] {processor.py:183} INFO - Processing /home/airflow/.local/lib/python3.8/site-packages/airflow/example_dags/example_short_circuit_operator.py took 0.408 seconds
[2025-09-23T20:08:48.292+0000] {processor.py:161} INFO - Started process (PID=745) to work on /home/airflow/.local/lib/python3.8/site-packages/airflow/example_dags/example_short_circuit_operator.py
[2025-09-23T20:08:48.297+0000] {processor.py:830} INFO - Processing file /home/airflow/.local/lib/python3.8/site-packages/airflow/example_dags/example_short_circuit_operator.py for tasks to queue
[2025-09-23T20:08:48.304+0000] {logging_mixin.py:188} INFO - [2025-09-23T20:08:48.303+0000] {dagbag.py:538} INFO - Filling up the DagBag from /home/airflow/.local/lib/python3.8/site-packages/airflow/example_dags/example_short_circuit_operator.py
[2025-09-23T20:08:48.414+0000] {processor.py:840} INFO - DAG(s) 'example_short_circuit_operator' retrieved from /home/airflow/.local/lib/python3.8/site-packages/airflow/example_dags/example_short_circuit_operator.py
[2025-09-23T20:08:48.571+0000] {logging_mixin.py:188} INFO - [2025-09-23T20:08:48.570+0000] {dag.py:3036} INFO - Sync 1 DAGs
[2025-09-23T20:08:48.827+0000] {logging_mixin.py:188} INFO - [2025-09-23T20:08:48.826+0000] {dag.py:3823} INFO - Setting next_dagrun for example_short_circuit_operator to 2025-09-22 00:00:00+00:00, run_after=2025-09-23 00:00:00+00:00
[2025-09-23T20:08:48.988+0000] {processor.py:183} INFO - Processing /home/airflow/.local/lib/python3.8/site-packages/airflow/example_dags/example_short_circuit_operator.py took 0.723 seconds
[2025-09-23T20:09:21.738+0000] {processor.py:161} INFO - Started process (PID=992) to work on /home/airflow/.local/lib/python3.8/site-packages/airflow/example_dags/example_short_circuit_operator.py
[2025-09-23T20:09:21.741+0000] {processor.py:830} INFO - Processing file /home/airflow/.local/lib/python3.8/site-packages/airflow/example_dags/example_short_circuit_operator.py for tasks to queue
[2025-09-23T20:09:21.757+0000] {logging_mixin.py:188} INFO - [2025-09-23T20:09:21.756+0000] {dagbag.py:538} INFO - Filling up the DagBag from /home/airflow/.local/lib/python3.8/site-packages/airflow/example_dags/example_short_circuit_operator.py
[2025-09-23T20:09:21.879+0000] {processor.py:840} INFO - DAG(s) 'example_short_circuit_operator' retrieved from /home/airflow/.local/lib/python3.8/site-packages/airflow/example_dags/example_short_circuit_operator.py
[2025-09-23T20:09:22.179+0000] {logging_mixin.py:188} INFO - [2025-09-23T20:09:22.178+0000] {dag.py:3036} INFO - Sync 1 DAGs
[2025-09-23T20:09:22.370+0000] {logging_mixin.py:188} INFO - [2025-09-23T20:09:22.369+0000] {dag.py:3823} INFO - Setting next_dagrun for example_short_circuit_operator to 2025-09-22 00:00:00+00:00, run_after=2025-09-23 00:00:00+00:00
[2025-09-23T20:09:22.502+0000] {processor.py:183} INFO - Processing /home/airflow/.local/lib/python3.8/site-packages/airflow/example_dags/example_short_circuit_operator.py took 0.925 seconds
[2025-09-23T20:09:52.883+0000] {processor.py:161} INFO - Started process (PID=1235) to work on /home/airflow/.local/lib/python3.8/site-packages/airflow/example_dags/example_short_circuit_operator.py
[2025-09-23T20:09:52.885+0000] {processor.py:830} INFO - Processing file /home/airflow/.local/lib/python3.8/site-packages/airflow/example_dags/example_short_circuit_operator.py for tasks to queue
[2025-09-23T20:09:52.887+0000] {logging_mixin.py:188} INFO - [2025-09-23T20:09:52.886+0000] {dagbag.py:538} INFO - Filling up the DagBag from /home/airflow/.local/lib/python3.8/site-packages/airflow/example_dags/example_short_circuit_operator.py
[2025-09-23T20:09:52.906+0000] {processor.py:840} INFO - DAG(s) 'example_short_circuit_operator' retrieved from /home/airflow/.local/lib/python3.8/site-packages/airflow/example_dags/example_short_circuit_operator.py
[2025-09-23T20:09:52.972+0000] {logging_mixin.py:188} INFO - [2025-09-23T20:09:52.972+0000] {dag.py:3036} INFO - Sync 1 DAGs
[2025-09-23T20:09:53.034+0000] {logging_mixin.py:188} INFO - [2025-09-23T20:09:53.033+0000] {dag.py:3823} INFO - Setting next_dagrun for example_short_circuit_operator to 2025-09-22 00:00:00+00:00, run_after=2025-09-23 00:00:00+00:00
[2025-09-23T20:09:53.086+0000] {processor.py:183} INFO - Processing /home/airflow/.local/lib/python3.8/site-packages/airflow/example_dags/example_short_circuit_operator.py took 0.211 seconds
[2025-09-23T20:10:23.188+0000] {processor.py:161} INFO - Started process (PID=1482) to work on /home/airflow/.local/lib/python3.8/site-packages/airflow/example_dags/example_short_circuit_operator.py
[2025-09-23T20:10:23.192+0000] {processor.py:830} INFO - Processing file /home/airflow/.local/lib/python3.8/site-packages/airflow/example_dags/example_short_circuit_operator.py for tasks to queue
[2025-09-23T20:10:23.198+0000] {logging_mixin.py:188} INFO - [2025-09-23T20:10:23.196+0000] {dagbag.py:538} INFO - Filling up the DagBag from /home/airflow/.local/lib/python3.8/site-packages/airflow/example_dags/example_short_circuit_operator.py
[2025-09-23T20:10:23.232+0000] {processor.py:840} INFO - DAG(s) 'example_short_circuit_operator' retrieved from /home/airflow/.local/lib/python3.8/site-packages/airflow/example_dags/example_short_circuit_operator.py
[2025-09-23T20:10:23.330+0000] {logging_mixin.py:188} INFO - [2025-09-23T20:10:23.329+0000] {dag.py:3036} INFO - Sync 1 DAGs
[2025-09-23T20:10:23.446+0000] {logging_mixin.py:188} INFO - [2025-09-23T20:10:23.445+0000] {dag.py:3823} INFO - Setting next_dagrun for example_short_circuit_operator to 2025-09-22 00:00:00+00:00, run_after=2025-09-23 00:00:00+00:00
[2025-09-23T20:10:23.551+0000] {processor.py:183} INFO - Processing /home/airflow/.local/lib/python3.8/site-packages/airflow/example_dags/example_short_circuit_operator.py took 0.376 seconds
[2025-09-23T20:10:53.813+0000] {processor.py:161} INFO - Started process (PID=1727) to work on /home/airflow/.local/lib/python3.8/site-packages/airflow/example_dags/example_short_circuit_operator.py
[2025-09-23T20:10:53.817+0000] {processor.py:830} INFO - Processing file /home/airflow/.local/lib/python3.8/site-packages/airflow/example_dags/example_short_circuit_operator.py for tasks to queue
[2025-09-23T20:10:53.865+0000] {logging_mixin.py:188} INFO - [2025-09-23T20:10:53.826+0000] {dagbag.py:538} INFO - Filling up the DagBag from /home/airflow/.local/lib/python3.8/site-packages/airflow/example_dags/example_short_circuit_operator.py
[2025-09-23T20:10:54.037+0000] {processor.py:840} INFO - DAG(s) 'example_short_circuit_operator' retrieved from /home/airflow/.local/lib/python3.8/site-packages/airflow/example_dags/example_short_circuit_operator.py
[2025-09-23T20:10:54.547+0000] {logging_mixin.py:188} INFO - [2025-09-23T20:10:54.543+0000] {dag.py:3036} INFO - Sync 1 DAGs
[2025-09-23T20:10:54.720+0000] {logging_mixin.py:188} INFO - [2025-09-23T20:10:54.719+0000] {dag.py:3823} INFO - Setting next_dagrun for example_short_circuit_operator to 2025-09-22 00:00:00+00:00, run_after=2025-09-23 00:00:00+00:00
[2025-09-23T20:10:54.889+0000] {processor.py:183} INFO - Processing /home/airflow/.local/lib/python3.8/site-packages/airflow/example_dags/example_short_circuit_operator.py took 1.092 seconds
[2025-09-23T20:11:25.671+0000] {processor.py:161} INFO - Started process (PID=1974) to work on /home/airflow/.local/lib/python3.8/site-packages/airflow/example_dags/example_short_circuit_operator.py
[2025-09-23T20:11:25.674+0000] {processor.py:830} INFO - Processing file /home/airflow/.local/lib/python3.8/site-packages/airflow/example_dags/example_short_circuit_operator.py for tasks to queue
[2025-09-23T20:11:25.678+0000] {logging_mixin.py:188} INFO - [2025-09-23T20:11:25.677+0000] {dagbag.py:538} INFO - Filling up the DagBag from /home/airflow/.local/lib/python3.8/site-packages/airflow/example_dags/example_short_circuit_operator.py
[2025-09-23T20:11:25.728+0000] {processor.py:840} INFO - DAG(s) 'example_short_circuit_operator' retrieved from /home/airflow/.local/lib/python3.8/site-packages/airflow/example_dags/example_short_circuit_operator.py
[2025-09-23T20:11:25.836+0000] {logging_mixin.py:188} INFO - [2025-09-23T20:11:25.835+0000] {dag.py:3036} INFO - Sync 1 DAGs
[2025-09-23T20:11:25.941+0000] {logging_mixin.py:188} INFO - [2025-09-23T20:11:25.940+0000] {dag.py:3823} INFO - Setting next_dagrun for example_short_circuit_operator to 2025-09-22 00:00:00+00:00, run_after=2025-09-23 00:00:00+00:00
[2025-09-23T20:11:26.019+0000] {processor.py:183} INFO - Processing /home/airflow/.local/lib/python3.8/site-packages/airflow/example_dags/example_short_circuit_operator.py took 0.362 seconds
[2025-09-23T20:11:56.130+0000] {processor.py:161} INFO - Started process (PID=2222) to work on /home/airflow/.local/lib/python3.8/site-packages/airflow/example_dags/example_short_circuit_operator.py
[2025-09-23T20:11:56.132+0000] {processor.py:830} INFO - Processing file /home/airflow/.local/lib/python3.8/site-packages/airflow/example_dags/example_short_circuit_operator.py for tasks to queue
[2025-09-23T20:11:56.135+0000] {logging_mixin.py:188} INFO - [2025-09-23T20:11:56.134+0000] {dagbag.py:538} INFO - Filling up the DagBag from /home/airflow/.local/lib/python3.8/site-packages/airflow/example_dags/example_short_circuit_operator.py
[2025-09-23T20:11:56.158+0000] {processor.py:840} INFO - DAG(s) 'example_short_circuit_operator' retrieved from /home/airflow/.local/lib/python3.8/site-packages/airflow/example_dags/example_short_circuit_operator.py
[2025-09-23T20:11:56.225+0000] {logging_mixin.py:188} INFO - [2025-09-23T20:11:56.224+0000] {dag.py:3036} INFO - Sync 1 DAGs
[2025-09-23T20:11:56.284+0000] {logging_mixin.py:188} INFO - [2025-09-23T20:11:56.284+0000] {dag.py:3823} INFO - Setting next_dagrun for example_short_circuit_operator to 2025-09-22 00:00:00+00:00, run_after=2025-09-23 00:00:00+00:00
[2025-09-23T20:11:56.339+0000] {processor.py:183} INFO - Processing /home/airflow/.local/lib/python3.8/site-packages/airflow/example_dags/example_short_circuit_operator.py took 0.217 seconds
[2025-09-23T20:12:33.260+0000] {processor.py:161} INFO - Started process (PID=2465) to work on /home/airflow/.local/lib/python3.8/site-packages/airflow/example_dags/example_short_circuit_operator.py
[2025-09-23T20:12:33.294+0000] {processor.py:830} INFO - Processing file /home/airflow/.local/lib/python3.8/site-packages/airflow/example_dags/example_short_circuit_operator.py for tasks to queue
[2025-09-23T20:12:33.337+0000] {logging_mixin.py:188} INFO - [2025-09-23T20:12:33.326+0000] {dagbag.py:538} INFO - Filling up the DagBag from /home/airflow/.local/lib/python3.8/site-packages/airflow/example_dags/example_short_circuit_operator.py
[2025-09-23T20:12:33.535+0000] {processor.py:840} INFO - DAG(s) 'example_short_circuit_operator' retrieved from /home/airflow/.local/lib/python3.8/site-packages/airflow/example_dags/example_short_circuit_operator.py
[2025-09-23T20:12:34.022+0000] {logging_mixin.py:188} INFO - [2025-09-23T20:12:34.020+0000] {dag.py:3036} INFO - Sync 1 DAGs
[2025-09-23T20:12:34.472+0000] {logging_mixin.py:188} INFO - [2025-09-23T20:12:34.470+0000] {dag.py:3823} INFO - Setting next_dagrun for example_short_circuit_operator to 2025-09-22 00:00:00+00:00, run_after=2025-09-23 00:00:00+00:00
[2025-09-23T20:12:34.791+0000] {processor.py:183} INFO - Processing /home/airflow/.local/lib/python3.8/site-packages/airflow/example_dags/example_short_circuit_operator.py took 1.554 seconds
