[2025-09-24T20:12:53.283+0000] {taskinstance.py:1956} INFO - Dependencies all met for dep_context=non-requeueable deps ti=<TaskInstance: dag_etl_neotass.load manual__2025-09-24T20:12:24.948473+00:00 [queued]>
[2025-09-24T20:12:53.319+0000] {taskinstance.py:1956} INFO - Dependencies all met for dep_context=requeueable deps ti=<TaskInstance: dag_etl_neotass.load manual__2025-09-24T20:12:24.948473+00:00 [queued]>
[2025-09-24T20:12:53.322+0000] {taskinstance.py:2170} INFO - Starting attempt 1 of 2
[2025-09-24T20:12:53.442+0000] {taskinstance.py:2191} INFO - Executing <Task(PythonOperator): load> on 2025-09-24 20:12:24.948473+00:00
[2025-09-24T20:12:53.495+0000] {standard_task_runner.py:60} INFO - Started process 2604 to run task
[2025-09-24T20:12:53.533+0000] {standard_task_runner.py:87} INFO - Running: ['***', 'tasks', 'run', 'dag_etl_neotass', 'load', 'manual__2025-09-24T20:12:24.948473+00:00', '--job-id', '32', '--raw', '--subdir', 'DAGS_FOLDER/dag_etl_neotass.py', '--cfg-path', '/tmp/tmpke1iied_']
[2025-09-24T20:12:53.580+0000] {standard_task_runner.py:88} INFO - Job 32: Subtask load
[2025-09-24T20:12:53.951+0000] {task_command.py:423} INFO - Running <TaskInstance: dag_etl_neotass.load manual__2025-09-24T20:12:24.948473+00:00 [running]> on host b6dcec9d543c
[2025-09-24T20:12:54.618+0000] {taskinstance.py:2480} INFO - Exporting env vars: AIRFLOW_CTX_DAG_OWNER='***' AIRFLOW_CTX_DAG_ID='dag_etl_neotass' AIRFLOW_CTX_TASK_ID='load' AIRFLOW_CTX_EXECUTION_DATE='2025-09-24T20:12:24.948473+00:00' AIRFLOW_CTX_TRY_NUMBER='1' AIRFLOW_CTX_DAG_RUN_ID='manual__2025-09-24T20:12:24.948473+00:00'
[2025-09-24T20:12:56.973+0000] {logging_mixin.py:188} INFO - Inserted 326 rows into dim_parceiro
[2025-09-24T20:12:57.004+0000] {logging_mixin.py:188} INFO - Inserted 53 rows into dim_produto
[2025-09-24T20:12:58.404+0000] {logging_mixin.py:188} INFO - Inserted 1000 rows into fato_registro_oportunidade
[2025-09-24T20:12:58.580+0000] {logging_mixin.py:188} INFO - Inserted 1000 rows into fato_registro_oportunidade
[2025-09-24T20:12:58.794+0000] {logging_mixin.py:188} INFO - Inserted 1000 rows into fato_registro_oportunidade
[2025-09-24T20:12:59.148+0000] {logging_mixin.py:188} INFO - Inserted 1000 rows into fato_registro_oportunidade
[2025-09-24T20:12:59.222+0000] {logging_mixin.py:188} INFO - Inserted 1000 rows into fato_registro_oportunidade
[2025-09-24T20:12:59.388+0000] {logging_mixin.py:188} INFO - Inserted 1000 rows into fato_registro_oportunidade
[2025-09-24T20:12:59.606+0000] {logging_mixin.py:188} INFO - Inserted 1000 rows into fato_registro_oportunidade
[2025-09-24T20:12:59.854+0000] {logging_mixin.py:188} INFO - Inserted 1000 rows into fato_registro_oportunidade
[2025-09-24T20:13:00.123+0000] {logging_mixin.py:188} INFO - Inserted 1000 rows into fato_registro_oportunidade
[2025-09-24T20:13:00.381+0000] {logging_mixin.py:188} INFO - Inserted 1000 rows into fato_registro_oportunidade
[2025-09-24T20:13:00.771+0000] {logging_mixin.py:188} INFO - Inserted 1000 rows into fato_registro_oportunidade
[2025-09-24T20:13:01.032+0000] {logging_mixin.py:188} INFO - Inserted 1000 rows into fato_registro_oportunidade
[2025-09-24T20:13:01.137+0000] {logging_mixin.py:188} INFO - Inserted 1000 rows into fato_registro_oportunidade
[2025-09-24T20:13:01.481+0000] {logging_mixin.py:188} INFO - Inserted 1000 rows into fato_registro_oportunidade
[2025-09-24T20:13:01.685+0000] {logging_mixin.py:188} INFO - Inserted 1000 rows into fato_registro_oportunidade
[2025-09-24T20:13:01.919+0000] {logging_mixin.py:188} INFO - Inserted 1000 rows into fato_registro_oportunidade
[2025-09-24T20:13:02.075+0000] {logging_mixin.py:188} INFO - Inserted 1000 rows into fato_registro_oportunidade
[2025-09-24T20:13:02.308+0000] {logging_mixin.py:188} INFO - Inserted 1000 rows into fato_registro_oportunidade
[2025-09-24T20:13:02.559+0000] {logging_mixin.py:188} INFO - Inserted 1000 rows into fato_registro_oportunidade
[2025-09-24T20:13:02.752+0000] {logging_mixin.py:188} INFO - Inserted 1000 rows into fato_registro_oportunidade
[2025-09-24T20:13:03.149+0000] {logging_mixin.py:188} INFO - Inserted 1000 rows into fato_registro_oportunidade
[2025-09-24T20:13:03.497+0000] {logging_mixin.py:188} INFO - Inserted 1000 rows into fato_registro_oportunidade
[2025-09-24T20:13:03.674+0000] {logging_mixin.py:188} INFO - Inserted 1000 rows into fato_registro_oportunidade
[2025-09-24T20:13:03.789+0000] {logging_mixin.py:188} INFO - Inserted 1000 rows into fato_registro_oportunidade
[2025-09-24T20:13:03.932+0000] {logging_mixin.py:188} INFO - Inserted 1000 rows into fato_registro_oportunidade
[2025-09-24T20:13:04.289+0000] {logging_mixin.py:188} INFO - Inserted 1000 rows into fato_registro_oportunidade
[2025-09-24T20:13:04.557+0000] {logging_mixin.py:188} INFO - Inserted 433 rows into fato_registro_oportunidade
[2025-09-24T20:13:08.042+0000] {logging_mixin.py:188} INFO - Inserted 1000 rows into fato_sellout
[2025-09-24T20:13:08.249+0000] {logging_mixin.py:188} INFO - Inserted 1000 rows into fato_sellout
[2025-09-24T20:13:08.488+0000] {logging_mixin.py:188} INFO - Inserted 1000 rows into fato_sellout
[2025-09-24T20:13:08.590+0000] {logging_mixin.py:188} INFO - Inserted 1000 rows into fato_sellout
[2025-09-24T20:13:09.058+0000] {logging_mixin.py:188} INFO - Inserted 1000 rows into fato_sellout
[2025-09-24T20:13:09.459+0000] {logging_mixin.py:188} INFO - Inserted 1000 rows into fato_sellout
[2025-09-24T20:13:09.728+0000] {logging_mixin.py:188} INFO - Inserted 1000 rows into fato_sellout
[2025-09-24T20:13:10.233+0000] {logging_mixin.py:188} INFO - Inserted 1000 rows into fato_sellout
[2025-09-24T20:13:10.421+0000] {logging_mixin.py:188} INFO - Inserted 1000 rows into fato_sellout
[2025-09-24T20:13:10.664+0000] {logging_mixin.py:188} INFO - Inserted 1000 rows into fato_sellout
[2025-09-24T20:13:10.787+0000] {logging_mixin.py:188} INFO - Inserted 1000 rows into fato_sellout
[2025-09-24T20:13:10.939+0000] {logging_mixin.py:188} INFO - Inserted 1000 rows into fato_sellout
[2025-09-24T20:13:11.157+0000] {logging_mixin.py:188} INFO - Inserted 1000 rows into fato_sellout
[2025-09-24T20:13:11.294+0000] {logging_mixin.py:188} INFO - Inserted 1000 rows into fato_sellout
[2025-09-24T20:13:11.463+0000] {logging_mixin.py:188} INFO - Inserted 1000 rows into fato_sellout
[2025-09-24T20:13:11.559+0000] {logging_mixin.py:188} INFO - Inserted 1000 rows into fato_sellout
[2025-09-24T20:13:11.825+0000] {logging_mixin.py:188} INFO - Inserted 1000 rows into fato_sellout
[2025-09-24T20:13:12.062+0000] {logging_mixin.py:188} INFO - Inserted 1000 rows into fato_sellout
[2025-09-24T20:13:12.461+0000] {logging_mixin.py:188} INFO - Inserted 1000 rows into fato_sellout
[2025-09-24T20:13:12.692+0000] {logging_mixin.py:188} INFO - Inserted 1000 rows into fato_sellout
[2025-09-24T20:13:12.853+0000] {logging_mixin.py:188} INFO - Inserted 1000 rows into fato_sellout
[2025-09-24T20:13:13.083+0000] {logging_mixin.py:188} INFO - Inserted 1000 rows into fato_sellout
[2025-09-24T20:13:13.415+0000] {logging_mixin.py:188} INFO - Inserted 1000 rows into fato_sellout
[2025-09-24T20:13:13.729+0000] {logging_mixin.py:188} INFO - Inserted 1000 rows into fato_sellout
[2025-09-24T20:13:14.258+0000] {logging_mixin.py:188} INFO - Inserted 1000 rows into fato_sellout
[2025-09-24T20:13:14.503+0000] {logging_mixin.py:188} INFO - Inserted 1000 rows into fato_sellout
[2025-09-24T20:13:14.658+0000] {logging_mixin.py:188} INFO - Inserted 1000 rows into fato_sellout
[2025-09-24T20:13:14.856+0000] {logging_mixin.py:188} INFO - Inserted 1000 rows into fato_sellout
[2025-09-24T20:13:15.014+0000] {logging_mixin.py:188} INFO - Inserted 1000 rows into fato_sellout
[2025-09-24T20:13:15.201+0000] {logging_mixin.py:188} INFO - Inserted 1000 rows into fato_sellout
[2025-09-24T20:13:15.285+0000] {logging_mixin.py:188} INFO - Inserted 1000 rows into fato_sellout
[2025-09-24T20:13:15.369+0000] {logging_mixin.py:188} INFO - Inserted 1000 rows into fato_sellout
[2025-09-24T20:13:15.533+0000] {logging_mixin.py:188} INFO - Inserted 1000 rows into fato_sellout
[2025-09-24T20:13:15.649+0000] {logging_mixin.py:188} INFO - Inserted 1000 rows into fato_sellout
[2025-09-24T20:13:15.787+0000] {logging_mixin.py:188} INFO - Inserted 1000 rows into fato_sellout
[2025-09-24T20:13:15.874+0000] {logging_mixin.py:188} INFO - Inserted 1000 rows into fato_sellout
[2025-09-24T20:13:16.090+0000] {logging_mixin.py:188} INFO - Inserted 1000 rows into fato_sellout
[2025-09-24T20:13:16.321+0000] {logging_mixin.py:188} INFO - Inserted 773 rows into fato_sellout
[2025-09-24T20:13:16.343+0000] {python.py:201} INFO - Done. Returned value was: None
[2025-09-24T20:13:16.443+0000] {taskinstance.py:1138} INFO - Marking task as SUCCESS. dag_id=dag_etl_neotass, task_id=load, execution_date=20250924T201224, start_date=20250924T201253, end_date=20250924T201316
[2025-09-24T20:13:16.569+0000] {local_task_job_runner.py:234} INFO - Task exited with return code 0
[2025-09-24T20:13:16.674+0000] {taskinstance.py:3280} INFO - 0 downstream tasks scheduled from follow-on schedule check
